[0.115s] Invoking command in '/home/ros2/simu_ws/build/custom_msgs': CMAKE_PREFIX_PATH=${CMAKE_PREFIX_PATH}:/home/ros2/simu_ws/install/simubot_vision:/home/ros2/simu_ws/install/turtlebot3_teleop:/home/ros2/simu_ws/install/turtlebot3_example:/opt/ros/humble /usr/bin/cmake --build /home/ros2/simu_ws/build/custom_msgs -- -j10 -l10
[0.817s] Invoked command in '/home/ros2/simu_ws/build/custom_msgs' returned '0': CMAKE_PREFIX_PATH=${CMAKE_PREFIX_PATH}:/home/ros2/simu_ws/install/simubot_vision:/home/ros2/simu_ws/install/turtlebot3_teleop:/home/ros2/simu_ws/install/turtlebot3_example:/opt/ros/humble /usr/bin/cmake --build /home/ros2/simu_ws/build/custom_msgs -- -j10 -l10
[0.869s] Invoking command in '/home/ros2/simu_ws/build/custom_msgs': CMAKE_PREFIX_PATH=${CMAKE_PREFIX_PATH}:/home/ros2/simu_ws/install/simubot_vision:/home/ros2/simu_ws/install/turtlebot3_teleop:/home/ros2/simu_ws/install/turtlebot3_example:/opt/ros/humble /usr/bin/cmake --install /home/ros2/simu_ws/build/custom_msgs
[0.921s] -- Install configuration: ""
[0.933s] -- Execute custom install script
[0.934s] -- Up-to-date symlink: /home/ros2/simu_ws/install/custom_msgs/share/ament_index/resource_index/package_run_dependencies/custom_msgs
[0.935s] -- Up-to-date symlink: /home/ros2/simu_ws/install/custom_msgs/share/ament_index/resource_index/parent_prefix_path/custom_msgs
[0.935s] -- Up-to-date symlink: /home/ros2/simu_ws/install/custom_msgs/share/custom_msgs/environment/ament_prefix_path.sh
[0.942s] -- Up-to-date symlink: /home/ros2/simu_ws/install/custom_msgs/share/custom_msgs/environment/ament_prefix_path.dsv
[0.943s] -- Up-to-date symlink: /home/ros2/simu_ws/install/custom_msgs/share/custom_msgs/environment/path.sh
[0.944s] -- Up-to-date symlink: /home/ros2/simu_ws/install/custom_msgs/share/custom_msgs/environment/path.dsv
[0.953s] -- Up-to-date symlink: /home/ros2/simu_ws/install/custom_msgs/share/custom_msgs/local_setup.bash
[0.953s] -- Up-to-date symlink: /home/ros2/simu_ws/install/custom_msgs/share/custom_msgs/local_setup.sh
[0.954s] -- Up-to-date symlink: /home/ros2/simu_ws/install/custom_msgs/share/custom_msgs/local_setup.zsh
[0.955s] -- Up-to-date symlink: /home/ros2/simu_ws/install/custom_msgs/share/custom_msgs/local_setup.dsv
[0.959s] -- Symlinking: /home/ros2/simu_ws/install/custom_msgs/share/custom_msgs/package.dsv
[0.977s] -- Up-to-date symlink: /home/ros2/simu_ws/install/custom_msgs/share/ament_index/resource_index/packages/custom_msgs
[0.979s] -- Up-to-date symlink: /home/ros2/simu_ws/install/custom_msgs/share/custom_msgs/cmake/custom_msgsConfig.cmake
[0.981s] -- Up-to-date symlink: /home/ros2/simu_ws/install/custom_msgs/share/custom_msgs/cmake/custom_msgsConfig-version.cmake
[0.983s] -- Up-to-date symlink: /home/ros2/simu_ws/install/custom_msgs/share/custom_msgs/package.xml
[1.004s] Invoked command in '/home/ros2/simu_ws/build/custom_msgs' returned '0': CMAKE_PREFIX_PATH=${CMAKE_PREFIX_PATH}:/home/ros2/simu_ws/install/simubot_vision:/home/ros2/simu_ws/install/turtlebot3_teleop:/home/ros2/simu_ws/install/turtlebot3_example:/opt/ros/humble /usr/bin/cmake --install /home/ros2/simu_ws/build/custom_msgs
