[0.095s] Invoking command in '/home/ros2/simu_ws/build/turtlebot3_node': CMAKE_PREFIX_PATH=/home/ros2/simu_ws/install/turtlebot3_teleop:/home/ros2/simu_ws/install/turtlebot3_example:/opt/ros/humble /usr/bin/cmake /home/ros2/simu_ws/src/turtlebot3/turtlebot3_node -DAMENT_CMAKE_SYMLINK_INSTALL=1 -DCMAKE_INSTALL_PREFIX=/home/ros2/simu_ws/install/turtlebot3_node
[0.181s] -- Found ament_cmake: 1.3.11 (/opt/ros/humble/share/ament_cmake/cmake)
[0.552s] -- Override CMake install command with custom implementation using symlinks instead of copying resources
[0.574s] -- Found dynamixel_sdk: 3.8.3 (/opt/ros/humble/share/dynamixel_sdk/cmake)
[0.582s] -- Found geometry_msgs: 4.8.0 (/opt/ros/humble/share/geometry_msgs/cmake)
[0.656s] -- Found rosidl_generator_c: 3.1.6 (/opt/ros/humble/share/rosidl_generator_c/cmake)
[0.671s] -- Found rosidl_adapter: 3.1.6 (/opt/ros/humble/share/rosidl_adapter/cmake)
[0.688s] -- Found rosidl_generator_cpp: 3.1.6 (/opt/ros/humble/share/rosidl_generator_cpp/cmake)
[0.714s] -- Using all available rosidl_typesupport_c: rosidl_typesupport_fastrtps_c;rosidl_typesupport_introspection_c
[0.744s] -- Using all available rosidl_typesupport_cpp: rosidl_typesupport_fastrtps_cpp;rosidl_typesupport_introspection_cpp
[0.815s] -- Found message_filters: 4.3.7 (/opt/ros/humble/share/message_filters/cmake)
[0.949s] -- Found rmw_implementation_cmake: 6.1.2 (/opt/ros/humble/share/rmw_implementation_cmake/cmake)
[0.957s] -- Found rmw_fastrtps_cpp: 6.2.7 (/opt/ros/humble/share/rmw_fastrtps_cpp/cmake)
[1.429s] -- Found OpenSSL: /usr/lib/x86_64-linux-gnu/libcrypto.so (found version "3.0.2")  
[1.475s] -- Found FastRTPS: /opt/ros/humble/include  
[1.558s] -- Using RMW implementation 'rmw_fastrtps_cpp' as default
[1.586s] -- Looking for pthread.h
[2.238s] -- Looking for pthread.h - found
[2.243s] -- Performing Test CMAKE_HAVE_LIBC_PTHREAD
[2.776s] -- Performing Test CMAKE_HAVE_LIBC_PTHREAD - Success
[2.777s] -- Found Threads: TRUE  
[2.833s] -- Found nav_msgs: 4.8.0 (/opt/ros/humble/share/nav_msgs/cmake)
[2.865s] -- Found sensor_msgs: 4.8.0 (/opt/ros/humble/share/sensor_msgs/cmake)
[2.887s] -- Found std_srvs: 4.8.0 (/opt/ros/humble/share/std_srvs/cmake)
[2.902s] -- Found tf2: 0.25.12 (/opt/ros/humble/share/tf2/cmake)
[2.918s] -- Found tf2_ros: 0.25.12 (/opt/ros/humble/share/tf2_ros/cmake)
[3.062s] -- Found turtlebot3_msgs: 2.4.0 (/opt/ros/humble/share/turtlebot3_msgs/cmake)
[3.265s] -- Configuring done
[3.320s] -- Generating done
[3.348s] -- Build files have been written to: /home/ros2/simu_ws/build/turtlebot3_node
[3.355s] Invoked command in '/home/ros2/simu_ws/build/turtlebot3_node' returned '0': CMAKE_PREFIX_PATH=/home/ros2/simu_ws/install/turtlebot3_teleop:/home/ros2/simu_ws/install/turtlebot3_example:/opt/ros/humble /usr/bin/cmake /home/ros2/simu_ws/src/turtlebot3/turtlebot3_node -DAMENT_CMAKE_SYMLINK_INSTALL=1 -DCMAKE_INSTALL_PREFIX=/home/ros2/simu_ws/install/turtlebot3_node
[3.359s] Invoking command in '/home/ros2/simu_ws/build/turtlebot3_node': CMAKE_PREFIX_PATH=/home/ros2/simu_ws/install/turtlebot3_teleop:/home/ros2/simu_ws/install/turtlebot3_example:/opt/ros/humble /usr/bin/cmake --build /home/ros2/simu_ws/build/turtlebot3_node -- -j10 -l10
[3.751s] [ 28%] [32mBuilding CXX object CMakeFiles/turtlebot3_node_lib.dir/src/devices/motor_power.cpp.o[0m
[3.755s] [ 28%] [32mBuilding CXX object CMakeFiles/turtlebot3_node_lib.dir/src/dynamixel_sdk_wrapper.cpp.o[0m
[3.756s] [ 28%] [32mBuilding CXX object CMakeFiles/turtlebot3_node_lib.dir/src/diff_drive_controller.cpp.o[0m
[3.759s] [ 28%] [32mBuilding CXX object CMakeFiles/turtlebot3_node_lib.dir/src/devices/reset.cpp.o[0m
[3.767s] [ 57%] [32mBuilding CXX object CMakeFiles/turtlebot3_node_lib.dir/src/sensors/battery_state.cpp.o[0m
[3.773s] [ 57%] [32mBuilding CXX object CMakeFiles/turtlebot3_node_lib.dir/src/sensors/imu.cpp.o[0m
[3.782s] [ 57%] [32mBuilding CXX object CMakeFiles/turtlebot3_node_lib.dir/src/odometry.cpp.o[0m
[3.785s] [ 64%] [32mBuilding CXX object CMakeFiles/turtlebot3_node_lib.dir/src/turtlebot3.cpp.o[0m
[3.787s] [ 64%] [32mBuilding CXX object CMakeFiles/turtlebot3_node_lib.dir/src/devices/sound.cpp.o[0m
[3.788s] [ 71%] [32mBuilding CXX object CMakeFiles/turtlebot3_node_lib.dir/src/sensors/joint_state.cpp.o[0m
[5.208s] [ 78%] [32mBuilding CXX object CMakeFiles/turtlebot3_node_lib.dir/src/sensors/sensor_state.cpp.o[0m
[19.694s] [ 85%] [32m[1mLinking CXX static library libturtlebot3_node_lib.a[0m
[22.536s] [ 85%] Built target turtlebot3_node_lib
[22.728s] [ 92%] [32mBuilding CXX object CMakeFiles/turtlebot3_ros.dir/src/node_main.cpp.o[0m
[25.774s] [100%] [32m[1mLinking CXX executable turtlebot3_ros[0m
[29.556s] [100%] Built target turtlebot3_ros
