[1.704s] Invoking command in '/home/ros2/simu_ws/build/turtlebot3_teleop': PYTHONPATH=/home/ros2/simu_ws/build/turtlebot3_teleop/prefix_override:/usr/lib/python3/dist-packages/colcon_core/task/python/colcon_distutils_commands:/home/ros2/simu_ws/install/turtlebot3_teleop/lib/python3.10/site-packages:${PYTHONPATH} /usr/bin/python3 -W ignore:setup.py install is deprecated -W ignore:easy_install command is deprecated setup.py develop --editable --build-directory /home/ros2/simu_ws/build/turtlebot3_teleop/build --no-deps symlink_data
[2.323s] running develop
[2.495s] running egg_info
[2.497s] creating turtlebot3_teleop.egg-info
[2.502s] writing turtlebot3_teleop.egg-info/PKG-INFO
[2.505s] writing dependency_links to turtlebot3_teleop.egg-info/dependency_links.txt
[2.511s] writing entry points to turtlebot3_teleop.egg-info/entry_points.txt
[2.515s] writing requirements to turtlebot3_teleop.egg-info/requires.txt
[2.522s] writing top-level names to turtlebot3_teleop.egg-info/top_level.txt
[2.524s] writing manifest file 'turtlebot3_teleop.egg-info/SOURCES.txt'
[2.541s] reading manifest file 'turtlebot3_teleop.egg-info/SOURCES.txt'
[2.549s] writing manifest file 'turtlebot3_teleop.egg-info/SOURCES.txt'
[2.551s] running build_ext
[2.553s] Creating /home/ros2/simu_ws/install/turtlebot3_teleop/lib/python3.10/site-packages/turtlebot3-teleop.egg-link (link to .)
[2.562s] Installing teleop_keyboard script to /home/ros2/simu_ws/install/turtlebot3_teleop/lib/turtlebot3_teleop
[2.571s] 
[2.572s] Installed /home/ros2/simu_ws/build/turtlebot3_teleop
[2.572s] running symlink_data
[2.573s] creating /home/ros2/simu_ws/install/turtlebot3_teleop/share/ament_index
[2.574s] creating /home/ros2/simu_ws/install/turtlebot3_teleop/share/ament_index/resource_index
[2.575s] creating /home/ros2/simu_ws/install/turtlebot3_teleop/share/ament_index/resource_index/packages
[2.577s] symbolically linking /home/ros2/simu_ws/build/turtlebot3_teleop/resource/turtlebot3_teleop -> /home/ros2/simu_ws/install/turtlebot3_teleop/share/ament_index/resource_index/packages
[2.577s] symbolically linking /home/ros2/simu_ws/build/turtlebot3_teleop/package.xml -> /home/ros2/simu_ws/install/turtlebot3_teleop/share/turtlebot3_teleop
[2.614s] Invoked command in '/home/ros2/simu_ws/build/turtlebot3_teleop' returned '0': PYTHONPATH=/home/ros2/simu_ws/build/turtlebot3_teleop/prefix_override:/usr/lib/python3/dist-packages/colcon_core/task/python/colcon_distutils_commands:/home/ros2/simu_ws/install/turtlebot3_teleop/lib/python3.10/site-packages:${PYTHONPATH} /usr/bin/python3 -W ignore:setup.py install is deprecated -W ignore:easy_install command is deprecated setup.py develop --editable --build-directory /home/ros2/simu_ws/build/turtlebot3_teleop/build --no-deps symlink_data
