[0.179s] Invoking command in '/home/ros2/simu_ws/build/turtlebot3_cartographer': CMAKE_PREFIX_PATH=${CMAKE_PREFIX_PATH}:/home/ros2/simu_ws/install/turtlebot3_teleop:/home/ros2/simu_ws/install/turtlebot3_example:/home/ros2/simu_ws/install/simubot_vision:/opt/ros/humble /usr/bin/cmake --build /home/ros2/simu_ws/build/turtlebot3_cartographer -- -j10 -l10
[1.246s] Invoked command in '/home/ros2/simu_ws/build/turtlebot3_cartographer' returned '0': CMAKE_PREFIX_PATH=${CMAKE_PREFIX_PATH}:/home/ros2/simu_ws/install/turtlebot3_teleop:/home/ros2/simu_ws/install/turtlebot3_example:/home/ros2/simu_ws/install/simubot_vision:/opt/ros/humble /usr/bin/cmake --build /home/ros2/simu_ws/build/turtlebot3_cartographer -- -j10 -l10
[1.265s] Invoking command in '/home/ros2/simu_ws/build/turtlebot3_cartographer': CMAKE_PREFIX_PATH=${CMAKE_PREFIX_PATH}:/home/ros2/simu_ws/install/turtlebot3_teleop:/home/ros2/simu_ws/install/turtlebot3_example:/home/ros2/simu_ws/install/simubot_vision:/opt/ros/humble /usr/bin/cmake --install /home/ros2/simu_ws/build/turtlebot3_cartographer
[1.347s] -- Install configuration: ""
[1.349s] -- Execute custom install script
[1.360s] -- Up-to-date symlink: /home/ros2/simu_ws/install/turtlebot3_cartographer/share/turtlebot3_cartographer/config/turtlebot3_lds_2d.lua
[1.365s] -- Up-to-date symlink: /home/ros2/simu_ws/install/turtlebot3_cartographer/share/turtlebot3_cartographer/launch/cartographer.launch.py
[1.376s] -- Up-to-date symlink: /home/ros2/simu_ws/install/turtlebot3_cartographer/share/turtlebot3_cartographer/launch/occupancy_grid.launch.py
[1.382s] -- Up-to-date symlink: /home/ros2/simu_ws/install/turtlebot3_cartographer/share/turtlebot3_cartographer/rviz/tb3_cartographer.rviz
[1.388s] -- Up-to-date symlink: /home/ros2/simu_ws/install/turtlebot3_cartographer/share/ament_index/resource_index/package_run_dependencies/turtlebot3_cartographer
[1.392s] -- Up-to-date symlink: /home/ros2/simu_ws/install/turtlebot3_cartographer/share/ament_index/resource_index/parent_prefix_path/turtlebot3_cartographer
[1.398s] -- Up-to-date symlink: /home/ros2/simu_ws/install/turtlebot3_cartographer/share/turtlebot3_cartographer/environment/ament_prefix_path.sh
[1.401s] -- Up-to-date symlink: /home/ros2/simu_ws/install/turtlebot3_cartographer/share/turtlebot3_cartographer/environment/ament_prefix_path.dsv
[1.405s] -- Up-to-date symlink: /home/ros2/simu_ws/install/turtlebot3_cartographer/share/turtlebot3_cartographer/environment/path.sh
[1.420s] -- Up-to-date symlink: /home/ros2/simu_ws/install/turtlebot3_cartographer/share/turtlebot3_cartographer/environment/path.dsv
[1.424s] -- Up-to-date symlink: /home/ros2/simu_ws/install/turtlebot3_cartographer/share/turtlebot3_cartographer/local_setup.bash
[1.425s] -- Up-to-date symlink: /home/ros2/simu_ws/install/turtlebot3_cartographer/share/turtlebot3_cartographer/local_setup.sh
[1.431s] -- Up-to-date symlink: /home/ros2/simu_ws/install/turtlebot3_cartographer/share/turtlebot3_cartographer/local_setup.zsh
[1.440s] -- Up-to-date symlink: /home/ros2/simu_ws/install/turtlebot3_cartographer/share/turtlebot3_cartographer/local_setup.dsv
[1.440s] -- Symlinking: /home/ros2/simu_ws/install/turtlebot3_cartographer/share/turtlebot3_cartographer/package.dsv
[1.547s] -- Up-to-date symlink: /home/ros2/simu_ws/install/turtlebot3_cartographer/share/ament_index/resource_index/packages/turtlebot3_cartographer
[1.553s] -- Up-to-date symlink: /home/ros2/simu_ws/install/turtlebot3_cartographer/share/turtlebot3_cartographer/cmake/turtlebot3_cartographerConfig.cmake
[1.555s] -- Up-to-date symlink: /home/ros2/simu_ws/install/turtlebot3_cartographer/share/turtlebot3_cartographer/cmake/turtlebot3_cartographerConfig-version.cmake
[1.558s] -- Up-to-date symlink: /home/ros2/simu_ws/install/turtlebot3_cartographer/share/turtlebot3_cartographer/package.xml
[1.562s] Invoked command in '/home/ros2/simu_ws/build/turtlebot3_cartographer' returned '0': CMAKE_PREFIX_PATH=${CMAKE_PREFIX_PATH}:/home/ros2/simu_ws/install/turtlebot3_teleop:/home/ros2/simu_ws/install/turtlebot3_example:/home/ros2/simu_ws/install/simubot_vision:/opt/ros/humble /usr/bin/cmake --install /home/ros2/simu_ws/build/turtlebot3_cartographer
