running develop
Removing /home/ros2/simu_ws/install/simubot_vision/lib/python3.10/site-packages/simubot-vision.egg-link (link to .)
running egg_info
writing ../../build/simubot_vision/simubot_vision.egg-info/PKG-INFO
writing dependency_links to ../../build/simubot_vision/simubot_vision.egg-info/dependency_links.txt
writing entry points to ../../build/simubot_vision/simubot_vision.egg-info/entry_points.txt
writing requirements to ../../build/simubot_vision/simubot_vision.egg-info/requires.txt
writing top-level names to ../../build/simubot_vision/simubot_vision.egg-info/top_level.txt
reading manifest file '../../build/simubot_vision/simubot_vision.egg-info/SOURCES.txt'
writing manifest file '../../build/simubot_vision/simubot_vision.egg-info/SOURCES.txt'
running build
running build_py
creating /home/ros2/simu_ws/build/simubot_vision/build
creating /home/ros2/simu_ws/build/simubot_vision/build/lib
creating /home/ros2/simu_ws/build/simubot_vision/build/lib/simubot_vision
copying simubot_vision/__init__.py -> /home/ros2/simu_ws/build/simubot_vision/build/lib/simubot_vision
copying simubot_vision/vision_node.py -> /home/ros2/simu_ws/build/simubot_vision/build/lib/simubot_vision
running install
running install_lib
creating /home/ros2/simu_ws/install/simubot_vision/lib/python3.10/site-packages/simubot_vision
copying /home/ros2/simu_ws/build/simubot_vision/build/lib/simubot_vision/__init__.py -> /home/ros2/simu_ws/install/simubot_vision/lib/python3.10/site-packages/simubot_vision
copying /home/ros2/simu_ws/build/simubot_vision/build/lib/simubot_vision/vision_node.py -> /home/ros2/simu_ws/install/simubot_vision/lib/python3.10/site-packages/simubot_vision
byte-compiling /home/ros2/simu_ws/install/simubot_vision/lib/python3.10/site-packages/simubot_vision/__init__.py to __init__.cpython-310.pyc
byte-compiling /home/ros2/simu_ws/install/simubot_vision/lib/python3.10/site-packages/simubot_vision/vision_node.py to vision_node.cpython-310.pyc
running install_data
copying package.xml -> /home/ros2/simu_ws/install/simubot_vision/share/simubot_vision
copying resource/simubot_vision -> /home/ros2/simu_ws/install/simubot_vision/share/ament_index/resource_index/packages
running install_egg_info
Copying ../../build/simubot_vision/simubot_vision.egg-info to /home/ros2/simu_ws/install/simubot_vision/lib/python3.10/site-packages/simubot_vision-0.0.0-py3.10.egg-info
running install_scripts
Installing vision_node script to /home/ros2/simu_ws/install/simubot_vision/lib/simubot_vision
writing list of installed files to '/home/ros2/simu_ws/build/simubot_vision/install.log'
