[0.132s] Invoking command in '/home/ros2/simu_ws/build/turtlebot3_cartographer': /usr/bin/cmake --build /home/ros2/simu_ws/build/turtlebot3_cartographer -- -j10 -l10
[1.003s] Invoked command in '/home/ros2/simu_ws/build/turtlebot3_cartographer' returned '0': /usr/bin/cmake --build /home/ros2/simu_ws/build/turtlebot3_cartographer -- -j10 -l10
[1.063s] Invoking command in '/home/ros2/simu_ws/build/turtlebot3_cartographer': /usr/bin/cmake --install /home/ros2/simu_ws/build/turtlebot3_cartographer
[1.135s] -- Install configuration: ""
[1.140s] -- Execute custom install script
[1.147s] -- Up-to-date symlink: /home/ros2/simu_ws/install/turtlebot3_cartographer/share/turtlebot3_cartographer/config/turtlebot3_lds_2d.lua
[1.152s] -- Up-to-date symlink: /home/ros2/simu_ws/install/turtlebot3_cartographer/share/turtlebot3_cartographer/launch/cartographer.launch.py
[1.154s] -- Up-to-date symlink: /home/ros2/simu_ws/install/turtlebot3_cartographer/share/turtlebot3_cartographer/launch/occupancy_grid.launch.py
[1.157s] -- Up-to-date symlink: /home/ros2/simu_ws/install/turtlebot3_cartographer/share/turtlebot3_cartographer/rviz/tb3_cartographer.rviz
[1.160s] -- Up-to-date symlink: /home/ros2/simu_ws/install/turtlebot3_cartographer/share/ament_index/resource_index/package_run_dependencies/turtlebot3_cartographer
[1.163s] -- Up-to-date symlink: /home/ros2/simu_ws/install/turtlebot3_cartographer/share/ament_index/resource_index/parent_prefix_path/turtlebot3_cartographer
[1.170s] -- Up-to-date symlink: /home/ros2/simu_ws/install/turtlebot3_cartographer/share/turtlebot3_cartographer/environment/ament_prefix_path.sh
[1.181s] -- Up-to-date symlink: /home/ros2/simu_ws/install/turtlebot3_cartographer/share/turtlebot3_cartographer/environment/ament_prefix_path.dsv
[1.187s] -- Up-to-date symlink: /home/ros2/simu_ws/install/turtlebot3_cartographer/share/turtlebot3_cartographer/environment/path.sh
[1.205s] -- Up-to-date symlink: /home/ros2/simu_ws/install/turtlebot3_cartographer/share/turtlebot3_cartographer/environment/path.dsv
[1.216s] -- Up-to-date symlink: /home/ros2/simu_ws/install/turtlebot3_cartographer/share/turtlebot3_cartographer/local_setup.bash
[1.228s] -- Up-to-date symlink: /home/ros2/simu_ws/install/turtlebot3_cartographer/share/turtlebot3_cartographer/local_setup.sh
[1.248s] -- Up-to-date symlink: /home/ros2/simu_ws/install/turtlebot3_cartographer/share/turtlebot3_cartographer/local_setup.zsh
[1.253s] -- Up-to-date symlink: /home/ros2/simu_ws/install/turtlebot3_cartographer/share/turtlebot3_cartographer/local_setup.dsv
[1.255s] -- Symlinking: /home/ros2/simu_ws/install/turtlebot3_cartographer/share/turtlebot3_cartographer/package.dsv
[1.261s] -- Up-to-date symlink: /home/ros2/simu_ws/install/turtlebot3_cartographer/share/ament_index/resource_index/packages/turtlebot3_cartographer
[1.264s] -- Up-to-date symlink: /home/ros2/simu_ws/install/turtlebot3_cartographer/share/turtlebot3_cartographer/cmake/turtlebot3_cartographerConfig.cmake
[1.267s] -- Up-to-date symlink: /home/ros2/simu_ws/install/turtlebot3_cartographer/share/turtlebot3_cartographer/cmake/turtlebot3_cartographerConfig-version.cmake
[1.269s] -- Up-to-date symlink: /home/ros2/simu_ws/install/turtlebot3_cartographer/share/turtlebot3_cartographer/package.xml
[1.384s] Invoked command in '/home/ros2/simu_ws/build/turtlebot3_cartographer' returned '0': /usr/bin/cmake --install /home/ros2/simu_ws/build/turtlebot3_cartographer
