[0.089s] Invoking command in '/home/ros2/simu_ws/build/turtlebot3_cartographer': CMAKE_PREFIX_PATH=/opt/ros/humble /usr/bin/cmake --build /home/ros2/simu_ws/build/turtlebot3_cartographer -- -j10 -l10
[0.736s] Invoked command in '/home/ros2/simu_ws/build/turtlebot3_cartographer' returned '0': CMAKE_PREFIX_PATH=/opt/ros/humble /usr/bin/cmake --build /home/ros2/simu_ws/build/turtlebot3_cartographer -- -j10 -l10
[0.741s] Invoking command in '/home/ros2/simu_ws/build/turtlebot3_cartographer': CMAKE_PREFIX_PATH=/opt/ros/humble /usr/bin/cmake --install /home/ros2/simu_ws/build/turtlebot3_cartographer
[0.802s] -- Install configuration: ""
[0.807s] -- Execute custom install script
[0.814s] -- Up-to-date symlink: /home/ros2/simu_ws/install/turtlebot3_cartographer/share/turtlebot3_cartographer/config/turtlebot3_lds_2d.lua
[0.815s] -- Up-to-date symlink: /home/ros2/simu_ws/install/turtlebot3_cartographer/share/turtlebot3_cartographer/launch/cartographer.launch.py
[0.815s] -- Up-to-date symlink: /home/ros2/simu_ws/install/turtlebot3_cartographer/share/turtlebot3_cartographer/launch/occupancy_grid.launch.py
[0.816s] -- Up-to-date symlink: /home/ros2/simu_ws/install/turtlebot3_cartographer/share/turtlebot3_cartographer/rviz/tb3_cartographer.rviz
[0.816s] -- Up-to-date symlink: /home/ros2/simu_ws/install/turtlebot3_cartographer/share/ament_index/resource_index/package_run_dependencies/turtlebot3_cartographer
[0.817s] -- Up-to-date symlink: /home/ros2/simu_ws/install/turtlebot3_cartographer/share/ament_index/resource_index/parent_prefix_path/turtlebot3_cartographer
[0.818s] -- Up-to-date symlink: /home/ros2/simu_ws/install/turtlebot3_cartographer/share/turtlebot3_cartographer/environment/ament_prefix_path.sh
[0.819s] -- Up-to-date symlink: /home/ros2/simu_ws/install/turtlebot3_cartographer/share/turtlebot3_cartographer/environment/ament_prefix_path.dsv
[0.822s] -- Up-to-date symlink: /home/ros2/simu_ws/install/turtlebot3_cartographer/share/turtlebot3_cartographer/environment/path.sh
[0.826s] -- Up-to-date symlink: /home/ros2/simu_ws/install/turtlebot3_cartographer/share/turtlebot3_cartographer/environment/path.dsv
[0.827s] -- Up-to-date symlink: /home/ros2/simu_ws/install/turtlebot3_cartographer/share/turtlebot3_cartographer/local_setup.bash
[0.829s] -- Up-to-date symlink: /home/ros2/simu_ws/install/turtlebot3_cartographer/share/turtlebot3_cartographer/local_setup.sh
[0.830s] -- Up-to-date symlink: /home/ros2/simu_ws/install/turtlebot3_cartographer/share/turtlebot3_cartographer/local_setup.zsh
[0.831s] -- Up-to-date symlink: /home/ros2/simu_ws/install/turtlebot3_cartographer/share/turtlebot3_cartographer/local_setup.dsv
[0.831s] -- Up-to-date symlink: /home/ros2/simu_ws/install/turtlebot3_cartographer/share/turtlebot3_cartographer/package.dsv
[0.833s] -- Up-to-date symlink: /home/ros2/simu_ws/install/turtlebot3_cartographer/share/ament_index/resource_index/packages/turtlebot3_cartographer
[0.834s] -- Up-to-date symlink: /home/ros2/simu_ws/install/turtlebot3_cartographer/share/turtlebot3_cartographer/cmake/turtlebot3_cartographerConfig.cmake
[0.835s] -- Up-to-date symlink: /home/ros2/simu_ws/install/turtlebot3_cartographer/share/turtlebot3_cartographer/cmake/turtlebot3_cartographerConfig-version.cmake
[0.835s] -- Up-to-date symlink: /home/ros2/simu_ws/install/turtlebot3_cartographer/share/turtlebot3_cartographer/package.xml
[0.916s] Invoked command in '/home/ros2/simu_ws/build/turtlebot3_cartographer' returned '0': CMAKE_PREFIX_PATH=/opt/ros/humble /usr/bin/cmake --install /home/ros2/simu_ws/build/turtlebot3_cartographer
