[0.183s] Invoking command in '/home/ros2/simu_ws/build/turtlebot3_cartographer': CMAKE_PREFIX_PATH=${CMAKE_PREFIX_PATH}:/home/ros2/simu_ws/install/turtlebot3_teleop:/home/ros2/simu_ws/install/turtlebot3_example:/home/ros2/simu_ws/install/simubot_vision:/opt/ros/humble /usr/bin/cmake --build /home/ros2/simu_ws/build/turtlebot3_cartographer -- -j10 -l10
[1.289s] Invoked command in '/home/ros2/simu_ws/build/turtlebot3_cartographer' returned '0': CMAKE_PREFIX_PATH=${CMAKE_PREFIX_PATH}:/home/ros2/simu_ws/install/turtlebot3_teleop:/home/ros2/simu_ws/install/turtlebot3_example:/home/ros2/simu_ws/install/simubot_vision:/opt/ros/humble /usr/bin/cmake --build /home/ros2/simu_ws/build/turtlebot3_cartographer -- -j10 -l10
[1.356s] Invoking command in '/home/ros2/simu_ws/build/turtlebot3_cartographer': CMAKE_PREFIX_PATH=${CMAKE_PREFIX_PATH}:/home/ros2/simu_ws/install/turtlebot3_teleop:/home/ros2/simu_ws/install/turtlebot3_example:/home/ros2/simu_ws/install/simubot_vision:/opt/ros/humble /usr/bin/cmake --install /home/ros2/simu_ws/build/turtlebot3_cartographer
[1.422s] -- Install configuration: ""
[1.422s] -- Execute custom install script
[1.434s] -- Up-to-date symlink: /home/ros2/simu_ws/install/turtlebot3_cartographer/share/turtlebot3_cartographer/config/turtlebot3_lds_2d.lua
[1.438s] -- Up-to-date symlink: /home/ros2/simu_ws/install/turtlebot3_cartographer/share/turtlebot3_cartographer/launch/cartographer.launch.py
[1.442s] -- Up-to-date symlink: /home/ros2/simu_ws/install/turtlebot3_cartographer/share/turtlebot3_cartographer/launch/occupancy_grid.launch.py
[1.445s] -- Up-to-date symlink: /home/ros2/simu_ws/install/turtlebot3_cartographer/share/turtlebot3_cartographer/rviz/tb3_cartographer.rviz
[1.446s] -- Up-to-date symlink: /home/ros2/simu_ws/install/turtlebot3_cartographer/share/ament_index/resource_index/package_run_dependencies/turtlebot3_cartographer
[1.447s] -- Up-to-date symlink: /home/ros2/simu_ws/install/turtlebot3_cartographer/share/ament_index/resource_index/parent_prefix_path/turtlebot3_cartographer
[1.448s] -- Up-to-date symlink: /home/ros2/simu_ws/install/turtlebot3_cartographer/share/turtlebot3_cartographer/environment/ament_prefix_path.sh
[1.448s] -- Up-to-date symlink: /home/ros2/simu_ws/install/turtlebot3_cartographer/share/turtlebot3_cartographer/environment/ament_prefix_path.dsv
[1.450s] -- Up-to-date symlink: /home/ros2/simu_ws/install/turtlebot3_cartographer/share/turtlebot3_cartographer/environment/path.sh
[1.451s] -- Up-to-date symlink: /home/ros2/simu_ws/install/turtlebot3_cartographer/share/turtlebot3_cartographer/environment/path.dsv
[1.453s] -- Up-to-date symlink: /home/ros2/simu_ws/install/turtlebot3_cartographer/share/turtlebot3_cartographer/local_setup.bash
[1.456s] -- Up-to-date symlink: /home/ros2/simu_ws/install/turtlebot3_cartographer/share/turtlebot3_cartographer/local_setup.sh
[1.456s] -- Up-to-date symlink: /home/ros2/simu_ws/install/turtlebot3_cartographer/share/turtlebot3_cartographer/local_setup.zsh
[1.458s] -- Up-to-date symlink: /home/ros2/simu_ws/install/turtlebot3_cartographer/share/turtlebot3_cartographer/local_setup.dsv
[1.462s] -- Symlinking: /home/ros2/simu_ws/install/turtlebot3_cartographer/share/turtlebot3_cartographer/package.dsv
[1.509s] -- Up-to-date symlink: /home/ros2/simu_ws/install/turtlebot3_cartographer/share/ament_index/resource_index/packages/turtlebot3_cartographer
[1.523s] -- Up-to-date symlink: /home/ros2/simu_ws/install/turtlebot3_cartographer/share/turtlebot3_cartographer/cmake/turtlebot3_cartographerConfig.cmake
[1.535s] -- Up-to-date symlink: /home/ros2/simu_ws/install/turtlebot3_cartographer/share/turtlebot3_cartographer/cmake/turtlebot3_cartographerConfig-version.cmake
[1.539s] -- Up-to-date symlink: /home/ros2/simu_ws/install/turtlebot3_cartographer/share/turtlebot3_cartographer/package.xml
[1.553s] Invoked command in '/home/ros2/simu_ws/build/turtlebot3_cartographer' returned '0': CMAKE_PREFIX_PATH=${CMAKE_PREFIX_PATH}:/home/ros2/simu_ws/install/turtlebot3_teleop:/home/ros2/simu_ws/install/turtlebot3_example:/home/ros2/simu_ws/install/simubot_vision:/opt/ros/humble /usr/bin/cmake --install /home/ros2/simu_ws/build/turtlebot3_cartographer
