[0.090s] Invoking command in '/home/ros2/simu_ws/build/simubot_launch': AMENT_PREFIX_PATH=/home/ros2/simu_ws/install/simubot_vision:/home/ros2/simu_ws/install/turtlebot3:/home/ros2/simu_ws/install/turtlebot3_teleop:/home/ros2/simu_ws/install/turtlebot3_bringup:/home/ros2/simu_ws/install/turtlebot3_node:/home/ros2/simu_ws/install/turtlebot3_navigation2:/home/ros2/simu_ws/install/turtlebot3_example:/home/ros2/simu_ws/install/simubot_launch:/home/ros2/simu_ws/install/turtlebot3_description:/home/ros2/simu_ws/install/turtlebot3_cartographer:/home/ros2/simu_ws/install/simubot_decision:/home/ros2/simu_ws/install/custom_msgs:/opt/ros/humble CMAKE_PREFIX_PATH=/home/ros2/simu_ws/install/simubot_decision:/home/ros2/simu_ws/install/turtlebot3_description:/home/ros2/simu_ws/install/custom_msgs:/home/ros2/simu_ws/install/turtlebot3:/home/ros2/simu_ws/install/turtlebot3_bringup:/home/ros2/simu_ws/install/turtlebot3_node:/home/ros2/simu_ws/install/turtlebot3_navigation2:/home/ros2/simu_ws/install/simubot_launch:/home/ros2/simu_ws/install/turtlebot3_cartographer:/home/ros2/simu_ws/install/turtlebot3_teleop:/home/ros2/simu_ws/install/turtlebot3_example:/home/ros2/simu_ws/install/simubot_vision:/opt/ros/humble LD_LIBRARY_PATH=/home/ros2/simu_ws/install/custom_msgs/lib:${LD_LIBRARY_PATH} PYTHONPATH=/home/ros2/simu_ws/build/simubot_vision:/home/ros2/simu_ws/install/simubot_vision/lib/python3.10/site-packages:/home/ros2/simu_ws/install/custom_msgs/local/lib/python3.10/dist-packages:/home/ros2/simu_ws/build/turtlebot3_teleop:/home/ros2/simu_ws/install/turtlebot3_teleop/lib/python3.10/site-packages:/home/ros2/simu_ws/build/turtlebot3_example:/home/ros2/simu_ws/install/turtlebot3_example/lib/python3.10/site-packages:/opt/ros/humble/lib/python3.10/site-packages:/opt/ros/humble/local/lib/python3.10/dist-packages /usr/bin/cmake --build /home/ros2/simu_ws/build/simubot_launch -- -j10 -l10
[0.252s] -- Found ament_cmake: 1.3.11 (/opt/ros/humble/share/ament_cmake/cmake)
[0.625s] -- Override CMake install command with custom implementation using symlinks instead of copying resources
[0.640s] -- Found gazebo_ros: 3.9.0 (/opt/ros/humble/share/gazebo_ros/cmake)
[0.671s] -- Found rosidl_generator_c: 3.1.6 (/opt/ros/humble/share/rosidl_generator_c/cmake)
[0.674s] -- Found rosidl_adapter: 3.1.6 (/opt/ros/humble/share/rosidl_adapter/cmake)
[0.678s] -- Found rosidl_generator_cpp: 3.1.6 (/opt/ros/humble/share/rosidl_generator_cpp/cmake)
[0.689s] -- Using all available rosidl_typesupport_c: rosidl_typesupport_fastrtps_c;rosidl_typesupport_introspection_c
[0.699s] -- Using all available rosidl_typesupport_cpp: rosidl_typesupport_fastrtps_cpp;rosidl_typesupport_introspection_cpp
[0.726s] -- Found rmw_implementation_cmake: 6.1.2 (/opt/ros/humble/share/rmw_implementation_cmake/cmake)
[0.732s] -- Found rmw_fastrtps_cpp: 6.2.7 (/opt/ros/humble/share/rmw_fastrtps_cpp/cmake)
[0.957s] -- Using RMW implementation 'rmw_fastrtps_cpp' as default
[1.078s] -- Found DART: /usr/include (Required is at least version "6.6") found components: dart 
[1.150s] -- Found Protobuf: /usr/lib/x86_64-linux-gnu/libprotobuf.so (found version "3.12.4") 
[1.153s] -- Looking for ignition-math6 -- found version 6.15.1
[1.160s] -- Searching for dependencies of ignition-math6
[1.162s] -- Looking for OGRE...
[1.182s] -- Found Ogre Ghadamon (1.9.0)
[1.182s] -- Found OGRE: optimized;/usr/lib/x86_64-linux-gnu/libOgreMain.so;debug;/usr/lib/x86_64-linux-gnu/libOgreMain.so
[1.190s] -- Looking for OGRE_Paging...
[1.191s] -- Found OGRE_Paging: optimized;/usr/lib/x86_64-linux-gnu/libOgrePaging.so;debug;/usr/lib/x86_64-linux-gnu/libOgrePaging.so
[1.191s] -- Looking for OGRE_Terrain...
[1.191s] -- Found OGRE_Terrain: optimized;/usr/lib/x86_64-linux-gnu/libOgreTerrain.so;debug;/usr/lib/x86_64-linux-gnu/libOgreTerrain.so
[1.192s] -- Looking for OGRE_Property...
[1.192s] -- Found OGRE_Property: optimized;/usr/lib/x86_64-linux-gnu/libOgreProperty.so;debug;/usr/lib/x86_64-linux-gnu/libOgreProperty.so
[1.192s] -- Looking for OGRE_RTShaderSystem...
[1.193s] -- Found OGRE_RTShaderSystem: optimized;/usr/lib/x86_64-linux-gnu/libOgreRTShaderSystem.so;debug;/usr/lib/x86_64-linux-gnu/libOgreRTShaderSystem.so
[1.193s] -- Looking for OGRE_Volume...
[1.193s] -- Found OGRE_Volume: optimized;/usr/lib/x86_64-linux-gnu/libOgreVolume.so;debug;/usr/lib/x86_64-linux-gnu/libOgreVolume.so
[1.193s] -- Looking for OGRE_Overlay...
[1.194s] -- Found OGRE_Overlay: optimized;/usr/lib/x86_64-linux-gnu/libOgreOverlay.so;debug;/usr/lib/x86_64-linux-gnu/libOgreOverlay.so
[1.991s] -- Looking for ignition-math6 -- found version 6.15.1
[1.992s] -- Looking for ignition-transport8 -- found version 8.2.1
[1.992s] -- Searching for dependencies of ignition-transport8
[2.051s] -- Found Protobuf: /usr/lib/x86_64-linux-gnu/libprotobuf.so (found suitable version "3.12.4", minimum required is "3") 
[2.082s] -- Config-file not installed for ZeroMQ -- checking for pkg-config
[2.099s] -- Checking for module 'libzmq >= 4'
[2.208s] --   Found libzmq , version 4.3.4
[2.503s] -- Checking for module 'uuid'
[2.610s] --   Found uuid, version 2.37.2
[2.875s] -- Looking for ignition-msgs5 -- found version 5.8.1
[2.875s] -- Searching for dependencies of ignition-msgs5
[2.935s] -- Looking for ignition-math6 -- found version 6.15.1
[2.953s] -- Checking for module 'tinyxml2'
[3.064s] --   Found tinyxml2, version 9.0.0
[3.332s] -- Looking for ignition-msgs5 -- found version 5.8.1
[3.333s] -- Looking for ignition-common3 -- found version 3.14.0
[3.334s] -- Searching for dependencies of ignition-common3
[3.334s] -- Looking for dlfcn.h - found
[3.334s] -- Looking for libdl - found
[3.359s] -- Searching for <ignition-common3> component [graphics]
[3.360s] -- Looking for ignition-common3-graphics -- found version 3.14.0
[3.360s] -- Searching for dependencies of ignition-common3-graphics
[3.360s] -- Looking for ignition-math6 -- found version 6.15.1
[3.362s] -- Looking for ignition-fuel_tools4 -- found version 4.4.0
[3.362s] -- Searching for dependencies of ignition-fuel_tools4
[3.504s] -- Checking for module 'jsoncpp'
[3.611s] --   Found jsoncpp, version 1.9.5
[3.897s] -- Checking for module 'libzip'
[4.058s] --   Found libzip, version 1.7.3
[4.326s] -- Looking for ignition-common3 -- found version 3.14.0
[4.326s] -- Looking for ignition-math6 -- found version 6.15.1
[4.327s] -- Looking for ignition-msgs5 -- found version 5.8.1
[4.330s] -- Gazebo version: 11.10
[4.333s] -- Found turtlebot3_description: 2.3.1 (/home/ros2/simu_ws/install/turtlebot3_description/share/turtlebot3_description/cmake)
[4.498s] -- Configuring done
[4.539s] -- Generating done
[4.561s] -- Build files have been written to: /home/ros2/simu_ws/build/simubot_launch
[4.678s] Invoked command in '/home/ros2/simu_ws/build/simubot_launch' returned '0': AMENT_PREFIX_PATH=/home/ros2/simu_ws/install/simubot_vision:/home/ros2/simu_ws/install/turtlebot3:/home/ros2/simu_ws/install/turtlebot3_teleop:/home/ros2/simu_ws/install/turtlebot3_bringup:/home/ros2/simu_ws/install/turtlebot3_node:/home/ros2/simu_ws/install/turtlebot3_navigation2:/home/ros2/simu_ws/install/turtlebot3_example:/home/ros2/simu_ws/install/simubot_launch:/home/ros2/simu_ws/install/turtlebot3_description:/home/ros2/simu_ws/install/turtlebot3_cartographer:/home/ros2/simu_ws/install/simubot_decision:/home/ros2/simu_ws/install/custom_msgs:/opt/ros/humble CMAKE_PREFIX_PATH=/home/ros2/simu_ws/install/simubot_decision:/home/ros2/simu_ws/install/turtlebot3_description:/home/ros2/simu_ws/install/custom_msgs:/home/ros2/simu_ws/install/turtlebot3:/home/ros2/simu_ws/install/turtlebot3_bringup:/home/ros2/simu_ws/install/turtlebot3_node:/home/ros2/simu_ws/install/turtlebot3_navigation2:/home/ros2/simu_ws/install/simubot_launch:/home/ros2/simu_ws/install/turtlebot3_cartographer:/home/ros2/simu_ws/install/turtlebot3_teleop:/home/ros2/simu_ws/install/turtlebot3_example:/home/ros2/simu_ws/install/simubot_vision:/opt/ros/humble LD_LIBRARY_PATH=/home/ros2/simu_ws/install/custom_msgs/lib:${LD_LIBRARY_PATH} PYTHONPATH=/home/ros2/simu_ws/build/simubot_vision:/home/ros2/simu_ws/install/simubot_vision/lib/python3.10/site-packages:/home/ros2/simu_ws/install/custom_msgs/local/lib/python3.10/dist-packages:/home/ros2/simu_ws/build/turtlebot3_teleop:/home/ros2/simu_ws/install/turtlebot3_teleop/lib/python3.10/site-packages:/home/ros2/simu_ws/build/turtlebot3_example:/home/ros2/simu_ws/install/turtlebot3_example/lib/python3.10/site-packages:/opt/ros/humble/lib/python3.10/site-packages:/opt/ros/humble/local/lib/python3.10/dist-packages /usr/bin/cmake --build /home/ros2/simu_ws/build/simubot_launch -- -j10 -l10
[4.684s] Invoking command in '/home/ros2/simu_ws/build/simubot_launch': AMENT_PREFIX_PATH=/home/ros2/simu_ws/install/simubot_vision:/home/ros2/simu_ws/install/turtlebot3:/home/ros2/simu_ws/install/turtlebot3_teleop:/home/ros2/simu_ws/install/turtlebot3_bringup:/home/ros2/simu_ws/install/turtlebot3_node:/home/ros2/simu_ws/install/turtlebot3_navigation2:/home/ros2/simu_ws/install/turtlebot3_example:/home/ros2/simu_ws/install/simubot_launch:/home/ros2/simu_ws/install/turtlebot3_description:/home/ros2/simu_ws/install/turtlebot3_cartographer:/home/ros2/simu_ws/install/simubot_decision:/home/ros2/simu_ws/install/custom_msgs:/opt/ros/humble CMAKE_PREFIX_PATH=/home/ros2/simu_ws/install/simubot_decision:/home/ros2/simu_ws/install/turtlebot3_description:/home/ros2/simu_ws/install/custom_msgs:/home/ros2/simu_ws/install/turtlebot3:/home/ros2/simu_ws/install/turtlebot3_bringup:/home/ros2/simu_ws/install/turtlebot3_node:/home/ros2/simu_ws/install/turtlebot3_navigation2:/home/ros2/simu_ws/install/simubot_launch:/home/ros2/simu_ws/install/turtlebot3_cartographer:/home/ros2/simu_ws/install/turtlebot3_teleop:/home/ros2/simu_ws/install/turtlebot3_example:/home/ros2/simu_ws/install/simubot_vision:/opt/ros/humble LD_LIBRARY_PATH=/home/ros2/simu_ws/install/custom_msgs/lib:${LD_LIBRARY_PATH} PYTHONPATH=/home/ros2/simu_ws/build/simubot_vision:/home/ros2/simu_ws/install/simubot_vision/lib/python3.10/site-packages:/home/ros2/simu_ws/install/custom_msgs/local/lib/python3.10/dist-packages:/home/ros2/simu_ws/build/turtlebot3_teleop:/home/ros2/simu_ws/install/turtlebot3_teleop/lib/python3.10/site-packages:/home/ros2/simu_ws/build/turtlebot3_example:/home/ros2/simu_ws/install/turtlebot3_example/lib/python3.10/site-packages:/opt/ros/humble/lib/python3.10/site-packages:/opt/ros/humble/local/lib/python3.10/dist-packages /usr/bin/cmake --install /home/ros2/simu_ws/build/simubot_launch
[4.735s] -- Install configuration: ""
[4.740s] -- Execute custom install script
[4.745s] -- Up-to-date symlink: /home/ros2/simu_ws/install/simubot_launch/share/simubot_launch/simubot_full.launch.py
[4.745s] -- Up-to-date symlink: /home/ros2/simu_ws/install/simubot_launch/share/ament_index/resource_index/package_run_dependencies/simubot_launch
[4.746s] -- Up-to-date symlink: /home/ros2/simu_ws/install/simubot_launch/share/ament_index/resource_index/parent_prefix_path/simubot_launch
[4.746s] -- Up-to-date symlink: /home/ros2/simu_ws/install/simubot_launch/share/simubot_launch/environment/ament_prefix_path.sh
[4.747s] -- Up-to-date symlink: /home/ros2/simu_ws/install/simubot_launch/share/simubot_launch/environment/ament_prefix_path.dsv
[4.747s] -- Up-to-date symlink: /home/ros2/simu_ws/install/simubot_launch/share/simubot_launch/environment/path.sh
[4.748s] -- Up-to-date symlink: /home/ros2/simu_ws/install/simubot_launch/share/simubot_launch/environment/path.dsv
[4.748s] -- Up-to-date symlink: /home/ros2/simu_ws/install/simubot_launch/share/simubot_launch/local_setup.bash
[4.749s] -- Up-to-date symlink: /home/ros2/simu_ws/install/simubot_launch/share/simubot_launch/local_setup.sh
[4.749s] -- Up-to-date symlink: /home/ros2/simu_ws/install/simubot_launch/share/simubot_launch/local_setup.zsh
[4.750s] -- Up-to-date symlink: /home/ros2/simu_ws/install/simubot_launch/share/simubot_launch/local_setup.dsv
[4.752s] -- Symlinking: /home/ros2/simu_ws/install/simubot_launch/share/simubot_launch/package.dsv
[4.791s] -- Up-to-date symlink: /home/ros2/simu_ws/install/simubot_launch/share/ament_index/resource_index/packages/simubot_launch
[4.791s] -- Up-to-date symlink: /home/ros2/simu_ws/install/simubot_launch/share/simubot_launch/cmake/simubot_launchConfig.cmake
[4.792s] -- Up-to-date symlink: /home/ros2/simu_ws/install/simubot_launch/share/simubot_launch/cmake/simubot_launchConfig-version.cmake
[4.793s] -- Up-to-date symlink: /home/ros2/simu_ws/install/simubot_launch/share/simubot_launch/package.xml
[4.799s] Invoked command in '/home/ros2/simu_ws/build/simubot_launch' returned '0': AMENT_PREFIX_PATH=/home/ros2/simu_ws/install/simubot_vision:/home/ros2/simu_ws/install/turtlebot3:/home/ros2/simu_ws/install/turtlebot3_teleop:/home/ros2/simu_ws/install/turtlebot3_bringup:/home/ros2/simu_ws/install/turtlebot3_node:/home/ros2/simu_ws/install/turtlebot3_navigation2:/home/ros2/simu_ws/install/turtlebot3_example:/home/ros2/simu_ws/install/simubot_launch:/home/ros2/simu_ws/install/turtlebot3_description:/home/ros2/simu_ws/install/turtlebot3_cartographer:/home/ros2/simu_ws/install/simubot_decision:/home/ros2/simu_ws/install/custom_msgs:/opt/ros/humble CMAKE_PREFIX_PATH=/home/ros2/simu_ws/install/simubot_decision:/home/ros2/simu_ws/install/turtlebot3_description:/home/ros2/simu_ws/install/custom_msgs:/home/ros2/simu_ws/install/turtlebot3:/home/ros2/simu_ws/install/turtlebot3_bringup:/home/ros2/simu_ws/install/turtlebot3_node:/home/ros2/simu_ws/install/turtlebot3_navigation2:/home/ros2/simu_ws/install/simubot_launch:/home/ros2/simu_ws/install/turtlebot3_cartographer:/home/ros2/simu_ws/install/turtlebot3_teleop:/home/ros2/simu_ws/install/turtlebot3_example:/home/ros2/simu_ws/install/simubot_vision:/opt/ros/humble LD_LIBRARY_PATH=/home/ros2/simu_ws/install/custom_msgs/lib:${LD_LIBRARY_PATH} PYTHONPATH=/home/ros2/simu_ws/build/simubot_vision:/home/ros2/simu_ws/install/simubot_vision/lib/python3.10/site-packages:/home/ros2/simu_ws/install/custom_msgs/local/lib/python3.10/dist-packages:/home/ros2/simu_ws/build/turtlebot3_teleop:/home/ros2/simu_ws/install/turtlebot3_teleop/lib/python3.10/site-packages:/home/ros2/simu_ws/build/turtlebot3_example:/home/ros2/simu_ws/install/turtlebot3_example/lib/python3.10/site-packages:/opt/ros/humble/lib/python3.10/site-packages:/opt/ros/humble/local/lib/python3.10/dist-packages /usr/bin/cmake --install /home/ros2/simu_ws/build/simubot_launch
