[1.075s] Invoking command in '/home/ros2/simu_ws/build/turtlebot3_example': PYTHONPATH=/home/ros2/simu_ws/build/turtlebot3_example/prefix_override:/usr/lib/python3/dist-packages/colcon_core/task/python/colcon_distutils_commands:/home/ros2/simu_ws/install/turtlebot3_example/lib/python3.10/site-packages:${PYTHONPATH} /usr/bin/python3 -W ignore:setup.py install is deprecated -W ignore:easy_install command is deprecated setup.py develop --editable --build-directory /home/ros2/simu_ws/build/turtlebot3_example/build --no-deps symlink_data
[1.387s] running develop
[1.471s] running egg_info
[1.472s] creating turtlebot3_example.egg-info
[1.474s] writing turtlebot3_example.egg-info/PKG-INFO
[1.477s] writing dependency_links to turtlebot3_example.egg-info/dependency_links.txt
[1.479s] writing entry points to turtlebot3_example.egg-info/entry_points.txt
[1.481s] writing requirements to turtlebot3_example.egg-info/requires.txt
[1.481s] writing top-level names to turtlebot3_example.egg-info/top_level.txt
[1.484s] writing manifest file 'turtlebot3_example.egg-info/SOURCES.txt'
[1.488s] reading manifest file 'turtlebot3_example.egg-info/SOURCES.txt'
[1.495s] writing manifest file 'turtlebot3_example.egg-info/SOURCES.txt'
[1.495s] running build_ext
[1.495s] Creating /home/ros2/simu_ws/install/turtlebot3_example/lib/python3.10/site-packages/turtlebot3-example.egg-link (link to .)
[1.497s] Installing turtlebot3_absolute_move script to /home/ros2/simu_ws/install/turtlebot3_example/lib/turtlebot3_example
[1.500s] Installing turtlebot3_interactive_marker script to /home/ros2/simu_ws/install/turtlebot3_example/lib/turtlebot3_example
[1.506s] Installing turtlebot3_obstacle_detection script to /home/ros2/simu_ws/install/turtlebot3_example/lib/turtlebot3_example
[1.510s] Installing turtlebot3_patrol_client script to /home/ros2/simu_ws/install/turtlebot3_example/lib/turtlebot3_example
[1.515s] Installing turtlebot3_patrol_server script to /home/ros2/simu_ws/install/turtlebot3_example/lib/turtlebot3_example
[1.516s] Installing turtlebot3_relative_move script to /home/ros2/simu_ws/install/turtlebot3_example/lib/turtlebot3_example
[1.517s] 
[1.517s] Installed /home/ros2/simu_ws/build/turtlebot3_example
[1.518s] running symlink_data
[1.518s] creating /home/ros2/simu_ws/install/turtlebot3_example/share/ament_index
[1.521s] creating /home/ros2/simu_ws/install/turtlebot3_example/share/ament_index/resource_index
[1.521s] creating /home/ros2/simu_ws/install/turtlebot3_example/share/ament_index/resource_index/packages
[1.522s] symbolically linking /home/ros2/simu_ws/build/turtlebot3_example/resource/turtlebot3_example -> /home/ros2/simu_ws/install/turtlebot3_example/share/ament_index/resource_index/packages
[1.522s] symbolically linking /home/ros2/simu_ws/build/turtlebot3_example/package.xml -> /home/ros2/simu_ws/install/turtlebot3_example/share/turtlebot3_example
[1.603s] Invoked command in '/home/ros2/simu_ws/build/turtlebot3_example' returned '0': PYTHONPATH=/home/ros2/simu_ws/build/turtlebot3_example/prefix_override:/usr/lib/python3/dist-packages/colcon_core/task/python/colcon_distutils_commands:/home/ros2/simu_ws/install/turtlebot3_example/lib/python3.10/site-packages:${PYTHONPATH} /usr/bin/python3 -W ignore:setup.py install is deprecated -W ignore:easy_install command is deprecated setup.py develop --editable --build-directory /home/ros2/simu_ws/build/turtlebot3_example/build --no-deps symlink_data
