[0.265s] Invoking command in '/home/ros2/simu_ws/build/simubot_decision': CMAKE_PREFIX_PATH=/home/ros2/simu_ws/install/custom_msgs:/home/ros2/simu_ws/install/turtlebot3:/home/ros2/simu_ws/install/turtlebot3_bringup:/home/ros2/simu_ws/install/turtlebot3_node:/home/ros2/simu_ws/install/turtlebot3_navigation2:/home/ros2/simu_ws/install/simubot_launch:/home/ros2/simu_ws/install/turtlebot3_description:/home/ros2/simu_ws/install/turtlebot3_cartographer:/home/ros2/simu_ws/install/simubot_decision:/home/ros2/simu_ws/install/turtlebot3_teleop:/home/ros2/simu_ws/install/turtlebot3_example:/home/ros2/simu_ws/install/simubot_vision:/opt/ros/humble /usr/bin/cmake --build /home/ros2/simu_ws/build/simubot_decision -- -j10 -l10
[0.566s] Invoked command in '/home/ros2/simu_ws/build/simubot_decision' returned '0': CMAKE_PREFIX_PATH=/home/ros2/simu_ws/install/custom_msgs:/home/ros2/simu_ws/install/turtlebot3:/home/ros2/simu_ws/install/turtlebot3_bringup:/home/ros2/simu_ws/install/turtlebot3_node:/home/ros2/simu_ws/install/turtlebot3_navigation2:/home/ros2/simu_ws/install/simubot_launch:/home/ros2/simu_ws/install/turtlebot3_description:/home/ros2/simu_ws/install/turtlebot3_cartographer:/home/ros2/simu_ws/install/simubot_decision:/home/ros2/simu_ws/install/turtlebot3_teleop:/home/ros2/simu_ws/install/turtlebot3_example:/home/ros2/simu_ws/install/simubot_vision:/opt/ros/humble /usr/bin/cmake --build /home/ros2/simu_ws/build/simubot_decision -- -j10 -l10
[0.567s] Invoking command in '/home/ros2/simu_ws/build/simubot_decision': CMAKE_PREFIX_PATH=/home/ros2/simu_ws/install/custom_msgs:/home/ros2/simu_ws/install/turtlebot3:/home/ros2/simu_ws/install/turtlebot3_bringup:/home/ros2/simu_ws/install/turtlebot3_node:/home/ros2/simu_ws/install/turtlebot3_navigation2:/home/ros2/simu_ws/install/simubot_launch:/home/ros2/simu_ws/install/turtlebot3_description:/home/ros2/simu_ws/install/turtlebot3_cartographer:/home/ros2/simu_ws/install/simubot_decision:/home/ros2/simu_ws/install/turtlebot3_teleop:/home/ros2/simu_ws/install/turtlebot3_example:/home/ros2/simu_ws/install/simubot_vision:/opt/ros/humble /usr/bin/cmake --install /home/ros2/simu_ws/build/simubot_decision
[0.619s] -- Install configuration: ""
[0.622s] -- Execute custom install script
[0.630s] -- Up-to-date symlink: /home/ros2/simu_ws/install/simubot_decision/share/ament_index/resource_index/package_run_dependencies/simubot_decision
[0.635s] -- Up-to-date symlink: /home/ros2/simu_ws/install/simubot_decision/share/ament_index/resource_index/parent_prefix_path/simubot_decision
[0.638s] -- Up-to-date symlink: /home/ros2/simu_ws/install/simubot_decision/share/simubot_decision/environment/ament_prefix_path.sh
[0.639s] -- Up-to-date symlink: /home/ros2/simu_ws/install/simubot_decision/share/simubot_decision/environment/ament_prefix_path.dsv
[0.641s] -- Up-to-date symlink: /home/ros2/simu_ws/install/simubot_decision/share/simubot_decision/environment/path.sh
[0.641s] -- Up-to-date symlink: /home/ros2/simu_ws/install/simubot_decision/share/simubot_decision/environment/path.dsv
[0.642s] -- Up-to-date symlink: /home/ros2/simu_ws/install/simubot_decision/share/simubot_decision/local_setup.bash
[0.642s] -- Up-to-date symlink: /home/ros2/simu_ws/install/simubot_decision/share/simubot_decision/local_setup.sh
[0.642s] -- Up-to-date symlink: /home/ros2/simu_ws/install/simubot_decision/share/simubot_decision/local_setup.zsh
[0.643s] -- Up-to-date symlink: /home/ros2/simu_ws/install/simubot_decision/share/simubot_decision/local_setup.dsv
[0.646s] -- Symlinking: /home/ros2/simu_ws/install/simubot_decision/share/simubot_decision/package.dsv
[0.693s] -- Up-to-date symlink: /home/ros2/simu_ws/install/simubot_decision/share/ament_index/resource_index/packages/simubot_decision
[0.695s] -- Up-to-date symlink: /home/ros2/simu_ws/install/simubot_decision/share/simubot_decision/cmake/simubot_decisionConfig.cmake
[0.699s] -- Up-to-date symlink: /home/ros2/simu_ws/install/simubot_decision/share/simubot_decision/cmake/simubot_decisionConfig-version.cmake
[0.700s] -- Up-to-date symlink: /home/ros2/simu_ws/install/simubot_decision/share/simubot_decision/package.xml
[0.703s] Invoked command in '/home/ros2/simu_ws/build/simubot_decision' returned '0': CMAKE_PREFIX_PATH=/home/ros2/simu_ws/install/custom_msgs:/home/ros2/simu_ws/install/turtlebot3:/home/ros2/simu_ws/install/turtlebot3_bringup:/home/ros2/simu_ws/install/turtlebot3_node:/home/ros2/simu_ws/install/turtlebot3_navigation2:/home/ros2/simu_ws/install/simubot_launch:/home/ros2/simu_ws/install/turtlebot3_description:/home/ros2/simu_ws/install/turtlebot3_cartographer:/home/ros2/simu_ws/install/simubot_decision:/home/ros2/simu_ws/install/turtlebot3_teleop:/home/ros2/simu_ws/install/turtlebot3_example:/home/ros2/simu_ws/install/simubot_vision:/opt/ros/humble /usr/bin/cmake --install /home/ros2/simu_ws/build/simubot_decision
