[35m[1mConsolidate compiler generated dependencies of target custom_msgs__rosidl_generator_c[0m
[  2%] Built target custom_msgs__cpp
[  2%] Built target ament_cmake_python_symlink_custom_msgs
[ 12%] Built target custom_msgs__rosidl_generator_c
[35m[1mConsolidate compiler generated dependencies of target custom_msgs__rosidl_typesupport_introspection_cpp[0m
[35m[1mConsolidate compiler generated dependencies of target custom_msgs__rosidl_typesupport_cpp[0m
[35m[1mConsolidate compiler generated dependencies of target custom_msgs__rosidl_typesupport_fastrtps_cpp[0m
[35m[1mConsolidate compiler generated dependencies of target custom_msgs__rosidl_typesupport_introspection_c[0m
[35m[1mConsolidate compiler generated dependencies of target custom_msgs__rosidl_typesupport_c[0m
[35m[1mConsolidate compiler generated dependencies of target custom_msgs__rosidl_typesupport_fastrtps_c[0m
[ 23%] Built target custom_msgs__rosidl_typesupport_c
[ 33%] Built target custom_msgs__rosidl_typesupport_introspection_c
[ 43%] Built target custom_msgs__rosidl_typesupport_cpp
[ 53%] Built target custom_msgs__rosidl_typesupport_introspection_cpp
running egg_info
writing custom_msgs.egg-info/PKG-INFO
writing dependency_links to custom_msgs.egg-info/dependency_links.txt
writing top-level names to custom_msgs.egg-info/top_level.txt
reading manifest file 'custom_msgs.egg-info/SOURCES.txt'
writing manifest file 'custom_msgs.egg-info/SOURCES.txt'
[ 56%] Built target ament_cmake_python_build_custom_msgs_egg
[ 64%] Built target custom_msgs__rosidl_typesupport_fastrtps_cpp
[ 74%] Built target custom_msgs__rosidl_typesupport_fastrtps_c
[ 74%] Built target custom_msgs
[ 76%] Built target custom_msgs__py
[35m[1mConsolidate compiler generated dependencies of target custom_msgs__rosidl_generator_py[0m
[ 84%] Built target custom_msgs__rosidl_generator_py
[35m[1mConsolidate compiler generated dependencies of target custom_msgs__rosidl_typesupport_c__pyext[0m
[35m[1mConsolidate compiler generated dependencies of target custom_msgs__rosidl_typesupport_introspection_c__pyext[0m
[35m[1mConsolidate compiler generated dependencies of target custom_msgs__rosidl_typesupport_fastrtps_c__pyext[0m
[ 89%] Built target custom_msgs__rosidl_typesupport_introspection_c__pyext
[ 94%] Built target custom_msgs__rosidl_typesupport_fastrtps_c__pyext
[100%] Built target custom_msgs__rosidl_typesupport_c__pyext
-- Install configuration: ""
-- Execute custom install script
-- Up-to-date symlink: /home/ros2/simu_ws/install/custom_msgs/share/ament_index/resource_index/rosidl_interfaces/custom_msgs
-- Up-to-date symlink: /home/ros2/simu_ws/install/custom_msgs/include/custom_msgs/custom_msgs/msg/detail/detected_object__functions.h
-- Up-to-date symlink: /home/ros2/simu_ws/install/custom_msgs/include/custom_msgs/custom_msgs/msg/detail/detected_object__struct.h
-- Up-to-date symlink: /home/ros2/simu_ws/install/custom_msgs/include/custom_msgs/custom_msgs/msg/detail/detected_object__type_support.h
-- Up-to-date symlink: /home/ros2/simu_ws/install/custom_msgs/include/custom_msgs/custom_msgs/msg/detail/detected_object_array__functions.h
-- Up-to-date symlink: /home/ros2/simu_ws/install/custom_msgs/include/custom_msgs/custom_msgs/msg/detail/detected_object_array__struct.h
-- Up-to-date symlink: /home/ros2/simu_ws/install/custom_msgs/include/custom_msgs/custom_msgs/msg/detail/detected_object_array__type_support.h
-- Up-to-date symlink: /home/ros2/simu_ws/install/custom_msgs/include/custom_msgs/custom_msgs/msg/detected_object.h
-- Up-to-date symlink: /home/ros2/simu_ws/install/custom_msgs/include/custom_msgs/custom_msgs/msg/detected_object_array.h
-- Up-to-date symlink: /home/ros2/simu_ws/install/custom_msgs/include/custom_msgs/custom_msgs/msg/rosidl_generator_c__visibility_control.h
-- Up-to-date symlink: /home/ros2/simu_ws/install/custom_msgs/share/custom_msgs/environment/library_path.sh
-- Up-to-date symlink: /home/ros2/simu_ws/install/custom_msgs/share/custom_msgs/environment/library_path.dsv
-- Up-to-date symlink: /home/ros2/simu_ws/install/custom_msgs/include/custom_msgs/custom_msgs/msg/detail/detected_object__rosidl_typesupport_fastrtps_c.h
-- Up-to-date symlink: /home/ros2/simu_ws/install/custom_msgs/include/custom_msgs/custom_msgs/msg/detail/detected_object_array__rosidl_typesupport_fastrtps_c.h
-- Up-to-date symlink: /home/ros2/simu_ws/install/custom_msgs/include/custom_msgs/custom_msgs/msg/rosidl_typesupport_fastrtps_c__visibility_control.h
-- Up-to-date symlink: /home/ros2/simu_ws/install/custom_msgs/include/custom_msgs/custom_msgs/msg/detail/detected_object__rosidl_typesupport_introspection_c.h
-- Up-to-date symlink: /home/ros2/simu_ws/install/custom_msgs/include/custom_msgs/custom_msgs/msg/detail/detected_object_array__rosidl_typesupport_introspection_c.h
-- Up-to-date symlink: /home/ros2/simu_ws/install/custom_msgs/include/custom_msgs/custom_msgs/msg/rosidl_typesupport_introspection_c__visibility_control.h
-- Up-to-date symlink: /home/ros2/simu_ws/install/custom_msgs/include/custom_msgs/custom_msgs/msg/detail/detected_object__builder.hpp
-- Up-to-date symlink: /home/ros2/simu_ws/install/custom_msgs/include/custom_msgs/custom_msgs/msg/detail/detected_object__struct.hpp
-- Up-to-date symlink: /home/ros2/simu_ws/install/custom_msgs/include/custom_msgs/custom_msgs/msg/detail/detected_object__traits.hpp
-- Up-to-date symlink: /home/ros2/simu_ws/install/custom_msgs/include/custom_msgs/custom_msgs/msg/detail/detected_object__type_support.hpp
-- Up-to-date symlink: /home/ros2/simu_ws/install/custom_msgs/include/custom_msgs/custom_msgs/msg/detail/detected_object_array__builder.hpp
-- Up-to-date symlink: /home/ros2/simu_ws/install/custom_msgs/include/custom_msgs/custom_msgs/msg/detail/detected_object_array__struct.hpp
-- Up-to-date symlink: /home/ros2/simu_ws/install/custom_msgs/include/custom_msgs/custom_msgs/msg/detail/detected_object_array__traits.hpp
-- Up-to-date symlink: /home/ros2/simu_ws/install/custom_msgs/include/custom_msgs/custom_msgs/msg/detail/detected_object_array__type_support.hpp
-- Up-to-date symlink: /home/ros2/simu_ws/install/custom_msgs/include/custom_msgs/custom_msgs/msg/detected_object.hpp
-- Up-to-date symlink: /home/ros2/simu_ws/install/custom_msgs/include/custom_msgs/custom_msgs/msg/detected_object_array.hpp
-- Up-to-date symlink: /home/ros2/simu_ws/install/custom_msgs/include/custom_msgs/custom_msgs/msg/rosidl_generator_cpp__visibility_control.hpp
-- Up-to-date symlink: /home/ros2/simu_ws/install/custom_msgs/include/custom_msgs/custom_msgs/msg/detail/detected_object__rosidl_typesupport_fastrtps_cpp.hpp
-- Up-to-date symlink: /home/ros2/simu_ws/install/custom_msgs/include/custom_msgs/custom_msgs/msg/detail/detected_object_array__rosidl_typesupport_fastrtps_cpp.hpp
-- Up-to-date symlink: /home/ros2/simu_ws/install/custom_msgs/include/custom_msgs/custom_msgs/msg/rosidl_typesupport_fastrtps_cpp__visibility_control.h
-- Up-to-date symlink: /home/ros2/simu_ws/install/custom_msgs/include/custom_msgs/custom_msgs/msg/detail/detected_object__rosidl_typesupport_introspection_cpp.hpp
-- Up-to-date symlink: /home/ros2/simu_ws/install/custom_msgs/include/custom_msgs/custom_msgs/msg/detail/detected_object_array__rosidl_typesupport_introspection_cpp.hpp
-- Up-to-date symlink: /home/ros2/simu_ws/install/custom_msgs/share/custom_msgs/environment/pythonpath.sh
-- Up-to-date symlink: /home/ros2/simu_ws/install/custom_msgs/share/custom_msgs/environment/pythonpath.dsv
-- Up-to-date symlink: /home/ros2/simu_ws/install/custom_msgs/local/lib/python3.10/dist-packages/custom_msgs-0.0.0-py3.10.egg-info/PKG-INFO
-- Up-to-date symlink: /home/ros2/simu_ws/install/custom_msgs/local/lib/python3.10/dist-packages/custom_msgs-0.0.0-py3.10.egg-info/SOURCES.txt
-- Up-to-date symlink: /home/ros2/simu_ws/install/custom_msgs/local/lib/python3.10/dist-packages/custom_msgs-0.0.0-py3.10.egg-info/dependency_links.txt
-- Up-to-date symlink: /home/ros2/simu_ws/install/custom_msgs/local/lib/python3.10/dist-packages/custom_msgs-0.0.0-py3.10.egg-info/top_level.txt
-- Up-to-date symlink: /home/ros2/simu_ws/install/custom_msgs/local/lib/python3.10/dist-packages/custom_msgs/__init__.py
-- Up-to-date symlink: /home/ros2/simu_ws/install/custom_msgs/local/lib/python3.10/dist-packages/custom_msgs/_custom_msgs_s.ep.rosidl_typesupport_c.c
-- Up-to-date symlink: /home/ros2/simu_ws/install/custom_msgs/local/lib/python3.10/dist-packages/custom_msgs/_custom_msgs_s.ep.rosidl_typesupport_fastrtps_c.c
-- Up-to-date symlink: /home/ros2/simu_ws/install/custom_msgs/local/lib/python3.10/dist-packages/custom_msgs/_custom_msgs_s.ep.rosidl_typesupport_introspection_c.c
-- Up-to-date symlink: /home/ros2/simu_ws/install/custom_msgs/local/lib/python3.10/dist-packages/custom_msgs/custom_msgs_s__rosidl_typesupport_c.cpython-310-x86_64-linux-gnu.so
-- Up-to-date symlink: /home/ros2/simu_ws/install/custom_msgs/local/lib/python3.10/dist-packages/custom_msgs/custom_msgs_s__rosidl_typesupport_fastrtps_c.cpython-310-x86_64-linux-gnu.so
-- Up-to-date symlink: /home/ros2/simu_ws/install/custom_msgs/local/lib/python3.10/dist-packages/custom_msgs/custom_msgs_s__rosidl_typesupport_introspection_c.cpython-310-x86_64-linux-gnu.so
-- Up-to-date symlink: /home/ros2/simu_ws/install/custom_msgs/local/lib/python3.10/dist-packages/custom_msgs/libcustom_msgs__rosidl_generator_py.so
-- Up-to-date symlink: /home/ros2/simu_ws/install/custom_msgs/local/lib/python3.10/dist-packages/custom_msgs/msg/__init__.py
-- Up-to-date symlink: /home/ros2/simu_ws/install/custom_msgs/local/lib/python3.10/dist-packages/custom_msgs/msg/_detected_object.py
-- Up-to-date symlink: /home/ros2/simu_ws/install/custom_msgs/local/lib/python3.10/dist-packages/custom_msgs/msg/_detected_object_array.py
-- Up-to-date symlink: /home/ros2/simu_ws/install/custom_msgs/local/lib/python3.10/dist-packages/custom_msgs/msg/_detected_object_array_s.c
-- Up-to-date symlink: /home/ros2/simu_ws/install/custom_msgs/local/lib/python3.10/dist-packages/custom_msgs/msg/_detected_object_s.c
-- Up-to-date symlink: /home/ros2/simu_ws/install/custom_msgs/local/lib/python3.10/dist-packages/custom_msgs/custom_msgs_s__rosidl_typesupport_fastrtps_c.cpython-310-x86_64-linux-gnu.so
-- Up-to-date symlink: /home/ros2/simu_ws/install/custom_msgs/local/lib/python3.10/dist-packages/custom_msgs/custom_msgs_s__rosidl_typesupport_introspection_c.cpython-310-x86_64-linux-gnu.so
-- Up-to-date symlink: /home/ros2/simu_ws/install/custom_msgs/local/lib/python3.10/dist-packages/custom_msgs/custom_msgs_s__rosidl_typesupport_c.cpython-310-x86_64-linux-gnu.so
-- Up-to-date symlink: /home/ros2/simu_ws/install/custom_msgs/share/custom_msgs/msg/DetectedObject.idl
-- Up-to-date symlink: /home/ros2/simu_ws/install/custom_msgs/share/custom_msgs/msg/DetectedObjectArray.idl
-- Up-to-date symlink: /home/ros2/simu_ws/install/custom_msgs/share/custom_msgs/msg/DetectedObject.msg
-- Up-to-date symlink: /home/ros2/simu_ws/install/custom_msgs/share/custom_msgs/msg/DetectedObjectArray.msg
-- Up-to-date symlink: /home/ros2/simu_ws/install/custom_msgs/share/ament_index/resource_index/package_run_dependencies/custom_msgs
-- Up-to-date symlink: /home/ros2/simu_ws/install/custom_msgs/share/ament_index/resource_index/parent_prefix_path/custom_msgs
-- Up-to-date symlink: /home/ros2/simu_ws/install/custom_msgs/share/custom_msgs/environment/ament_prefix_path.sh
-- Up-to-date symlink: /home/ros2/simu_ws/install/custom_msgs/share/custom_msgs/environment/ament_prefix_path.dsv
-- Up-to-date symlink: /home/ros2/simu_ws/install/custom_msgs/share/custom_msgs/environment/path.sh
-- Up-to-date symlink: /home/ros2/simu_ws/install/custom_msgs/share/custom_msgs/environment/path.dsv
-- Up-to-date symlink: /home/ros2/simu_ws/install/custom_msgs/share/custom_msgs/local_setup.bash
-- Up-to-date symlink: /home/ros2/simu_ws/install/custom_msgs/share/custom_msgs/local_setup.sh
-- Up-to-date symlink: /home/ros2/simu_ws/install/custom_msgs/share/custom_msgs/local_setup.zsh
-- Up-to-date symlink: /home/ros2/simu_ws/install/custom_msgs/share/custom_msgs/local_setup.dsv
-- Symlinking: /home/ros2/simu_ws/install/custom_msgs/share/custom_msgs/package.dsv
-- Up-to-date symlink: /home/ros2/simu_ws/install/custom_msgs/share/ament_index/resource_index/packages/custom_msgs
-- Up-to-date symlink: /home/ros2/simu_ws/install/custom_msgs/share/custom_msgs/cmake/rosidl_cmake-extras.cmake
-- Up-to-date symlink: /home/ros2/simu_ws/install/custom_msgs/share/custom_msgs/cmake/ament_cmake_export_dependencies-extras.cmake
-- Up-to-date symlink: /home/ros2/simu_ws/install/custom_msgs/share/custom_msgs/cmake/ament_cmake_export_include_directories-extras.cmake
-- Up-to-date symlink: /home/ros2/simu_ws/install/custom_msgs/share/custom_msgs/cmake/ament_cmake_export_libraries-extras.cmake
-- Up-to-date symlink: /home/ros2/simu_ws/install/custom_msgs/share/custom_msgs/cmake/ament_cmake_export_targets-extras.cmake
-- Up-to-date symlink: /home/ros2/simu_ws/install/custom_msgs/share/custom_msgs/cmake/rosidl_cmake_export_typesupport_targets-extras.cmake
-- Up-to-date symlink: /home/ros2/simu_ws/install/custom_msgs/share/custom_msgs/cmake/rosidl_cmake_export_typesupport_libraries-extras.cmake
-- Up-to-date symlink: /home/ros2/simu_ws/install/custom_msgs/share/custom_msgs/cmake/custom_msgsConfig.cmake
-- Up-to-date symlink: /home/ros2/simu_ws/install/custom_msgs/share/custom_msgs/cmake/custom_msgsConfig-version.cmake
-- Up-to-date symlink: /home/ros2/simu_ws/install/custom_msgs/share/custom_msgs/package.xml
-- Up-to-date: /home/ros2/simu_ws/install/custom_msgs/lib/libcustom_msgs__rosidl_generator_c.so
-- Up-to-date: /home/ros2/simu_ws/install/custom_msgs/lib/libcustom_msgs__rosidl_typesupport_fastrtps_c.so
-- Up-to-date: /home/ros2/simu_ws/install/custom_msgs/lib/libcustom_msgs__rosidl_typesupport_introspection_c.so
-- Up-to-date: /home/ros2/simu_ws/install/custom_msgs/lib/libcustom_msgs__rosidl_typesupport_c.so
-- Up-to-date: /home/ros2/simu_ws/install/custom_msgs/lib/libcustom_msgs__rosidl_typesupport_fastrtps_cpp.so
-- Up-to-date: /home/ros2/simu_ws/install/custom_msgs/lib/libcustom_msgs__rosidl_typesupport_introspection_cpp.so
-- Up-to-date: /home/ros2/simu_ws/install/custom_msgs/lib/libcustom_msgs__rosidl_typesupport_cpp.so
Listing '/home/ros2/simu_ws/install/custom_msgs/local/lib/python3.10/dist-packages/custom_msgs'...
Listing '/home/ros2/simu_ws/install/custom_msgs/local/lib/python3.10/dist-packages/custom_msgs/msg'...
-- Up-to-date: /home/ros2/simu_ws/install/custom_msgs/lib/libcustom_msgs__rosidl_generator_py.so
-- Up-to-date: /home/ros2/simu_ws/install/custom_msgs/share/custom_msgs/cmake/export_custom_msgs__rosidl_generator_cExport.cmake
-- Up-to-date: /home/ros2/simu_ws/install/custom_msgs/share/custom_msgs/cmake/export_custom_msgs__rosidl_generator_cExport-noconfig.cmake
-- Up-to-date: /home/ros2/simu_ws/install/custom_msgs/share/custom_msgs/cmake/export_custom_msgs__rosidl_typesupport_fastrtps_cExport.cmake
-- Up-to-date: /home/ros2/simu_ws/install/custom_msgs/share/custom_msgs/cmake/export_custom_msgs__rosidl_typesupport_fastrtps_cExport-noconfig.cmake
-- Up-to-date: /home/ros2/simu_ws/install/custom_msgs/share/custom_msgs/cmake/custom_msgs__rosidl_typesupport_introspection_cExport.cmake
-- Up-to-date: /home/ros2/simu_ws/install/custom_msgs/share/custom_msgs/cmake/custom_msgs__rosidl_typesupport_introspection_cExport-noconfig.cmake
-- Up-to-date: /home/ros2/simu_ws/install/custom_msgs/share/custom_msgs/cmake/custom_msgs__rosidl_typesupport_cExport.cmake
-- Up-to-date: /home/ros2/simu_ws/install/custom_msgs/share/custom_msgs/cmake/custom_msgs__rosidl_typesupport_cExport-noconfig.cmake
-- Up-to-date: /home/ros2/simu_ws/install/custom_msgs/share/custom_msgs/cmake/export_custom_msgs__rosidl_generator_cppExport.cmake
-- Up-to-date: /home/ros2/simu_ws/install/custom_msgs/share/custom_msgs/cmake/export_custom_msgs__rosidl_typesupport_fastrtps_cppExport.cmake
-- Up-to-date: /home/ros2/simu_ws/install/custom_msgs/share/custom_msgs/cmake/export_custom_msgs__rosidl_typesupport_fastrtps_cppExport-noconfig.cmake
-- Up-to-date: /home/ros2/simu_ws/install/custom_msgs/share/custom_msgs/cmake/custom_msgs__rosidl_typesupport_introspection_cppExport.cmake
-- Up-to-date: /home/ros2/simu_ws/install/custom_msgs/share/custom_msgs/cmake/custom_msgs__rosidl_typesupport_introspection_cppExport-noconfig.cmake
-- Up-to-date: /home/ros2/simu_ws/install/custom_msgs/share/custom_msgs/cmake/custom_msgs__rosidl_typesupport_cppExport.cmake
-- Up-to-date: /home/ros2/simu_ws/install/custom_msgs/share/custom_msgs/cmake/custom_msgs__rosidl_typesupport_cppExport-noconfig.cmake
-- Up-to-date: /home/ros2/simu_ws/install/custom_msgs/share/custom_msgs/cmake/export_custom_msgs__rosidl_generator_pyExport.cmake
-- Up-to-date: /home/ros2/simu_ws/install/custom_msgs/share/custom_msgs/cmake/export_custom_msgs__rosidl_generator_pyExport-noconfig.cmake
