[0.101s] Invoking command in '/home/ros2/simu_ws/build/custom_msgs': /usr/bin/cmake --build /home/ros2/simu_ws/build/custom_msgs -- -j10 -l10
[0.546s] [35m[1mConsolidate compiler generated dependencies of target custom_msgs__rosidl_generator_c[0m
[0.633s] [  2%] Built target custom_msgs__cpp
[0.657s] [  2%] Built target ament_cmake_python_symlink_custom_msgs
[0.711s] [ 12%] Built target custom_msgs__rosidl_generator_c
[0.773s] [35m[1mConsolidate compiler generated dependencies of target custom_msgs__rosidl_typesupport_introspection_cpp[0m
[0.780s] [35m[1mConsolidate compiler generated dependencies of target custom_msgs__rosidl_typesupport_cpp[0m
[0.812s] [35m[1mConsolidate compiler generated dependencies of target custom_msgs__rosidl_typesupport_fastrtps_cpp[0m
[0.861s] [35m[1mConsolidate compiler generated dependencies of target custom_msgs__rosidl_typesupport_introspection_c[0m
[0.881s] [35m[1mConsolidate compiler generated dependencies of target custom_msgs__rosidl_typesupport_c[0m
[0.883s] [35m[1mConsolidate compiler generated dependencies of target custom_msgs__rosidl_typesupport_fastrtps_c[0m
[1.035s] [ 23%] Built target custom_msgs__rosidl_typesupport_c
[1.087s] [ 33%] Built target custom_msgs__rosidl_typesupport_introspection_c
[1.143s] [ 43%] Built target custom_msgs__rosidl_typesupport_cpp
[1.183s] [ 53%] Built target custom_msgs__rosidl_typesupport_introspection_cpp
[1.190s] running egg_info
[1.200s] writing custom_msgs.egg-info/PKG-INFO
[1.208s] writing dependency_links to custom_msgs.egg-info/dependency_links.txt
[1.234s] writing top-level names to custom_msgs.egg-info/top_level.txt
[1.271s] reading manifest file 'custom_msgs.egg-info/SOURCES.txt'
[1.272s] writing manifest file 'custom_msgs.egg-info/SOURCES.txt'
[1.285s] [ 56%] Built target ament_cmake_python_build_custom_msgs_egg
[1.286s] [ 64%] Built target custom_msgs__rosidl_typesupport_fastrtps_cpp
[1.329s] [ 74%] Built target custom_msgs__rosidl_typesupport_fastrtps_c
[1.538s] [ 74%] Built target custom_msgs
[1.728s] [ 76%] Built target custom_msgs__py
[1.842s] [35m[1mConsolidate compiler generated dependencies of target custom_msgs__rosidl_generator_py[0m
[1.991s] [ 84%] Built target custom_msgs__rosidl_generator_py
[2.101s] [35m[1mConsolidate compiler generated dependencies of target custom_msgs__rosidl_typesupport_c__pyext[0m
[2.102s] [35m[1mConsolidate compiler generated dependencies of target custom_msgs__rosidl_typesupport_introspection_c__pyext[0m
[2.103s] [35m[1mConsolidate compiler generated dependencies of target custom_msgs__rosidl_typesupport_fastrtps_c__pyext[0m
[2.244s] [ 89%] Built target custom_msgs__rosidl_typesupport_introspection_c__pyext
[2.251s] [ 94%] Built target custom_msgs__rosidl_typesupport_fastrtps_c__pyext
[2.254s] [100%] Built target custom_msgs__rosidl_typesupport_c__pyext
[2.305s] Invoked command in '/home/ros2/simu_ws/build/custom_msgs' returned '0': /usr/bin/cmake --build /home/ros2/simu_ws/build/custom_msgs -- -j10 -l10
[2.314s] Invoking command in '/home/ros2/simu_ws/build/custom_msgs': /usr/bin/cmake --install /home/ros2/simu_ws/build/custom_msgs
[2.388s] -- Install configuration: ""
[2.389s] -- Execute custom install script
[2.395s] -- Up-to-date symlink: /home/ros2/simu_ws/install/custom_msgs/share/ament_index/resource_index/rosidl_interfaces/custom_msgs
[2.398s] -- Up-to-date symlink: /home/ros2/simu_ws/install/custom_msgs/include/custom_msgs/custom_msgs/msg/detail/detected_object__functions.h
[2.398s] -- Up-to-date symlink: /home/ros2/simu_ws/install/custom_msgs/include/custom_msgs/custom_msgs/msg/detail/detected_object__struct.h
[2.399s] -- Up-to-date symlink: /home/ros2/simu_ws/install/custom_msgs/include/custom_msgs/custom_msgs/msg/detail/detected_object__type_support.h
[2.399s] -- Up-to-date symlink: /home/ros2/simu_ws/install/custom_msgs/include/custom_msgs/custom_msgs/msg/detail/detected_object_array__functions.h
[2.399s] -- Up-to-date symlink: /home/ros2/simu_ws/install/custom_msgs/include/custom_msgs/custom_msgs/msg/detail/detected_object_array__struct.h
[2.400s] -- Up-to-date symlink: /home/ros2/simu_ws/install/custom_msgs/include/custom_msgs/custom_msgs/msg/detail/detected_object_array__type_support.h
[2.400s] -- Up-to-date symlink: /home/ros2/simu_ws/install/custom_msgs/include/custom_msgs/custom_msgs/msg/detected_object.h
[2.401s] -- Up-to-date symlink: /home/ros2/simu_ws/install/custom_msgs/include/custom_msgs/custom_msgs/msg/detected_object_array.h
[2.404s] -- Up-to-date symlink: /home/ros2/simu_ws/install/custom_msgs/include/custom_msgs/custom_msgs/msg/rosidl_generator_c__visibility_control.h
[2.405s] -- Up-to-date symlink: /home/ros2/simu_ws/install/custom_msgs/share/custom_msgs/environment/library_path.sh
[2.405s] -- Up-to-date symlink: /home/ros2/simu_ws/install/custom_msgs/share/custom_msgs/environment/library_path.dsv
[2.409s] -- Up-to-date symlink: /home/ros2/simu_ws/install/custom_msgs/include/custom_msgs/custom_msgs/msg/detail/detected_object__rosidl_typesupport_fastrtps_c.h
[2.410s] -- Up-to-date symlink: /home/ros2/simu_ws/install/custom_msgs/include/custom_msgs/custom_msgs/msg/detail/detected_object_array__rosidl_typesupport_fastrtps_c.h
[2.410s] -- Up-to-date symlink: /home/ros2/simu_ws/install/custom_msgs/include/custom_msgs/custom_msgs/msg/rosidl_typesupport_fastrtps_c__visibility_control.h
[2.413s] -- Up-to-date symlink: /home/ros2/simu_ws/install/custom_msgs/include/custom_msgs/custom_msgs/msg/detail/detected_object__rosidl_typesupport_introspection_c.h
[2.413s] -- Up-to-date symlink: /home/ros2/simu_ws/install/custom_msgs/include/custom_msgs/custom_msgs/msg/detail/detected_object_array__rosidl_typesupport_introspection_c.h
[2.414s] -- Up-to-date symlink: /home/ros2/simu_ws/install/custom_msgs/include/custom_msgs/custom_msgs/msg/rosidl_typesupport_introspection_c__visibility_control.h
[2.418s] -- Up-to-date symlink: /home/ros2/simu_ws/install/custom_msgs/include/custom_msgs/custom_msgs/msg/detail/detected_object__builder.hpp
[2.418s] -- Up-to-date symlink: /home/ros2/simu_ws/install/custom_msgs/include/custom_msgs/custom_msgs/msg/detail/detected_object__struct.hpp
[2.418s] -- Up-to-date symlink: /home/ros2/simu_ws/install/custom_msgs/include/custom_msgs/custom_msgs/msg/detail/detected_object__traits.hpp
[2.419s] -- Up-to-date symlink: /home/ros2/simu_ws/install/custom_msgs/include/custom_msgs/custom_msgs/msg/detail/detected_object__type_support.hpp
[2.423s] -- Up-to-date symlink: /home/ros2/simu_ws/install/custom_msgs/include/custom_msgs/custom_msgs/msg/detail/detected_object_array__builder.hpp
[2.423s] -- Up-to-date symlink: /home/ros2/simu_ws/install/custom_msgs/include/custom_msgs/custom_msgs/msg/detail/detected_object_array__struct.hpp
[2.424s] -- Up-to-date symlink: /home/ros2/simu_ws/install/custom_msgs/include/custom_msgs/custom_msgs/msg/detail/detected_object_array__traits.hpp
[2.424s] -- Up-to-date symlink: /home/ros2/simu_ws/install/custom_msgs/include/custom_msgs/custom_msgs/msg/detail/detected_object_array__type_support.hpp
[2.424s] -- Up-to-date symlink: /home/ros2/simu_ws/install/custom_msgs/include/custom_msgs/custom_msgs/msg/detected_object.hpp
[2.424s] -- Up-to-date symlink: /home/ros2/simu_ws/install/custom_msgs/include/custom_msgs/custom_msgs/msg/detected_object_array.hpp
[2.425s] -- Up-to-date symlink: /home/ros2/simu_ws/install/custom_msgs/include/custom_msgs/custom_msgs/msg/rosidl_generator_cpp__visibility_control.hpp
[2.426s] -- Up-to-date symlink: /home/ros2/simu_ws/install/custom_msgs/include/custom_msgs/custom_msgs/msg/detail/detected_object__rosidl_typesupport_fastrtps_cpp.hpp
[2.427s] -- Up-to-date symlink: /home/ros2/simu_ws/install/custom_msgs/include/custom_msgs/custom_msgs/msg/detail/detected_object_array__rosidl_typesupport_fastrtps_cpp.hpp
[2.427s] -- Up-to-date symlink: /home/ros2/simu_ws/install/custom_msgs/include/custom_msgs/custom_msgs/msg/rosidl_typesupport_fastrtps_cpp__visibility_control.h
[2.428s] -- Up-to-date symlink: /home/ros2/simu_ws/install/custom_msgs/include/custom_msgs/custom_msgs/msg/detail/detected_object__rosidl_typesupport_introspection_cpp.hpp
[2.428s] -- Up-to-date symlink: /home/ros2/simu_ws/install/custom_msgs/include/custom_msgs/custom_msgs/msg/detail/detected_object_array__rosidl_typesupport_introspection_cpp.hpp
[2.429s] -- Up-to-date symlink: /home/ros2/simu_ws/install/custom_msgs/share/custom_msgs/environment/pythonpath.sh
[2.429s] -- Up-to-date symlink: /home/ros2/simu_ws/install/custom_msgs/share/custom_msgs/environment/pythonpath.dsv
[2.430s] -- Up-to-date symlink: /home/ros2/simu_ws/install/custom_msgs/local/lib/python3.10/dist-packages/custom_msgs-0.0.0-py3.10.egg-info/PKG-INFO
[2.430s] -- Up-to-date symlink: /home/ros2/simu_ws/install/custom_msgs/local/lib/python3.10/dist-packages/custom_msgs-0.0.0-py3.10.egg-info/SOURCES.txt
[2.431s] -- Up-to-date symlink: /home/ros2/simu_ws/install/custom_msgs/local/lib/python3.10/dist-packages/custom_msgs-0.0.0-py3.10.egg-info/dependency_links.txt
[2.431s] -- Up-to-date symlink: /home/ros2/simu_ws/install/custom_msgs/local/lib/python3.10/dist-packages/custom_msgs-0.0.0-py3.10.egg-info/top_level.txt
[2.444s] -- Up-to-date symlink: /home/ros2/simu_ws/install/custom_msgs/local/lib/python3.10/dist-packages/custom_msgs/__init__.py
[2.445s] -- Up-to-date symlink: /home/ros2/simu_ws/install/custom_msgs/local/lib/python3.10/dist-packages/custom_msgs/_custom_msgs_s.ep.rosidl_typesupport_c.c
[2.445s] -- Up-to-date symlink: /home/ros2/simu_ws/install/custom_msgs/local/lib/python3.10/dist-packages/custom_msgs/_custom_msgs_s.ep.rosidl_typesupport_fastrtps_c.c
[2.446s] -- Up-to-date symlink: /home/ros2/simu_ws/install/custom_msgs/local/lib/python3.10/dist-packages/custom_msgs/_custom_msgs_s.ep.rosidl_typesupport_introspection_c.c
[2.447s] -- Up-to-date symlink: /home/ros2/simu_ws/install/custom_msgs/local/lib/python3.10/dist-packages/custom_msgs/custom_msgs_s__rosidl_typesupport_c.cpython-310-x86_64-linux-gnu.so
[2.448s] -- Up-to-date symlink: /home/ros2/simu_ws/install/custom_msgs/local/lib/python3.10/dist-packages/custom_msgs/custom_msgs_s__rosidl_typesupport_fastrtps_c.cpython-310-x86_64-linux-gnu.so
[2.450s] -- Up-to-date symlink: /home/ros2/simu_ws/install/custom_msgs/local/lib/python3.10/dist-packages/custom_msgs/custom_msgs_s__rosidl_typesupport_introspection_c.cpython-310-x86_64-linux-gnu.so
[2.450s] -- Up-to-date symlink: /home/ros2/simu_ws/install/custom_msgs/local/lib/python3.10/dist-packages/custom_msgs/libcustom_msgs__rosidl_generator_py.so
[2.451s] -- Up-to-date symlink: /home/ros2/simu_ws/install/custom_msgs/local/lib/python3.10/dist-packages/custom_msgs/msg/__init__.py
[2.451s] -- Up-to-date symlink: /home/ros2/simu_ws/install/custom_msgs/local/lib/python3.10/dist-packages/custom_msgs/msg/_detected_object.py
[2.451s] -- Up-to-date symlink: /home/ros2/simu_ws/install/custom_msgs/local/lib/python3.10/dist-packages/custom_msgs/msg/_detected_object_array.py
[2.451s] -- Up-to-date symlink: /home/ros2/simu_ws/install/custom_msgs/local/lib/python3.10/dist-packages/custom_msgs/msg/_detected_object_array_s.c
[2.452s] -- Up-to-date symlink: /home/ros2/simu_ws/install/custom_msgs/local/lib/python3.10/dist-packages/custom_msgs/msg/_detected_object_s.c
[2.454s] -- Up-to-date symlink: /home/ros2/simu_ws/install/custom_msgs/local/lib/python3.10/dist-packages/custom_msgs/custom_msgs_s__rosidl_typesupport_fastrtps_c.cpython-310-x86_64-linux-gnu.so
[2.454s] -- Up-to-date symlink: /home/ros2/simu_ws/install/custom_msgs/local/lib/python3.10/dist-packages/custom_msgs/custom_msgs_s__rosidl_typesupport_introspection_c.cpython-310-x86_64-linux-gnu.so
[2.454s] -- Up-to-date symlink: /home/ros2/simu_ws/install/custom_msgs/local/lib/python3.10/dist-packages/custom_msgs/custom_msgs_s__rosidl_typesupport_c.cpython-310-x86_64-linux-gnu.so
[2.455s] -- Up-to-date symlink: /home/ros2/simu_ws/install/custom_msgs/share/custom_msgs/msg/DetectedObject.idl
[2.455s] -- Up-to-date symlink: /home/ros2/simu_ws/install/custom_msgs/share/custom_msgs/msg/DetectedObjectArray.idl
[2.457s] -- Up-to-date symlink: /home/ros2/simu_ws/install/custom_msgs/share/custom_msgs/msg/DetectedObject.msg
[2.458s] -- Up-to-date symlink: /home/ros2/simu_ws/install/custom_msgs/share/custom_msgs/msg/DetectedObjectArray.msg
[2.460s] -- Up-to-date symlink: /home/ros2/simu_ws/install/custom_msgs/share/ament_index/resource_index/package_run_dependencies/custom_msgs
[2.460s] -- Up-to-date symlink: /home/ros2/simu_ws/install/custom_msgs/share/ament_index/resource_index/parent_prefix_path/custom_msgs
[2.462s] -- Up-to-date symlink: /home/ros2/simu_ws/install/custom_msgs/share/custom_msgs/environment/ament_prefix_path.sh
[2.464s] -- Up-to-date symlink: /home/ros2/simu_ws/install/custom_msgs/share/custom_msgs/environment/ament_prefix_path.dsv
[2.464s] -- Up-to-date symlink: /home/ros2/simu_ws/install/custom_msgs/share/custom_msgs/environment/path.sh
[2.464s] -- Up-to-date symlink: /home/ros2/simu_ws/install/custom_msgs/share/custom_msgs/environment/path.dsv
[2.464s] -- Up-to-date symlink: /home/ros2/simu_ws/install/custom_msgs/share/custom_msgs/local_setup.bash
[2.465s] -- Up-to-date symlink: /home/ros2/simu_ws/install/custom_msgs/share/custom_msgs/local_setup.sh
[2.465s] -- Up-to-date symlink: /home/ros2/simu_ws/install/custom_msgs/share/custom_msgs/local_setup.zsh
[2.466s] -- Up-to-date symlink: /home/ros2/simu_ws/install/custom_msgs/share/custom_msgs/local_setup.dsv
[2.466s] -- Symlinking: /home/ros2/simu_ws/install/custom_msgs/share/custom_msgs/package.dsv
[2.511s] -- Up-to-date symlink: /home/ros2/simu_ws/install/custom_msgs/share/ament_index/resource_index/packages/custom_msgs
[2.511s] -- Up-to-date symlink: /home/ros2/simu_ws/install/custom_msgs/share/custom_msgs/cmake/rosidl_cmake-extras.cmake
[2.511s] -- Up-to-date symlink: /home/ros2/simu_ws/install/custom_msgs/share/custom_msgs/cmake/ament_cmake_export_dependencies-extras.cmake
[2.512s] -- Up-to-date symlink: /home/ros2/simu_ws/install/custom_msgs/share/custom_msgs/cmake/ament_cmake_export_include_directories-extras.cmake
[2.512s] -- Up-to-date symlink: /home/ros2/simu_ws/install/custom_msgs/share/custom_msgs/cmake/ament_cmake_export_libraries-extras.cmake
[2.513s] -- Up-to-date symlink: /home/ros2/simu_ws/install/custom_msgs/share/custom_msgs/cmake/ament_cmake_export_targets-extras.cmake
[2.513s] -- Up-to-date symlink: /home/ros2/simu_ws/install/custom_msgs/share/custom_msgs/cmake/rosidl_cmake_export_typesupport_targets-extras.cmake
[2.514s] -- Up-to-date symlink: /home/ros2/simu_ws/install/custom_msgs/share/custom_msgs/cmake/rosidl_cmake_export_typesupport_libraries-extras.cmake
[2.514s] -- Up-to-date symlink: /home/ros2/simu_ws/install/custom_msgs/share/custom_msgs/cmake/custom_msgsConfig.cmake
[2.515s] -- Up-to-date symlink: /home/ros2/simu_ws/install/custom_msgs/share/custom_msgs/cmake/custom_msgsConfig-version.cmake
[2.516s] -- Up-to-date symlink: /home/ros2/simu_ws/install/custom_msgs/share/custom_msgs/package.xml
[2.518s] -- Up-to-date: /home/ros2/simu_ws/install/custom_msgs/lib/libcustom_msgs__rosidl_generator_c.so
[2.520s] -- Up-to-date: /home/ros2/simu_ws/install/custom_msgs/lib/libcustom_msgs__rosidl_typesupport_fastrtps_c.so
[2.521s] -- Up-to-date: /home/ros2/simu_ws/install/custom_msgs/lib/libcustom_msgs__rosidl_typesupport_introspection_c.so
[2.522s] -- Up-to-date: /home/ros2/simu_ws/install/custom_msgs/lib/libcustom_msgs__rosidl_typesupport_c.so
[2.523s] -- Up-to-date: /home/ros2/simu_ws/install/custom_msgs/lib/libcustom_msgs__rosidl_typesupport_fastrtps_cpp.so
[2.524s] -- Up-to-date: /home/ros2/simu_ws/install/custom_msgs/lib/libcustom_msgs__rosidl_typesupport_introspection_cpp.so
[2.525s] -- Up-to-date: /home/ros2/simu_ws/install/custom_msgs/lib/libcustom_msgs__rosidl_typesupport_cpp.so
[2.642s] Listing '/home/ros2/simu_ws/install/custom_msgs/local/lib/python3.10/dist-packages/custom_msgs'...
[2.644s] Listing '/home/ros2/simu_ws/install/custom_msgs/local/lib/python3.10/dist-packages/custom_msgs/msg'...
[2.646s] -- Up-to-date: /home/ros2/simu_ws/install/custom_msgs/lib/libcustom_msgs__rosidl_generator_py.so
[2.647s] -- Up-to-date: /home/ros2/simu_ws/install/custom_msgs/share/custom_msgs/cmake/export_custom_msgs__rosidl_generator_cExport.cmake
[2.648s] -- Up-to-date: /home/ros2/simu_ws/install/custom_msgs/share/custom_msgs/cmake/export_custom_msgs__rosidl_generator_cExport-noconfig.cmake
[2.648s] -- Up-to-date: /home/ros2/simu_ws/install/custom_msgs/share/custom_msgs/cmake/export_custom_msgs__rosidl_typesupport_fastrtps_cExport.cmake
[2.649s] -- Up-to-date: /home/ros2/simu_ws/install/custom_msgs/share/custom_msgs/cmake/export_custom_msgs__rosidl_typesupport_fastrtps_cExport-noconfig.cmake
[2.649s] -- Up-to-date: /home/ros2/simu_ws/install/custom_msgs/share/custom_msgs/cmake/custom_msgs__rosidl_typesupport_introspection_cExport.cmake
[2.650s] -- Up-to-date: /home/ros2/simu_ws/install/custom_msgs/share/custom_msgs/cmake/custom_msgs__rosidl_typesupport_introspection_cExport-noconfig.cmake
[2.650s] -- Up-to-date: /home/ros2/simu_ws/install/custom_msgs/share/custom_msgs/cmake/custom_msgs__rosidl_typesupport_cExport.cmake
[2.650s] -- Up-to-date: /home/ros2/simu_ws/install/custom_msgs/share/custom_msgs/cmake/custom_msgs__rosidl_typesupport_cExport-noconfig.cmake
[2.651s] -- Up-to-date: /home/ros2/simu_ws/install/custom_msgs/share/custom_msgs/cmake/export_custom_msgs__rosidl_generator_cppExport.cmake
[2.653s] -- Up-to-date: /home/ros2/simu_ws/install/custom_msgs/share/custom_msgs/cmake/export_custom_msgs__rosidl_typesupport_fastrtps_cppExport.cmake
[2.653s] -- Up-to-date: /home/ros2/simu_ws/install/custom_msgs/share/custom_msgs/cmake/export_custom_msgs__rosidl_typesupport_fastrtps_cppExport-noconfig.cmake
[2.654s] -- Up-to-date: /home/ros2/simu_ws/install/custom_msgs/share/custom_msgs/cmake/custom_msgs__rosidl_typesupport_introspection_cppExport.cmake
[2.655s] -- Up-to-date: /home/ros2/simu_ws/install/custom_msgs/share/custom_msgs/cmake/custom_msgs__rosidl_typesupport_introspection_cppExport-noconfig.cmake
[2.655s] -- Up-to-date: /home/ros2/simu_ws/install/custom_msgs/share/custom_msgs/cmake/custom_msgs__rosidl_typesupport_cppExport.cmake
[2.656s] -- Up-to-date: /home/ros2/simu_ws/install/custom_msgs/share/custom_msgs/cmake/custom_msgs__rosidl_typesupport_cppExport-noconfig.cmake
[2.656s] -- Up-to-date: /home/ros2/simu_ws/install/custom_msgs/share/custom_msgs/cmake/export_custom_msgs__rosidl_generator_pyExport.cmake
[2.657s] -- Up-to-date: /home/ros2/simu_ws/install/custom_msgs/share/custom_msgs/cmake/export_custom_msgs__rosidl_generator_pyExport-noconfig.cmake
[2.664s] Invoked command in '/home/ros2/simu_ws/build/custom_msgs' returned '0': /usr/bin/cmake --install /home/ros2/simu_ws/build/custom_msgs
