[0.057s] Invoking command in '/home/ros2/simu_ws/build/turtlebot3_bringup': AMENT_PREFIX_PATH=/home/ros2/simu_ws/install/turtlebot3_node:/home/ros2/simu_ws/install/turtlebot3_description:${AMENT_PREFIX_PATH} CMAKE_PREFIX_PATH=/home/ros2/simu_ws/install/turtlebot3_node:/home/ros2/simu_ws/install/turtlebot3_description:/opt/ros/humble /usr/bin/cmake /home/ros2/simu_ws/src/turtlebot3/turtlebot3_bringup -DAMENT_CMAKE_SYMLINK_INSTALL=1 -DCMAKE_INSTALL_PREFIX=/home/ros2/simu_ws/install/turtlebot3_bringup
[0.587s] -- The C compiler identification is GNU 11.4.0
[0.952s] -- The CXX compiler identification is GNU 11.4.0
[0.981s] -- Detecting C compiler ABI info
[1.543s] -- Detecting C compiler ABI info - done
[1.602s] -- Check for working C compiler: /usr/bin/cc - skipped
[1.603s] -- Detecting C compile features
[1.603s] -- Detecting C compile features - done
[1.608s] -- Detecting CXX compiler ABI info
[2.256s] -- Detecting CXX compiler ABI info - done
[2.274s] -- Check for working CXX compiler: /usr/bin/c++ - skipped
[2.274s] -- Detecting CXX compile features
[2.275s] -- Detecting CXX compile features - done
[2.285s] -- Found ament_cmake: 1.3.11 (/opt/ros/humble/share/ament_cmake/cmake)
[2.984s] -- Found Python3: /usr/bin/python3 (found version "3.10.12") found components: Interpreter 
[3.162s] -- Override CMake install command with custom implementation using symlinks instead of copying resources
[3.456s] -- Configuring done
[3.480s] -- Generating done
[3.498s] -- Build files have been written to: /home/ros2/simu_ws/build/turtlebot3_bringup
[3.503s] Invoked command in '/home/ros2/simu_ws/build/turtlebot3_bringup' returned '0': AMENT_PREFIX_PATH=/home/ros2/simu_ws/install/turtlebot3_node:/home/ros2/simu_ws/install/turtlebot3_description:${AMENT_PREFIX_PATH} CMAKE_PREFIX_PATH=/home/ros2/simu_ws/install/turtlebot3_node:/home/ros2/simu_ws/install/turtlebot3_description:/opt/ros/humble /usr/bin/cmake /home/ros2/simu_ws/src/turtlebot3/turtlebot3_bringup -DAMENT_CMAKE_SYMLINK_INSTALL=1 -DCMAKE_INSTALL_PREFIX=/home/ros2/simu_ws/install/turtlebot3_bringup
[3.507s] Invoking command in '/home/ros2/simu_ws/build/turtlebot3_bringup': AMENT_PREFIX_PATH=/home/ros2/simu_ws/install/turtlebot3_node:/home/ros2/simu_ws/install/turtlebot3_description:${AMENT_PREFIX_PATH} CMAKE_PREFIX_PATH=/home/ros2/simu_ws/install/turtlebot3_node:/home/ros2/simu_ws/install/turtlebot3_description:/opt/ros/humble /usr/bin/cmake --build /home/ros2/simu_ws/build/turtlebot3_bringup -- -j10 -l10
[3.763s] Invoked command in '/home/ros2/simu_ws/build/turtlebot3_bringup' returned '0': AMENT_PREFIX_PATH=/home/ros2/simu_ws/install/turtlebot3_node:/home/ros2/simu_ws/install/turtlebot3_description:${AMENT_PREFIX_PATH} CMAKE_PREFIX_PATH=/home/ros2/simu_ws/install/turtlebot3_node:/home/ros2/simu_ws/install/turtlebot3_description:/opt/ros/humble /usr/bin/cmake --build /home/ros2/simu_ws/build/turtlebot3_bringup -- -j10 -l10
[3.770s] Invoking command in '/home/ros2/simu_ws/build/turtlebot3_bringup': AMENT_PREFIX_PATH=/home/ros2/simu_ws/install/turtlebot3_node:/home/ros2/simu_ws/install/turtlebot3_description:${AMENT_PREFIX_PATH} CMAKE_PREFIX_PATH=/home/ros2/simu_ws/install/turtlebot3_node:/home/ros2/simu_ws/install/turtlebot3_description:/opt/ros/humble /usr/bin/cmake --install /home/ros2/simu_ws/build/turtlebot3_bringup
[3.825s] -- Install configuration: ""
[3.834s] -- Execute custom install script
[3.844s] -- Symlinking: /home/ros2/simu_ws/install/turtlebot3_bringup/share/turtlebot3_bringup/launch/camera.launch.py
[3.889s] -- Symlinking: /home/ros2/simu_ws/install/turtlebot3_bringup/share/turtlebot3_bringup/launch/robot.launch.py
[3.936s] -- Symlinking: /home/ros2/simu_ws/install/turtlebot3_bringup/share/turtlebot3_bringup/launch/rviz2.launch.py
[3.973s] -- Symlinking: /home/ros2/simu_ws/install/turtlebot3_bringup/share/turtlebot3_bringup/launch/turtlebot3_state_publisher.launch.py
[4.023s] -- Symlinking: /home/ros2/simu_ws/install/turtlebot3_bringup/share/turtlebot3_bringup/param/burger.yaml
[4.062s] -- Symlinking: /home/ros2/simu_ws/install/turtlebot3_bringup/share/turtlebot3_bringup/param/humble/burger.yaml
[4.097s] -- Symlinking: /home/ros2/simu_ws/install/turtlebot3_bringup/share/turtlebot3_bringup/param/humble/waffle.yaml
[4.133s] -- Symlinking: /home/ros2/simu_ws/install/turtlebot3_bringup/share/turtlebot3_bringup/param/humble/waffle_pi.yaml
[4.174s] -- Symlinking: /home/ros2/simu_ws/install/turtlebot3_bringup/share/turtlebot3_bringup/param/waffle.yaml
[4.220s] -- Symlinking: /home/ros2/simu_ws/install/turtlebot3_bringup/share/turtlebot3_bringup/param/waffle_pi.yaml
[4.260s] -- Symlinking: /home/ros2/simu_ws/install/turtlebot3_bringup/share/turtlebot3_bringup/script/99-turtlebot3-cdc.rules
[4.306s] -- Symlinking: /home/ros2/simu_ws/install/turtlebot3_bringup/share/turtlebot3_bringup/script/create_udev_rules
[4.350s] -- Symlinking: /home/ros2/simu_ws/install/turtlebot3_bringup/share/ament_index/resource_index/package_run_dependencies/turtlebot3_bringup
[4.392s] -- Symlinking: /home/ros2/simu_ws/install/turtlebot3_bringup/share/ament_index/resource_index/parent_prefix_path/turtlebot3_bringup
[4.442s] -- Symlinking: /home/ros2/simu_ws/install/turtlebot3_bringup/share/turtlebot3_bringup/environment/ament_prefix_path.sh
[4.482s] -- Symlinking: /home/ros2/simu_ws/install/turtlebot3_bringup/share/turtlebot3_bringup/environment/ament_prefix_path.dsv
[4.526s] -- Symlinking: /home/ros2/simu_ws/install/turtlebot3_bringup/share/turtlebot3_bringup/environment/path.sh
[4.571s] -- Symlinking: /home/ros2/simu_ws/install/turtlebot3_bringup/share/turtlebot3_bringup/environment/path.dsv
[4.608s] -- Symlinking: /home/ros2/simu_ws/install/turtlebot3_bringup/share/turtlebot3_bringup/local_setup.bash
[4.660s] -- Symlinking: /home/ros2/simu_ws/install/turtlebot3_bringup/share/turtlebot3_bringup/local_setup.sh
[4.707s] -- Symlinking: /home/ros2/simu_ws/install/turtlebot3_bringup/share/turtlebot3_bringup/local_setup.zsh
[4.745s] -- Symlinking: /home/ros2/simu_ws/install/turtlebot3_bringup/share/turtlebot3_bringup/local_setup.dsv
[4.780s] -- Symlinking: /home/ros2/simu_ws/install/turtlebot3_bringup/share/turtlebot3_bringup/package.dsv
[4.824s] -- Symlinking: /home/ros2/simu_ws/install/turtlebot3_bringup/share/ament_index/resource_index/packages/turtlebot3_bringup
[4.867s] -- Symlinking: /home/ros2/simu_ws/install/turtlebot3_bringup/share/turtlebot3_bringup/cmake/turtlebot3_bringupConfig.cmake
[4.914s] -- Symlinking: /home/ros2/simu_ws/install/turtlebot3_bringup/share/turtlebot3_bringup/cmake/turtlebot3_bringupConfig-version.cmake
[4.961s] -- Symlinking: /home/ros2/simu_ws/install/turtlebot3_bringup/share/turtlebot3_bringup/package.xml
[5.017s] Invoked command in '/home/ros2/simu_ws/build/turtlebot3_bringup' returned '0': AMENT_PREFIX_PATH=/home/ros2/simu_ws/install/turtlebot3_node:/home/ros2/simu_ws/install/turtlebot3_description:${AMENT_PREFIX_PATH} CMAKE_PREFIX_PATH=/home/ros2/simu_ws/install/turtlebot3_node:/home/ros2/simu_ws/install/turtlebot3_description:/opt/ros/humble /usr/bin/cmake --install /home/ros2/simu_ws/build/turtlebot3_bringup
