[0.114s] Invoking command in '/home/ros2/simu_ws/build/turtlebot3_description': CMAKE_PREFIX_PATH=${CMAKE_PREFIX_PATH}:/home/ros2/simu_ws/install/turtlebot3_teleop:/home/ros2/simu_ws/install/turtlebot3_example:/home/ros2/simu_ws/install/simubot_vision:/opt/ros/humble /usr/bin/cmake --build /home/ros2/simu_ws/build/turtlebot3_description -- -j10 -l10
[0.801s] Invoked command in '/home/ros2/simu_ws/build/turtlebot3_description' returned '0': CMAKE_PREFIX_PATH=${CMAKE_PREFIX_PATH}:/home/ros2/simu_ws/install/turtlebot3_teleop:/home/ros2/simu_ws/install/turtlebot3_example:/home/ros2/simu_ws/install/simubot_vision:/opt/ros/humble /usr/bin/cmake --build /home/ros2/simu_ws/build/turtlebot3_description -- -j10 -l10
[0.855s] Invoking command in '/home/ros2/simu_ws/build/turtlebot3_description': CMAKE_PREFIX_PATH=${CMAKE_PREFIX_PATH}:/home/ros2/simu_ws/install/turtlebot3_teleop:/home/ros2/simu_ws/install/turtlebot3_example:/home/ros2/simu_ws/install/simubot_vision:/opt/ros/humble /usr/bin/cmake --install /home/ros2/simu_ws/build/turtlebot3_description
[0.916s] -- Install configuration: ""
[0.917s] -- Execute custom install script
[0.932s] -- Up-to-date symlink: /home/ros2/simu_ws/install/turtlebot3_description/share/turtlebot3_description/meshes/bases/burger_base.stl
[0.934s] -- Up-to-date symlink: /home/ros2/simu_ws/install/turtlebot3_description/share/turtlebot3_description/meshes/bases/waffle_base.stl
[0.936s] -- Up-to-date symlink: /home/ros2/simu_ws/install/turtlebot3_description/share/turtlebot3_description/meshes/bases/waffle_pi_base.stl
[0.936s] -- Up-to-date symlink: /home/ros2/simu_ws/install/turtlebot3_description/share/turtlebot3_description/meshes/sensors/astra.dae
[0.938s] -- Up-to-date symlink: /home/ros2/simu_ws/install/turtlebot3_description/share/turtlebot3_description/meshes/sensors/astra.jpg
[0.939s] -- Up-to-date symlink: /home/ros2/simu_ws/install/turtlebot3_description/share/turtlebot3_description/meshes/sensors/lds.stl
[0.941s] -- Up-to-date symlink: /home/ros2/simu_ws/install/turtlebot3_description/share/turtlebot3_description/meshes/sensors/r200.dae
[0.943s] -- Up-to-date symlink: /home/ros2/simu_ws/install/turtlebot3_description/share/turtlebot3_description/meshes/sensors/r200.jpg
[0.948s] -- Up-to-date symlink: /home/ros2/simu_ws/install/turtlebot3_description/share/turtlebot3_description/meshes/wheels/left_tire.stl
[0.950s] -- Up-to-date symlink: /home/ros2/simu_ws/install/turtlebot3_description/share/turtlebot3_description/meshes/wheels/right_tire.stl
[0.954s] -- Up-to-date symlink: /home/ros2/simu_ws/install/turtlebot3_description/share/turtlebot3_description/rviz/model.rviz
[0.957s] -- Up-to-date symlink: /home/ros2/simu_ws/install/turtlebot3_description/share/turtlebot3_description/urdf/common_properties.urdf
[0.958s] -- Up-to-date symlink: /home/ros2/simu_ws/install/turtlebot3_description/share/turtlebot3_description/urdf/turtlebot3_burger.urdf
[0.959s] -- Up-to-date symlink: /home/ros2/simu_ws/install/turtlebot3_description/share/turtlebot3_description/urdf/turtlebot3_waffle.urdf
[0.962s] -- Up-to-date symlink: /home/ros2/simu_ws/install/turtlebot3_description/share/turtlebot3_description/urdf/turtlebot3_waffle_pi.urdf
[0.965s] -- Up-to-date symlink: /home/ros2/simu_ws/install/turtlebot3_description/share/ament_index/resource_index/package_run_dependencies/turtlebot3_description
[0.967s] -- Up-to-date symlink: /home/ros2/simu_ws/install/turtlebot3_description/share/ament_index/resource_index/parent_prefix_path/turtlebot3_description
[0.970s] -- Up-to-date symlink: /home/ros2/simu_ws/install/turtlebot3_description/share/turtlebot3_description/environment/ament_prefix_path.sh
[0.972s] -- Up-to-date symlink: /home/ros2/simu_ws/install/turtlebot3_description/share/turtlebot3_description/environment/ament_prefix_path.dsv
[0.974s] -- Up-to-date symlink: /home/ros2/simu_ws/install/turtlebot3_description/share/turtlebot3_description/environment/path.sh
[0.977s] -- Up-to-date symlink: /home/ros2/simu_ws/install/turtlebot3_description/share/turtlebot3_description/environment/path.dsv
[0.978s] -- Up-to-date symlink: /home/ros2/simu_ws/install/turtlebot3_description/share/turtlebot3_description/local_setup.bash
[0.979s] -- Up-to-date symlink: /home/ros2/simu_ws/install/turtlebot3_description/share/turtlebot3_description/local_setup.sh
[0.980s] -- Up-to-date symlink: /home/ros2/simu_ws/install/turtlebot3_description/share/turtlebot3_description/local_setup.zsh
[0.980s] -- Up-to-date symlink: /home/ros2/simu_ws/install/turtlebot3_description/share/turtlebot3_description/local_setup.dsv
[0.981s] -- Symlinking: /home/ros2/simu_ws/install/turtlebot3_description/share/turtlebot3_description/package.dsv
[1.033s] -- Up-to-date symlink: /home/ros2/simu_ws/install/turtlebot3_description/share/ament_index/resource_index/packages/turtlebot3_description
[1.034s] -- Up-to-date symlink: /home/ros2/simu_ws/install/turtlebot3_description/share/turtlebot3_description/cmake/turtlebot3_descriptionConfig.cmake
[1.035s] -- Up-to-date symlink: /home/ros2/simu_ws/install/turtlebot3_description/share/turtlebot3_description/cmake/turtlebot3_descriptionConfig-version.cmake
[1.035s] -- Up-to-date symlink: /home/ros2/simu_ws/install/turtlebot3_description/share/turtlebot3_description/package.xml
[1.063s] Invoked command in '/home/ros2/simu_ws/build/turtlebot3_description' returned '0': CMAKE_PREFIX_PATH=${CMAKE_PREFIX_PATH}:/home/ros2/simu_ws/install/turtlebot3_teleop:/home/ros2/simu_ws/install/turtlebot3_example:/home/ros2/simu_ws/install/simubot_vision:/opt/ros/humble /usr/bin/cmake --install /home/ros2/simu_ws/build/turtlebot3_description
