[0.107s] Invoking command in '/home/ros2/simu_ws/build/turtlebot3_cartographer': CMAKE_PREFIX_PATH=/opt/ros/humble /usr/bin/cmake --build /home/ros2/simu_ws/build/turtlebot3_cartographer -- -j10 -l10
[0.732s] Invoked command in '/home/ros2/simu_ws/build/turtlebot3_cartographer' returned '0': CMAKE_PREFIX_PATH=/opt/ros/humble /usr/bin/cmake --build /home/ros2/simu_ws/build/turtlebot3_cartographer -- -j10 -l10
[0.796s] Invoking command in '/home/ros2/simu_ws/build/turtlebot3_cartographer': CMAKE_PREFIX_PATH=/opt/ros/humble /usr/bin/cmake --install /home/ros2/simu_ws/build/turtlebot3_cartographer
[0.865s] -- Install configuration: ""
[0.867s] -- Execute custom install script
[0.875s] -- Up-to-date symlink: /home/ros2/simu_ws/install/turtlebot3_cartographer/share/turtlebot3_cartographer/config/turtlebot3_lds_2d.lua
[0.878s] -- Up-to-date symlink: /home/ros2/simu_ws/install/turtlebot3_cartographer/share/turtlebot3_cartographer/launch/cartographer.launch.py
[0.879s] -- Up-to-date symlink: /home/ros2/simu_ws/install/turtlebot3_cartographer/share/turtlebot3_cartographer/launch/occupancy_grid.launch.py
[0.885s] -- Up-to-date symlink: /home/ros2/simu_ws/install/turtlebot3_cartographer/share/turtlebot3_cartographer/rviz/tb3_cartographer.rviz
[0.889s] -- Up-to-date symlink: /home/ros2/simu_ws/install/turtlebot3_cartographer/share/ament_index/resource_index/package_run_dependencies/turtlebot3_cartographer
[0.894s] -- Up-to-date symlink: /home/ros2/simu_ws/install/turtlebot3_cartographer/share/ament_index/resource_index/parent_prefix_path/turtlebot3_cartographer
[0.895s] -- Up-to-date symlink: /home/ros2/simu_ws/install/turtlebot3_cartographer/share/turtlebot3_cartographer/environment/ament_prefix_path.sh
[0.896s] -- Up-to-date symlink: /home/ros2/simu_ws/install/turtlebot3_cartographer/share/turtlebot3_cartographer/environment/ament_prefix_path.dsv
[0.897s] -- Up-to-date symlink: /home/ros2/simu_ws/install/turtlebot3_cartographer/share/turtlebot3_cartographer/environment/path.sh
[0.900s] -- Up-to-date symlink: /home/ros2/simu_ws/install/turtlebot3_cartographer/share/turtlebot3_cartographer/environment/path.dsv
[0.910s] -- Up-to-date symlink: /home/ros2/simu_ws/install/turtlebot3_cartographer/share/turtlebot3_cartographer/local_setup.bash
[0.914s] -- Up-to-date symlink: /home/ros2/simu_ws/install/turtlebot3_cartographer/share/turtlebot3_cartographer/local_setup.sh
[0.914s] -- Up-to-date symlink: /home/ros2/simu_ws/install/turtlebot3_cartographer/share/turtlebot3_cartographer/local_setup.zsh
[0.915s] -- Up-to-date symlink: /home/ros2/simu_ws/install/turtlebot3_cartographer/share/turtlebot3_cartographer/local_setup.dsv
[0.915s] -- Symlinking: /home/ros2/simu_ws/install/turtlebot3_cartographer/share/turtlebot3_cartographer/package.dsv
[0.948s] -- Up-to-date symlink: /home/ros2/simu_ws/install/turtlebot3_cartographer/share/ament_index/resource_index/packages/turtlebot3_cartographer
[0.948s] -- Up-to-date symlink: /home/ros2/simu_ws/install/turtlebot3_cartographer/share/turtlebot3_cartographer/cmake/turtlebot3_cartographerConfig.cmake
[0.948s] -- Up-to-date symlink: /home/ros2/simu_ws/install/turtlebot3_cartographer/share/turtlebot3_cartographer/cmake/turtlebot3_cartographerConfig-version.cmake
[0.949s] -- Up-to-date symlink: /home/ros2/simu_ws/install/turtlebot3_cartographer/share/turtlebot3_cartographer/package.xml
