[0.848s] Invoking command in '/home/ros2/simu_ws/build/simubot_vision': AMENT_PREFIX_PATH=/home/ros2/simu_ws/install/custom_msgs:${AMENT_PREFIX_PATH} CMAKE_PREFIX_PATH=/home/ros2/simu_ws/install/custom_msgs PYTHONPATH=/home/ros2/simu_ws/build/simubot_vision/prefix_override:/usr/lib/python3/dist-packages/colcon_core/task/python/colcon_distutils_commands:/home/ros2/simu_ws/install/simubot_vision/lib/python3.10/site-packages:${PYTHONPATH} /usr/bin/python3 -W ignore:setup.py install is deprecated -W ignore:easy_install command is deprecated setup.py develop --editable --build-directory /home/ros2/simu_ws/build/simubot_vision/build --no-deps symlink_data
[1.163s] running develop
[1.304s] running egg_info
[1.305s] creating simubot_vision.egg-info
[1.305s] writing simubot_vision.egg-info/PKG-INFO
[1.306s] writing dependency_links to simubot_vision.egg-info/dependency_links.txt
[1.307s] writing entry points to simubot_vision.egg-info/entry_points.txt
[1.308s] writing requirements to simubot_vision.egg-info/requires.txt
[1.310s] writing top-level names to simubot_vision.egg-info/top_level.txt
[1.311s] writing manifest file 'simubot_vision.egg-info/SOURCES.txt'
[1.314s] reading manifest file 'simubot_vision.egg-info/SOURCES.txt'
[1.315s] writing manifest file 'simubot_vision.egg-info/SOURCES.txt'
[1.317s] running build_ext
[1.317s] Creating /home/ros2/simu_ws/install/simubot_vision/lib/python3.10/site-packages/simubot-vision.egg-link (link to .)
[1.319s] 
[1.319s] Installed /home/ros2/simu_ws/build/simubot_vision
[1.320s] running symlink_data
[1.321s] creating /home/ros2/simu_ws/install/simubot_vision/share/ament_index
[1.321s] creating /home/ros2/simu_ws/install/simubot_vision/share/ament_index/resource_index
[1.322s] creating /home/ros2/simu_ws/install/simubot_vision/share/ament_index/resource_index/packages
[1.325s] symbolically linking /home/ros2/simu_ws/build/simubot_vision/resource/simubot_vision -> /home/ros2/simu_ws/install/simubot_vision/share/ament_index/resource_index/packages
[1.326s] symbolically linking /home/ros2/simu_ws/build/simubot_vision/package.xml -> /home/ros2/simu_ws/install/simubot_vision/share/simubot_vision
[1.346s] Invoked command in '/home/ros2/simu_ws/build/simubot_vision' returned '0': AMENT_PREFIX_PATH=/home/ros2/simu_ws/install/custom_msgs:${AMENT_PREFIX_PATH} CMAKE_PREFIX_PATH=/home/ros2/simu_ws/install/custom_msgs PYTHONPATH=/home/ros2/simu_ws/build/simubot_vision/prefix_override:/usr/lib/python3/dist-packages/colcon_core/task/python/colcon_distutils_commands:/home/ros2/simu_ws/install/simubot_vision/lib/python3.10/site-packages:${PYTHONPATH} /usr/bin/python3 -W ignore:setup.py install is deprecated -W ignore:easy_install command is deprecated setup.py develop --editable --build-directory /home/ros2/simu_ws/build/simubot_vision/build --no-deps symlink_data
