[1.065s] Invoking command in '/home/ros2/simu_ws/build/turtlebot3_teleop': PYTHONPATH=/home/ros2/simu_ws/build/turtlebot3_teleop/prefix_override:/usr/lib/python3/dist-packages/colcon_core/task/python/colcon_distutils_commands:/home/ros2/simu_ws/install/turtlebot3_teleop/lib/python3.10/site-packages:${PYTHONPATH} /usr/bin/python3 -W ignore:setup.py install is deprecated -W ignore:easy_install command is deprecated setup.py develop --editable --build-directory /home/ros2/simu_ws/build/turtlebot3_teleop/build --no-deps symlink_data
[1.366s] running develop
[1.449s] running egg_info
[1.449s] creating turtlebot3_teleop.egg-info
[1.450s] writing turtlebot3_teleop.egg-info/PKG-INFO
[1.452s] writing dependency_links to turtlebot3_teleop.egg-info/dependency_links.txt
[1.454s] writing entry points to turtlebot3_teleop.egg-info/entry_points.txt
[1.457s] writing requirements to turtlebot3_teleop.egg-info/requires.txt
[1.457s] writing top-level names to turtlebot3_teleop.egg-info/top_level.txt
[1.459s] writing manifest file 'turtlebot3_teleop.egg-info/SOURCES.txt'
[1.461s] reading manifest file 'turtlebot3_teleop.egg-info/SOURCES.txt'
[1.463s] writing manifest file 'turtlebot3_teleop.egg-info/SOURCES.txt'
[1.469s] running build_ext
[1.469s] Creating /home/ros2/simu_ws/install/turtlebot3_teleop/lib/python3.10/site-packages/turtlebot3-teleop.egg-link (link to .)
[1.473s] Installing teleop_keyboard script to /home/ros2/simu_ws/install/turtlebot3_teleop/lib/turtlebot3_teleop
[1.477s] 
[1.479s] Installed /home/ros2/simu_ws/build/turtlebot3_teleop
[1.481s] running symlink_data
[1.481s] creating /home/ros2/simu_ws/install/turtlebot3_teleop/share/ament_index
[1.482s] creating /home/ros2/simu_ws/install/turtlebot3_teleop/share/ament_index/resource_index
[1.483s] creating /home/ros2/simu_ws/install/turtlebot3_teleop/share/ament_index/resource_index/packages
[1.487s] symbolically linking /home/ros2/simu_ws/build/turtlebot3_teleop/resource/turtlebot3_teleop -> /home/ros2/simu_ws/install/turtlebot3_teleop/share/ament_index/resource_index/packages
[1.488s] symbolically linking /home/ros2/simu_ws/build/turtlebot3_teleop/package.xml -> /home/ros2/simu_ws/install/turtlebot3_teleop/share/turtlebot3_teleop
[1.506s] Invoked command in '/home/ros2/simu_ws/build/turtlebot3_teleop' returned '0': PYTHONPATH=/home/ros2/simu_ws/build/turtlebot3_teleop/prefix_override:/usr/lib/python3/dist-packages/colcon_core/task/python/colcon_distutils_commands:/home/ros2/simu_ws/install/turtlebot3_teleop/lib/python3.10/site-packages:${PYTHONPATH} /usr/bin/python3 -W ignore:setup.py install is deprecated -W ignore:easy_install command is deprecated setup.py develop --editable --build-directory /home/ros2/simu_ws/build/turtlebot3_teleop/build --no-deps symlink_data
