[0.879s] Invoking command in '/home/ros2/simu_ws/src/simubot_vision': CMAKE_PREFIX_PATH=/home/ros2/simu_ws/install/custom_msgs:/home/ros2/simu_ws/install/turtlebot3:/home/ros2/simu_ws/install/turtlebot3_bringup:/home/ros2/simu_ws/install/turtlebot3_node:/home/ros2/simu_ws/install/turtlebot3_navigation2:/home/ros2/simu_ws/install/simubot_launch:/home/ros2/simu_ws/install/turtlebot3_description:/home/ros2/simu_ws/install/turtlebot3_cartographer:/home/ros2/simu_ws/install/simubot_decision PYTHONPATH=/home/ros2/simu_ws/build/simubot_vision/prefix_override:/usr/lib/python3/dist-packages/colcon_core/task/python/colcon_distutils_commands:/home/ros2/simu_ws/install/simubot_vision/lib/python3.10/site-packages:${PYTHONPATH} /usr/bin/python3 -W ignore:setup.py install is deprecated -W ignore:easy_install command is deprecated setup.py egg_info --egg-base ../../build/simubot_vision build --build-base /home/ros2/simu_ws/build/simubot_vision/build install --record /home/ros2/simu_ws/build/simubot_vision/install.log --single-version-externally-managed install_data
[1.142s] running egg_info
[1.142s] writing ../../build/simubot_vision/simubot_vision.egg-info/PKG-INFO
[1.143s] writing dependency_links to ../../build/simubot_vision/simubot_vision.egg-info/dependency_links.txt
[1.143s] writing entry points to ../../build/simubot_vision/simubot_vision.egg-info/entry_points.txt
[1.144s] writing requirements to ../../build/simubot_vision/simubot_vision.egg-info/requires.txt
[1.144s] writing top-level names to ../../build/simubot_vision/simubot_vision.egg-info/top_level.txt
[1.147s] reading manifest file '../../build/simubot_vision/simubot_vision.egg-info/SOURCES.txt'
[1.148s] writing manifest file '../../build/simubot_vision/simubot_vision.egg-info/SOURCES.txt'
[1.148s] running build
[1.148s] running build_py
[1.149s] running install
[1.150s] running install_lib
[1.151s] running install_data
[1.152s] running install_egg_info
[1.152s] removing '/home/ros2/simu_ws/install/simubot_vision/lib/python3.10/site-packages/simubot_vision-0.0.0-py3.10.egg-info' (and everything under it)
[1.153s] Copying ../../build/simubot_vision/simubot_vision.egg-info to /home/ros2/simu_ws/install/simubot_vision/lib/python3.10/site-packages/simubot_vision-0.0.0-py3.10.egg-info
[1.161s] running install_scripts
[1.186s] Installing vision_node script to /home/ros2/simu_ws/install/simubot_vision/lib/simubot_vision
[1.187s] writing list of installed files to '/home/ros2/simu_ws/build/simubot_vision/install.log'
[1.206s] Invoked command in '/home/ros2/simu_ws/src/simubot_vision' returned '0': CMAKE_PREFIX_PATH=/home/ros2/simu_ws/install/custom_msgs:/home/ros2/simu_ws/install/turtlebot3:/home/ros2/simu_ws/install/turtlebot3_bringup:/home/ros2/simu_ws/install/turtlebot3_node:/home/ros2/simu_ws/install/turtlebot3_navigation2:/home/ros2/simu_ws/install/simubot_launch:/home/ros2/simu_ws/install/turtlebot3_description:/home/ros2/simu_ws/install/turtlebot3_cartographer:/home/ros2/simu_ws/install/simubot_decision PYTHONPATH=/home/ros2/simu_ws/build/simubot_vision/prefix_override:/usr/lib/python3/dist-packages/colcon_core/task/python/colcon_distutils_commands:/home/ros2/simu_ws/install/simubot_vision/lib/python3.10/site-packages:${PYTHONPATH} /usr/bin/python3 -W ignore:setup.py install is deprecated -W ignore:easy_install command is deprecated setup.py egg_info --egg-base ../../build/simubot_vision build --build-base /home/ros2/simu_ws/build/simubot_vision/build install --record /home/ros2/simu_ws/build/simubot_vision/install.log --single-version-externally-managed install_data
