[1.877s] Invoking command in '/home/ros2/simu_ws/src/turtlebot3/turtlebot3_example': PYTHONPATH=/home/ros2/simu_ws/build/turtlebot3_example/prefix_override:/usr/lib/python3/dist-packages/colcon_core/task/python/colcon_distutils_commands:/home/ros2/simu_ws/install/turtlebot3_example/lib/python3.10/site-packages:${PYTHONPATH} /usr/bin/python3 -W ignore:setup.py install is deprecated -W ignore:easy_install command is deprecated setup.py egg_info --egg-base ../../../build/turtlebot3_example build --build-base /home/ros2/simu_ws/build/turtlebot3_example/build install --record /home/ros2/simu_ws/build/turtlebot3_example/install.log --single-version-externally-managed install_data
[2.274s] running egg_info
[2.277s] writing ../../../build/turtlebot3_example/turtlebot3_example.egg-info/PKG-INFO
[2.278s] writing dependency_links to ../../../build/turtlebot3_example/turtlebot3_example.egg-info/dependency_links.txt
[2.285s] writing entry points to ../../../build/turtlebot3_example/turtlebot3_example.egg-info/entry_points.txt
[2.286s] writing requirements to ../../../build/turtlebot3_example/turtlebot3_example.egg-info/requires.txt
[2.288s] writing top-level names to ../../../build/turtlebot3_example/turtlebot3_example.egg-info/top_level.txt
[2.297s] reading manifest file '../../../build/turtlebot3_example/turtlebot3_example.egg-info/SOURCES.txt'
[2.303s] writing manifest file '../../../build/turtlebot3_example/turtlebot3_example.egg-info/SOURCES.txt'
[2.305s] running build
[2.307s] running build_py
[2.324s] running install
[2.325s] running install_lib
[2.329s] running install_data
[2.331s] running install_egg_info
[2.332s] removing '/home/ros2/simu_ws/install/turtlebot3_example/lib/python3.10/site-packages/turtlebot3_example-2.3.1-py3.10.egg-info' (and everything under it)
[2.339s] Copying ../../../build/turtlebot3_example/turtlebot3_example.egg-info to /home/ros2/simu_ws/install/turtlebot3_example/lib/python3.10/site-packages/turtlebot3_example-2.3.1-py3.10.egg-info
[2.343s] running install_scripts
[2.378s] Installing turtlebot3_absolute_move script to /home/ros2/simu_ws/install/turtlebot3_example/lib/turtlebot3_example
[2.379s] Installing turtlebot3_interactive_marker script to /home/ros2/simu_ws/install/turtlebot3_example/lib/turtlebot3_example
[2.379s] Installing turtlebot3_obstacle_detection script to /home/ros2/simu_ws/install/turtlebot3_example/lib/turtlebot3_example
[2.380s] Installing turtlebot3_patrol_client script to /home/ros2/simu_ws/install/turtlebot3_example/lib/turtlebot3_example
[2.381s] Installing turtlebot3_patrol_server script to /home/ros2/simu_ws/install/turtlebot3_example/lib/turtlebot3_example
[2.382s] Installing turtlebot3_relative_move script to /home/ros2/simu_ws/install/turtlebot3_example/lib/turtlebot3_example
[2.386s] writing list of installed files to '/home/ros2/simu_ws/build/turtlebot3_example/install.log'
[2.475s] Invoked command in '/home/ros2/simu_ws/src/turtlebot3/turtlebot3_example' returned '0': PYTHONPATH=/home/ros2/simu_ws/build/turtlebot3_example/prefix_override:/usr/lib/python3/dist-packages/colcon_core/task/python/colcon_distutils_commands:/home/ros2/simu_ws/install/turtlebot3_example/lib/python3.10/site-packages:${PYTHONPATH} /usr/bin/python3 -W ignore:setup.py install is deprecated -W ignore:easy_install command is deprecated setup.py egg_info --egg-base ../../../build/turtlebot3_example build --build-base /home/ros2/simu_ws/build/turtlebot3_example/build install --record /home/ros2/simu_ws/build/turtlebot3_example/install.log --single-version-externally-managed install_data
