running develop
running egg_info
creating simubot_vision.egg-info
writing simubot_vision.egg-info/PKG-INFO
writing dependency_links to simubot_vision.egg-info/dependency_links.txt
writing entry points to simubot_vision.egg-info/entry_points.txt
writing requirements to simubot_vision.egg-info/requires.txt
writing top-level names to simubot_vision.egg-info/top_level.txt
writing manifest file 'simubot_vision.egg-info/SOURCES.txt'
reading manifest file 'simubot_vision.egg-info/SOURCES.txt'
writing manifest file 'simubot_vision.egg-info/SOURCES.txt'
running build_ext
Creating /home/ros2/simu_ws/install/simubot_vision/lib/python3.10/site-packages/simubot-vision.egg-link (link to .)
Installing vision_node script to /home/ros2/simu_ws/install/simubot_vision/lib/simubot_vision

Installed /home/ros2/simu_ws/build/simubot_vision
running symlink_data
symbolically linking /home/ros2/simu_ws/build/simubot_vision/package.xml -> /home/ros2/simu_ws/install/simubot_vision/share/simubot_vision
creating /home/ros2/simu_ws/install/simubot_vision/share/ament_index
creating /home/ros2/simu_ws/install/simubot_vision/share/ament_index/resource_index
creating /home/ros2/simu_ws/install/simubot_vision/share/ament_index/resource_index/packages
symbolically linking /home/ros2/simu_ws/build/simubot_vision/resource/simubot_vision -> /home/ros2/simu_ws/install/simubot_vision/share/ament_index/resource_index/packages
