[0.908s] Invoking command in '/home/ros2/simu_ws/build/simubot_vision': AMENT_PREFIX_PATH=/home/ros2/simu_ws/install/custom_msgs:${AMENT_PREFIX_PATH} CMAKE_PREFIX_PATH=/home/ros2/simu_ws/install/custom_msgs LD_LIBRARY_PATH=/home/ros2/simu_ws/install/custom_msgs/lib:${LD_LIBRARY_PATH} PYTHONPATH=/home/ros2/simu_ws/build/simubot_vision/prefix_override:/usr/lib/python3/dist-packages/colcon_core/task/python/colcon_distutils_commands:/home/ros2/simu_ws/install/simubot_vision/lib/python3.10/site-packages:/home/ros2/simu_ws/install/custom_msgs/local/lib/python3.10/dist-packages:${PYTHONPATH} /usr/bin/python3 -W ignore:setup.py install is deprecated -W ignore:easy_install command is deprecated setup.py develop --editable --build-directory /home/ros2/simu_ws/build/simubot_vision/build --no-deps symlink_data
[1.249s] running develop
[1.350s] running egg_info
[1.350s] creating simubot_vision.egg-info
[1.350s] writing simubot_vision.egg-info/PKG-INFO
[1.352s] writing dependency_links to simubot_vision.egg-info/dependency_links.txt
[1.353s] writing entry points to simubot_vision.egg-info/entry_points.txt
[1.354s] writing requirements to simubot_vision.egg-info/requires.txt
[1.355s] writing top-level names to simubot_vision.egg-info/top_level.txt
[1.356s] writing manifest file 'simubot_vision.egg-info/SOURCES.txt'
[1.360s] reading manifest file 'simubot_vision.egg-info/SOURCES.txt'
[1.362s] writing manifest file 'simubot_vision.egg-info/SOURCES.txt'
[1.364s] running build_ext
[1.364s] Creating /home/ros2/simu_ws/install/simubot_vision/lib/python3.10/site-packages/simubot-vision.egg-link (link to .)
[1.366s] Installing vision_node script to /home/ros2/simu_ws/install/simubot_vision/lib/simubot_vision
[1.368s] 
[1.369s] Installed /home/ros2/simu_ws/build/simubot_vision
[1.369s] running symlink_data
[1.370s] symbolically linking /home/ros2/simu_ws/build/simubot_vision/package.xml -> /home/ros2/simu_ws/install/simubot_vision/share/simubot_vision
[1.370s] creating /home/ros2/simu_ws/install/simubot_vision/share/ament_index
[1.371s] creating /home/ros2/simu_ws/install/simubot_vision/share/ament_index/resource_index
[1.371s] creating /home/ros2/simu_ws/install/simubot_vision/share/ament_index/resource_index/packages
[1.371s] symbolically linking /home/ros2/simu_ws/build/simubot_vision/resource/simubot_vision -> /home/ros2/simu_ws/install/simubot_vision/share/ament_index/resource_index/packages
[1.396s] Invoked command in '/home/ros2/simu_ws/build/simubot_vision' returned '0': AMENT_PREFIX_PATH=/home/ros2/simu_ws/install/custom_msgs:${AMENT_PREFIX_PATH} CMAKE_PREFIX_PATH=/home/ros2/simu_ws/install/custom_msgs LD_LIBRARY_PATH=/home/ros2/simu_ws/install/custom_msgs/lib:${LD_LIBRARY_PATH} PYTHONPATH=/home/ros2/simu_ws/build/simubot_vision/prefix_override:/usr/lib/python3/dist-packages/colcon_core/task/python/colcon_distutils_commands:/home/ros2/simu_ws/install/simubot_vision/lib/python3.10/site-packages:/home/ros2/simu_ws/install/custom_msgs/local/lib/python3.10/dist-packages:${PYTHONPATH} /usr/bin/python3 -W ignore:setup.py install is deprecated -W ignore:easy_install command is deprecated setup.py develop --editable --build-directory /home/ros2/simu_ws/build/simubot_vision/build --no-deps symlink_data
