[0.123s] Invoking command in '/home/ros2/simu_ws/build/turtlebot3_node': CMAKE_PREFIX_PATH=${CMAKE_PREFIX_PATH}:/home/ros2/simu_ws/install/turtlebot3_teleop:/home/ros2/simu_ws/install/turtlebot3_example:/home/ros2/simu_ws/install/simubot_vision:/opt/ros/humble /usr/bin/cmake /home/ros2/simu_ws/src/turtlebot3/turtlebot3_node -DCMAKE_INSTALL_PREFIX=/home/ros2/simu_ws/install/turtlebot3_node
[0.527s] -- Found ament_cmake: 1.3.11 (/opt/ros/humble/share/ament_cmake/cmake)
[0.731s] -- Override CMake install command with custom implementation using symlinks instead of copying resources
[0.762s] -- Found dynamixel_sdk: 3.8.3 (/opt/ros/humble/share/dynamixel_sdk/cmake)
[0.767s] -- Found geometry_msgs: 4.8.0 (/opt/ros/humble/share/geometry_msgs/cmake)
[0.810s] -- Found rosidl_generator_c: 3.1.6 (/opt/ros/humble/share/rosidl_generator_c/cmake)
[0.815s] -- Found rosidl_adapter: 3.1.6 (/opt/ros/humble/share/rosidl_adapter/cmake)
[0.821s] -- Found rosidl_generator_cpp: 3.1.6 (/opt/ros/humble/share/rosidl_generator_cpp/cmake)
[0.828s] -- Using all available rosidl_typesupport_c: rosidl_typesupport_fastrtps_c;rosidl_typesupport_introspection_c
[0.842s] -- Using all available rosidl_typesupport_cpp: rosidl_typesupport_fastrtps_cpp;rosidl_typesupport_introspection_cpp
[0.884s] -- Found message_filters: 4.3.7 (/opt/ros/humble/share/message_filters/cmake)
[0.914s] -- Found rmw_implementation_cmake: 6.1.2 (/opt/ros/humble/share/rmw_implementation_cmake/cmake)
[0.921s] -- Found rmw_fastrtps_cpp: 6.2.7 (/opt/ros/humble/share/rmw_fastrtps_cpp/cmake)
[1.562s] -- Using RMW implementation 'rmw_fastrtps_cpp' as default
[1.578s] -- Found nav_msgs: 4.8.0 (/opt/ros/humble/share/nav_msgs/cmake)
[1.626s] -- Found sensor_msgs: 4.8.0 (/opt/ros/humble/share/sensor_msgs/cmake)
[1.627s] -- Found std_srvs: 4.8.0 (/opt/ros/humble/share/std_srvs/cmake)
[1.637s] -- Found tf2: 0.25.12 (/opt/ros/humble/share/tf2/cmake)
[1.640s] -- Found tf2_ros: 0.25.12 (/opt/ros/humble/share/tf2_ros/cmake)
[1.728s] -- Found turtlebot3_msgs: 2.4.0 (/opt/ros/humble/share/turtlebot3_msgs/cmake)
[2.052s] -- Configuring done
[2.237s] -- Generating done
[2.288s] -- Build files have been written to: /home/ros2/simu_ws/build/turtlebot3_node
[2.307s] Invoked command in '/home/ros2/simu_ws/build/turtlebot3_node' returned '0': CMAKE_PREFIX_PATH=${CMAKE_PREFIX_PATH}:/home/ros2/simu_ws/install/turtlebot3_teleop:/home/ros2/simu_ws/install/turtlebot3_example:/home/ros2/simu_ws/install/simubot_vision:/opt/ros/humble /usr/bin/cmake /home/ros2/simu_ws/src/turtlebot3/turtlebot3_node -DCMAKE_INSTALL_PREFIX=/home/ros2/simu_ws/install/turtlebot3_node
[2.317s] Invoking command in '/home/ros2/simu_ws/build/turtlebot3_node': CMAKE_PREFIX_PATH=${CMAKE_PREFIX_PATH}:/home/ros2/simu_ws/install/turtlebot3_teleop:/home/ros2/simu_ws/install/turtlebot3_example:/home/ros2/simu_ws/install/simubot_vision:/opt/ros/humble /usr/bin/cmake --build /home/ros2/simu_ws/build/turtlebot3_node -- -j10 -l10
[2.741s] [35m[1mConsolidate compiler generated dependencies of target turtlebot3_node_lib[0m
[3.273s] [ 85%] Built target turtlebot3_node_lib
[3.460s] [35m[1mConsolidate compiler generated dependencies of target turtlebot3_ros[0m
[3.690s] [100%] Built target turtlebot3_ros
[3.753s] Invoked command in '/home/ros2/simu_ws/build/turtlebot3_node' returned '0': CMAKE_PREFIX_PATH=${CMAKE_PREFIX_PATH}:/home/ros2/simu_ws/install/turtlebot3_teleop:/home/ros2/simu_ws/install/turtlebot3_example:/home/ros2/simu_ws/install/simubot_vision:/opt/ros/humble /usr/bin/cmake --build /home/ros2/simu_ws/build/turtlebot3_node -- -j10 -l10
[3.762s] Invoking command in '/home/ros2/simu_ws/build/turtlebot3_node': CMAKE_PREFIX_PATH=${CMAKE_PREFIX_PATH}:/home/ros2/simu_ws/install/turtlebot3_teleop:/home/ros2/simu_ws/install/turtlebot3_example:/home/ros2/simu_ws/install/simubot_vision:/opt/ros/humble /usr/bin/cmake --install /home/ros2/simu_ws/build/turtlebot3_node
[3.821s] -- Install configuration: ""
[3.826s] -- Execute custom install script
[3.839s] -- Up-to-date symlink: /home/ros2/simu_ws/install/turtlebot3_node/share/turtlebot3_node/param/burger.yaml
[3.840s] -- Up-to-date symlink: /home/ros2/simu_ws/install/turtlebot3_node/share/turtlebot3_node/param/waffle.yaml
[3.842s] -- Up-to-date symlink: /home/ros2/simu_ws/install/turtlebot3_node/share/turtlebot3_node/param/waffle_pi.yaml
[3.843s] -- Up-to-date symlink: /home/ros2/simu_ws/install/turtlebot3_node/lib/turtlebot3_node/turtlebot3_ros
[3.844s] -- Up-to-date symlink: /home/ros2/simu_ws/install/turtlebot3_node/share/ament_index/resource_index/package_run_dependencies/turtlebot3_node
[3.845s] -- Up-to-date symlink: /home/ros2/simu_ws/install/turtlebot3_node/share/ament_index/resource_index/parent_prefix_path/turtlebot3_node
[3.845s] -- Up-to-date symlink: /home/ros2/simu_ws/install/turtlebot3_node/share/turtlebot3_node/environment/ament_prefix_path.sh
[3.848s] -- Up-to-date symlink: /home/ros2/simu_ws/install/turtlebot3_node/share/turtlebot3_node/environment/ament_prefix_path.dsv
[3.848s] -- Up-to-date symlink: /home/ros2/simu_ws/install/turtlebot3_node/share/turtlebot3_node/environment/path.sh
[3.849s] -- Up-to-date symlink: /home/ros2/simu_ws/install/turtlebot3_node/share/turtlebot3_node/environment/path.dsv
[3.853s] -- Up-to-date symlink: /home/ros2/simu_ws/install/turtlebot3_node/share/turtlebot3_node/local_setup.bash
[3.854s] -- Up-to-date symlink: /home/ros2/simu_ws/install/turtlebot3_node/share/turtlebot3_node/local_setup.sh
[3.854s] -- Up-to-date symlink: /home/ros2/simu_ws/install/turtlebot3_node/share/turtlebot3_node/local_setup.zsh
[3.855s] -- Up-to-date symlink: /home/ros2/simu_ws/install/turtlebot3_node/share/turtlebot3_node/local_setup.dsv
[3.856s] -- Symlinking: /home/ros2/simu_ws/install/turtlebot3_node/share/turtlebot3_node/package.dsv
[3.903s] -- Up-to-date symlink: /home/ros2/simu_ws/install/turtlebot3_node/share/ament_index/resource_index/packages/turtlebot3_node
[3.904s] -- Up-to-date symlink: /home/ros2/simu_ws/install/turtlebot3_node/share/turtlebot3_node/cmake/ament_cmake_export_dependencies-extras.cmake
[3.905s] -- Up-to-date symlink: /home/ros2/simu_ws/install/turtlebot3_node/share/turtlebot3_node/cmake/ament_cmake_export_include_directories-extras.cmake
[3.906s] -- Up-to-date symlink: /home/ros2/simu_ws/install/turtlebot3_node/share/turtlebot3_node/cmake/turtlebot3_nodeConfig.cmake
[3.906s] -- Up-to-date symlink: /home/ros2/simu_ws/install/turtlebot3_node/share/turtlebot3_node/cmake/turtlebot3_nodeConfig-version.cmake
[3.908s] -- Up-to-date symlink: /home/ros2/simu_ws/install/turtlebot3_node/share/turtlebot3_node/package.xml
[3.915s] Invoked command in '/home/ros2/simu_ws/build/turtlebot3_node' returned '0': CMAKE_PREFIX_PATH=${CMAKE_PREFIX_PATH}:/home/ros2/simu_ws/install/turtlebot3_teleop:/home/ros2/simu_ws/install/turtlebot3_example:/home/ros2/simu_ws/install/simubot_vision:/opt/ros/humble /usr/bin/cmake --install /home/ros2/simu_ws/build/turtlebot3_node
