[0.060s] Invoking command in '/home/ros2/simu_ws/build/custom_msgs': CMAKE_PREFIX_PATH=${CMAKE_PREFIX_PATH}:/home/ros2/simu_ws/install/turtlebot3_teleop:/home/ros2/simu_ws/install/turtlebot3_example:/home/ros2/simu_ws/install/simubot_vision:/opt/ros/humble /usr/bin/cmake /home/ros2/simu_ws/src/custom_msgs -DAMENT_CMAKE_SYMLINK_INSTALL=1 -DCMAKE_INSTALL_PREFIX=/home/ros2/simu_ws/install/custom_msgs
[0.553s] -- The C compiler identification is GNU 11.4.0
[0.902s] -- The CXX compiler identification is GNU 11.4.0
[0.931s] -- Detecting C compiler ABI info
[1.485s] -- Detecting C compiler ABI info - done
[1.502s] -- Check for working C compiler: /usr/bin/cc - skipped
[1.503s] -- Detecting C compile features
[1.503s] -- Detecting C compile features - done
[1.507s] -- Detecting CXX compiler ABI info
[2.013s] -- Detecting CXX compiler ABI info - done
[2.029s] -- Check for working CXX compiler: /usr/bin/c++ - skipped
[2.030s] -- Detecting CXX compile features
[2.030s] -- Detecting CXX compile features - done
[2.055s] -- Found ament_cmake: 1.3.11 (/opt/ros/humble/share/ament_cmake/cmake)
[2.675s] -- Found Python3: /usr/bin/python3 (found version "3.10.12") found components: Interpreter 
[2.825s] -- Override CMake install command with custom implementation using symlinks instead of copying resources
[3.053s] -- Found rosidl_default_generators: 1.2.0 (/opt/ros/humble/share/rosidl_default_generators/cmake)
[3.072s] -- Using all available rosidl_typesupport_c: rosidl_typesupport_fastrtps_c;rosidl_typesupport_introspection_c
[3.118s] -- Found rosidl_adapter: 3.1.6 (/opt/ros/humble/share/rosidl_adapter/cmake)
[3.274s] -- Using all available rosidl_typesupport_cpp: rosidl_typesupport_fastrtps_cpp;rosidl_typesupport_introspection_cpp
[3.390s] -- Found std_msgs: 4.8.0 (/opt/ros/humble/share/std_msgs/cmake)
[3.457s] -- Found geometry_msgs: 4.8.0 (/opt/ros/humble/share/geometry_msgs/cmake)
[3.971s] [31mCMake Error at /opt/ros/humble/share/rosidl_cmake/cmake/rosidl_generate_interfaces.cmake:229 (message):
[3.971s]   Packages installing interfaces must include
[3.972s]   '<member_of_group>rosidl_interface_packages</member_of_group>' in their
[3.972s]   package.xml
[3.972s] Call Stack (most recent call first):
[3.973s]   CMakeLists.txt:25 (rosidl_generate_interfaces)
[3.973s] 
[3.973s] [0m
[3.974s] -- Configuring incomplete, errors occurred!
[3.974s] See also "/home/ros2/simu_ws/build/custom_msgs/CMakeFiles/CMakeOutput.log".
[3.985s] Invoked command in '/home/ros2/simu_ws/build/custom_msgs' returned '1': CMAKE_PREFIX_PATH=${CMAKE_PREFIX_PATH}:/home/ros2/simu_ws/install/turtlebot3_teleop:/home/ros2/simu_ws/install/turtlebot3_example:/home/ros2/simu_ws/install/simubot_vision:/opt/ros/humble /usr/bin/cmake /home/ros2/simu_ws/src/custom_msgs -DAMENT_CMAKE_SYMLINK_INSTALL=1 -DCMAKE_INSTALL_PREFIX=/home/ros2/simu_ws/install/custom_msgs
