-- The C compiler identification is GNU 11.4.0
-- The CXX compiler identification is GNU 11.4.0
-- Detecting C compiler ABI info
-- Detecting C compiler ABI info - done
-- Check for working C compiler: /usr/bin/cc - skipped
-- Detecting C compile features
-- Detecting C compile features - done
-- Detecting CXX compiler ABI info
-- Detecting CXX compiler ABI info - done
-- Check for working CXX compiler: /usr/bin/c++ - skipped
-- Detecting CXX compile features
-- Detecting CXX compile features - done
-- Found ament_cmake: 1.3.11 (/opt/ros/humble/share/ament_cmake/cmake)
-- Found Python3: /usr/bin/python3 (found version "3.10.12") found components: Interpreter 
-- Override CMake install command with custom implementation using symlinks instead of copying resources
-- Found rclcpp: 16.0.12 (/opt/ros/humble/share/rclcpp/cmake)
-- Found rosidl_generator_c: 3.1.6 (/opt/ros/humble/share/rosidl_generator_c/cmake)
-- Found rosidl_adapter: 3.1.6 (/opt/ros/humble/share/rosidl_adapter/cmake)
-- Found rosidl_generator_cpp: 3.1.6 (/opt/ros/humble/share/rosidl_generator_cpp/cmake)
-- Using all available rosidl_typesupport_c: rosidl_typesupport_fastrtps_c;rosidl_typesupport_introspection_c
-- Using all available rosidl_typesupport_cpp: rosidl_typesupport_fastrtps_cpp;rosidl_typesupport_introspection_cpp
-- Found rmw_implementation_cmake: 6.1.2 (/opt/ros/humble/share/rmw_implementation_cmake/cmake)
-- Found rmw_fastrtps_cpp: 6.2.7 (/opt/ros/humble/share/rmw_fastrtps_cpp/cmake)
-- Found OpenSSL: /usr/lib/x86_64-linux-gnu/libcrypto.so (found version "3.0.2")  
-- Found FastRTPS: /opt/ros/humble/include  
-- Using RMW implementation 'rmw_fastrtps_cpp' as default
-- Looking for pthread.h
-- Looking for pthread.h - found
-- Performing Test CMAKE_HAVE_LIBC_PTHREAD
-- Performing Test CMAKE_HAVE_LIBC_PTHREAD - Success
-- Found Threads: TRUE  
-- Found geometry_msgs: 4.8.0 (/opt/ros/humble/share/geometry_msgs/cmake)
-- Found custom_msgs: 0.0.0 (/home/ros2/simu_ws/install/custom_msgs/share/custom_msgs/cmake)
-- Configuring done
-- Generating done
-- Build files have been written to: /home/ros2/simu_ws/build/simubot_decision
[ 50%] [32mBuilding CXX object CMakeFiles/decision_engine.dir/src/decision_engine.cpp.o[0m
[100%] [32m[1mLinking CXX executable decision_engine[0m
[100%] Built target decision_engine
-- Install configuration: ""
-- Execute custom install script
-- Symlinking: /home/ros2/simu_ws/install/simubot_decision/lib/simubot_decision/decision_engine
-- Symlinking: /home/ros2/simu_ws/install/simubot_decision/share/ament_index/resource_index/package_run_dependencies/simubot_decision
-- Symlinking: /home/ros2/simu_ws/install/simubot_decision/share/ament_index/resource_index/parent_prefix_path/simubot_decision
-- Symlinking: /home/ros2/simu_ws/install/simubot_decision/share/simubot_decision/environment/ament_prefix_path.sh
-- Symlinking: /home/ros2/simu_ws/install/simubot_decision/share/simubot_decision/environment/ament_prefix_path.dsv
-- Symlinking: /home/ros2/simu_ws/install/simubot_decision/share/simubot_decision/environment/path.sh
-- Symlinking: /home/ros2/simu_ws/install/simubot_decision/share/simubot_decision/environment/path.dsv
-- Symlinking: /home/ros2/simu_ws/install/simubot_decision/share/simubot_decision/local_setup.bash
-- Symlinking: /home/ros2/simu_ws/install/simubot_decision/share/simubot_decision/local_setup.sh
-- Symlinking: /home/ros2/simu_ws/install/simubot_decision/share/simubot_decision/local_setup.zsh
-- Symlinking: /home/ros2/simu_ws/install/simubot_decision/share/simubot_decision/local_setup.dsv
-- Symlinking: /home/ros2/simu_ws/install/simubot_decision/share/simubot_decision/package.dsv
-- Symlinking: /home/ros2/simu_ws/install/simubot_decision/share/ament_index/resource_index/packages/simubot_decision
-- Symlinking: /home/ros2/simu_ws/install/simubot_decision/share/simubot_decision/cmake/simubot_decisionConfig.cmake
-- Symlinking: /home/ros2/simu_ws/install/simubot_decision/share/simubot_decision/cmake/simubot_decisionConfig-version.cmake
-- Symlinking: /home/ros2/simu_ws/install/simubot_decision/share/simubot_decision/package.xml
