[0.087s] Invoking command in '/home/ros2/simu_ws/build/simubot_decision': AMENT_PREFIX_PATH=/home/ros2/simu_ws/install/custom_msgs:${AMENT_PREFIX_PATH} CMAKE_PREFIX_PATH=/home/ros2/simu_ws/install/custom_msgs:/opt/ros/humble LD_LIBRARY_PATH=/home/ros2/simu_ws/install/custom_msgs/lib:${LD_LIBRARY_PATH} PYTHONPATH=/home/ros2/simu_ws/install/custom_msgs/local/lib/python3.10/dist-packages:${PYTHONPATH} /usr/bin/cmake /home/ros2/simu_ws/src/simubot_decision -DAMENT_CMAKE_SYMLINK_INSTALL=1 -DCMAKE_INSTALL_PREFIX=/home/ros2/simu_ws/install/simubot_decision
[0.643s] -- The C compiler identification is GNU 11.4.0
[1.011s] -- The CXX compiler identification is GNU 11.4.0
[1.042s] -- Detecting C compiler ABI info
[1.771s] -- Detecting C compiler ABI info - done
[1.790s] -- Check for working C compiler: /usr/bin/cc - skipped
[1.791s] -- Detecting C compile features
[1.791s] -- Detecting C compile features - done
[1.797s] -- Detecting CXX compiler ABI info
[2.528s] -- Detecting CXX compiler ABI info - done
[2.555s] -- Check for working CXX compiler: /usr/bin/c++ - skipped
[2.557s] -- Detecting CXX compile features
[2.557s] -- Detecting CXX compile features - done
[2.602s] -- Found ament_cmake: 1.3.11 (/opt/ros/humble/share/ament_cmake/cmake)
[3.339s] -- Found Python3: /usr/bin/python3 (found version "3.10.12") found components: Interpreter 
[3.508s] -- Override CMake install command with custom implementation using symlinks instead of copying resources
[3.579s] -- Found rclcpp: 16.0.12 (/opt/ros/humble/share/rclcpp/cmake)
[3.649s] -- Found rosidl_generator_c: 3.1.6 (/opt/ros/humble/share/rosidl_generator_c/cmake)
[3.658s] -- Found rosidl_adapter: 3.1.6 (/opt/ros/humble/share/rosidl_adapter/cmake)
[3.670s] -- Found rosidl_generator_cpp: 3.1.6 (/opt/ros/humble/share/rosidl_generator_cpp/cmake)
[3.686s] -- Using all available rosidl_typesupport_c: rosidl_typesupport_fastrtps_c;rosidl_typesupport_introspection_c
[3.709s] -- Using all available rosidl_typesupport_cpp: rosidl_typesupport_fastrtps_cpp;rosidl_typesupport_introspection_cpp
[3.778s] -- Found rmw_implementation_cmake: 6.1.2 (/opt/ros/humble/share/rmw_implementation_cmake/cmake)
[3.790s] -- Found rmw_fastrtps_cpp: 6.2.7 (/opt/ros/humble/share/rmw_fastrtps_cpp/cmake)
[4.300s] -- Found OpenSSL: /usr/lib/x86_64-linux-gnu/libcrypto.so (found version "3.0.2")  
[4.340s] -- Found FastRTPS: /opt/ros/humble/include  
[4.408s] -- Using RMW implementation 'rmw_fastrtps_cpp' as default
[4.425s] -- Looking for pthread.h
[4.972s] -- Looking for pthread.h - found
[4.973s] -- Performing Test CMAKE_HAVE_LIBC_PTHREAD
[5.513s] -- Performing Test CMAKE_HAVE_LIBC_PTHREAD - Success
[5.513s] -- Found Threads: TRUE  
[5.574s] -- Found geometry_msgs: 4.8.0 (/opt/ros/humble/share/geometry_msgs/cmake)
[5.587s] -- Found custom_msgs: 0.0.0 (/home/ros2/simu_ws/install/custom_msgs/share/custom_msgs/cmake)
[5.785s] -- Configuring done
[5.829s] -- Generating done
[5.862s] -- Build files have been written to: /home/ros2/simu_ws/build/simubot_decision
[5.871s] Invoked command in '/home/ros2/simu_ws/build/simubot_decision' returned '0': AMENT_PREFIX_PATH=/home/ros2/simu_ws/install/custom_msgs:${AMENT_PREFIX_PATH} CMAKE_PREFIX_PATH=/home/ros2/simu_ws/install/custom_msgs:/opt/ros/humble LD_LIBRARY_PATH=/home/ros2/simu_ws/install/custom_msgs/lib:${LD_LIBRARY_PATH} PYTHONPATH=/home/ros2/simu_ws/install/custom_msgs/local/lib/python3.10/dist-packages:${PYTHONPATH} /usr/bin/cmake /home/ros2/simu_ws/src/simubot_decision -DAMENT_CMAKE_SYMLINK_INSTALL=1 -DCMAKE_INSTALL_PREFIX=/home/ros2/simu_ws/install/simubot_decision
[5.876s] Invoking command in '/home/ros2/simu_ws/build/simubot_decision': AMENT_PREFIX_PATH=/home/ros2/simu_ws/install/custom_msgs:${AMENT_PREFIX_PATH} CMAKE_PREFIX_PATH=/home/ros2/simu_ws/install/custom_msgs:/opt/ros/humble LD_LIBRARY_PATH=/home/ros2/simu_ws/install/custom_msgs/lib:${LD_LIBRARY_PATH} PYTHONPATH=/home/ros2/simu_ws/install/custom_msgs/local/lib/python3.10/dist-packages:${PYTHONPATH} /usr/bin/cmake --build /home/ros2/simu_ws/build/simubot_decision -- -j10 -l10
[6.275s] [ 50%] [32mBuilding CXX object CMakeFiles/decision_engine.dir/src/decision_engine.cpp.o[0m
[13.212s] [100%] [32m[1mLinking CXX executable decision_engine[0m
[14.341s] [100%] Built target decision_engine
[14.397s] Invoked command in '/home/ros2/simu_ws/build/simubot_decision' returned '0': AMENT_PREFIX_PATH=/home/ros2/simu_ws/install/custom_msgs:${AMENT_PREFIX_PATH} CMAKE_PREFIX_PATH=/home/ros2/simu_ws/install/custom_msgs:/opt/ros/humble LD_LIBRARY_PATH=/home/ros2/simu_ws/install/custom_msgs/lib:${LD_LIBRARY_PATH} PYTHONPATH=/home/ros2/simu_ws/install/custom_msgs/local/lib/python3.10/dist-packages:${PYTHONPATH} /usr/bin/cmake --build /home/ros2/simu_ws/build/simubot_decision -- -j10 -l10
[14.404s] Invoking command in '/home/ros2/simu_ws/build/simubot_decision': AMENT_PREFIX_PATH=/home/ros2/simu_ws/install/custom_msgs:${AMENT_PREFIX_PATH} CMAKE_PREFIX_PATH=/home/ros2/simu_ws/install/custom_msgs:/opt/ros/humble LD_LIBRARY_PATH=/home/ros2/simu_ws/install/custom_msgs/lib:${LD_LIBRARY_PATH} PYTHONPATH=/home/ros2/simu_ws/install/custom_msgs/local/lib/python3.10/dist-packages:${PYTHONPATH} /usr/bin/cmake --install /home/ros2/simu_ws/build/simubot_decision
[14.466s] -- Install configuration: ""
[14.471s] -- Execute custom install script
[14.477s] -- Symlinking: /home/ros2/simu_ws/install/simubot_decision/lib/simubot_decision/decision_engine
[14.575s] -- Symlinking: /home/ros2/simu_ws/install/simubot_decision/share/ament_index/resource_index/package_run_dependencies/simubot_decision
[14.625s] -- Symlinking: /home/ros2/simu_ws/install/simubot_decision/share/ament_index/resource_index/parent_prefix_path/simubot_decision
[14.672s] -- Symlinking: /home/ros2/simu_ws/install/simubot_decision/share/simubot_decision/environment/ament_prefix_path.sh
[14.722s] -- Symlinking: /home/ros2/simu_ws/install/simubot_decision/share/simubot_decision/environment/ament_prefix_path.dsv
[14.771s] -- Symlinking: /home/ros2/simu_ws/install/simubot_decision/share/simubot_decision/environment/path.sh
[14.815s] -- Symlinking: /home/ros2/simu_ws/install/simubot_decision/share/simubot_decision/environment/path.dsv
[14.861s] -- Symlinking: /home/ros2/simu_ws/install/simubot_decision/share/simubot_decision/local_setup.bash
[14.899s] -- Symlinking: /home/ros2/simu_ws/install/simubot_decision/share/simubot_decision/local_setup.sh
[14.939s] -- Symlinking: /home/ros2/simu_ws/install/simubot_decision/share/simubot_decision/local_setup.zsh
[14.978s] -- Symlinking: /home/ros2/simu_ws/install/simubot_decision/share/simubot_decision/local_setup.dsv
[15.015s] -- Symlinking: /home/ros2/simu_ws/install/simubot_decision/share/simubot_decision/package.dsv
[15.057s] -- Symlinking: /home/ros2/simu_ws/install/simubot_decision/share/ament_index/resource_index/packages/simubot_decision
[15.108s] -- Symlinking: /home/ros2/simu_ws/install/simubot_decision/share/simubot_decision/cmake/simubot_decisionConfig.cmake
[15.152s] -- Symlinking: /home/ros2/simu_ws/install/simubot_decision/share/simubot_decision/cmake/simubot_decisionConfig-version.cmake
[15.201s] -- Symlinking: /home/ros2/simu_ws/install/simubot_decision/share/simubot_decision/package.xml
[15.249s] Invoked command in '/home/ros2/simu_ws/build/simubot_decision' returned '0': AMENT_PREFIX_PATH=/home/ros2/simu_ws/install/custom_msgs:${AMENT_PREFIX_PATH} CMAKE_PREFIX_PATH=/home/ros2/simu_ws/install/custom_msgs:/opt/ros/humble LD_LIBRARY_PATH=/home/ros2/simu_ws/install/custom_msgs/lib:${LD_LIBRARY_PATH} PYTHONPATH=/home/ros2/simu_ws/install/custom_msgs/local/lib/python3.10/dist-packages:${PYTHONPATH} /usr/bin/cmake --install /home/ros2/simu_ws/build/simubot_decision
