[0.085s] Invoking command in '/home/ros2/simu_ws/build/simubot_launch': AMENT_PREFIX_PATH=/home/ros2/simu_ws/install/simubot_vision:/home/ros2/simu_ws/install/turtlebot3:/home/ros2/simu_ws/install/turtlebot3_teleop:/home/ros2/simu_ws/install/turtlebot3_bringup:/home/ros2/simu_ws/install/turtlebot3_node:/home/ros2/simu_ws/install/turtlebot3_navigation2:/home/ros2/simu_ws/install/turtlebot3_example:/home/ros2/simu_ws/install/simubot_launch:/home/ros2/simu_ws/install/turtlebot3_description:/home/ros2/simu_ws/install/turtlebot3_cartographer:/home/ros2/simu_ws/install/simubot_decision:/home/ros2/simu_ws/install/custom_msgs:/opt/ros/humble CMAKE_PREFIX_PATH=/home/ros2/simu_ws/install/simubot_decision:/home/ros2/simu_ws/install/turtlebot3_description:/home/ros2/simu_ws/install/custom_msgs:/home/ros2/simu_ws/install/turtlebot3:/home/ros2/simu_ws/install/turtlebot3_bringup:/home/ros2/simu_ws/install/turtlebot3_node:/home/ros2/simu_ws/install/turtlebot3_navigation2:/home/ros2/simu_ws/install/simubot_launch:/home/ros2/simu_ws/install/turtlebot3_cartographer:/home/ros2/simu_ws/install/turtlebot3_teleop:/home/ros2/simu_ws/install/turtlebot3_example:/home/ros2/simu_ws/install/simubot_vision:/opt/ros/humble PYTHONPATH=/home/ros2/simu_ws/install/simubot_vision/lib/python3.10/site-packages:/home/ros2/simu_ws/install/custom_msgs/local/lib/python3.10/dist-packages:/home/ros2/simu_ws/build/turtlebot3_teleop:/home/ros2/simu_ws/install/turtlebot3_teleop/lib/python3.10/site-packages:/home/ros2/simu_ws/build/turtlebot3_example:/home/ros2/simu_ws/install/turtlebot3_example/lib/python3.10/site-packages:/home/ros2/simu_ws/build/simubot_vision:/opt/ros/humble/lib/python3.10/site-packages:/opt/ros/humble/local/lib/python3.10/dist-packages /usr/bin/cmake /home/ros2/simu_ws/src/simubot_launch -DCMAKE_INSTALL_PREFIX=/home/ros2/simu_ws/install/simubot_launch
[0.168s] -- Found ament_cmake: 1.3.11 (/opt/ros/humble/share/ament_cmake/cmake)
[0.557s] -- Override CMake install command with custom implementation using symlinks instead of copying resources
[0.573s] -- Found gazebo_ros: 3.9.0 (/opt/ros/humble/share/gazebo_ros/cmake)
[0.609s] -- Found rosidl_generator_c: 3.1.6 (/opt/ros/humble/share/rosidl_generator_c/cmake)
[0.611s] -- Found rosidl_adapter: 3.1.6 (/opt/ros/humble/share/rosidl_adapter/cmake)
[0.613s] -- Found rosidl_generator_cpp: 3.1.6 (/opt/ros/humble/share/rosidl_generator_cpp/cmake)
[0.625s] -- Using all available rosidl_typesupport_c: rosidl_typesupport_fastrtps_c;rosidl_typesupport_introspection_c
[0.639s] -- Using all available rosidl_typesupport_cpp: rosidl_typesupport_fastrtps_cpp;rosidl_typesupport_introspection_cpp
[0.664s] -- Found rmw_implementation_cmake: 6.1.2 (/opt/ros/humble/share/rmw_implementation_cmake/cmake)
[0.669s] -- Found rmw_fastrtps_cpp: 6.2.7 (/opt/ros/humble/share/rmw_fastrtps_cpp/cmake)
[0.954s] -- Using RMW implementation 'rmw_fastrtps_cpp' as default
[1.087s] -- Found DART: /usr/include (Required is at least version "6.6") found components: dart 
[1.163s] -- Found Protobuf: /usr/lib/x86_64-linux-gnu/libprotobuf.so (found version "3.12.4") 
[1.165s] -- Looking for ignition-math6 -- found version 6.15.1
[1.169s] -- Searching for dependencies of ignition-math6
[1.171s] -- Looking for OGRE...
[1.192s] -- Found Ogre Ghadamon (1.9.0)
[1.193s] -- Found OGRE: optimized;/usr/lib/x86_64-linux-gnu/libOgreMain.so;debug;/usr/lib/x86_64-linux-gnu/libOgreMain.so
[1.203s] -- Looking for OGRE_Paging...
[1.203s] -- Found OGRE_Paging: optimized;/usr/lib/x86_64-linux-gnu/libOgrePaging.so;debug;/usr/lib/x86_64-linux-gnu/libOgrePaging.so
[1.204s] -- Looking for OGRE_Terrain...
[1.204s] -- Found OGRE_Terrain: optimized;/usr/lib/x86_64-linux-gnu/libOgreTerrain.so;debug;/usr/lib/x86_64-linux-gnu/libOgreTerrain.so
[1.204s] -- Looking for OGRE_Property...
[1.205s] -- Found OGRE_Property: optimized;/usr/lib/x86_64-linux-gnu/libOgreProperty.so;debug;/usr/lib/x86_64-linux-gnu/libOgreProperty.so
[1.205s] -- Looking for OGRE_RTShaderSystem...
[1.205s] -- Found OGRE_RTShaderSystem: optimized;/usr/lib/x86_64-linux-gnu/libOgreRTShaderSystem.so;debug;/usr/lib/x86_64-linux-gnu/libOgreRTShaderSystem.so
[1.206s] -- Looking for OGRE_Volume...
[1.206s] -- Found OGRE_Volume: optimized;/usr/lib/x86_64-linux-gnu/libOgreVolume.so;debug;/usr/lib/x86_64-linux-gnu/libOgreVolume.so
[1.206s] -- Looking for OGRE_Overlay...
[1.207s] -- Found OGRE_Overlay: optimized;/usr/lib/x86_64-linux-gnu/libOgreOverlay.so;debug;/usr/lib/x86_64-linux-gnu/libOgreOverlay.so
[2.326s] -- Looking for ignition-math6 -- found version 6.15.1
[2.328s] -- Looking for ignition-transport8 -- found version 8.2.1
[2.329s] -- Searching for dependencies of ignition-transport8
[2.434s] -- Found Protobuf: /usr/lib/x86_64-linux-gnu/libprotobuf.so (found suitable version "3.12.4", minimum required is "3") 
[2.484s] -- Config-file not installed for ZeroMQ -- checking for pkg-config
[2.505s] -- Checking for module 'libzmq >= 4'
[2.620s] --   Found libzmq , version 4.3.4
[2.925s] -- Checking for module 'uuid'
[3.036s] --   Found uuid, version 2.37.2
[3.309s] -- Looking for ignition-msgs5 -- found version 5.8.1
[3.309s] -- Searching for dependencies of ignition-msgs5
[3.367s] -- Looking for ignition-math6 -- found version 6.15.1
[3.385s] -- Checking for module 'tinyxml2'
[3.498s] --   Found tinyxml2, version 9.0.0
[3.773s] -- Looking for ignition-msgs5 -- found version 5.8.1
[3.773s] -- Looking for ignition-common3 -- found version 3.14.0
[3.773s] -- Searching for dependencies of ignition-common3
[3.773s] -- Looking for dlfcn.h - found
[3.774s] -- Looking for libdl - found
[3.799s] -- Searching for <ignition-common3> component [graphics]
[3.800s] -- Looking for ignition-common3-graphics -- found version 3.14.0
[3.800s] -- Searching for dependencies of ignition-common3-graphics
[3.800s] -- Looking for ignition-math6 -- found version 6.15.1
[3.801s] -- Looking for ignition-fuel_tools4 -- found version 4.4.0
[3.801s] -- Searching for dependencies of ignition-fuel_tools4
[3.943s] -- Checking for module 'jsoncpp'
[4.052s] --   Found jsoncpp, version 1.9.5
[4.346s] -- Checking for module 'libzip'
[4.457s] --   Found libzip, version 1.7.3
[4.730s] -- Looking for ignition-common3 -- found version 3.14.0
[4.730s] -- Looking for ignition-math6 -- found version 6.15.1
[4.730s] -- Looking for ignition-msgs5 -- found version 5.8.1
[4.731s] -- Gazebo version: 11.10
[4.734s] -- Found turtlebot3_description: 2.3.1 (/home/ros2/simu_ws/install/turtlebot3_description/share/turtlebot3_description/cmake)
[4.912s] -- Configuring done
[4.957s] -- Generating done
[4.980s] -- Build files have been written to: /home/ros2/simu_ws/build/simubot_launch
[4.991s] Invoked command in '/home/ros2/simu_ws/build/simubot_launch' returned '0': AMENT_PREFIX_PATH=/home/ros2/simu_ws/install/simubot_vision:/home/ros2/simu_ws/install/turtlebot3:/home/ros2/simu_ws/install/turtlebot3_teleop:/home/ros2/simu_ws/install/turtlebot3_bringup:/home/ros2/simu_ws/install/turtlebot3_node:/home/ros2/simu_ws/install/turtlebot3_navigation2:/home/ros2/simu_ws/install/turtlebot3_example:/home/ros2/simu_ws/install/simubot_launch:/home/ros2/simu_ws/install/turtlebot3_description:/home/ros2/simu_ws/install/turtlebot3_cartographer:/home/ros2/simu_ws/install/simubot_decision:/home/ros2/simu_ws/install/custom_msgs:/opt/ros/humble CMAKE_PREFIX_PATH=/home/ros2/simu_ws/install/simubot_decision:/home/ros2/simu_ws/install/turtlebot3_description:/home/ros2/simu_ws/install/custom_msgs:/home/ros2/simu_ws/install/turtlebot3:/home/ros2/simu_ws/install/turtlebot3_bringup:/home/ros2/simu_ws/install/turtlebot3_node:/home/ros2/simu_ws/install/turtlebot3_navigation2:/home/ros2/simu_ws/install/simubot_launch:/home/ros2/simu_ws/install/turtlebot3_cartographer:/home/ros2/simu_ws/install/turtlebot3_teleop:/home/ros2/simu_ws/install/turtlebot3_example:/home/ros2/simu_ws/install/simubot_vision:/opt/ros/humble PYTHONPATH=/home/ros2/simu_ws/install/simubot_vision/lib/python3.10/site-packages:/home/ros2/simu_ws/install/custom_msgs/local/lib/python3.10/dist-packages:/home/ros2/simu_ws/build/turtlebot3_teleop:/home/ros2/simu_ws/install/turtlebot3_teleop/lib/python3.10/site-packages:/home/ros2/simu_ws/build/turtlebot3_example:/home/ros2/simu_ws/install/turtlebot3_example/lib/python3.10/site-packages:/home/ros2/simu_ws/build/simubot_vision:/opt/ros/humble/lib/python3.10/site-packages:/opt/ros/humble/local/lib/python3.10/dist-packages /usr/bin/cmake /home/ros2/simu_ws/src/simubot_launch -DCMAKE_INSTALL_PREFIX=/home/ros2/simu_ws/install/simubot_launch
[4.996s] Invoking command in '/home/ros2/simu_ws/build/simubot_launch': AMENT_PREFIX_PATH=/home/ros2/simu_ws/install/simubot_vision:/home/ros2/simu_ws/install/turtlebot3:/home/ros2/simu_ws/install/turtlebot3_teleop:/home/ros2/simu_ws/install/turtlebot3_bringup:/home/ros2/simu_ws/install/turtlebot3_node:/home/ros2/simu_ws/install/turtlebot3_navigation2:/home/ros2/simu_ws/install/turtlebot3_example:/home/ros2/simu_ws/install/simubot_launch:/home/ros2/simu_ws/install/turtlebot3_description:/home/ros2/simu_ws/install/turtlebot3_cartographer:/home/ros2/simu_ws/install/simubot_decision:/home/ros2/simu_ws/install/custom_msgs:/opt/ros/humble CMAKE_PREFIX_PATH=/home/ros2/simu_ws/install/simubot_decision:/home/ros2/simu_ws/install/turtlebot3_description:/home/ros2/simu_ws/install/custom_msgs:/home/ros2/simu_ws/install/turtlebot3:/home/ros2/simu_ws/install/turtlebot3_bringup:/home/ros2/simu_ws/install/turtlebot3_node:/home/ros2/simu_ws/install/turtlebot3_navigation2:/home/ros2/simu_ws/install/simubot_launch:/home/ros2/simu_ws/install/turtlebot3_cartographer:/home/ros2/simu_ws/install/turtlebot3_teleop:/home/ros2/simu_ws/install/turtlebot3_example:/home/ros2/simu_ws/install/simubot_vision:/opt/ros/humble PYTHONPATH=/home/ros2/simu_ws/install/simubot_vision/lib/python3.10/site-packages:/home/ros2/simu_ws/install/custom_msgs/local/lib/python3.10/dist-packages:/home/ros2/simu_ws/build/turtlebot3_teleop:/home/ros2/simu_ws/install/turtlebot3_teleop/lib/python3.10/site-packages:/home/ros2/simu_ws/build/turtlebot3_example:/home/ros2/simu_ws/install/turtlebot3_example/lib/python3.10/site-packages:/home/ros2/simu_ws/build/simubot_vision:/opt/ros/humble/lib/python3.10/site-packages:/opt/ros/humble/local/lib/python3.10/dist-packages /usr/bin/cmake --build /home/ros2/simu_ws/build/simubot_launch -- -j10 -l10
[5.250s] Invoked command in '/home/ros2/simu_ws/build/simubot_launch' returned '0': AMENT_PREFIX_PATH=/home/ros2/simu_ws/install/simubot_vision:/home/ros2/simu_ws/install/turtlebot3:/home/ros2/simu_ws/install/turtlebot3_teleop:/home/ros2/simu_ws/install/turtlebot3_bringup:/home/ros2/simu_ws/install/turtlebot3_node:/home/ros2/simu_ws/install/turtlebot3_navigation2:/home/ros2/simu_ws/install/turtlebot3_example:/home/ros2/simu_ws/install/simubot_launch:/home/ros2/simu_ws/install/turtlebot3_description:/home/ros2/simu_ws/install/turtlebot3_cartographer:/home/ros2/simu_ws/install/simubot_decision:/home/ros2/simu_ws/install/custom_msgs:/opt/ros/humble CMAKE_PREFIX_PATH=/home/ros2/simu_ws/install/simubot_decision:/home/ros2/simu_ws/install/turtlebot3_description:/home/ros2/simu_ws/install/custom_msgs:/home/ros2/simu_ws/install/turtlebot3:/home/ros2/simu_ws/install/turtlebot3_bringup:/home/ros2/simu_ws/install/turtlebot3_node:/home/ros2/simu_ws/install/turtlebot3_navigation2:/home/ros2/simu_ws/install/simubot_launch:/home/ros2/simu_ws/install/turtlebot3_cartographer:/home/ros2/simu_ws/install/turtlebot3_teleop:/home/ros2/simu_ws/install/turtlebot3_example:/home/ros2/simu_ws/install/simubot_vision:/opt/ros/humble PYTHONPATH=/home/ros2/simu_ws/install/simubot_vision/lib/python3.10/site-packages:/home/ros2/simu_ws/install/custom_msgs/local/lib/python3.10/dist-packages:/home/ros2/simu_ws/build/turtlebot3_teleop:/home/ros2/simu_ws/install/turtlebot3_teleop/lib/python3.10/site-packages:/home/ros2/simu_ws/build/turtlebot3_example:/home/ros2/simu_ws/install/turtlebot3_example/lib/python3.10/site-packages:/home/ros2/simu_ws/build/simubot_vision:/opt/ros/humble/lib/python3.10/site-packages:/opt/ros/humble/local/lib/python3.10/dist-packages /usr/bin/cmake --build /home/ros2/simu_ws/build/simubot_launch -- -j10 -l10
[5.255s] Invoking command in '/home/ros2/simu_ws/build/simubot_launch': AMENT_PREFIX_PATH=/home/ros2/simu_ws/install/simubot_vision:/home/ros2/simu_ws/install/turtlebot3:/home/ros2/simu_ws/install/turtlebot3_teleop:/home/ros2/simu_ws/install/turtlebot3_bringup:/home/ros2/simu_ws/install/turtlebot3_node:/home/ros2/simu_ws/install/turtlebot3_navigation2:/home/ros2/simu_ws/install/turtlebot3_example:/home/ros2/simu_ws/install/simubot_launch:/home/ros2/simu_ws/install/turtlebot3_description:/home/ros2/simu_ws/install/turtlebot3_cartographer:/home/ros2/simu_ws/install/simubot_decision:/home/ros2/simu_ws/install/custom_msgs:/opt/ros/humble CMAKE_PREFIX_PATH=/home/ros2/simu_ws/install/simubot_decision:/home/ros2/simu_ws/install/turtlebot3_description:/home/ros2/simu_ws/install/custom_msgs:/home/ros2/simu_ws/install/turtlebot3:/home/ros2/simu_ws/install/turtlebot3_bringup:/home/ros2/simu_ws/install/turtlebot3_node:/home/ros2/simu_ws/install/turtlebot3_navigation2:/home/ros2/simu_ws/install/simubot_launch:/home/ros2/simu_ws/install/turtlebot3_cartographer:/home/ros2/simu_ws/install/turtlebot3_teleop:/home/ros2/simu_ws/install/turtlebot3_example:/home/ros2/simu_ws/install/simubot_vision:/opt/ros/humble PYTHONPATH=/home/ros2/simu_ws/install/simubot_vision/lib/python3.10/site-packages:/home/ros2/simu_ws/install/custom_msgs/local/lib/python3.10/dist-packages:/home/ros2/simu_ws/build/turtlebot3_teleop:/home/ros2/simu_ws/install/turtlebot3_teleop/lib/python3.10/site-packages:/home/ros2/simu_ws/build/turtlebot3_example:/home/ros2/simu_ws/install/turtlebot3_example/lib/python3.10/site-packages:/home/ros2/simu_ws/build/simubot_vision:/opt/ros/humble/lib/python3.10/site-packages:/opt/ros/humble/local/lib/python3.10/dist-packages /usr/bin/cmake --install /home/ros2/simu_ws/build/simubot_launch
[5.310s] -- Install configuration: ""
[5.315s] -- Execute custom install script
[5.323s] -- Up-to-date symlink: /home/ros2/simu_ws/install/simubot_launch/share/simubot_launch/simubot_full.launch.py
[5.326s] -- Symlinking: /home/ros2/simu_ws/install/simubot_launch/share/simubot_launch/simubot_nodes.launch.py
[5.365s] -- Up-to-date symlink: /home/ros2/simu_ws/install/simubot_launch/share/ament_index/resource_index/package_run_dependencies/simubot_launch
[5.365s] -- Up-to-date symlink: /home/ros2/simu_ws/install/simubot_launch/share/ament_index/resource_index/parent_prefix_path/simubot_launch
[5.366s] -- Up-to-date symlink: /home/ros2/simu_ws/install/simubot_launch/share/simubot_launch/environment/ament_prefix_path.sh
[5.366s] -- Up-to-date symlink: /home/ros2/simu_ws/install/simubot_launch/share/simubot_launch/environment/ament_prefix_path.dsv
[5.367s] -- Up-to-date symlink: /home/ros2/simu_ws/install/simubot_launch/share/simubot_launch/environment/path.sh
[5.367s] -- Up-to-date symlink: /home/ros2/simu_ws/install/simubot_launch/share/simubot_launch/environment/path.dsv
[5.367s] -- Up-to-date symlink: /home/ros2/simu_ws/install/simubot_launch/share/simubot_launch/local_setup.bash
[5.368s] -- Up-to-date symlink: /home/ros2/simu_ws/install/simubot_launch/share/simubot_launch/local_setup.sh
[5.368s] -- Up-to-date symlink: /home/ros2/simu_ws/install/simubot_launch/share/simubot_launch/local_setup.zsh
[5.368s] -- Up-to-date symlink: /home/ros2/simu_ws/install/simubot_launch/share/simubot_launch/local_setup.dsv
[5.369s] -- Symlinking: /home/ros2/simu_ws/install/simubot_launch/share/simubot_launch/package.dsv
[5.407s] -- Up-to-date symlink: /home/ros2/simu_ws/install/simubot_launch/share/ament_index/resource_index/packages/simubot_launch
[5.407s] -- Up-to-date symlink: /home/ros2/simu_ws/install/simubot_launch/share/simubot_launch/cmake/simubot_launchConfig.cmake
[5.408s] -- Up-to-date symlink: /home/ros2/simu_ws/install/simubot_launch/share/simubot_launch/cmake/simubot_launchConfig-version.cmake
[5.410s] -- Up-to-date symlink: /home/ros2/simu_ws/install/simubot_launch/share/simubot_launch/package.xml
[5.415s] Invoked command in '/home/ros2/simu_ws/build/simubot_launch' returned '0': AMENT_PREFIX_PATH=/home/ros2/simu_ws/install/simubot_vision:/home/ros2/simu_ws/install/turtlebot3:/home/ros2/simu_ws/install/turtlebot3_teleop:/home/ros2/simu_ws/install/turtlebot3_bringup:/home/ros2/simu_ws/install/turtlebot3_node:/home/ros2/simu_ws/install/turtlebot3_navigation2:/home/ros2/simu_ws/install/turtlebot3_example:/home/ros2/simu_ws/install/simubot_launch:/home/ros2/simu_ws/install/turtlebot3_description:/home/ros2/simu_ws/install/turtlebot3_cartographer:/home/ros2/simu_ws/install/simubot_decision:/home/ros2/simu_ws/install/custom_msgs:/opt/ros/humble CMAKE_PREFIX_PATH=/home/ros2/simu_ws/install/simubot_decision:/home/ros2/simu_ws/install/turtlebot3_description:/home/ros2/simu_ws/install/custom_msgs:/home/ros2/simu_ws/install/turtlebot3:/home/ros2/simu_ws/install/turtlebot3_bringup:/home/ros2/simu_ws/install/turtlebot3_node:/home/ros2/simu_ws/install/turtlebot3_navigation2:/home/ros2/simu_ws/install/simubot_launch:/home/ros2/simu_ws/install/turtlebot3_cartographer:/home/ros2/simu_ws/install/turtlebot3_teleop:/home/ros2/simu_ws/install/turtlebot3_example:/home/ros2/simu_ws/install/simubot_vision:/opt/ros/humble PYTHONPATH=/home/ros2/simu_ws/install/simubot_vision/lib/python3.10/site-packages:/home/ros2/simu_ws/install/custom_msgs/local/lib/python3.10/dist-packages:/home/ros2/simu_ws/build/turtlebot3_teleop:/home/ros2/simu_ws/install/turtlebot3_teleop/lib/python3.10/site-packages:/home/ros2/simu_ws/build/turtlebot3_example:/home/ros2/simu_ws/install/turtlebot3_example/lib/python3.10/site-packages:/home/ros2/simu_ws/build/simubot_vision:/opt/ros/humble/lib/python3.10/site-packages:/opt/ros/humble/local/lib/python3.10/dist-packages /usr/bin/cmake --install /home/ros2/simu_ws/build/simubot_launch
