[0.147s] Invoking command in '/home/ros2/simu_ws/build/turtlebot3_node': CMAKE_PREFIX_PATH=${CMAKE_PREFIX_PATH}:/home/ros2/simu_ws/install/turtlebot3_teleop:/home/ros2/simu_ws/install/turtlebot3_example:/home/ros2/simu_ws/install/simubot_vision:/opt/ros/humble /usr/bin/cmake --build /home/ros2/simu_ws/build/turtlebot3_node -- -j10 -l10
[0.655s] [ 85%] Built target turtlebot3_node_lib
[0.855s] [100%] Built target turtlebot3_ros
[0.928s] Invoked command in '/home/ros2/simu_ws/build/turtlebot3_node' returned '0': CMAKE_PREFIX_PATH=${CMAKE_PREFIX_PATH}:/home/ros2/simu_ws/install/turtlebot3_teleop:/home/ros2/simu_ws/install/turtlebot3_example:/home/ros2/simu_ws/install/simubot_vision:/opt/ros/humble /usr/bin/cmake --build /home/ros2/simu_ws/build/turtlebot3_node -- -j10 -l10
[0.939s] Invoking command in '/home/ros2/simu_ws/build/turtlebot3_node': CMAKE_PREFIX_PATH=${CMAKE_PREFIX_PATH}:/home/ros2/simu_ws/install/turtlebot3_teleop:/home/ros2/simu_ws/install/turtlebot3_example:/home/ros2/simu_ws/install/simubot_vision:/opt/ros/humble /usr/bin/cmake --install /home/ros2/simu_ws/build/turtlebot3_node
[1.028s] -- Install configuration: ""
[1.034s] -- Execute custom install script
[1.042s] -- Up-to-date symlink: /home/ros2/simu_ws/install/turtlebot3_node/share/turtlebot3_node/param/burger.yaml
[1.045s] -- Up-to-date symlink: /home/ros2/simu_ws/install/turtlebot3_node/share/turtlebot3_node/param/waffle.yaml
[1.051s] -- Up-to-date symlink: /home/ros2/simu_ws/install/turtlebot3_node/share/turtlebot3_node/param/waffle_pi.yaml
[1.053s] -- Up-to-date symlink: /home/ros2/simu_ws/install/turtlebot3_node/lib/turtlebot3_node/turtlebot3_ros
[1.057s] -- Up-to-date symlink: /home/ros2/simu_ws/install/turtlebot3_node/share/ament_index/resource_index/package_run_dependencies/turtlebot3_node
[1.059s] -- Up-to-date symlink: /home/ros2/simu_ws/install/turtlebot3_node/share/ament_index/resource_index/parent_prefix_path/turtlebot3_node
[1.062s] -- Up-to-date symlink: /home/ros2/simu_ws/install/turtlebot3_node/share/turtlebot3_node/environment/ament_prefix_path.sh
[1.064s] -- Up-to-date symlink: /home/ros2/simu_ws/install/turtlebot3_node/share/turtlebot3_node/environment/ament_prefix_path.dsv
[1.066s] -- Up-to-date symlink: /home/ros2/simu_ws/install/turtlebot3_node/share/turtlebot3_node/environment/path.sh
[1.067s] -- Up-to-date symlink: /home/ros2/simu_ws/install/turtlebot3_node/share/turtlebot3_node/environment/path.dsv
[1.069s] -- Up-to-date symlink: /home/ros2/simu_ws/install/turtlebot3_node/share/turtlebot3_node/local_setup.bash
[1.070s] -- Up-to-date symlink: /home/ros2/simu_ws/install/turtlebot3_node/share/turtlebot3_node/local_setup.sh
[1.071s] -- Up-to-date symlink: /home/ros2/simu_ws/install/turtlebot3_node/share/turtlebot3_node/local_setup.zsh
[1.071s] -- Up-to-date symlink: /home/ros2/simu_ws/install/turtlebot3_node/share/turtlebot3_node/local_setup.dsv
[1.072s] -- Symlinking: /home/ros2/simu_ws/install/turtlebot3_node/share/turtlebot3_node/package.dsv
[1.090s] -- Up-to-date symlink: /home/ros2/simu_ws/install/turtlebot3_node/share/ament_index/resource_index/packages/turtlebot3_node
[1.091s] -- Up-to-date symlink: /home/ros2/simu_ws/install/turtlebot3_node/share/turtlebot3_node/cmake/ament_cmake_export_dependencies-extras.cmake
[1.091s] -- Up-to-date symlink: /home/ros2/simu_ws/install/turtlebot3_node/share/turtlebot3_node/cmake/ament_cmake_export_include_directories-extras.cmake
[1.092s] -- Up-to-date symlink: /home/ros2/simu_ws/install/turtlebot3_node/share/turtlebot3_node/cmake/turtlebot3_nodeConfig.cmake
[1.093s] -- Up-to-date symlink: /home/ros2/simu_ws/install/turtlebot3_node/share/turtlebot3_node/cmake/turtlebot3_nodeConfig-version.cmake
[1.093s] -- Up-to-date symlink: /home/ros2/simu_ws/install/turtlebot3_node/share/turtlebot3_node/package.xml
[1.312s] Invoked command in '/home/ros2/simu_ws/build/turtlebot3_node' returned '0': CMAKE_PREFIX_PATH=${CMAKE_PREFIX_PATH}:/home/ros2/simu_ws/install/turtlebot3_teleop:/home/ros2/simu_ws/install/turtlebot3_example:/home/ros2/simu_ws/install/simubot_vision:/opt/ros/humble /usr/bin/cmake --install /home/ros2/simu_ws/build/turtlebot3_node
