[0.082s] Invoking command in '/home/ros2/simu_ws/build/custom_msgs': CMAKE_PREFIX_PATH=/opt/ros/humble /usr/bin/cmake --build /home/ros2/simu_ws/build/custom_msgs -- -j10 -l10
[0.709s] Invoked command in '/home/ros2/simu_ws/build/custom_msgs' returned '0': CMAKE_PREFIX_PATH=/opt/ros/humble /usr/bin/cmake --build /home/ros2/simu_ws/build/custom_msgs -- -j10 -l10
[0.759s] Invoking command in '/home/ros2/simu_ws/build/custom_msgs': CMAKE_PREFIX_PATH=/opt/ros/humble /usr/bin/cmake --install /home/ros2/simu_ws/build/custom_msgs
[0.814s] -- Install configuration: ""
[0.823s] -- Execute custom install script
[0.823s] -- Up-to-date symlink: /home/ros2/simu_ws/install/custom_msgs/share/ament_index/resource_index/package_run_dependencies/custom_msgs
[0.824s] -- Up-to-date symlink: /home/ros2/simu_ws/install/custom_msgs/share/ament_index/resource_index/parent_prefix_path/custom_msgs
[0.825s] -- Up-to-date symlink: /home/ros2/simu_ws/install/custom_msgs/share/custom_msgs/environment/ament_prefix_path.sh
[0.826s] -- Up-to-date symlink: /home/ros2/simu_ws/install/custom_msgs/share/custom_msgs/environment/ament_prefix_path.dsv
[0.827s] -- Up-to-date symlink: /home/ros2/simu_ws/install/custom_msgs/share/custom_msgs/environment/path.sh
[0.828s] -- Up-to-date symlink: /home/ros2/simu_ws/install/custom_msgs/share/custom_msgs/environment/path.dsv
[0.828s] -- Up-to-date symlink: /home/ros2/simu_ws/install/custom_msgs/share/custom_msgs/local_setup.bash
[0.831s] -- Up-to-date symlink: /home/ros2/simu_ws/install/custom_msgs/share/custom_msgs/local_setup.sh
[0.832s] -- Up-to-date symlink: /home/ros2/simu_ws/install/custom_msgs/share/custom_msgs/local_setup.zsh
[0.833s] -- Up-to-date symlink: /home/ros2/simu_ws/install/custom_msgs/share/custom_msgs/local_setup.dsv
[0.834s] -- Up-to-date symlink: /home/ros2/simu_ws/install/custom_msgs/share/custom_msgs/package.dsv
[0.835s] -- Up-to-date symlink: /home/ros2/simu_ws/install/custom_msgs/share/ament_index/resource_index/packages/custom_msgs
[0.836s] -- Up-to-date symlink: /home/ros2/simu_ws/install/custom_msgs/share/custom_msgs/cmake/custom_msgsConfig.cmake
[0.837s] -- Up-to-date symlink: /home/ros2/simu_ws/install/custom_msgs/share/custom_msgs/cmake/custom_msgsConfig-version.cmake
[0.838s] -- Up-to-date symlink: /home/ros2/simu_ws/install/custom_msgs/share/custom_msgs/package.xml
[0.848s] Invoked command in '/home/ros2/simu_ws/build/custom_msgs' returned '0': CMAKE_PREFIX_PATH=/opt/ros/humble /usr/bin/cmake --install /home/ros2/simu_ws/build/custom_msgs
