[1.467s] Invoking command in '/home/ros2/simu_ws/build/turtlebot3_example': PYTHONPATH=/home/ros2/simu_ws/build/turtlebot3_example/prefix_override:/usr/lib/python3/dist-packages/colcon_core/task/python/colcon_distutils_commands:/home/ros2/simu_ws/install/turtlebot3_example/lib/python3.10/site-packages:${PYTHONPATH} /usr/bin/python3 -W ignore:setup.py install is deprecated -W ignore:easy_install command is deprecated setup.py develop --editable --build-directory /home/ros2/simu_ws/build/turtlebot3_example/build --no-deps symlink_data
[1.800s] running develop
[1.920s] running egg_info
[1.920s] writing turtlebot3_example.egg-info/PKG-INFO
[1.922s] writing dependency_links to turtlebot3_example.egg-info/dependency_links.txt
[1.923s] writing entry points to turtlebot3_example.egg-info/entry_points.txt
[1.924s] writing requirements to turtlebot3_example.egg-info/requires.txt
[1.926s] writing top-level names to turtlebot3_example.egg-info/top_level.txt
[1.938s] reading manifest file 'turtlebot3_example.egg-info/SOURCES.txt'
[1.944s] writing manifest file 'turtlebot3_example.egg-info/SOURCES.txt'
[1.945s] running build_ext
[1.946s] Creating /home/ros2/simu_ws/install/turtlebot3_example/lib/python3.10/site-packages/turtlebot3-example.egg-link (link to .)
[1.948s] Installing turtlebot3_absolute_move script to /home/ros2/simu_ws/install/turtlebot3_example/lib/turtlebot3_example
[1.950s] Installing turtlebot3_interactive_marker script to /home/ros2/simu_ws/install/turtlebot3_example/lib/turtlebot3_example
[1.951s] Installing turtlebot3_obstacle_detection script to /home/ros2/simu_ws/install/turtlebot3_example/lib/turtlebot3_example
[1.952s] Installing turtlebot3_patrol_client script to /home/ros2/simu_ws/install/turtlebot3_example/lib/turtlebot3_example
[1.954s] Installing turtlebot3_patrol_server script to /home/ros2/simu_ws/install/turtlebot3_example/lib/turtlebot3_example
[1.956s] Installing turtlebot3_relative_move script to /home/ros2/simu_ws/install/turtlebot3_example/lib/turtlebot3_example
[1.958s] 
[1.959s] Installed /home/ros2/simu_ws/build/turtlebot3_example
[1.959s] running symlink_data
[1.981s] Invoked command in '/home/ros2/simu_ws/build/turtlebot3_example' returned '0': PYTHONPATH=/home/ros2/simu_ws/build/turtlebot3_example/prefix_override:/usr/lib/python3/dist-packages/colcon_core/task/python/colcon_distutils_commands:/home/ros2/simu_ws/install/turtlebot3_example/lib/python3.10/site-packages:${PYTHONPATH} /usr/bin/python3 -W ignore:setup.py install is deprecated -W ignore:easy_install command is deprecated setup.py develop --editable --build-directory /home/ros2/simu_ws/build/turtlebot3_example/build --no-deps symlink_data
