[0.076s] Invoking command in '/home/ros2/simu_ws/build/custom_msgs': CMAKE_PREFIX_PATH=/opt/ros/humble /usr/bin/cmake /home/ros2/simu_ws/src/custom_msgs -DAMENT_CMAKE_SYMLINK_INSTALL=1 -DCMAKE_INSTALL_PREFIX=/home/ros2/simu_ws/install/custom_msgs
[0.587s] -- The C compiler identification is GNU 11.4.0
[1.003s] -- The CXX compiler identification is GNU 11.4.0
[1.044s] -- Detecting C compiler ABI info
[1.740s] -- Detecting C compiler ABI info - done
[1.769s] -- Check for working C compiler: /usr/bin/cc - skipped
[1.770s] -- Detecting C compile features
[1.771s] -- Detecting C compile features - done
[1.776s] -- Detecting CXX compiler ABI info
[2.409s] -- Detecting CXX compiler ABI info - done
[2.430s] -- Check for working CXX compiler: /usr/bin/c++ - skipped
[2.432s] -- Detecting CXX compile features
[2.433s] -- Detecting CXX compile features - done
[2.449s] -- Found ament_cmake: 1.3.11 (/opt/ros/humble/share/ament_cmake/cmake)
[3.080s] -- Found Python3: /usr/bin/python3 (found version "3.10.12") found components: Interpreter 
[3.238s] -- Override CMake install command with custom implementation using symlinks instead of copying resources
[3.291s] -- Found ament_lint_auto: 0.12.12 (/opt/ros/humble/share/ament_lint_auto/cmake)
[3.505s] -- Added test 'lint_cmake' to check CMake code style
[3.511s] -- Added test 'xmllint' to check XML markup files
[3.528s] -- Configuring done
[3.564s] -- Generating done
[3.583s] -- Build files have been written to: /home/ros2/simu_ws/build/custom_msgs
