[0.119s] Invoking command in '/home/ros2/simu_ws/build/turtlebot3_description': /usr/bin/cmake --build /home/ros2/simu_ws/build/turtlebot3_description -- -j10 -l10
[0.898s] Invoked command in '/home/ros2/simu_ws/build/turtlebot3_description' returned '0': /usr/bin/cmake --build /home/ros2/simu_ws/build/turtlebot3_description -- -j10 -l10
[0.977s] Invoking command in '/home/ros2/simu_ws/build/turtlebot3_description': /usr/bin/cmake --install /home/ros2/simu_ws/build/turtlebot3_description
[1.089s] -- Install configuration: ""
[1.093s] -- Execute custom install script
[1.129s] -- Up-to-date symlink: /home/ros2/simu_ws/install/turtlebot3_description/share/turtlebot3_description/meshes/bases/burger_base.stl
[1.133s] -- Up-to-date symlink: /home/ros2/simu_ws/install/turtlebot3_description/share/turtlebot3_description/meshes/bases/waffle_base.stl
[1.134s] -- Up-to-date symlink: /home/ros2/simu_ws/install/turtlebot3_description/share/turtlebot3_description/meshes/bases/waffle_pi_base.stl
[1.136s] -- Up-to-date symlink: /home/ros2/simu_ws/install/turtlebot3_description/share/turtlebot3_description/meshes/sensors/astra.dae
[1.138s] -- Up-to-date symlink: /home/ros2/simu_ws/install/turtlebot3_description/share/turtlebot3_description/meshes/sensors/astra.jpg
[1.139s] -- Up-to-date symlink: /home/ros2/simu_ws/install/turtlebot3_description/share/turtlebot3_description/meshes/sensors/lds.stl
[1.146s] -- Up-to-date symlink: /home/ros2/simu_ws/install/turtlebot3_description/share/turtlebot3_description/meshes/sensors/r200.dae
[1.147s] -- Up-to-date symlink: /home/ros2/simu_ws/install/turtlebot3_description/share/turtlebot3_description/meshes/sensors/r200.jpg
[1.148s] -- Up-to-date symlink: /home/ros2/simu_ws/install/turtlebot3_description/share/turtlebot3_description/meshes/wheels/left_tire.stl
[1.151s] -- Up-to-date symlink: /home/ros2/simu_ws/install/turtlebot3_description/share/turtlebot3_description/meshes/wheels/right_tire.stl
[1.155s] -- Up-to-date symlink: /home/ros2/simu_ws/install/turtlebot3_description/share/turtlebot3_description/rviz/model.rviz
[1.159s] -- Up-to-date symlink: /home/ros2/simu_ws/install/turtlebot3_description/share/turtlebot3_description/urdf/common_properties.urdf
[1.162s] -- Up-to-date symlink: /home/ros2/simu_ws/install/turtlebot3_description/share/turtlebot3_description/urdf/turtlebot3_burger.urdf
[1.165s] -- Up-to-date symlink: /home/ros2/simu_ws/install/turtlebot3_description/share/turtlebot3_description/urdf/turtlebot3_waffle.urdf
[1.168s] -- Up-to-date symlink: /home/ros2/simu_ws/install/turtlebot3_description/share/turtlebot3_description/urdf/turtlebot3_waffle_pi.urdf
[1.171s] -- Up-to-date symlink: /home/ros2/simu_ws/install/turtlebot3_description/share/ament_index/resource_index/package_run_dependencies/turtlebot3_description
[1.172s] -- Up-to-date symlink: /home/ros2/simu_ws/install/turtlebot3_description/share/ament_index/resource_index/parent_prefix_path/turtlebot3_description
[1.174s] -- Up-to-date symlink: /home/ros2/simu_ws/install/turtlebot3_description/share/turtlebot3_description/environment/ament_prefix_path.sh
[1.179s] -- Up-to-date symlink: /home/ros2/simu_ws/install/turtlebot3_description/share/turtlebot3_description/environment/ament_prefix_path.dsv
[1.185s] -- Up-to-date symlink: /home/ros2/simu_ws/install/turtlebot3_description/share/turtlebot3_description/environment/path.sh
[1.192s] -- Up-to-date symlink: /home/ros2/simu_ws/install/turtlebot3_description/share/turtlebot3_description/environment/path.dsv
[1.201s] -- Up-to-date symlink: /home/ros2/simu_ws/install/turtlebot3_description/share/turtlebot3_description/local_setup.bash
[1.214s] -- Up-to-date symlink: /home/ros2/simu_ws/install/turtlebot3_description/share/turtlebot3_description/local_setup.sh
[1.227s] -- Up-to-date symlink: /home/ros2/simu_ws/install/turtlebot3_description/share/turtlebot3_description/local_setup.zsh
[1.242s] -- Up-to-date symlink: /home/ros2/simu_ws/install/turtlebot3_description/share/turtlebot3_description/local_setup.dsv
[1.255s] -- Symlinking: /home/ros2/simu_ws/install/turtlebot3_description/share/turtlebot3_description/package.dsv
[1.274s] -- Up-to-date symlink: /home/ros2/simu_ws/install/turtlebot3_description/share/ament_index/resource_index/packages/turtlebot3_description
[1.276s] -- Up-to-date symlink: /home/ros2/simu_ws/install/turtlebot3_description/share/turtlebot3_description/cmake/turtlebot3_descriptionConfig.cmake
[1.278s] -- Up-to-date symlink: /home/ros2/simu_ws/install/turtlebot3_description/share/turtlebot3_description/cmake/turtlebot3_descriptionConfig-version.cmake
[1.281s] -- Up-to-date symlink: /home/ros2/simu_ws/install/turtlebot3_description/share/turtlebot3_description/package.xml
[1.283s] Invoked command in '/home/ros2/simu_ws/build/turtlebot3_description' returned '0': /usr/bin/cmake --install /home/ros2/simu_ws/build/turtlebot3_description
