[0.265s] Invoking command in '/home/ros2/simu_ws/build/simubot_decision': CMAKE_PREFIX_PATH=/home/ros2/simu_ws/install/custom_msgs:/home/ros2/simu_ws/install/turtlebot3_node:/home/ros2/simu_ws/install/turtlebot3_navigation2:/home/ros2/simu_ws/install/turtlebot3_description:/home/ros2/simu_ws/install/turtlebot3_cartographer:/home/ros2/simu_ws/install/simubot_decision:/home/ros2/simu_ws/install/simubot_vision:/home/ros2/simu_ws/install/turtlebot3_teleop:/home/ros2/simu_ws/install/turtlebot3_example:/opt/ros/humble /usr/bin/cmake --build /home/ros2/simu_ws/build/simubot_decision -- -j10 -l10
[0.583s] Invoked command in '/home/ros2/simu_ws/build/simubot_decision' returned '0': CMAKE_PREFIX_PATH=/home/ros2/simu_ws/install/custom_msgs:/home/ros2/simu_ws/install/turtlebot3_node:/home/ros2/simu_ws/install/turtlebot3_navigation2:/home/ros2/simu_ws/install/turtlebot3_description:/home/ros2/simu_ws/install/turtlebot3_cartographer:/home/ros2/simu_ws/install/simubot_decision:/home/ros2/simu_ws/install/simubot_vision:/home/ros2/simu_ws/install/turtlebot3_teleop:/home/ros2/simu_ws/install/turtlebot3_example:/opt/ros/humble /usr/bin/cmake --build /home/ros2/simu_ws/build/simubot_decision -- -j10 -l10
[0.584s] Invoking command in '/home/ros2/simu_ws/build/simubot_decision': CMAKE_PREFIX_PATH=/home/ros2/simu_ws/install/custom_msgs:/home/ros2/simu_ws/install/turtlebot3_node:/home/ros2/simu_ws/install/turtlebot3_navigation2:/home/ros2/simu_ws/install/turtlebot3_description:/home/ros2/simu_ws/install/turtlebot3_cartographer:/home/ros2/simu_ws/install/simubot_decision:/home/ros2/simu_ws/install/simubot_vision:/home/ros2/simu_ws/install/turtlebot3_teleop:/home/ros2/simu_ws/install/turtlebot3_example:/opt/ros/humble /usr/bin/cmake --install /home/ros2/simu_ws/build/simubot_decision
[0.635s] -- Install configuration: ""
[0.640s] -- Execute custom install script
[0.643s] -- Up-to-date symlink: /home/ros2/simu_ws/install/simubot_decision/share/ament_index/resource_index/package_run_dependencies/simubot_decision
[0.644s] -- Up-to-date symlink: /home/ros2/simu_ws/install/simubot_decision/share/ament_index/resource_index/parent_prefix_path/simubot_decision
[0.644s] -- Up-to-date symlink: /home/ros2/simu_ws/install/simubot_decision/share/simubot_decision/environment/ament_prefix_path.sh
[0.645s] -- Up-to-date symlink: /home/ros2/simu_ws/install/simubot_decision/share/simubot_decision/environment/ament_prefix_path.dsv
[0.646s] -- Up-to-date symlink: /home/ros2/simu_ws/install/simubot_decision/share/simubot_decision/environment/path.sh
[0.647s] -- Up-to-date symlink: /home/ros2/simu_ws/install/simubot_decision/share/simubot_decision/environment/path.dsv
[0.647s] -- Up-to-date symlink: /home/ros2/simu_ws/install/simubot_decision/share/simubot_decision/local_setup.bash
[0.649s] -- Up-to-date symlink: /home/ros2/simu_ws/install/simubot_decision/share/simubot_decision/local_setup.sh
[0.650s] -- Up-to-date symlink: /home/ros2/simu_ws/install/simubot_decision/share/simubot_decision/local_setup.zsh
[0.650s] -- Up-to-date symlink: /home/ros2/simu_ws/install/simubot_decision/share/simubot_decision/local_setup.dsv
[0.652s] -- Symlinking: /home/ros2/simu_ws/install/simubot_decision/share/simubot_decision/package.dsv
[0.695s] -- Up-to-date symlink: /home/ros2/simu_ws/install/simubot_decision/share/ament_index/resource_index/packages/simubot_decision
[0.695s] -- Up-to-date symlink: /home/ros2/simu_ws/install/simubot_decision/share/simubot_decision/cmake/simubot_decisionConfig.cmake
[0.696s] -- Up-to-date symlink: /home/ros2/simu_ws/install/simubot_decision/share/simubot_decision/cmake/simubot_decisionConfig-version.cmake
[0.697s] -- Up-to-date symlink: /home/ros2/simu_ws/install/simubot_decision/share/simubot_decision/package.xml
[0.706s] Invoked command in '/home/ros2/simu_ws/build/simubot_decision' returned '0': CMAKE_PREFIX_PATH=/home/ros2/simu_ws/install/custom_msgs:/home/ros2/simu_ws/install/turtlebot3_node:/home/ros2/simu_ws/install/turtlebot3_navigation2:/home/ros2/simu_ws/install/turtlebot3_description:/home/ros2/simu_ws/install/turtlebot3_cartographer:/home/ros2/simu_ws/install/simubot_decision:/home/ros2/simu_ws/install/simubot_vision:/home/ros2/simu_ws/install/turtlebot3_teleop:/home/ros2/simu_ws/install/turtlebot3_example:/opt/ros/humble /usr/bin/cmake --install /home/ros2/simu_ws/build/simubot_decision
