[0.118s] Invoking command in '/home/ros2/simu_ws/build/turtlebot3_node': CMAKE_PREFIX_PATH=${CMAKE_PREFIX_PATH}:/home/ros2/simu_ws/install/turtlebot3_teleop:/home/ros2/simu_ws/install/turtlebot3_example:/home/ros2/simu_ws/install/simubot_vision:/opt/ros/humble /usr/bin/cmake --build /home/ros2/simu_ws/build/turtlebot3_node -- -j10 -l10
[0.603s] [ 85%] Built target turtlebot3_node_lib
[0.813s] [100%] Built target turtlebot3_ros
[0.890s] Invoked command in '/home/ros2/simu_ws/build/turtlebot3_node' returned '0': CMAKE_PREFIX_PATH=${CMAKE_PREFIX_PATH}:/home/ros2/simu_ws/install/turtlebot3_teleop:/home/ros2/simu_ws/install/turtlebot3_example:/home/ros2/simu_ws/install/simubot_vision:/opt/ros/humble /usr/bin/cmake --build /home/ros2/simu_ws/build/turtlebot3_node -- -j10 -l10
[0.902s] Invoking command in '/home/ros2/simu_ws/build/turtlebot3_node': CMAKE_PREFIX_PATH=${CMAKE_PREFIX_PATH}:/home/ros2/simu_ws/install/turtlebot3_teleop:/home/ros2/simu_ws/install/turtlebot3_example:/home/ros2/simu_ws/install/simubot_vision:/opt/ros/humble /usr/bin/cmake --install /home/ros2/simu_ws/build/turtlebot3_node
[0.967s] -- Install configuration: ""
[0.972s] -- Execute custom install script
[0.976s] -- Up-to-date symlink: /home/ros2/simu_ws/install/turtlebot3_node/share/turtlebot3_node/param/burger.yaml
[0.978s] -- Up-to-date symlink: /home/ros2/simu_ws/install/turtlebot3_node/share/turtlebot3_node/param/waffle.yaml
[0.980s] -- Up-to-date symlink: /home/ros2/simu_ws/install/turtlebot3_node/share/turtlebot3_node/param/waffle_pi.yaml
[0.983s] -- Up-to-date symlink: /home/ros2/simu_ws/install/turtlebot3_node/lib/turtlebot3_node/turtlebot3_ros
[0.987s] -- Up-to-date symlink: /home/ros2/simu_ws/install/turtlebot3_node/share/ament_index/resource_index/package_run_dependencies/turtlebot3_node
[0.989s] -- Up-to-date symlink: /home/ros2/simu_ws/install/turtlebot3_node/share/ament_index/resource_index/parent_prefix_path/turtlebot3_node
[0.989s] -- Up-to-date symlink: /home/ros2/simu_ws/install/turtlebot3_node/share/turtlebot3_node/environment/ament_prefix_path.sh
[0.991s] -- Up-to-date symlink: /home/ros2/simu_ws/install/turtlebot3_node/share/turtlebot3_node/environment/ament_prefix_path.dsv
[0.994s] -- Up-to-date symlink: /home/ros2/simu_ws/install/turtlebot3_node/share/turtlebot3_node/environment/path.sh
[0.996s] -- Up-to-date symlink: /home/ros2/simu_ws/install/turtlebot3_node/share/turtlebot3_node/environment/path.dsv
[1.001s] -- Up-to-date symlink: /home/ros2/simu_ws/install/turtlebot3_node/share/turtlebot3_node/local_setup.bash
[1.004s] -- Up-to-date symlink: /home/ros2/simu_ws/install/turtlebot3_node/share/turtlebot3_node/local_setup.sh
[1.007s] -- Up-to-date symlink: /home/ros2/simu_ws/install/turtlebot3_node/share/turtlebot3_node/local_setup.zsh
[1.012s] -- Up-to-date symlink: /home/ros2/simu_ws/install/turtlebot3_node/share/turtlebot3_node/local_setup.dsv
[1.015s] -- Symlinking: /home/ros2/simu_ws/install/turtlebot3_node/share/turtlebot3_node/package.dsv
[1.033s] -- Up-to-date symlink: /home/ros2/simu_ws/install/turtlebot3_node/share/ament_index/resource_index/packages/turtlebot3_node
[1.034s] -- Up-to-date symlink: /home/ros2/simu_ws/install/turtlebot3_node/share/turtlebot3_node/cmake/ament_cmake_export_dependencies-extras.cmake
[1.034s] -- Up-to-date symlink: /home/ros2/simu_ws/install/turtlebot3_node/share/turtlebot3_node/cmake/ament_cmake_export_include_directories-extras.cmake
[1.035s] -- Up-to-date symlink: /home/ros2/simu_ws/install/turtlebot3_node/share/turtlebot3_node/cmake/turtlebot3_nodeConfig.cmake
[1.036s] -- Up-to-date symlink: /home/ros2/simu_ws/install/turtlebot3_node/share/turtlebot3_node/cmake/turtlebot3_nodeConfig-version.cmake
[1.036s] -- Up-to-date symlink: /home/ros2/simu_ws/install/turtlebot3_node/share/turtlebot3_node/package.xml
[1.145s] Invoked command in '/home/ros2/simu_ws/build/turtlebot3_node' returned '0': CMAKE_PREFIX_PATH=${CMAKE_PREFIX_PATH}:/home/ros2/simu_ws/install/turtlebot3_teleop:/home/ros2/simu_ws/install/turtlebot3_example:/home/ros2/simu_ws/install/simubot_vision:/opt/ros/humble /usr/bin/cmake --install /home/ros2/simu_ws/build/turtlebot3_node
