[1.524s] Invoking command in '/home/ros2/simu_ws/build/turtlebot3_example': PYTHONPATH=/home/ros2/simu_ws/build/turtlebot3_example/prefix_override:/usr/lib/python3/dist-packages/colcon_core/task/python/colcon_distutils_commands:/home/ros2/simu_ws/install/turtlebot3_example/lib/python3.10/site-packages:${PYTHONPATH} /usr/bin/python3 -W ignore:setup.py install is deprecated -W ignore:easy_install command is deprecated setup.py develop --uninstall --editable --build-directory /home/ros2/simu_ws/build/turtlebot3_example/build
[1.965s] running develop
[2.138s] Removing /home/ros2/simu_ws/install/turtlebot3_example/lib/python3.10/site-packages/turtlebot3-example.egg-link (link to .)
[2.189s] Invoked command in '/home/ros2/simu_ws/build/turtlebot3_example' returned '0': PYTHONPATH=/home/ros2/simu_ws/build/turtlebot3_example/prefix_override:/usr/lib/python3/dist-packages/colcon_core/task/python/colcon_distutils_commands:/home/ros2/simu_ws/install/turtlebot3_example/lib/python3.10/site-packages:${PYTHONPATH} /usr/bin/python3 -W ignore:setup.py install is deprecated -W ignore:easy_install command is deprecated setup.py develop --uninstall --editable --build-directory /home/ros2/simu_ws/build/turtlebot3_example/build
[2.197s] Invoking command in '/home/ros2/simu_ws/src/turtlebot3/turtlebot3_example': PYTHONPATH=/home/ros2/simu_ws/build/turtlebot3_example/prefix_override:/usr/lib/python3/dist-packages/colcon_core/task/python/colcon_distutils_commands:/home/ros2/simu_ws/install/turtlebot3_example/lib/python3.10/site-packages:${PYTHONPATH} /usr/bin/python3 -W ignore:setup.py install is deprecated -W ignore:easy_install command is deprecated setup.py egg_info --egg-base ../../../build/turtlebot3_example build --build-base /home/ros2/simu_ws/build/turtlebot3_example/build install --record /home/ros2/simu_ws/build/turtlebot3_example/install.log --single-version-externally-managed install_data --force
[2.542s] running egg_info
[2.544s] writing ../../../build/turtlebot3_example/turtlebot3_example.egg-info/PKG-INFO
[2.545s] writing dependency_links to ../../../build/turtlebot3_example/turtlebot3_example.egg-info/dependency_links.txt
[2.548s] writing entry points to ../../../build/turtlebot3_example/turtlebot3_example.egg-info/entry_points.txt
[2.549s] writing requirements to ../../../build/turtlebot3_example/turtlebot3_example.egg-info/requires.txt
[2.550s] writing top-level names to ../../../build/turtlebot3_example/turtlebot3_example.egg-info/top_level.txt
[2.558s] reading manifest file '../../../build/turtlebot3_example/turtlebot3_example.egg-info/SOURCES.txt'
[2.561s] writing manifest file '../../../build/turtlebot3_example/turtlebot3_example.egg-info/SOURCES.txt'
[2.562s] running build
[2.563s] running build_py
[2.564s] creating /home/ros2/simu_ws/build/turtlebot3_example/build
[2.565s] creating /home/ros2/simu_ws/build/turtlebot3_example/build/lib
[2.566s] creating /home/ros2/simu_ws/build/turtlebot3_example/build/lib/turtlebot3_example
[2.566s] copying turtlebot3_example/__init__.py -> /home/ros2/simu_ws/build/turtlebot3_example/build/lib/turtlebot3_example
[2.568s] creating /home/ros2/simu_ws/build/turtlebot3_example/build/lib/turtlebot3_example/turtlebot3_interactive_marker
[2.569s] copying turtlebot3_example/turtlebot3_interactive_marker/__init__.py -> /home/ros2/simu_ws/build/turtlebot3_example/build/lib/turtlebot3_example/turtlebot3_interactive_marker
[2.570s] copying turtlebot3_example/turtlebot3_interactive_marker/turtlebot3_interactive_marker.py -> /home/ros2/simu_ws/build/turtlebot3_example/build/lib/turtlebot3_example/turtlebot3_interactive_marker
[2.573s] creating /home/ros2/simu_ws/build/turtlebot3_example/build/lib/turtlebot3_example/turtlebot3_relative_move
[2.574s] copying turtlebot3_example/turtlebot3_relative_move/__init__.py -> /home/ros2/simu_ws/build/turtlebot3_example/build/lib/turtlebot3_example/turtlebot3_relative_move
[2.575s] copying turtlebot3_example/turtlebot3_relative_move/turtlebot3_relative_move.py -> /home/ros2/simu_ws/build/turtlebot3_example/build/lib/turtlebot3_example/turtlebot3_relative_move
[2.577s] creating /home/ros2/simu_ws/build/turtlebot3_example/build/lib/turtlebot3_example/turtlebot3_patrol
[2.578s] copying turtlebot3_example/turtlebot3_patrol/__init__.py -> /home/ros2/simu_ws/build/turtlebot3_example/build/lib/turtlebot3_example/turtlebot3_patrol
[2.581s] copying turtlebot3_example/turtlebot3_patrol/turtlebot3_patrol_client.py -> /home/ros2/simu_ws/build/turtlebot3_example/build/lib/turtlebot3_example/turtlebot3_patrol
[2.584s] copying turtlebot3_example/turtlebot3_patrol/turtlebot3_patrol_server.py -> /home/ros2/simu_ws/build/turtlebot3_example/build/lib/turtlebot3_example/turtlebot3_patrol
[2.588s] creating /home/ros2/simu_ws/build/turtlebot3_example/build/lib/turtlebot3_example/turtlebot3_obstacle_detection
[2.589s] copying turtlebot3_example/turtlebot3_obstacle_detection/turtlebot3_obstacle_detection.py -> /home/ros2/simu_ws/build/turtlebot3_example/build/lib/turtlebot3_example/turtlebot3_obstacle_detection
[2.591s] copying turtlebot3_example/turtlebot3_obstacle_detection/__init__.py -> /home/ros2/simu_ws/build/turtlebot3_example/build/lib/turtlebot3_example/turtlebot3_obstacle_detection
[2.592s] creating /home/ros2/simu_ws/build/turtlebot3_example/build/lib/turtlebot3_example/turtlebot3_absolute_move
[2.593s] copying turtlebot3_example/turtlebot3_absolute_move/turtlebot3_absolute_move.py -> /home/ros2/simu_ws/build/turtlebot3_example/build/lib/turtlebot3_example/turtlebot3_absolute_move
[2.594s] copying turtlebot3_example/turtlebot3_absolute_move/__init__.py -> /home/ros2/simu_ws/build/turtlebot3_example/build/lib/turtlebot3_example/turtlebot3_absolute_move
[2.596s] running install
[2.597s] running install_lib
[2.598s] creating /home/ros2/simu_ws/install/turtlebot3_example/lib/python3.10/site-packages/turtlebot3_example
[2.599s] copying /home/ros2/simu_ws/build/turtlebot3_example/build/lib/turtlebot3_example/__init__.py -> /home/ros2/simu_ws/install/turtlebot3_example/lib/python3.10/site-packages/turtlebot3_example
[2.601s] creating /home/ros2/simu_ws/install/turtlebot3_example/lib/python3.10/site-packages/turtlebot3_example/turtlebot3_interactive_marker
[2.602s] copying /home/ros2/simu_ws/build/turtlebot3_example/build/lib/turtlebot3_example/turtlebot3_interactive_marker/__init__.py -> /home/ros2/simu_ws/install/turtlebot3_example/lib/python3.10/site-packages/turtlebot3_example/turtlebot3_interactive_marker
[2.603s] copying /home/ros2/simu_ws/build/turtlebot3_example/build/lib/turtlebot3_example/turtlebot3_interactive_marker/turtlebot3_interactive_marker.py -> /home/ros2/simu_ws/install/turtlebot3_example/lib/python3.10/site-packages/turtlebot3_example/turtlebot3_interactive_marker
[2.604s] creating /home/ros2/simu_ws/install/turtlebot3_example/lib/python3.10/site-packages/turtlebot3_example/turtlebot3_relative_move
[2.605s] copying /home/ros2/simu_ws/build/turtlebot3_example/build/lib/turtlebot3_example/turtlebot3_relative_move/__init__.py -> /home/ros2/simu_ws/install/turtlebot3_example/lib/python3.10/site-packages/turtlebot3_example/turtlebot3_relative_move
[2.605s] copying /home/ros2/simu_ws/build/turtlebot3_example/build/lib/turtlebot3_example/turtlebot3_relative_move/turtlebot3_relative_move.py -> /home/ros2/simu_ws/install/turtlebot3_example/lib/python3.10/site-packages/turtlebot3_example/turtlebot3_relative_move
[2.606s] creating /home/ros2/simu_ws/install/turtlebot3_example/lib/python3.10/site-packages/turtlebot3_example/turtlebot3_patrol
[2.607s] copying /home/ros2/simu_ws/build/turtlebot3_example/build/lib/turtlebot3_example/turtlebot3_patrol/__init__.py -> /home/ros2/simu_ws/install/turtlebot3_example/lib/python3.10/site-packages/turtlebot3_example/turtlebot3_patrol
[2.609s] copying /home/ros2/simu_ws/build/turtlebot3_example/build/lib/turtlebot3_example/turtlebot3_patrol/turtlebot3_patrol_client.py -> /home/ros2/simu_ws/install/turtlebot3_example/lib/python3.10/site-packages/turtlebot3_example/turtlebot3_patrol
[2.610s] copying /home/ros2/simu_ws/build/turtlebot3_example/build/lib/turtlebot3_example/turtlebot3_patrol/turtlebot3_patrol_server.py -> /home/ros2/simu_ws/install/turtlebot3_example/lib/python3.10/site-packages/turtlebot3_example/turtlebot3_patrol
[2.611s] creating /home/ros2/simu_ws/install/turtlebot3_example/lib/python3.10/site-packages/turtlebot3_example/turtlebot3_obstacle_detection
[2.611s] copying /home/ros2/simu_ws/build/turtlebot3_example/build/lib/turtlebot3_example/turtlebot3_obstacle_detection/turtlebot3_obstacle_detection.py -> /home/ros2/simu_ws/install/turtlebot3_example/lib/python3.10/site-packages/turtlebot3_example/turtlebot3_obstacle_detection
[2.612s] copying /home/ros2/simu_ws/build/turtlebot3_example/build/lib/turtlebot3_example/turtlebot3_obstacle_detection/__init__.py -> /home/ros2/simu_ws/install/turtlebot3_example/lib/python3.10/site-packages/turtlebot3_example/turtlebot3_obstacle_detection
[2.613s] creating /home/ros2/simu_ws/install/turtlebot3_example/lib/python3.10/site-packages/turtlebot3_example/turtlebot3_absolute_move
[2.613s] copying /home/ros2/simu_ws/build/turtlebot3_example/build/lib/turtlebot3_example/turtlebot3_absolute_move/turtlebot3_absolute_move.py -> /home/ros2/simu_ws/install/turtlebot3_example/lib/python3.10/site-packages/turtlebot3_example/turtlebot3_absolute_move
[2.614s] copying /home/ros2/simu_ws/build/turtlebot3_example/build/lib/turtlebot3_example/turtlebot3_absolute_move/__init__.py -> /home/ros2/simu_ws/install/turtlebot3_example/lib/python3.10/site-packages/turtlebot3_example/turtlebot3_absolute_move
[2.617s] byte-compiling /home/ros2/simu_ws/install/turtlebot3_example/lib/python3.10/site-packages/turtlebot3_example/__init__.py to __init__.cpython-310.pyc
[2.620s] byte-compiling /home/ros2/simu_ws/install/turtlebot3_example/lib/python3.10/site-packages/turtlebot3_example/turtlebot3_interactive_marker/__init__.py to __init__.cpython-310.pyc
[2.621s] byte-compiling /home/ros2/simu_ws/install/turtlebot3_example/lib/python3.10/site-packages/turtlebot3_example/turtlebot3_interactive_marker/turtlebot3_interactive_marker.py to turtlebot3_interactive_marker.cpython-310.pyc
[2.629s] byte-compiling /home/ros2/simu_ws/install/turtlebot3_example/lib/python3.10/site-packages/turtlebot3_example/turtlebot3_relative_move/__init__.py to __init__.cpython-310.pyc
[2.631s] byte-compiling /home/ros2/simu_ws/install/turtlebot3_example/lib/python3.10/site-packages/turtlebot3_example/turtlebot3_relative_move/turtlebot3_relative_move.py to turtlebot3_relative_move.cpython-310.pyc
[2.636s] byte-compiling /home/ros2/simu_ws/install/turtlebot3_example/lib/python3.10/site-packages/turtlebot3_example/turtlebot3_patrol/__init__.py to __init__.cpython-310.pyc
[2.638s] byte-compiling /home/ros2/simu_ws/install/turtlebot3_example/lib/python3.10/site-packages/turtlebot3_example/turtlebot3_patrol/turtlebot3_patrol_client.py to turtlebot3_patrol_client.cpython-310.pyc
[2.640s] byte-compiling /home/ros2/simu_ws/install/turtlebot3_example/lib/python3.10/site-packages/turtlebot3_example/turtlebot3_patrol/turtlebot3_patrol_server.py to turtlebot3_patrol_server.cpython-310.pyc
[2.645s] byte-compiling /home/ros2/simu_ws/install/turtlebot3_example/lib/python3.10/site-packages/turtlebot3_example/turtlebot3_obstacle_detection/turtlebot3_obstacle_detection.py to turtlebot3_obstacle_detection.cpython-310.pyc
[2.647s] byte-compiling /home/ros2/simu_ws/install/turtlebot3_example/lib/python3.10/site-packages/turtlebot3_example/turtlebot3_obstacle_detection/__init__.py to __init__.cpython-310.pyc
[2.649s] byte-compiling /home/ros2/simu_ws/install/turtlebot3_example/lib/python3.10/site-packages/turtlebot3_example/turtlebot3_absolute_move/turtlebot3_absolute_move.py to turtlebot3_absolute_move.cpython-310.pyc
[2.653s] byte-compiling /home/ros2/simu_ws/install/turtlebot3_example/lib/python3.10/site-packages/turtlebot3_example/turtlebot3_absolute_move/__init__.py to __init__.cpython-310.pyc
[2.654s] running install_data
[2.655s] copying resource/turtlebot3_example -> /home/ros2/simu_ws/install/turtlebot3_example/share/ament_index/resource_index/packages
[2.657s] copying package.xml -> /home/ros2/simu_ws/install/turtlebot3_example/share/turtlebot3_example
[2.662s] running install_egg_info
[2.663s] Copying ../../../build/turtlebot3_example/turtlebot3_example.egg-info to /home/ros2/simu_ws/install/turtlebot3_example/lib/python3.10/site-packages/turtlebot3_example-2.3.1-py3.10.egg-info
[2.679s] running install_scripts
[2.709s] Installing turtlebot3_absolute_move script to /home/ros2/simu_ws/install/turtlebot3_example/lib/turtlebot3_example
[2.710s] Installing turtlebot3_interactive_marker script to /home/ros2/simu_ws/install/turtlebot3_example/lib/turtlebot3_example
[2.711s] Installing turtlebot3_obstacle_detection script to /home/ros2/simu_ws/install/turtlebot3_example/lib/turtlebot3_example
[2.711s] Installing turtlebot3_patrol_client script to /home/ros2/simu_ws/install/turtlebot3_example/lib/turtlebot3_example
[2.712s] Installing turtlebot3_patrol_server script to /home/ros2/simu_ws/install/turtlebot3_example/lib/turtlebot3_example
[2.713s] Installing turtlebot3_relative_move script to /home/ros2/simu_ws/install/turtlebot3_example/lib/turtlebot3_example
[2.717s] writing list of installed files to '/home/ros2/simu_ws/build/turtlebot3_example/install.log'
[2.739s] Invoked command in '/home/ros2/simu_ws/src/turtlebot3/turtlebot3_example' returned '0': PYTHONPATH=/home/ros2/simu_ws/build/turtlebot3_example/prefix_override:/usr/lib/python3/dist-packages/colcon_core/task/python/colcon_distutils_commands:/home/ros2/simu_ws/install/turtlebot3_example/lib/python3.10/site-packages:${PYTHONPATH} /usr/bin/python3 -W ignore:setup.py install is deprecated -W ignore:easy_install command is deprecated setup.py egg_info --egg-base ../../../build/turtlebot3_example build --build-base /home/ros2/simu_ws/build/turtlebot3_example/build install --record /home/ros2/simu_ws/build/turtlebot3_example/install.log --single-version-externally-managed install_data --force
