[0.078s] Invoking command in '/home/ros2/simu_ws/build/turtlebot3_description': CMAKE_PREFIX_PATH=/opt/ros/humble /usr/bin/cmake /home/ros2/simu_ws/src/turtlebot3/turtlebot3_description -DAMENT_CMAKE_SYMLINK_INSTALL=1 -DCMAKE_INSTALL_PREFIX=/home/ros2/simu_ws/install/turtlebot3_description
[0.586s] -- The C compiler identification is GNU 11.4.0
[0.981s] -- The CXX compiler identification is GNU 11.4.0
[1.017s] -- Detecting C compiler ABI info
[1.694s] -- Detecting C compiler ABI info - done
[1.711s] -- Check for working C compiler: /usr/bin/cc - skipped
[1.712s] -- Detecting C compile features
[1.714s] -- Detecting C compile features - done
[1.722s] -- Detecting CXX compiler ABI info
[2.376s] -- Detecting CXX compiler ABI info - done
[2.400s] -- Check for working CXX compiler: /usr/bin/c++ - skipped
[2.401s] -- Detecting CXX compile features
[2.405s] -- Detecting CXX compile features - done
[2.416s] -- Found ament_cmake: 1.3.11 (/opt/ros/humble/share/ament_cmake/cmake)
[3.056s] -- Found Python3: /usr/bin/python3 (found version "3.10.12") found components: Interpreter 
[3.225s] -- Override CMake install command with custom implementation using symlinks instead of copying resources
[3.287s] -- Found urdf: 2.6.1 (/opt/ros/humble/share/urdf/cmake)
[3.558s] -- Configuring done
[3.584s] -- Generating done
[3.608s] -- Build files have been written to: /home/ros2/simu_ws/build/turtlebot3_description
