[0.069s] Invoking command in '/home/ros2/simu_ws/build/simubot_launch': AMENT_PREFIX_PATH=/home/ros2/simu_ws/install/simubot_vision:/home/ros2/simu_ws/install/simubot_decision:/home/ros2/simu_ws/install/turtlebot3_description:/home/ros2/simu_ws/install/custom_msgs:${AMENT_PREFIX_PATH} CMAKE_PREFIX_PATH=/home/ros2/simu_ws/install/simubot_decision:/home/ros2/simu_ws/install/turtlebot3_description:/home/ros2/simu_ws/install/custom_msgs:/home/ros2/simu_ws/install/turtlebot3_teleop:/home/ros2/simu_ws/install/turtlebot3_example:/opt/ros/humble PYTHONPATH=/home/ros2/simu_ws/build/simubot_vision:/home/ros2/simu_ws/install/simubot_vision/lib/python3.10/site-packages:${PYTHONPATH} /usr/bin/cmake /home/ros2/simu_ws/src/simubot_launch -DAMENT_CMAKE_SYMLINK_INSTALL=1 -DCMAKE_INSTALL_PREFIX=/home/ros2/simu_ws/install/simubot_launch
[0.152s] -- Found ament_cmake: 1.3.11 (/opt/ros/humble/share/ament_cmake/cmake)
[0.559s] -- Override CMake install command with custom implementation using symlinks instead of copying resources
[0.569s] -- Found gazebo_ros: 3.9.0 (/opt/ros/humble/share/gazebo_ros/cmake)
[0.610s] -- Found rosidl_generator_c: 3.1.6 (/opt/ros/humble/share/rosidl_generator_c/cmake)
[0.612s] -- Found rosidl_adapter: 3.1.6 (/opt/ros/humble/share/rosidl_adapter/cmake)
[0.614s] -- Found rosidl_generator_cpp: 3.1.6 (/opt/ros/humble/share/rosidl_generator_cpp/cmake)
[0.622s] -- Using all available rosidl_typesupport_c: rosidl_typesupport_fastrtps_c;rosidl_typesupport_introspection_c
[0.634s] -- Using all available rosidl_typesupport_cpp: rosidl_typesupport_fastrtps_cpp;rosidl_typesupport_introspection_cpp
[0.662s] -- Found rmw_implementation_cmake: 6.1.2 (/opt/ros/humble/share/rmw_implementation_cmake/cmake)
[0.665s] -- Found rmw_fastrtps_cpp: 6.2.7 (/opt/ros/humble/share/rmw_fastrtps_cpp/cmake)
[0.853s] -- Using RMW implementation 'rmw_fastrtps_cpp' as default
[0.965s] -- Found DART: /usr/include (Required is at least version "6.6") found components: dart 
[1.029s] -- Found Protobuf: /usr/lib/x86_64-linux-gnu/libprotobuf.so (found version "3.12.4") 
[1.029s] -- Looking for ignition-math6 -- found version 6.15.1
[1.034s] -- Searching for dependencies of ignition-math6
[1.036s] -- Looking for OGRE...
[1.054s] -- Found Ogre Ghadamon (1.9.0)
[1.055s] -- Found OGRE: optimized;/usr/lib/x86_64-linux-gnu/libOgreMain.so;debug;/usr/lib/x86_64-linux-gnu/libOgreMain.so
[1.060s] -- Looking for OGRE_Paging...
[1.061s] -- Found OGRE_Paging: optimized;/usr/lib/x86_64-linux-gnu/libOgrePaging.so;debug;/usr/lib/x86_64-linux-gnu/libOgrePaging.so
[1.061s] -- Looking for OGRE_Terrain...
[1.062s] -- Found OGRE_Terrain: optimized;/usr/lib/x86_64-linux-gnu/libOgreTerrain.so;debug;/usr/lib/x86_64-linux-gnu/libOgreTerrain.so
[1.066s] -- Looking for OGRE_Property...
[1.066s] -- Found OGRE_Property: optimized;/usr/lib/x86_64-linux-gnu/libOgreProperty.so;debug;/usr/lib/x86_64-linux-gnu/libOgreProperty.so
[1.066s] -- Looking for OGRE_RTShaderSystem...
[1.066s] -- Found OGRE_RTShaderSystem: optimized;/usr/lib/x86_64-linux-gnu/libOgreRTShaderSystem.so;debug;/usr/lib/x86_64-linux-gnu/libOgreRTShaderSystem.so
[1.067s] -- Looking for OGRE_Volume...
[1.067s] -- Found OGRE_Volume: optimized;/usr/lib/x86_64-linux-gnu/libOgreVolume.so;debug;/usr/lib/x86_64-linux-gnu/libOgreVolume.so
[1.067s] -- Looking for OGRE_Overlay...
[1.068s] -- Found OGRE_Overlay: optimized;/usr/lib/x86_64-linux-gnu/libOgreOverlay.so;debug;/usr/lib/x86_64-linux-gnu/libOgreOverlay.so
[1.614s] -- Looking for ignition-math6 -- found version 6.15.1
[1.615s] -- Looking for ignition-transport8 -- found version 8.2.1
[1.615s] -- Searching for dependencies of ignition-transport8
[1.670s] -- Found Protobuf: /usr/lib/x86_64-linux-gnu/libprotobuf.so (found suitable version "3.12.4", minimum required is "3") 
[1.692s] -- Config-file not installed for ZeroMQ -- checking for pkg-config
[1.713s] -- Checking for module 'libzmq >= 4'
[1.825s] --   Found libzmq , version 4.3.4
[2.109s] -- Checking for module 'uuid'
[2.215s] --   Found uuid, version 2.37.2
[2.473s] -- Looking for ignition-msgs5 -- found version 5.8.1
[2.473s] -- Searching for dependencies of ignition-msgs5
[2.520s] -- Looking for ignition-math6 -- found version 6.15.1
[2.537s] -- Checking for module 'tinyxml2'
[2.640s] --   Found tinyxml2, version 9.0.0
[2.895s] -- Looking for ignition-msgs5 -- found version 5.8.1
[2.895s] -- Looking for ignition-common3 -- found version 3.14.0
[2.895s] -- Searching for dependencies of ignition-common3
[2.896s] -- Looking for dlfcn.h - found
[2.896s] -- Looking for libdl - found
[2.921s] -- Searching for <ignition-common3> component [graphics]
[2.922s] -- Looking for ignition-common3-graphics -- found version 3.14.0
[2.924s] -- Searching for dependencies of ignition-common3-graphics
[2.924s] -- Looking for ignition-math6 -- found version 6.15.1
[2.925s] -- Looking for ignition-fuel_tools4 -- found version 4.4.0
[2.927s] -- Searching for dependencies of ignition-fuel_tools4
[3.043s] -- Checking for module 'jsoncpp'
[3.168s] --   Found jsoncpp, version 1.9.5
[3.459s] -- Checking for module 'libzip'
[3.559s] --   Found libzip, version 1.7.3
[3.820s] -- Looking for ignition-common3 -- found version 3.14.0
[3.820s] -- Looking for ignition-math6 -- found version 6.15.1
[3.820s] -- Looking for ignition-msgs5 -- found version 5.8.1
[3.821s] -- Gazebo version: 11.10
[3.821s] -- Found rclpy: 3.3.16 (/opt/ros/humble/share/rclpy/cmake)
[3.838s] [31mCMake Error at CMakeLists.txt:12 (find_package):
[3.838s]   By not providing "Findsimubot_vision.cmake" in CMAKE_MODULE_PATH this
[3.838s]   project has asked CMake to find a package configuration file provided by
[3.838s]   "simubot_vision", but CMake did not find one.
[3.840s] 
[3.840s]   Could not find a package configuration file provided by "simubot_vision"
[3.840s]   with any of the following names:
[3.840s] 
[3.841s]     simubot_visionConfig.cmake
[3.843s]     simubot_vision-config.cmake
[3.844s] 
[3.845s]   Add the installation prefix of "simubot_vision" to CMAKE_PREFIX_PATH or set
[3.845s]   "simubot_vision_DIR" to a directory containing one of the above files.  If
[3.845s]   "simubot_vision" provides a separate development package or SDK, be sure it
[3.846s]   has been installed.
[3.846s] 
[3.847s] [0m
[3.847s] -- Configuring incomplete, errors occurred!
[3.854s] See also "/home/ros2/simu_ws/build/simubot_launch/CMakeFiles/CMakeOutput.log".
[3.858s] Invoked command in '/home/ros2/simu_ws/build/simubot_launch' returned '1': AMENT_PREFIX_PATH=/home/ros2/simu_ws/install/simubot_vision:/home/ros2/simu_ws/install/simubot_decision:/home/ros2/simu_ws/install/turtlebot3_description:/home/ros2/simu_ws/install/custom_msgs:${AMENT_PREFIX_PATH} CMAKE_PREFIX_PATH=/home/ros2/simu_ws/install/simubot_decision:/home/ros2/simu_ws/install/turtlebot3_description:/home/ros2/simu_ws/install/custom_msgs:/home/ros2/simu_ws/install/turtlebot3_teleop:/home/ros2/simu_ws/install/turtlebot3_example:/opt/ros/humble PYTHONPATH=/home/ros2/simu_ws/build/simubot_vision:/home/ros2/simu_ws/install/simubot_vision/lib/python3.10/site-packages:${PYTHONPATH} /usr/bin/cmake /home/ros2/simu_ws/src/simubot_launch -DAMENT_CMAKE_SYMLINK_INSTALL=1 -DCMAKE_INSTALL_PREFIX=/home/ros2/simu_ws/install/simubot_launch
