[0.127s] Invoking command in '/home/ros2/simu_ws/build/turtlebot3_description': CMAKE_PREFIX_PATH=${CMAKE_PREFIX_PATH}:/home/ros2/simu_ws/install/turtlebot3_teleop:/home/ros2/simu_ws/install/turtlebot3_example:/home/ros2/simu_ws/install/simubot_vision:/opt/ros/humble /usr/bin/cmake /home/ros2/simu_ws/src/turtlebot3/turtlebot3_description -DCMAKE_INSTALL_PREFIX=/home/ros2/simu_ws/install/turtlebot3_description
[0.540s] -- Found ament_cmake: 1.3.11 (/opt/ros/humble/share/ament_cmake/cmake)
[0.747s] -- Override CMake install command with custom implementation using symlinks instead of copying resources
[0.780s] -- Found urdf: 2.6.1 (/opt/ros/humble/share/urdf/cmake)
[1.160s] -- Configuring done
[1.239s] -- Generating done
[1.272s] -- Build files have been written to: /home/ros2/simu_ws/build/turtlebot3_description
[1.281s] Invoked command in '/home/ros2/simu_ws/build/turtlebot3_description' returned '0': CMAKE_PREFIX_PATH=${CMAKE_PREFIX_PATH}:/home/ros2/simu_ws/install/turtlebot3_teleop:/home/ros2/simu_ws/install/turtlebot3_example:/home/ros2/simu_ws/install/simubot_vision:/opt/ros/humble /usr/bin/cmake /home/ros2/simu_ws/src/turtlebot3/turtlebot3_description -DCMAKE_INSTALL_PREFIX=/home/ros2/simu_ws/install/turtlebot3_description
[1.290s] Invoking command in '/home/ros2/simu_ws/build/turtlebot3_description': CMAKE_PREFIX_PATH=${CMAKE_PREFIX_PATH}:/home/ros2/simu_ws/install/turtlebot3_teleop:/home/ros2/simu_ws/install/turtlebot3_example:/home/ros2/simu_ws/install/simubot_vision:/opt/ros/humble /usr/bin/cmake --build /home/ros2/simu_ws/build/turtlebot3_description -- -j10 -l10
[1.754s] Invoked command in '/home/ros2/simu_ws/build/turtlebot3_description' returned '0': CMAKE_PREFIX_PATH=${CMAKE_PREFIX_PATH}:/home/ros2/simu_ws/install/turtlebot3_teleop:/home/ros2/simu_ws/install/turtlebot3_example:/home/ros2/simu_ws/install/simubot_vision:/opt/ros/humble /usr/bin/cmake --build /home/ros2/simu_ws/build/turtlebot3_description -- -j10 -l10
[1.769s] Invoking command in '/home/ros2/simu_ws/build/turtlebot3_description': CMAKE_PREFIX_PATH=${CMAKE_PREFIX_PATH}:/home/ros2/simu_ws/install/turtlebot3_teleop:/home/ros2/simu_ws/install/turtlebot3_example:/home/ros2/simu_ws/install/simubot_vision:/opt/ros/humble /usr/bin/cmake --install /home/ros2/simu_ws/build/turtlebot3_description
[1.885s] -- Install configuration: ""
[1.888s] -- Execute custom install script
[1.917s] -- Up-to-date symlink: /home/ros2/simu_ws/install/turtlebot3_description/share/turtlebot3_description/meshes/bases/burger_base.stl
[1.921s] -- Up-to-date symlink: /home/ros2/simu_ws/install/turtlebot3_description/share/turtlebot3_description/meshes/bases/waffle_base.stl
[1.929s] -- Up-to-date symlink: /home/ros2/simu_ws/install/turtlebot3_description/share/turtlebot3_description/meshes/bases/waffle_pi_base.stl
[1.932s] -- Up-to-date symlink: /home/ros2/simu_ws/install/turtlebot3_description/share/turtlebot3_description/meshes/sensors/astra.dae
[1.934s] -- Up-to-date symlink: /home/ros2/simu_ws/install/turtlebot3_description/share/turtlebot3_description/meshes/sensors/astra.jpg
[1.936s] -- Up-to-date symlink: /home/ros2/simu_ws/install/turtlebot3_description/share/turtlebot3_description/meshes/sensors/lds.stl
[1.938s] -- Up-to-date symlink: /home/ros2/simu_ws/install/turtlebot3_description/share/turtlebot3_description/meshes/sensors/r200.dae
[1.939s] -- Up-to-date symlink: /home/ros2/simu_ws/install/turtlebot3_description/share/turtlebot3_description/meshes/sensors/r200.jpg
[1.941s] -- Up-to-date symlink: /home/ros2/simu_ws/install/turtlebot3_description/share/turtlebot3_description/meshes/wheels/left_tire.stl
[1.943s] -- Up-to-date symlink: /home/ros2/simu_ws/install/turtlebot3_description/share/turtlebot3_description/meshes/wheels/right_tire.stl
[1.952s] -- Up-to-date symlink: /home/ros2/simu_ws/install/turtlebot3_description/share/turtlebot3_description/rviz/model.rviz
[1.955s] -- Up-to-date symlink: /home/ros2/simu_ws/install/turtlebot3_description/share/turtlebot3_description/urdf/common_properties.urdf
[1.960s] -- Up-to-date symlink: /home/ros2/simu_ws/install/turtlebot3_description/share/turtlebot3_description/urdf/turtlebot3_burger.urdf
[1.964s] -- Up-to-date symlink: /home/ros2/simu_ws/install/turtlebot3_description/share/turtlebot3_description/urdf/turtlebot3_waffle.urdf
[1.965s] -- Up-to-date symlink: /home/ros2/simu_ws/install/turtlebot3_description/share/turtlebot3_description/urdf/turtlebot3_waffle_pi.urdf
[1.967s] -- Up-to-date symlink: /home/ros2/simu_ws/install/turtlebot3_description/share/ament_index/resource_index/package_run_dependencies/turtlebot3_description
[1.970s] -- Up-to-date symlink: /home/ros2/simu_ws/install/turtlebot3_description/share/ament_index/resource_index/parent_prefix_path/turtlebot3_description
[1.971s] -- Up-to-date symlink: /home/ros2/simu_ws/install/turtlebot3_description/share/turtlebot3_description/environment/ament_prefix_path.sh
[1.972s] -- Up-to-date symlink: /home/ros2/simu_ws/install/turtlebot3_description/share/turtlebot3_description/environment/ament_prefix_path.dsv
[1.974s] -- Up-to-date symlink: /home/ros2/simu_ws/install/turtlebot3_description/share/turtlebot3_description/environment/path.sh
[1.975s] -- Up-to-date symlink: /home/ros2/simu_ws/install/turtlebot3_description/share/turtlebot3_description/environment/path.dsv
[1.977s] -- Up-to-date symlink: /home/ros2/simu_ws/install/turtlebot3_description/share/turtlebot3_description/local_setup.bash
[1.978s] -- Up-to-date symlink: /home/ros2/simu_ws/install/turtlebot3_description/share/turtlebot3_description/local_setup.sh
[1.978s] -- Up-to-date symlink: /home/ros2/simu_ws/install/turtlebot3_description/share/turtlebot3_description/local_setup.zsh
[1.979s] -- Up-to-date symlink: /home/ros2/simu_ws/install/turtlebot3_description/share/turtlebot3_description/local_setup.dsv
[1.982s] -- Symlinking: /home/ros2/simu_ws/install/turtlebot3_description/share/turtlebot3_description/package.dsv
[2.037s] -- Up-to-date symlink: /home/ros2/simu_ws/install/turtlebot3_description/share/ament_index/resource_index/packages/turtlebot3_description
[2.038s] -- Up-to-date symlink: /home/ros2/simu_ws/install/turtlebot3_description/share/turtlebot3_description/cmake/turtlebot3_descriptionConfig.cmake
[2.040s] -- Up-to-date symlink: /home/ros2/simu_ws/install/turtlebot3_description/share/turtlebot3_description/cmake/turtlebot3_descriptionConfig-version.cmake
[2.041s] -- Up-to-date symlink: /home/ros2/simu_ws/install/turtlebot3_description/share/turtlebot3_description/package.xml
[2.066s] Invoked command in '/home/ros2/simu_ws/build/turtlebot3_description' returned '0': CMAKE_PREFIX_PATH=${CMAKE_PREFIX_PATH}:/home/ros2/simu_ws/install/turtlebot3_teleop:/home/ros2/simu_ws/install/turtlebot3_example:/home/ros2/simu_ws/install/simubot_vision:/opt/ros/humble /usr/bin/cmake --install /home/ros2/simu_ws/build/turtlebot3_description
