[0.102s] Invoking command in '/home/ros2/simu_ws/build/turtlebot3_node': CMAKE_PREFIX_PATH=/opt/ros/humble /usr/bin/cmake --build /home/ros2/simu_ws/build/turtlebot3_node -- -j10 -l10
[0.398s] -- Found ament_cmake: 1.3.11 (/opt/ros/humble/share/ament_cmake/cmake)
[0.727s] -- Override CMake install command with custom implementation using symlinks instead of copying resources
[0.766s] [31mCMake Error at CMakeLists.txt:19 (find_package):
[0.766s]   By not providing "Finddynamixel_sdk.cmake" in CMAKE_MODULE_PATH this
[0.767s]   project has asked CMake to find a package configuration file provided by
[0.767s]   "dynamixel_sdk", but CMake did not find one.
[0.768s] 
[0.768s]   Could not find a package configuration file provided by "dynamixel_sdk"
[0.769s]   with any of the following names:
[0.769s] 
[0.769s]     dynamixel_sdkConfig.cmake
[0.769s]     dynamixel_sdk-config.cmake
[0.769s] 
[0.769s]   Add the installation prefix of "dynamixel_sdk" to CMAKE_PREFIX_PATH or set
[0.770s]   "dynamixel_sdk_DIR" to a directory containing one of the above files.  If
[0.770s]   "dynamixel_sdk" provides a separate development package or SDK, be sure it
[0.770s]   has been installed.
[0.772s] 
[0.772s] [0m
[0.778s] -- Configuring incomplete, errors occurred!
[0.779s] See also "/home/ros2/simu_ws/build/turtlebot3_node/CMakeFiles/CMakeOutput.log".
[0.783s] gmake: *** [Makefile:578: cmake_check_build_system] Error 1
[0.850s] Invoked command in '/home/ros2/simu_ws/build/turtlebot3_node' returned '2': CMAKE_PREFIX_PATH=/opt/ros/humble /usr/bin/cmake --build /home/ros2/simu_ws/build/turtlebot3_node -- -j10 -l10
