[0.078s] Invoking command in '/home/ros2/simu_ws/build/turtlebot3_node': CMAKE_PREFIX_PATH=/opt/ros/humble /usr/bin/cmake /home/ros2/simu_ws/src/turtlebot3/turtlebot3_node -DAMENT_CMAKE_SYMLINK_INSTALL=1 -DCMAKE_INSTALL_PREFIX=/home/ros2/simu_ws/install/turtlebot3_node
[0.594s] -- The C compiler identification is GNU 11.4.0
[0.962s] -- The CXX compiler identification is GNU 11.4.0
[1.001s] -- Detecting C compiler ABI info
[1.666s] -- Detecting C compiler ABI info - done
[1.687s] -- Check for working C compiler: /usr/bin/cc - skipped
[1.688s] -- Detecting C compile features
[1.689s] -- Detecting C compile features - done
[1.703s] -- Detecting CXX compiler ABI info
[2.361s] -- Detecting CXX compiler ABI info - done
[2.386s] -- Check for working CXX compiler: /usr/bin/c++ - skipped
[2.387s] -- Detecting CXX compile features
[2.387s] -- Detecting CXX compile features - done
[2.400s] -- Found ament_cmake: 1.3.11 (/opt/ros/humble/share/ament_cmake/cmake)
[3.028s] -- Found Python3: /usr/bin/python3 (found version "3.10.12") found components: Interpreter 
[3.187s] -- Override CMake install command with custom implementation using symlinks instead of copying resources
[3.244s] [31mCMake Error at CMakeLists.txt:19 (find_package):
[3.245s]   By not providing "Finddynamixel_sdk.cmake" in CMAKE_MODULE_PATH this
[3.245s]   project has asked CMake to find a package configuration file provided by
[3.251s]   "dynamixel_sdk", but CMake did not find one.
[3.251s] 
[3.251s]   Could not find a package configuration file provided by "dynamixel_sdk"
[3.251s]   with any of the following names:
[3.252s] 
[3.252s]     dynamixel_sdkConfig.cmake
[3.252s]     dynamixel_sdk-config.cmake
[3.252s] 
[3.253s]   Add the installation prefix of "dynamixel_sdk" to CMAKE_PREFIX_PATH or set
[3.254s]   "dynamixel_sdk_DIR" to a directory containing one of the above files.  If
[3.254s]   "dynamixel_sdk" provides a separate development package or SDK, be sure it
[3.255s]   has been installed.
[3.256s] 
[3.256s] [0m
[3.257s] -- Configuring incomplete, errors occurred!
[3.258s] See also "/home/ros2/simu_ws/build/turtlebot3_node/CMakeFiles/CMakeOutput.log".
[3.259s] Invoked command in '/home/ros2/simu_ws/build/turtlebot3_node' returned '1': CMAKE_PREFIX_PATH=/opt/ros/humble /usr/bin/cmake /home/ros2/simu_ws/src/turtlebot3/turtlebot3_node -DAMENT_CMAKE_SYMLINK_INSTALL=1 -DCMAKE_INSTALL_PREFIX=/home/ros2/simu_ws/install/turtlebot3_node
