[0.085s] Invoking command in '/home/ros2/simu_ws/build/simubot_launch': AMENT_PREFIX_PATH=/home/ros2/simu_ws/install/simubot_vision:/home/ros2/simu_ws/install/simubot_decision:/home/ros2/simu_ws/install/turtlebot3_description:/home/ros2/simu_ws/install/custom_msgs:${AMENT_PREFIX_PATH} CMAKE_PREFIX_PATH=/home/ros2/simu_ws/install/simubot_decision:/home/ros2/simu_ws/install/turtlebot3_description:/home/ros2/simu_ws/install/custom_msgs:/home/ros2/simu_ws/install/turtlebot3_teleop:/home/ros2/simu_ws/install/turtlebot3_example:/opt/ros/humble PYTHONPATH=/home/ros2/simu_ws/build/simubot_vision:/home/ros2/simu_ws/install/simubot_vision/lib/python3.10/site-packages:${PYTHONPATH} /usr/bin/cmake /home/ros2/simu_ws/src/simubot_launch -DAMENT_CMAKE_SYMLINK_INSTALL=1 -DCMAKE_INSTALL_PREFIX=/home/ros2/simu_ws/install/simubot_launch
[0.540s] -- The C compiler identification is GNU 11.4.0
[0.871s] -- The CXX compiler identification is GNU 11.4.0
[0.903s] -- Detecting C compiler ABI info
[1.464s] -- Detecting C compiler ABI info - done
[1.482s] -- Check for working C compiler: /usr/bin/cc - skipped
[1.483s] -- Detecting C compile features
[1.483s] -- Detecting C compile features - done
[1.487s] -- Detecting CXX compiler ABI info
[2.020s] -- Detecting CXX compiler ABI info - done
[2.038s] -- Check for working CXX compiler: /usr/bin/c++ - skipped
[2.039s] -- Detecting CXX compile features
[2.039s] -- Detecting CXX compile features - done
[2.055s] -- Found ament_cmake: 1.3.11 (/opt/ros/humble/share/ament_cmake/cmake)
[2.703s] -- Found Python3: /usr/bin/python3 (found version "3.10.12") found components: Interpreter 
[2.861s] -- Override CMake install command with custom implementation using symlinks instead of copying resources
[2.998s] -- Found gazebo_ros: 3.9.0 (/opt/ros/humble/share/gazebo_ros/cmake)
[3.116s] -- Found rosidl_generator_c: 3.1.6 (/opt/ros/humble/share/rosidl_generator_c/cmake)
[3.135s] -- Found rosidl_adapter: 3.1.6 (/opt/ros/humble/share/rosidl_adapter/cmake)
[3.154s] -- Found rosidl_generator_cpp: 3.1.6 (/opt/ros/humble/share/rosidl_generator_cpp/cmake)
[3.176s] -- Using all available rosidl_typesupport_c: rosidl_typesupport_fastrtps_c;rosidl_typesupport_introspection_c
[3.209s] -- Using all available rosidl_typesupport_cpp: rosidl_typesupport_fastrtps_cpp;rosidl_typesupport_introspection_cpp
[3.312s] -- Found rmw_implementation_cmake: 6.1.2 (/opt/ros/humble/share/rmw_implementation_cmake/cmake)
[3.322s] -- Found rmw_fastrtps_cpp: 6.2.7 (/opt/ros/humble/share/rmw_fastrtps_cpp/cmake)
[3.776s] -- Found OpenSSL: /usr/lib/x86_64-linux-gnu/libcrypto.so (found version "3.0.2")  
[3.823s] -- Found FastRTPS: /opt/ros/humble/include  
[3.904s] -- Using RMW implementation 'rmw_fastrtps_cpp' as default
[3.945s] -- Looking for pthread.h
[4.467s] -- Looking for pthread.h - found
[4.468s] -- Performing Test CMAKE_HAVE_LIBC_PTHREAD
[5.009s] -- Performing Test CMAKE_HAVE_LIBC_PTHREAD - Success
[5.010s] -- Found Threads: TRUE  
[5.127s] -- Found PkgConfig: /usr/bin/pkg-config (found version "0.29.2") 
[5.127s] -- Checking for module 'bullet>=2.82'
[5.232s] --   Found bullet, version 3.05
[5.952s] -- Found fcl: /usr/include (found suitable version "0.7.0", minimum required is "0.5.0") 
[6.330s] -- Found assimp: /usr/include (found version "5.2.0") 
[6.395s] -- Found DART: /usr/include (Required is at least version "6.6") found components: dart 
[6.495s] -- Found Boost: /usr/lib/x86_64-linux-gnu/cmake/Boost-1.74.0/BoostConfig.cmake (found suitable version "1.74.0", minimum required is "1.40.0") found components: thread system filesystem program_options regex iostreams date_time 
[6.540s] -- Found Protobuf: /usr/lib/x86_64-linux-gnu/libprotobuf.so (found version "3.12.4") 
[6.566s] -- Looking for ignition-math6 -- found version 6.15.1
[6.585s] -- Searching for dependencies of ignition-math6
[6.586s] -- Looking for OGRE...
[6.587s] -- OGRE_PREFIX_WATCH changed.
[6.605s] -- Checking for module 'OGRE'
[6.717s] --   Found OGRE, version 1.9.0
[7.024s] -- Found Ogre Ghadamon (1.9.0)
[7.040s] -- Found OGRE: optimized;/usr/lib/x86_64-linux-gnu/libOgreMain.so;debug;/usr/lib/x86_64-linux-gnu/libOgreMain.so
[7.050s] -- Looking for OGRE_Paging...
[7.066s] -- Found OGRE_Paging: optimized;/usr/lib/x86_64-linux-gnu/libOgrePaging.so;debug;/usr/lib/x86_64-linux-gnu/libOgrePaging.so
[7.066s] -- Looking for OGRE_Terrain...
[7.090s] -- Found OGRE_Terrain: optimized;/usr/lib/x86_64-linux-gnu/libOgreTerrain.so;debug;/usr/lib/x86_64-linux-gnu/libOgreTerrain.so
[7.090s] -- Looking for OGRE_Property...
[7.109s] -- Found OGRE_Property: optimized;/usr/lib/x86_64-linux-gnu/libOgreProperty.so;debug;/usr/lib/x86_64-linux-gnu/libOgreProperty.so
[7.109s] -- Looking for OGRE_RTShaderSystem...
[7.127s] -- Found OGRE_RTShaderSystem: optimized;/usr/lib/x86_64-linux-gnu/libOgreRTShaderSystem.so;debug;/usr/lib/x86_64-linux-gnu/libOgreRTShaderSystem.so
[7.127s] -- Looking for OGRE_Volume...
[7.142s] -- Found OGRE_Volume: optimized;/usr/lib/x86_64-linux-gnu/libOgreVolume.so;debug;/usr/lib/x86_64-linux-gnu/libOgreVolume.so
[7.142s] -- Looking for OGRE_Overlay...
[7.156s] -- Found OGRE_Overlay: optimized;/usr/lib/x86_64-linux-gnu/libOgreOverlay.so;debug;/usr/lib/x86_64-linux-gnu/libOgreOverlay.so
[7.695s] -- Looking for ignition-math6 -- found version 6.15.1
[7.707s] -- Looking for ignition-transport8 -- found version 8.2.1
[7.708s] -- Searching for dependencies of ignition-transport8
[7.772s] -- Found Protobuf: /usr/lib/x86_64-linux-gnu/libprotobuf.so (found suitable version "3.12.4", minimum required is "3") 
[7.789s] -- Config-file not installed for ZeroMQ -- checking for pkg-config
[7.810s] -- Checking for module 'libzmq >= 4'
[7.927s] --   Found libzmq , version 4.3.4
[8.242s] -- Found ZeroMQ: TRUE (Required is at least version "4") 
[8.264s] -- Checking for module 'uuid'
[8.383s] --   Found uuid, version 2.37.2
[8.680s] -- Found UUID: TRUE  
[8.696s] -- Looking for ignition-msgs5 -- found version 5.8.1
[8.697s] -- Searching for dependencies of ignition-msgs5
[8.744s] -- Looking for ignition-math6 -- found version 6.15.1
[8.760s] -- Checking for module 'tinyxml2'
[8.877s] --   Found tinyxml2, version 9.0.0
[9.179s] -- Looking for ignition-msgs5 -- found version 5.8.1
[9.191s] -- Looking for ignition-common3 -- found version 3.14.0
[9.191s] -- Searching for dependencies of ignition-common3
[9.192s] -- Looking for dlfcn.h - found
[9.193s] -- Looking for libdl - found
[9.194s] -- Found DL: TRUE  
[9.230s] -- Found tinyobjloader: /usr/lib/x86_64-linux-gnu/cmake/tinyobjloader/tinyobjloader-config.cmake (found version "2.0.0") 
[9.230s] -- Searching for <ignition-common3> component [graphics]
[9.241s] -- Looking for ignition-common3-graphics -- found version 3.14.0
[9.241s] -- Searching for dependencies of ignition-common3-graphics
[9.242s] -- Looking for ignition-math6 -- found version 6.15.1
[9.253s] -- Looking for ignition-fuel_tools4 -- found version 4.4.0
[9.253s] -- Searching for dependencies of ignition-fuel_tools4
[9.796s] -- Found CURL: /usr/lib/x86_64-linux-gnu/libcurl.so (found version "7.81.0")  
[9.826s] -- Checking for module 'jsoncpp'
[9.949s] --   Found jsoncpp, version 1.9.5
[10.209s] -- Found JSONCPP: TRUE  
[10.230s] -- Checking for module 'libzip'
[10.331s] --   Found libzip, version 1.7.3
[10.593s] -- Found ZIP: TRUE  
[10.594s] -- Looking for ignition-common3 -- found version 3.14.0
[10.594s] -- Looking for ignition-math6 -- found version 6.15.1
[10.594s] -- Looking for ignition-msgs5 -- found version 5.8.1
[10.608s] -- Gazebo version: 11.10
[10.608s] -- Checking for module 'tbb'
[10.710s] --   Found tbb, version 2021.5.0
[10.981s] -- Found rclpy: 3.3.16 (/opt/ros/humble/share/rclpy/cmake)
[11.001s] [31mCMake Error at CMakeLists.txt:12 (find_package):
[11.001s]   By not providing "Findsimubot_vision.cmake" in CMAKE_MODULE_PATH this
[11.001s]   project has asked CMake to find a package configuration file provided by
[11.001s]   "simubot_vision", but CMake did not find one.
[11.002s] 
[11.003s]   Could not find a package configuration file provided by "simubot_vision"
[11.004s]   with any of the following names:
[11.004s] 
[11.005s]     simubot_visionConfig.cmake
[11.005s]     simubot_vision-config.cmake
[11.009s] 
[11.012s]   Add the installation prefix of "simubot_vision" to CMAKE_PREFIX_PATH or set
[11.013s]   "simubot_vision_DIR" to a directory containing one of the above files.  If
[11.013s]   "simubot_vision" provides a separate development package or SDK, be sure it
[11.013s]   has been installed.
[11.013s] 
[11.013s] [0m
[11.014s] -- Configuring incomplete, errors occurred!
[11.014s] See also "/home/ros2/simu_ws/build/simubot_launch/CMakeFiles/CMakeOutput.log".
[11.022s] Invoked command in '/home/ros2/simu_ws/build/simubot_launch' returned '1': AMENT_PREFIX_PATH=/home/ros2/simu_ws/install/simubot_vision:/home/ros2/simu_ws/install/simubot_decision:/home/ros2/simu_ws/install/turtlebot3_description:/home/ros2/simu_ws/install/custom_msgs:${AMENT_PREFIX_PATH} CMAKE_PREFIX_PATH=/home/ros2/simu_ws/install/simubot_decision:/home/ros2/simu_ws/install/turtlebot3_description:/home/ros2/simu_ws/install/custom_msgs:/home/ros2/simu_ws/install/turtlebot3_teleop:/home/ros2/simu_ws/install/turtlebot3_example:/opt/ros/humble PYTHONPATH=/home/ros2/simu_ws/build/simubot_vision:/home/ros2/simu_ws/install/simubot_vision/lib/python3.10/site-packages:${PYTHONPATH} /usr/bin/cmake /home/ros2/simu_ws/src/simubot_launch -DAMENT_CMAKE_SYMLINK_INSTALL=1 -DCMAKE_INSTALL_PREFIX=/home/ros2/simu_ws/install/simubot_launch
