[0.088s] Invoking command in '/home/ros2/simu_ws/build/custom_msgs': CMAKE_PREFIX_PATH=/home/ros2/simu_ws/install/turtlebot3_teleop:/home/ros2/simu_ws/install/turtlebot3_example:/opt/ros/humble /usr/bin/cmake --build /home/ros2/simu_ws/build/custom_msgs -- -j10 -l10
[0.857s] Invoked command in '/home/ros2/simu_ws/build/custom_msgs' returned '0': CMAKE_PREFIX_PATH=/home/ros2/simu_ws/install/turtlebot3_teleop:/home/ros2/simu_ws/install/turtlebot3_example:/opt/ros/humble /usr/bin/cmake --build /home/ros2/simu_ws/build/custom_msgs -- -j10 -l10
[0.862s] Invoking command in '/home/ros2/simu_ws/build/custom_msgs': CMAKE_PREFIX_PATH=/home/ros2/simu_ws/install/turtlebot3_teleop:/home/ros2/simu_ws/install/turtlebot3_example:/opt/ros/humble /usr/bin/cmake --install /home/ros2/simu_ws/build/custom_msgs
[0.920s] -- Install configuration: ""
[0.924s] -- Execute custom install script
[0.930s] -- Up-to-date symlink: /home/ros2/simu_ws/install/custom_msgs/share/ament_index/resource_index/package_run_dependencies/custom_msgs
[0.932s] -- Up-to-date symlink: /home/ros2/simu_ws/install/custom_msgs/share/ament_index/resource_index/parent_prefix_path/custom_msgs
[0.934s] -- Up-to-date symlink: /home/ros2/simu_ws/install/custom_msgs/share/custom_msgs/environment/ament_prefix_path.sh
[0.937s] -- Up-to-date symlink: /home/ros2/simu_ws/install/custom_msgs/share/custom_msgs/environment/ament_prefix_path.dsv
[0.939s] -- Up-to-date symlink: /home/ros2/simu_ws/install/custom_msgs/share/custom_msgs/environment/path.sh
[0.940s] -- Up-to-date symlink: /home/ros2/simu_ws/install/custom_msgs/share/custom_msgs/environment/path.dsv
[0.942s] -- Up-to-date symlink: /home/ros2/simu_ws/install/custom_msgs/share/custom_msgs/local_setup.bash
[0.945s] -- Up-to-date symlink: /home/ros2/simu_ws/install/custom_msgs/share/custom_msgs/local_setup.sh
[0.946s] -- Up-to-date symlink: /home/ros2/simu_ws/install/custom_msgs/share/custom_msgs/local_setup.zsh
[0.948s] -- Up-to-date symlink: /home/ros2/simu_ws/install/custom_msgs/share/custom_msgs/local_setup.dsv
[0.949s] -- Symlinking: /home/ros2/simu_ws/install/custom_msgs/share/custom_msgs/package.dsv
[1.001s] -- Up-to-date symlink: /home/ros2/simu_ws/install/custom_msgs/share/ament_index/resource_index/packages/custom_msgs
[1.003s] -- Up-to-date symlink: /home/ros2/simu_ws/install/custom_msgs/share/custom_msgs/cmake/custom_msgsConfig.cmake
[1.005s] -- Up-to-date symlink: /home/ros2/simu_ws/install/custom_msgs/share/custom_msgs/cmake/custom_msgsConfig-version.cmake
[1.008s] -- Up-to-date symlink: /home/ros2/simu_ws/install/custom_msgs/share/custom_msgs/package.xml
[1.010s] Invoked command in '/home/ros2/simu_ws/build/custom_msgs' returned '0': CMAKE_PREFIX_PATH=/home/ros2/simu_ws/install/turtlebot3_teleop:/home/ros2/simu_ws/install/turtlebot3_example:/opt/ros/humble /usr/bin/cmake --install /home/ros2/simu_ws/build/custom_msgs
