[0.118s] Invoking command in '/home/ros2/simu_ws/build/simubot_decision': AMENT_PREFIX_PATH=/home/ros2/simu_ws/install/custom_msgs:${AMENT_PREFIX_PATH} CMAKE_PREFIX_PATH=/home/ros2/simu_ws/install/custom_msgs:/opt/ros/humble /usr/bin/cmake --build /home/ros2/simu_ws/build/simubot_decision -- -j10 -l10
[0.426s] Invoked command in '/home/ros2/simu_ws/build/simubot_decision' returned '0': AMENT_PREFIX_PATH=/home/ros2/simu_ws/install/custom_msgs:${AMENT_PREFIX_PATH} CMAKE_PREFIX_PATH=/home/ros2/simu_ws/install/custom_msgs:/opt/ros/humble /usr/bin/cmake --build /home/ros2/simu_ws/build/simubot_decision -- -j10 -l10
[0.427s] Invoking command in '/home/ros2/simu_ws/build/simubot_decision': AMENT_PREFIX_PATH=/home/ros2/simu_ws/install/custom_msgs:${AMENT_PREFIX_PATH} CMAKE_PREFIX_PATH=/home/ros2/simu_ws/install/custom_msgs:/opt/ros/humble /usr/bin/cmake --install /home/ros2/simu_ws/build/simubot_decision
[0.477s] -- Install configuration: ""
[0.482s] -- Execute custom install script
[0.484s] -- Up-to-date symlink: /home/ros2/simu_ws/install/simubot_decision/share/ament_index/resource_index/package_run_dependencies/simubot_decision
[0.485s] -- Up-to-date symlink: /home/ros2/simu_ws/install/simubot_decision/share/ament_index/resource_index/parent_prefix_path/simubot_decision
[0.485s] -- Up-to-date symlink: /home/ros2/simu_ws/install/simubot_decision/share/simubot_decision/environment/ament_prefix_path.sh
[0.486s] -- Up-to-date symlink: /home/ros2/simu_ws/install/simubot_decision/share/simubot_decision/environment/ament_prefix_path.dsv
[0.487s] -- Up-to-date symlink: /home/ros2/simu_ws/install/simubot_decision/share/simubot_decision/environment/path.sh
[0.487s] -- Up-to-date symlink: /home/ros2/simu_ws/install/simubot_decision/share/simubot_decision/environment/path.dsv
[0.488s] -- Up-to-date symlink: /home/ros2/simu_ws/install/simubot_decision/share/simubot_decision/local_setup.bash
[0.488s] -- Up-to-date symlink: /home/ros2/simu_ws/install/simubot_decision/share/simubot_decision/local_setup.sh
[0.489s] -- Up-to-date symlink: /home/ros2/simu_ws/install/simubot_decision/share/simubot_decision/local_setup.zsh
[0.491s] -- Up-to-date symlink: /home/ros2/simu_ws/install/simubot_decision/share/simubot_decision/local_setup.dsv
[0.493s] -- Symlinking: /home/ros2/simu_ws/install/simubot_decision/share/simubot_decision/package.dsv
[0.534s] -- Up-to-date symlink: /home/ros2/simu_ws/install/simubot_decision/share/ament_index/resource_index/packages/simubot_decision
[0.535s] -- Up-to-date symlink: /home/ros2/simu_ws/install/simubot_decision/share/simubot_decision/cmake/simubot_decisionConfig.cmake
[0.535s] -- Up-to-date symlink: /home/ros2/simu_ws/install/simubot_decision/share/simubot_decision/cmake/simubot_decisionConfig-version.cmake
[0.536s] -- Up-to-date symlink: /home/ros2/simu_ws/install/simubot_decision/share/simubot_decision/package.xml
[0.544s] Invoked command in '/home/ros2/simu_ws/build/simubot_decision' returned '0': AMENT_PREFIX_PATH=/home/ros2/simu_ws/install/custom_msgs:${AMENT_PREFIX_PATH} CMAKE_PREFIX_PATH=/home/ros2/simu_ws/install/custom_msgs:/opt/ros/humble /usr/bin/cmake --install /home/ros2/simu_ws/build/simubot_decision
