[1.296s] Invoking command in '/home/ros2/simu_ws/build/turtlebot3_example': PYTHONPATH=/home/ros2/simu_ws/build/turtlebot3_example/prefix_override:/usr/lib/python3/dist-packages/colcon_core/task/python/colcon_distutils_commands:/home/ros2/simu_ws/install/turtlebot3_example/lib/python3.10/site-packages:${PYTHONPATH} /usr/bin/python3 -W ignore:setup.py install is deprecated -W ignore:easy_install command is deprecated setup.py develop --editable --build-directory /home/ros2/simu_ws/build/turtlebot3_example/build --no-deps symlink_data
[1.639s] running develop
[1.744s] running egg_info
[1.747s] writing turtlebot3_example.egg-info/PKG-INFO
[1.748s] writing dependency_links to turtlebot3_example.egg-info/dependency_links.txt
[1.752s] writing entry points to turtlebot3_example.egg-info/entry_points.txt
[1.752s] writing requirements to turtlebot3_example.egg-info/requires.txt
[1.753s] writing top-level names to turtlebot3_example.egg-info/top_level.txt
[1.761s] reading manifest file 'turtlebot3_example.egg-info/SOURCES.txt'
[1.768s] writing manifest file 'turtlebot3_example.egg-info/SOURCES.txt'
[1.770s] running build_ext
[1.771s] Creating /home/ros2/simu_ws/install/turtlebot3_example/lib/python3.10/site-packages/turtlebot3-example.egg-link (link to .)
[1.772s] Installing turtlebot3_absolute_move script to /home/ros2/simu_ws/install/turtlebot3_example/lib/turtlebot3_example
[1.773s] Installing turtlebot3_interactive_marker script to /home/ros2/simu_ws/install/turtlebot3_example/lib/turtlebot3_example
[1.774s] Installing turtlebot3_obstacle_detection script to /home/ros2/simu_ws/install/turtlebot3_example/lib/turtlebot3_example
[1.775s] Installing turtlebot3_patrol_client script to /home/ros2/simu_ws/install/turtlebot3_example/lib/turtlebot3_example
[1.783s] Installing turtlebot3_patrol_server script to /home/ros2/simu_ws/install/turtlebot3_example/lib/turtlebot3_example
[1.785s] Installing turtlebot3_relative_move script to /home/ros2/simu_ws/install/turtlebot3_example/lib/turtlebot3_example
[1.785s] 
[1.786s] Installed /home/ros2/simu_ws/build/turtlebot3_example
[1.787s] running symlink_data
[1.809s] Invoked command in '/home/ros2/simu_ws/build/turtlebot3_example' returned '0': PYTHONPATH=/home/ros2/simu_ws/build/turtlebot3_example/prefix_override:/usr/lib/python3/dist-packages/colcon_core/task/python/colcon_distutils_commands:/home/ros2/simu_ws/install/turtlebot3_example/lib/python3.10/site-packages:${PYTHONPATH} /usr/bin/python3 -W ignore:setup.py install is deprecated -W ignore:easy_install command is deprecated setup.py develop --editable --build-directory /home/ros2/simu_ws/build/turtlebot3_example/build --no-deps symlink_data
