[0.116s] Invoking command in '/home/ros2/simu_ws/build/turtlebot3': AMENT_PREFIX_PATH=/home/ros2/simu_ws/install/turtlebot3_bringup:/home/ros2/simu_ws/install/turtlebot3_teleop:/home/ros2/simu_ws/install/turtlebot3_node:/home/ros2/simu_ws/install/turtlebot3_navigation2:/home/ros2/simu_ws/install/turtlebot3_example:/home/ros2/simu_ws/install/turtlebot3_description:/home/ros2/simu_ws/install/turtlebot3_cartographer:${AMENT_PREFIX_PATH} CMAKE_PREFIX_PATH=/home/ros2/simu_ws/install/turtlebot3_bringup:/home/ros2/simu_ws/install/turtlebot3_node:/home/ros2/simu_ws/install/turtlebot3_navigation2:/home/ros2/simu_ws/install/turtlebot3_description:/home/ros2/simu_ws/install/turtlebot3_cartographer:/opt/ros/humble PYTHONPATH=/home/ros2/simu_ws/build/turtlebot3_teleop:/home/ros2/simu_ws/install/turtlebot3_teleop/lib/python3.10/site-packages:/home/ros2/simu_ws/build/turtlebot3_example:/home/ros2/simu_ws/install/turtlebot3_example/lib/python3.10/site-packages:${PYTHONPATH} /usr/bin/cmake /home/ros2/simu_ws/src/turtlebot3/turtlebot3 -DAMENT_CMAKE_SYMLINK_INSTALL=1 -DCMAKE_INSTALL_PREFIX=/home/ros2/simu_ws/install/turtlebot3
[0.580s] -- The C compiler identification is GNU 11.4.0
[0.919s] -- The CXX compiler identification is GNU 11.4.0
[0.947s] -- Detecting C compiler ABI info
[1.654s] -- Detecting C compiler ABI info - done
[1.673s] -- Check for working C compiler: /usr/bin/cc - skipped
[1.673s] -- Detecting C compile features
[1.674s] -- Detecting C compile features - done
[1.677s] -- Detecting CXX compiler ABI info
[2.263s] -- Detecting CXX compiler ABI info - done
[2.285s] -- Check for working CXX compiler: /usr/bin/c++ - skipped
[2.285s] -- Detecting CXX compile features
[2.285s] -- Detecting CXX compile features - done
[2.298s] -- Found ament_cmake: 1.3.11 (/opt/ros/humble/share/ament_cmake/cmake)
[3.017s] -- Found Python3: /usr/bin/python3 (found version "3.10.12") found components: Interpreter 
[3.174s] -- Override CMake install command with custom implementation using symlinks instead of copying resources
[3.580s] -- Configuring done
[3.600s] -- Generating done
[3.623s] -- Build files have been written to: /home/ros2/simu_ws/build/turtlebot3
[3.625s] Invoked command in '/home/ros2/simu_ws/build/turtlebot3' returned '0': AMENT_PREFIX_PATH=/home/ros2/simu_ws/install/turtlebot3_bringup:/home/ros2/simu_ws/install/turtlebot3_teleop:/home/ros2/simu_ws/install/turtlebot3_node:/home/ros2/simu_ws/install/turtlebot3_navigation2:/home/ros2/simu_ws/install/turtlebot3_example:/home/ros2/simu_ws/install/turtlebot3_description:/home/ros2/simu_ws/install/turtlebot3_cartographer:${AMENT_PREFIX_PATH} CMAKE_PREFIX_PATH=/home/ros2/simu_ws/install/turtlebot3_bringup:/home/ros2/simu_ws/install/turtlebot3_node:/home/ros2/simu_ws/install/turtlebot3_navigation2:/home/ros2/simu_ws/install/turtlebot3_description:/home/ros2/simu_ws/install/turtlebot3_cartographer:/opt/ros/humble PYTHONPATH=/home/ros2/simu_ws/build/turtlebot3_teleop:/home/ros2/simu_ws/install/turtlebot3_teleop/lib/python3.10/site-packages:/home/ros2/simu_ws/build/turtlebot3_example:/home/ros2/simu_ws/install/turtlebot3_example/lib/python3.10/site-packages:${PYTHONPATH} /usr/bin/cmake /home/ros2/simu_ws/src/turtlebot3/turtlebot3 -DAMENT_CMAKE_SYMLINK_INSTALL=1 -DCMAKE_INSTALL_PREFIX=/home/ros2/simu_ws/install/turtlebot3
[3.630s] Invoking command in '/home/ros2/simu_ws/build/turtlebot3': AMENT_PREFIX_PATH=/home/ros2/simu_ws/install/turtlebot3_bringup:/home/ros2/simu_ws/install/turtlebot3_teleop:/home/ros2/simu_ws/install/turtlebot3_node:/home/ros2/simu_ws/install/turtlebot3_navigation2:/home/ros2/simu_ws/install/turtlebot3_example:/home/ros2/simu_ws/install/turtlebot3_description:/home/ros2/simu_ws/install/turtlebot3_cartographer:${AMENT_PREFIX_PATH} CMAKE_PREFIX_PATH=/home/ros2/simu_ws/install/turtlebot3_bringup:/home/ros2/simu_ws/install/turtlebot3_node:/home/ros2/simu_ws/install/turtlebot3_navigation2:/home/ros2/simu_ws/install/turtlebot3_description:/home/ros2/simu_ws/install/turtlebot3_cartographer:/opt/ros/humble PYTHONPATH=/home/ros2/simu_ws/build/turtlebot3_teleop:/home/ros2/simu_ws/install/turtlebot3_teleop/lib/python3.10/site-packages:/home/ros2/simu_ws/build/turtlebot3_example:/home/ros2/simu_ws/install/turtlebot3_example/lib/python3.10/site-packages:${PYTHONPATH} /usr/bin/cmake --build /home/ros2/simu_ws/build/turtlebot3 -- -j10 -l10
[3.902s] Invoked command in '/home/ros2/simu_ws/build/turtlebot3' returned '0': AMENT_PREFIX_PATH=/home/ros2/simu_ws/install/turtlebot3_bringup:/home/ros2/simu_ws/install/turtlebot3_teleop:/home/ros2/simu_ws/install/turtlebot3_node:/home/ros2/simu_ws/install/turtlebot3_navigation2:/home/ros2/simu_ws/install/turtlebot3_example:/home/ros2/simu_ws/install/turtlebot3_description:/home/ros2/simu_ws/install/turtlebot3_cartographer:${AMENT_PREFIX_PATH} CMAKE_PREFIX_PATH=/home/ros2/simu_ws/install/turtlebot3_bringup:/home/ros2/simu_ws/install/turtlebot3_node:/home/ros2/simu_ws/install/turtlebot3_navigation2:/home/ros2/simu_ws/install/turtlebot3_description:/home/ros2/simu_ws/install/turtlebot3_cartographer:/opt/ros/humble PYTHONPATH=/home/ros2/simu_ws/build/turtlebot3_teleop:/home/ros2/simu_ws/install/turtlebot3_teleop/lib/python3.10/site-packages:/home/ros2/simu_ws/build/turtlebot3_example:/home/ros2/simu_ws/install/turtlebot3_example/lib/python3.10/site-packages:${PYTHONPATH} /usr/bin/cmake --build /home/ros2/simu_ws/build/turtlebot3 -- -j10 -l10
[3.910s] Invoking command in '/home/ros2/simu_ws/build/turtlebot3': AMENT_PREFIX_PATH=/home/ros2/simu_ws/install/turtlebot3_bringup:/home/ros2/simu_ws/install/turtlebot3_teleop:/home/ros2/simu_ws/install/turtlebot3_node:/home/ros2/simu_ws/install/turtlebot3_navigation2:/home/ros2/simu_ws/install/turtlebot3_example:/home/ros2/simu_ws/install/turtlebot3_description:/home/ros2/simu_ws/install/turtlebot3_cartographer:${AMENT_PREFIX_PATH} CMAKE_PREFIX_PATH=/home/ros2/simu_ws/install/turtlebot3_bringup:/home/ros2/simu_ws/install/turtlebot3_node:/home/ros2/simu_ws/install/turtlebot3_navigation2:/home/ros2/simu_ws/install/turtlebot3_description:/home/ros2/simu_ws/install/turtlebot3_cartographer:/opt/ros/humble PYTHONPATH=/home/ros2/simu_ws/build/turtlebot3_teleop:/home/ros2/simu_ws/install/turtlebot3_teleop/lib/python3.10/site-packages:/home/ros2/simu_ws/build/turtlebot3_example:/home/ros2/simu_ws/install/turtlebot3_example/lib/python3.10/site-packages:${PYTHONPATH} /usr/bin/cmake --install /home/ros2/simu_ws/build/turtlebot3
[3.968s] -- Install configuration: ""
[3.971s] -- Execute custom install script
[3.978s] -- Symlinking: /home/ros2/simu_ws/install/turtlebot3/share/ament_index/resource_index/package_run_dependencies/turtlebot3
[4.027s] -- Symlinking: /home/ros2/simu_ws/install/turtlebot3/share/ament_index/resource_index/parent_prefix_path/turtlebot3
[4.078s] -- Symlinking: /home/ros2/simu_ws/install/turtlebot3/share/turtlebot3/environment/ament_prefix_path.sh
[4.121s] -- Symlinking: /home/ros2/simu_ws/install/turtlebot3/share/turtlebot3/environment/ament_prefix_path.dsv
[4.166s] -- Symlinking: /home/ros2/simu_ws/install/turtlebot3/share/turtlebot3/environment/path.sh
[4.205s] -- Symlinking: /home/ros2/simu_ws/install/turtlebot3/share/turtlebot3/environment/path.dsv
[4.255s] -- Symlinking: /home/ros2/simu_ws/install/turtlebot3/share/turtlebot3/local_setup.bash
[4.299s] -- Symlinking: /home/ros2/simu_ws/install/turtlebot3/share/turtlebot3/local_setup.sh
[4.344s] -- Symlinking: /home/ros2/simu_ws/install/turtlebot3/share/turtlebot3/local_setup.zsh
[4.391s] -- Symlinking: /home/ros2/simu_ws/install/turtlebot3/share/turtlebot3/local_setup.dsv
[4.431s] -- Symlinking: /home/ros2/simu_ws/install/turtlebot3/share/turtlebot3/package.dsv
[4.471s] -- Symlinking: /home/ros2/simu_ws/install/turtlebot3/share/ament_index/resource_index/packages/turtlebot3
[4.522s] -- Symlinking: /home/ros2/simu_ws/install/turtlebot3/share/turtlebot3/cmake/turtlebot3Config.cmake
[4.575s] -- Symlinking: /home/ros2/simu_ws/install/turtlebot3/share/turtlebot3/cmake/turtlebot3Config-version.cmake
[4.624s] -- Symlinking: /home/ros2/simu_ws/install/turtlebot3/share/turtlebot3/package.xml
[4.674s] Invoked command in '/home/ros2/simu_ws/build/turtlebot3' returned '0': AMENT_PREFIX_PATH=/home/ros2/simu_ws/install/turtlebot3_bringup:/home/ros2/simu_ws/install/turtlebot3_teleop:/home/ros2/simu_ws/install/turtlebot3_node:/home/ros2/simu_ws/install/turtlebot3_navigation2:/home/ros2/simu_ws/install/turtlebot3_example:/home/ros2/simu_ws/install/turtlebot3_description:/home/ros2/simu_ws/install/turtlebot3_cartographer:${AMENT_PREFIX_PATH} CMAKE_PREFIX_PATH=/home/ros2/simu_ws/install/turtlebot3_bringup:/home/ros2/simu_ws/install/turtlebot3_node:/home/ros2/simu_ws/install/turtlebot3_navigation2:/home/ros2/simu_ws/install/turtlebot3_description:/home/ros2/simu_ws/install/turtlebot3_cartographer:/opt/ros/humble PYTHONPATH=/home/ros2/simu_ws/build/turtlebot3_teleop:/home/ros2/simu_ws/install/turtlebot3_teleop/lib/python3.10/site-packages:/home/ros2/simu_ws/build/turtlebot3_example:/home/ros2/simu_ws/install/turtlebot3_example/lib/python3.10/site-packages:${PYTHONPATH} /usr/bin/cmake --install /home/ros2/simu_ws/build/turtlebot3
