[0.073s] Invoking command in '/home/ros2/simu_ws/build/simubot_launch': AMENT_PREFIX_PATH=/home/ros2/simu_ws/install/simubot_vision:/home/ros2/simu_ws/install/simubot_decision:/home/ros2/simu_ws/install/turtlebot3_description:/home/ros2/simu_ws/install/custom_msgs CMAKE_PREFIX_PATH=/home/ros2/simu_ws/install/simubot_decision:/home/ros2/simu_ws/install/turtlebot3_description:/home/ros2/simu_ws/install/custom_msgs LD_LIBRARY_PATH=/home/ros2/simu_ws/install/custom_msgs/lib PYTHONPATH=/home/ros2/simu_ws/build/simubot_vision:/home/ros2/simu_ws/install/simubot_vision/lib/python3.10/site-packages:/home/ros2/simu_ws/install/custom_msgs/local/lib/python3.10/dist-packages /usr/bin/cmake --build /home/ros2/simu_ws/build/simubot_launch -- -j10 -l10
[0.310s] Invoked command in '/home/ros2/simu_ws/build/simubot_launch' returned '0': AMENT_PREFIX_PATH=/home/ros2/simu_ws/install/simubot_vision:/home/ros2/simu_ws/install/simubot_decision:/home/ros2/simu_ws/install/turtlebot3_description:/home/ros2/simu_ws/install/custom_msgs CMAKE_PREFIX_PATH=/home/ros2/simu_ws/install/simubot_decision:/home/ros2/simu_ws/install/turtlebot3_description:/home/ros2/simu_ws/install/custom_msgs LD_LIBRARY_PATH=/home/ros2/simu_ws/install/custom_msgs/lib PYTHONPATH=/home/ros2/simu_ws/build/simubot_vision:/home/ros2/simu_ws/install/simubot_vision/lib/python3.10/site-packages:/home/ros2/simu_ws/install/custom_msgs/local/lib/python3.10/dist-packages /usr/bin/cmake --build /home/ros2/simu_ws/build/simubot_launch -- -j10 -l10
[0.314s] Invoking command in '/home/ros2/simu_ws/build/simubot_launch': AMENT_PREFIX_PATH=/home/ros2/simu_ws/install/simubot_vision:/home/ros2/simu_ws/install/simubot_decision:/home/ros2/simu_ws/install/turtlebot3_description:/home/ros2/simu_ws/install/custom_msgs CMAKE_PREFIX_PATH=/home/ros2/simu_ws/install/simubot_decision:/home/ros2/simu_ws/install/turtlebot3_description:/home/ros2/simu_ws/install/custom_msgs LD_LIBRARY_PATH=/home/ros2/simu_ws/install/custom_msgs/lib PYTHONPATH=/home/ros2/simu_ws/build/simubot_vision:/home/ros2/simu_ws/install/simubot_vision/lib/python3.10/site-packages:/home/ros2/simu_ws/install/custom_msgs/local/lib/python3.10/dist-packages /usr/bin/cmake --install /home/ros2/simu_ws/build/simubot_launch
[0.367s] -- Install configuration: ""
[0.373s] -- Execute custom install script
[0.376s] -- Up-to-date symlink: /home/ros2/simu_ws/install/simubot_launch/share/simubot_launch/simubot_full.launch.py
[0.376s] -- Up-to-date symlink: /home/ros2/simu_ws/install/simubot_launch/share/ament_index/resource_index/package_run_dependencies/simubot_launch
[0.377s] -- Up-to-date symlink: /home/ros2/simu_ws/install/simubot_launch/share/ament_index/resource_index/parent_prefix_path/simubot_launch
[0.377s] -- Up-to-date symlink: /home/ros2/simu_ws/install/simubot_launch/share/simubot_launch/environment/ament_prefix_path.sh
[0.378s] -- Up-to-date symlink: /home/ros2/simu_ws/install/simubot_launch/share/simubot_launch/environment/ament_prefix_path.dsv
[0.378s] -- Up-to-date symlink: /home/ros2/simu_ws/install/simubot_launch/share/simubot_launch/environment/path.sh
[0.379s] -- Up-to-date symlink: /home/ros2/simu_ws/install/simubot_launch/share/simubot_launch/environment/path.dsv
[0.379s] -- Up-to-date symlink: /home/ros2/simu_ws/install/simubot_launch/share/simubot_launch/local_setup.bash
[0.380s] -- Up-to-date symlink: /home/ros2/simu_ws/install/simubot_launch/share/simubot_launch/local_setup.sh
[0.380s] -- Up-to-date symlink: /home/ros2/simu_ws/install/simubot_launch/share/simubot_launch/local_setup.zsh
[0.381s] -- Up-to-date symlink: /home/ros2/simu_ws/install/simubot_launch/share/simubot_launch/local_setup.dsv
[0.383s] -- Symlinking: /home/ros2/simu_ws/install/simubot_launch/share/simubot_launch/package.dsv
[0.421s] -- Up-to-date symlink: /home/ros2/simu_ws/install/simubot_launch/share/ament_index/resource_index/packages/simubot_launch
[0.422s] -- Up-to-date symlink: /home/ros2/simu_ws/install/simubot_launch/share/simubot_launch/cmake/simubot_launchConfig.cmake
[0.423s] -- Up-to-date symlink: /home/ros2/simu_ws/install/simubot_launch/share/simubot_launch/cmake/simubot_launchConfig-version.cmake
[0.425s] -- Up-to-date symlink: /home/ros2/simu_ws/install/simubot_launch/share/simubot_launch/package.xml
[0.430s] Invoked command in '/home/ros2/simu_ws/build/simubot_launch' returned '0': AMENT_PREFIX_PATH=/home/ros2/simu_ws/install/simubot_vision:/home/ros2/simu_ws/install/simubot_decision:/home/ros2/simu_ws/install/turtlebot3_description:/home/ros2/simu_ws/install/custom_msgs CMAKE_PREFIX_PATH=/home/ros2/simu_ws/install/simubot_decision:/home/ros2/simu_ws/install/turtlebot3_description:/home/ros2/simu_ws/install/custom_msgs LD_LIBRARY_PATH=/home/ros2/simu_ws/install/custom_msgs/lib PYTHONPATH=/home/ros2/simu_ws/build/simubot_vision:/home/ros2/simu_ws/install/simubot_vision/lib/python3.10/site-packages:/home/ros2/simu_ws/install/custom_msgs/local/lib/python3.10/dist-packages /usr/bin/cmake --install /home/ros2/simu_ws/build/simubot_launch
