[1.990s] Invoking command in '/home/ros2/simu_ws/src/turtlebot3/turtlebot3_teleop': PYTHONPATH=/home/ros2/simu_ws/build/turtlebot3_teleop/prefix_override:/usr/lib/python3/dist-packages/colcon_core/task/python/colcon_distutils_commands:/home/ros2/simu_ws/install/turtlebot3_teleop/lib/python3.10/site-packages:${PYTHONPATH} /usr/bin/python3 -W ignore:setup.py install is deprecated -W ignore:easy_install command is deprecated setup.py egg_info --egg-base ../../../build/turtlebot3_teleop build --build-base /home/ros2/simu_ws/build/turtlebot3_teleop/build install --record /home/ros2/simu_ws/build/turtlebot3_teleop/install.log --single-version-externally-managed install_data
[2.339s] running egg_info
[2.342s] writing ../../../build/turtlebot3_teleop/turtlebot3_teleop.egg-info/PKG-INFO
[2.344s] writing dependency_links to ../../../build/turtlebot3_teleop/turtlebot3_teleop.egg-info/dependency_links.txt
[2.345s] writing entry points to ../../../build/turtlebot3_teleop/turtlebot3_teleop.egg-info/entry_points.txt
[2.346s] writing requirements to ../../../build/turtlebot3_teleop/turtlebot3_teleop.egg-info/requires.txt
[2.347s] writing top-level names to ../../../build/turtlebot3_teleop/turtlebot3_teleop.egg-info/top_level.txt
[2.352s] reading manifest file '../../../build/turtlebot3_teleop/turtlebot3_teleop.egg-info/SOURCES.txt'
[2.355s] writing manifest file '../../../build/turtlebot3_teleop/turtlebot3_teleop.egg-info/SOURCES.txt'
[2.355s] running build
[2.356s] running build_py
[2.360s] running install
[2.360s] running install_lib
[2.371s] running install_data
[2.372s] running install_egg_info
[2.382s] removing '/home/ros2/simu_ws/install/turtlebot3_teleop/lib/python3.10/site-packages/turtlebot3_teleop-2.3.1-py3.10.egg-info' (and everything under it)
[2.387s] Copying ../../../build/turtlebot3_teleop/turtlebot3_teleop.egg-info to /home/ros2/simu_ws/install/turtlebot3_teleop/lib/python3.10/site-packages/turtlebot3_teleop-2.3.1-py3.10.egg-info
[2.399s] running install_scripts
[2.431s] Installing teleop_keyboard script to /home/ros2/simu_ws/install/turtlebot3_teleop/lib/turtlebot3_teleop
[2.437s] writing list of installed files to '/home/ros2/simu_ws/build/turtlebot3_teleop/install.log'
[2.469s] Invoked command in '/home/ros2/simu_ws/src/turtlebot3/turtlebot3_teleop' returned '0': PYTHONPATH=/home/ros2/simu_ws/build/turtlebot3_teleop/prefix_override:/usr/lib/python3/dist-packages/colcon_core/task/python/colcon_distutils_commands:/home/ros2/simu_ws/install/turtlebot3_teleop/lib/python3.10/site-packages:${PYTHONPATH} /usr/bin/python3 -W ignore:setup.py install is deprecated -W ignore:easy_install command is deprecated setup.py egg_info --egg-base ../../../build/turtlebot3_teleop build --build-base /home/ros2/simu_ws/build/turtlebot3_teleop/build install --record /home/ros2/simu_ws/build/turtlebot3_teleop/install.log --single-version-externally-managed install_data
