[0.167s] Invoking command in '/home/ros2/simu_ws/build/custom_msgs': CMAKE_PREFIX_PATH=${CMAKE_PREFIX_PATH}:/home/ros2/simu_ws/install/turtlebot3_teleop:/home/ros2/simu_ws/install/turtlebot3_example:/home/ros2/simu_ws/install/simubot_vision:/opt/ros/humble /usr/bin/cmake --build /home/ros2/simu_ws/build/custom_msgs -- -j10 -l10
[0.790s] [  2%] Built target custom_msgs__cpp
[0.838s] [ 12%] Built target custom_msgs__rosidl_generator_c
[0.946s] [ 12%] Built target ament_cmake_python_symlink_custom_msgs
[1.208s] [ 23%] Built target custom_msgs__rosidl_typesupport_introspection_cpp
[1.238s] [ 33%] Built target custom_msgs__rosidl_typesupport_cpp
[1.248s] [ 51%] Built target custom_msgs__rosidl_typesupport_c
[1.250s] [ 53%] Built target custom_msgs__rosidl_typesupport_fastrtps_cpp
[1.257s] [ 64%] Built target custom_msgs__rosidl_typesupport_introspection_c
[1.266s] [ 74%] Built target custom_msgs__rosidl_typesupport_fastrtps_c
[1.625s] [ 74%] Built target custom_msgs
[1.751s] running egg_info
[1.861s] writing custom_msgs.egg-info/PKG-INFO
[1.867s] writing dependency_links to custom_msgs.egg-info/dependency_links.txt
[1.872s] writing top-level names to custom_msgs.egg-info/top_level.txt
[1.882s] reading manifest file 'custom_msgs.egg-info/SOURCES.txt'
[1.889s] writing manifest file 'custom_msgs.egg-info/SOURCES.txt'
[1.977s] [ 74%] Built target ament_cmake_python_build_custom_msgs_egg
[2.065s] [ 76%] Built target custom_msgs__py
[2.303s] [ 84%] Built target custom_msgs__rosidl_generator_py
[2.581s] [ 89%] Built target custom_msgs__rosidl_typesupport_fastrtps_c__pyext
[2.585s] [ 94%] Built target custom_msgs__rosidl_typesupport_introspection_c__pyext
[2.598s] [100%] Built target custom_msgs__rosidl_typesupport_c__pyext
[2.695s] Invoked command in '/home/ros2/simu_ws/build/custom_msgs' returned '0': CMAKE_PREFIX_PATH=${CMAKE_PREFIX_PATH}:/home/ros2/simu_ws/install/turtlebot3_teleop:/home/ros2/simu_ws/install/turtlebot3_example:/home/ros2/simu_ws/install/simubot_vision:/opt/ros/humble /usr/bin/cmake --build /home/ros2/simu_ws/build/custom_msgs -- -j10 -l10
[2.707s] Invoking command in '/home/ros2/simu_ws/build/custom_msgs': CMAKE_PREFIX_PATH=${CMAKE_PREFIX_PATH}:/home/ros2/simu_ws/install/turtlebot3_teleop:/home/ros2/simu_ws/install/turtlebot3_example:/home/ros2/simu_ws/install/simubot_vision:/opt/ros/humble /usr/bin/cmake --install /home/ros2/simu_ws/build/custom_msgs
[2.772s] -- Install configuration: ""
[2.772s] -- Execute custom install script
[2.775s] -- Up-to-date symlink: /home/ros2/simu_ws/install/custom_msgs/share/ament_index/resource_index/rosidl_interfaces/custom_msgs
[2.780s] -- Up-to-date symlink: /home/ros2/simu_ws/install/custom_msgs/include/custom_msgs/custom_msgs/msg/detail/detected_object__functions.h
[2.781s] -- Up-to-date symlink: /home/ros2/simu_ws/install/custom_msgs/include/custom_msgs/custom_msgs/msg/detail/detected_object__struct.h
[2.781s] -- Up-to-date symlink: /home/ros2/simu_ws/install/custom_msgs/include/custom_msgs/custom_msgs/msg/detail/detected_object__type_support.h
[2.782s] -- Up-to-date symlink: /home/ros2/simu_ws/install/custom_msgs/include/custom_msgs/custom_msgs/msg/detail/detected_object_array__functions.h
[2.782s] -- Up-to-date symlink: /home/ros2/simu_ws/install/custom_msgs/include/custom_msgs/custom_msgs/msg/detail/detected_object_array__struct.h
[2.782s] -- Up-to-date symlink: /home/ros2/simu_ws/install/custom_msgs/include/custom_msgs/custom_msgs/msg/detail/detected_object_array__type_support.h
[2.783s] -- Up-to-date symlink: /home/ros2/simu_ws/install/custom_msgs/include/custom_msgs/custom_msgs/msg/detected_object.h
[2.783s] -- Up-to-date symlink: /home/ros2/simu_ws/install/custom_msgs/include/custom_msgs/custom_msgs/msg/detected_object_array.h
[2.784s] -- Up-to-date symlink: /home/ros2/simu_ws/install/custom_msgs/include/custom_msgs/custom_msgs/msg/rosidl_generator_c__visibility_control.h
[2.784s] -- Up-to-date symlink: /home/ros2/simu_ws/install/custom_msgs/share/custom_msgs/environment/library_path.sh
[2.785s] -- Up-to-date symlink: /home/ros2/simu_ws/install/custom_msgs/share/custom_msgs/environment/library_path.dsv
[2.786s] -- Up-to-date symlink: /home/ros2/simu_ws/install/custom_msgs/include/custom_msgs/custom_msgs/msg/detail/detected_object__rosidl_typesupport_fastrtps_c.h
[2.787s] -- Up-to-date symlink: /home/ros2/simu_ws/install/custom_msgs/include/custom_msgs/custom_msgs/msg/detail/detected_object_array__rosidl_typesupport_fastrtps_c.h
[2.787s] -- Up-to-date symlink: /home/ros2/simu_ws/install/custom_msgs/include/custom_msgs/custom_msgs/msg/rosidl_typesupport_fastrtps_c__visibility_control.h
[2.788s] -- Up-to-date symlink: /home/ros2/simu_ws/install/custom_msgs/include/custom_msgs/custom_msgs/msg/detail/detected_object__rosidl_typesupport_introspection_c.h
[2.789s] -- Up-to-date symlink: /home/ros2/simu_ws/install/custom_msgs/include/custom_msgs/custom_msgs/msg/detail/detected_object_array__rosidl_typesupport_introspection_c.h
[2.789s] -- Up-to-date symlink: /home/ros2/simu_ws/install/custom_msgs/include/custom_msgs/custom_msgs/msg/rosidl_typesupport_introspection_c__visibility_control.h
[2.790s] -- Up-to-date symlink: /home/ros2/simu_ws/install/custom_msgs/include/custom_msgs/custom_msgs/msg/detail/detected_object__builder.hpp
[2.791s] -- Up-to-date symlink: /home/ros2/simu_ws/install/custom_msgs/include/custom_msgs/custom_msgs/msg/detail/detected_object__struct.hpp
[2.791s] -- Up-to-date symlink: /home/ros2/simu_ws/install/custom_msgs/include/custom_msgs/custom_msgs/msg/detail/detected_object__traits.hpp
[2.792s] -- Up-to-date symlink: /home/ros2/simu_ws/install/custom_msgs/include/custom_msgs/custom_msgs/msg/detail/detected_object__type_support.hpp
[2.793s] -- Up-to-date symlink: /home/ros2/simu_ws/install/custom_msgs/include/custom_msgs/custom_msgs/msg/detail/detected_object_array__builder.hpp
[2.793s] -- Up-to-date symlink: /home/ros2/simu_ws/install/custom_msgs/include/custom_msgs/custom_msgs/msg/detail/detected_object_array__struct.hpp
[2.793s] -- Up-to-date symlink: /home/ros2/simu_ws/install/custom_msgs/include/custom_msgs/custom_msgs/msg/detail/detected_object_array__traits.hpp
[2.794s] -- Up-to-date symlink: /home/ros2/simu_ws/install/custom_msgs/include/custom_msgs/custom_msgs/msg/detail/detected_object_array__type_support.hpp
[2.794s] -- Up-to-date symlink: /home/ros2/simu_ws/install/custom_msgs/include/custom_msgs/custom_msgs/msg/detected_object.hpp
[2.794s] -- Up-to-date symlink: /home/ros2/simu_ws/install/custom_msgs/include/custom_msgs/custom_msgs/msg/detected_object_array.hpp
[2.795s] -- Up-to-date symlink: /home/ros2/simu_ws/install/custom_msgs/include/custom_msgs/custom_msgs/msg/rosidl_generator_cpp__visibility_control.hpp
[2.797s] -- Up-to-date symlink: /home/ros2/simu_ws/install/custom_msgs/include/custom_msgs/custom_msgs/msg/detail/detected_object__rosidl_typesupport_fastrtps_cpp.hpp
[2.797s] -- Up-to-date symlink: /home/ros2/simu_ws/install/custom_msgs/include/custom_msgs/custom_msgs/msg/detail/detected_object_array__rosidl_typesupport_fastrtps_cpp.hpp
[2.797s] -- Up-to-date symlink: /home/ros2/simu_ws/install/custom_msgs/include/custom_msgs/custom_msgs/msg/rosidl_typesupport_fastrtps_cpp__visibility_control.h
[2.798s] -- Up-to-date symlink: /home/ros2/simu_ws/install/custom_msgs/include/custom_msgs/custom_msgs/msg/detail/detected_object__rosidl_typesupport_introspection_cpp.hpp
[2.799s] -- Up-to-date symlink: /home/ros2/simu_ws/install/custom_msgs/include/custom_msgs/custom_msgs/msg/detail/detected_object_array__rosidl_typesupport_introspection_cpp.hpp
[2.799s] -- Up-to-date symlink: /home/ros2/simu_ws/install/custom_msgs/share/custom_msgs/environment/pythonpath.sh
[2.800s] -- Up-to-date symlink: /home/ros2/simu_ws/install/custom_msgs/share/custom_msgs/environment/pythonpath.dsv
[2.800s] -- Up-to-date symlink: /home/ros2/simu_ws/install/custom_msgs/local/lib/python3.10/dist-packages/custom_msgs-0.0.0-py3.10.egg-info/PKG-INFO
[2.800s] -- Up-to-date symlink: /home/ros2/simu_ws/install/custom_msgs/local/lib/python3.10/dist-packages/custom_msgs-0.0.0-py3.10.egg-info/SOURCES.txt
[2.801s] -- Up-to-date symlink: /home/ros2/simu_ws/install/custom_msgs/local/lib/python3.10/dist-packages/custom_msgs-0.0.0-py3.10.egg-info/dependency_links.txt
[2.801s] -- Up-to-date symlink: /home/ros2/simu_ws/install/custom_msgs/local/lib/python3.10/dist-packages/custom_msgs-0.0.0-py3.10.egg-info/top_level.txt
[2.803s] -- Up-to-date symlink: /home/ros2/simu_ws/install/custom_msgs/local/lib/python3.10/dist-packages/custom_msgs/__init__.py
[2.803s] -- Up-to-date symlink: /home/ros2/simu_ws/install/custom_msgs/local/lib/python3.10/dist-packages/custom_msgs/_custom_msgs_s.ep.rosidl_typesupport_c.c
[2.804s] -- Up-to-date symlink: /home/ros2/simu_ws/install/custom_msgs/local/lib/python3.10/dist-packages/custom_msgs/_custom_msgs_s.ep.rosidl_typesupport_fastrtps_c.c
[2.805s] -- Up-to-date symlink: /home/ros2/simu_ws/install/custom_msgs/local/lib/python3.10/dist-packages/custom_msgs/_custom_msgs_s.ep.rosidl_typesupport_introspection_c.c
[2.806s] -- Up-to-date symlink: /home/ros2/simu_ws/install/custom_msgs/local/lib/python3.10/dist-packages/custom_msgs/custom_msgs_s__rosidl_typesupport_c.cpython-310-x86_64-linux-gnu.so
[2.806s] -- Up-to-date symlink: /home/ros2/simu_ws/install/custom_msgs/local/lib/python3.10/dist-packages/custom_msgs/custom_msgs_s__rosidl_typesupport_fastrtps_c.cpython-310-x86_64-linux-gnu.so
[2.807s] -- Up-to-date symlink: /home/ros2/simu_ws/install/custom_msgs/local/lib/python3.10/dist-packages/custom_msgs/custom_msgs_s__rosidl_typesupport_introspection_c.cpython-310-x86_64-linux-gnu.so
[2.807s] -- Up-to-date symlink: /home/ros2/simu_ws/install/custom_msgs/local/lib/python3.10/dist-packages/custom_msgs/libcustom_msgs__rosidl_generator_py.so
[2.807s] -- Up-to-date symlink: /home/ros2/simu_ws/install/custom_msgs/local/lib/python3.10/dist-packages/custom_msgs/msg/__init__.py
[2.808s] -- Up-to-date symlink: /home/ros2/simu_ws/install/custom_msgs/local/lib/python3.10/dist-packages/custom_msgs/msg/_detected_object.py
[2.808s] -- Up-to-date symlink: /home/ros2/simu_ws/install/custom_msgs/local/lib/python3.10/dist-packages/custom_msgs/msg/_detected_object_array.py
[2.808s] -- Up-to-date symlink: /home/ros2/simu_ws/install/custom_msgs/local/lib/python3.10/dist-packages/custom_msgs/msg/_detected_object_array_s.c
[2.809s] -- Up-to-date symlink: /home/ros2/simu_ws/install/custom_msgs/local/lib/python3.10/dist-packages/custom_msgs/msg/_detected_object_s.c
[2.813s] -- Up-to-date symlink: /home/ros2/simu_ws/install/custom_msgs/local/lib/python3.10/dist-packages/custom_msgs/custom_msgs_s__rosidl_typesupport_fastrtps_c.cpython-310-x86_64-linux-gnu.so
[2.815s] -- Up-to-date symlink: /home/ros2/simu_ws/install/custom_msgs/local/lib/python3.10/dist-packages/custom_msgs/custom_msgs_s__rosidl_typesupport_introspection_c.cpython-310-x86_64-linux-gnu.so
[2.816s] -- Up-to-date symlink: /home/ros2/simu_ws/install/custom_msgs/local/lib/python3.10/dist-packages/custom_msgs/custom_msgs_s__rosidl_typesupport_c.cpython-310-x86_64-linux-gnu.so
[2.816s] -- Up-to-date symlink: /home/ros2/simu_ws/install/custom_msgs/share/custom_msgs/msg/DetectedObject.idl
[2.817s] -- Up-to-date symlink: /home/ros2/simu_ws/install/custom_msgs/share/custom_msgs/msg/DetectedObjectArray.idl
[2.817s] -- Up-to-date symlink: /home/ros2/simu_ws/install/custom_msgs/share/custom_msgs/msg/DetectedObject.msg
[2.818s] -- Up-to-date symlink: /home/ros2/simu_ws/install/custom_msgs/share/custom_msgs/msg/DetectedObjectArray.msg
[2.818s] -- Up-to-date symlink: /home/ros2/simu_ws/install/custom_msgs/share/ament_index/resource_index/package_run_dependencies/custom_msgs
[2.818s] -- Up-to-date symlink: /home/ros2/simu_ws/install/custom_msgs/share/ament_index/resource_index/parent_prefix_path/custom_msgs
[2.819s] -- Up-to-date symlink: /home/ros2/simu_ws/install/custom_msgs/share/custom_msgs/environment/ament_prefix_path.sh
[2.819s] -- Up-to-date symlink: /home/ros2/simu_ws/install/custom_msgs/share/custom_msgs/environment/ament_prefix_path.dsv
[2.820s] -- Up-to-date symlink: /home/ros2/simu_ws/install/custom_msgs/share/custom_msgs/environment/path.sh
[2.820s] -- Up-to-date symlink: /home/ros2/simu_ws/install/custom_msgs/share/custom_msgs/environment/path.dsv
[2.821s] -- Up-to-date symlink: /home/ros2/simu_ws/install/custom_msgs/share/custom_msgs/local_setup.bash
[2.821s] -- Up-to-date symlink: /home/ros2/simu_ws/install/custom_msgs/share/custom_msgs/local_setup.sh
[2.821s] -- Up-to-date symlink: /home/ros2/simu_ws/install/custom_msgs/share/custom_msgs/local_setup.zsh
[2.822s] -- Up-to-date symlink: /home/ros2/simu_ws/install/custom_msgs/share/custom_msgs/local_setup.dsv
[2.824s] -- Symlinking: /home/ros2/simu_ws/install/custom_msgs/share/custom_msgs/package.dsv
[2.872s] -- Up-to-date symlink: /home/ros2/simu_ws/install/custom_msgs/share/ament_index/resource_index/packages/custom_msgs
[2.876s] -- Up-to-date symlink: /home/ros2/simu_ws/install/custom_msgs/share/custom_msgs/cmake/rosidl_cmake-extras.cmake
[2.878s] -- Up-to-date symlink: /home/ros2/simu_ws/install/custom_msgs/share/custom_msgs/cmake/ament_cmake_export_dependencies-extras.cmake
[2.881s] -- Up-to-date symlink: /home/ros2/simu_ws/install/custom_msgs/share/custom_msgs/cmake/ament_cmake_export_include_directories-extras.cmake
[2.883s] -- Up-to-date symlink: /home/ros2/simu_ws/install/custom_msgs/share/custom_msgs/cmake/ament_cmake_export_libraries-extras.cmake
[2.886s] -- Up-to-date symlink: /home/ros2/simu_ws/install/custom_msgs/share/custom_msgs/cmake/ament_cmake_export_targets-extras.cmake
[2.889s] -- Up-to-date symlink: /home/ros2/simu_ws/install/custom_msgs/share/custom_msgs/cmake/rosidl_cmake_export_typesupport_targets-extras.cmake
[2.890s] -- Up-to-date symlink: /home/ros2/simu_ws/install/custom_msgs/share/custom_msgs/cmake/rosidl_cmake_export_typesupport_libraries-extras.cmake
[2.891s] -- Up-to-date symlink: /home/ros2/simu_ws/install/custom_msgs/share/custom_msgs/cmake/custom_msgsConfig.cmake
[2.891s] -- Up-to-date symlink: /home/ros2/simu_ws/install/custom_msgs/share/custom_msgs/cmake/custom_msgsConfig-version.cmake
[2.893s] -- Up-to-date symlink: /home/ros2/simu_ws/install/custom_msgs/share/custom_msgs/package.xml
[2.895s] -- Up-to-date: /home/ros2/simu_ws/install/custom_msgs/lib/libcustom_msgs__rosidl_generator_c.so
[2.897s] -- Up-to-date: /home/ros2/simu_ws/install/custom_msgs/lib/libcustom_msgs__rosidl_typesupport_fastrtps_c.so
[2.898s] -- Up-to-date: /home/ros2/simu_ws/install/custom_msgs/lib/libcustom_msgs__rosidl_typesupport_introspection_c.so
[2.899s] -- Up-to-date: /home/ros2/simu_ws/install/custom_msgs/lib/libcustom_msgs__rosidl_typesupport_c.so
[2.900s] -- Up-to-date: /home/ros2/simu_ws/install/custom_msgs/lib/libcustom_msgs__rosidl_typesupport_fastrtps_cpp.so
[2.902s] -- Up-to-date: /home/ros2/simu_ws/install/custom_msgs/lib/libcustom_msgs__rosidl_typesupport_introspection_cpp.so
[2.903s] -- Up-to-date: /home/ros2/simu_ws/install/custom_msgs/lib/libcustom_msgs__rosidl_typesupport_cpp.so
[3.035s] Listing '/home/ros2/simu_ws/install/custom_msgs/local/lib/python3.10/dist-packages/custom_msgs'...
[3.036s] Listing '/home/ros2/simu_ws/install/custom_msgs/local/lib/python3.10/dist-packages/custom_msgs/msg'...
[3.037s] -- Up-to-date: /home/ros2/simu_ws/install/custom_msgs/lib/libcustom_msgs__rosidl_generator_py.so
[3.039s] -- Up-to-date: /home/ros2/simu_ws/install/custom_msgs/share/custom_msgs/cmake/export_custom_msgs__rosidl_generator_cExport.cmake
[3.040s] -- Up-to-date: /home/ros2/simu_ws/install/custom_msgs/share/custom_msgs/cmake/export_custom_msgs__rosidl_generator_cExport-noconfig.cmake
[3.040s] -- Up-to-date: /home/ros2/simu_ws/install/custom_msgs/share/custom_msgs/cmake/export_custom_msgs__rosidl_typesupport_fastrtps_cExport.cmake
[3.048s] -- Up-to-date: /home/ros2/simu_ws/install/custom_msgs/share/custom_msgs/cmake/export_custom_msgs__rosidl_typesupport_fastrtps_cExport-noconfig.cmake
[3.049s] -- Up-to-date: /home/ros2/simu_ws/install/custom_msgs/share/custom_msgs/cmake/custom_msgs__rosidl_typesupport_introspection_cExport.cmake
[3.049s] -- Up-to-date: /home/ros2/simu_ws/install/custom_msgs/share/custom_msgs/cmake/custom_msgs__rosidl_typesupport_introspection_cExport-noconfig.cmake
[3.050s] -- Up-to-date: /home/ros2/simu_ws/install/custom_msgs/share/custom_msgs/cmake/custom_msgs__rosidl_typesupport_cExport.cmake
[3.050s] -- Up-to-date: /home/ros2/simu_ws/install/custom_msgs/share/custom_msgs/cmake/custom_msgs__rosidl_typesupport_cExport-noconfig.cmake
[3.051s] -- Up-to-date: /home/ros2/simu_ws/install/custom_msgs/share/custom_msgs/cmake/export_custom_msgs__rosidl_generator_cppExport.cmake
[3.051s] -- Up-to-date: /home/ros2/simu_ws/install/custom_msgs/share/custom_msgs/cmake/export_custom_msgs__rosidl_typesupport_fastrtps_cppExport.cmake
[3.051s] -- Up-to-date: /home/ros2/simu_ws/install/custom_msgs/share/custom_msgs/cmake/export_custom_msgs__rosidl_typesupport_fastrtps_cppExport-noconfig.cmake
[3.051s] -- Up-to-date: /home/ros2/simu_ws/install/custom_msgs/share/custom_msgs/cmake/custom_msgs__rosidl_typesupport_introspection_cppExport.cmake
[3.051s] -- Up-to-date: /home/ros2/simu_ws/install/custom_msgs/share/custom_msgs/cmake/custom_msgs__rosidl_typesupport_introspection_cppExport-noconfig.cmake
[3.052s] -- Up-to-date: /home/ros2/simu_ws/install/custom_msgs/share/custom_msgs/cmake/custom_msgs__rosidl_typesupport_cppExport.cmake
[3.052s] -- Up-to-date: /home/ros2/simu_ws/install/custom_msgs/share/custom_msgs/cmake/custom_msgs__rosidl_typesupport_cppExport-noconfig.cmake
[3.052s] -- Up-to-date: /home/ros2/simu_ws/install/custom_msgs/share/custom_msgs/cmake/export_custom_msgs__rosidl_generator_pyExport.cmake
[3.053s] -- Up-to-date: /home/ros2/simu_ws/install/custom_msgs/share/custom_msgs/cmake/export_custom_msgs__rosidl_generator_pyExport-noconfig.cmake
[3.060s] Invoked command in '/home/ros2/simu_ws/build/custom_msgs' returned '0': CMAKE_PREFIX_PATH=${CMAKE_PREFIX_PATH}:/home/ros2/simu_ws/install/turtlebot3_teleop:/home/ros2/simu_ws/install/turtlebot3_example:/home/ros2/simu_ws/install/simubot_vision:/opt/ros/humble /usr/bin/cmake --install /home/ros2/simu_ws/build/custom_msgs
