[0.125s] Invoking command in '/home/ros2/simu_ws/build/simubot_decision': AMENT_PREFIX_PATH=/home/ros2/simu_ws/install/custom_msgs:${AMENT_PREFIX_PATH} CMAKE_PREFIX_PATH=/home/ros2/simu_ws/install/custom_msgs:/home/ros2/simu_ws/install/turtlebot3_teleop:/home/ros2/simu_ws/install/turtlebot3_example:/opt/ros/humble /usr/bin/cmake --build /home/ros2/simu_ws/build/simubot_decision -- -j10 -l10
[0.457s] Invoked command in '/home/ros2/simu_ws/build/simubot_decision' returned '0': AMENT_PREFIX_PATH=/home/ros2/simu_ws/install/custom_msgs:${AMENT_PREFIX_PATH} CMAKE_PREFIX_PATH=/home/ros2/simu_ws/install/custom_msgs:/home/ros2/simu_ws/install/turtlebot3_teleop:/home/ros2/simu_ws/install/turtlebot3_example:/opt/ros/humble /usr/bin/cmake --build /home/ros2/simu_ws/build/simubot_decision -- -j10 -l10
[0.460s] Invoking command in '/home/ros2/simu_ws/build/simubot_decision': AMENT_PREFIX_PATH=/home/ros2/simu_ws/install/custom_msgs:${AMENT_PREFIX_PATH} CMAKE_PREFIX_PATH=/home/ros2/simu_ws/install/custom_msgs:/home/ros2/simu_ws/install/turtlebot3_teleop:/home/ros2/simu_ws/install/turtlebot3_example:/opt/ros/humble /usr/bin/cmake --install /home/ros2/simu_ws/build/simubot_decision
[0.509s] -- Install configuration: ""
[0.517s] -- Execute custom install script
[0.519s] -- Up-to-date symlink: /home/ros2/simu_ws/install/simubot_decision/share/ament_index/resource_index/package_run_dependencies/simubot_decision
[0.519s] -- Up-to-date symlink: /home/ros2/simu_ws/install/simubot_decision/share/ament_index/resource_index/parent_prefix_path/simubot_decision
[0.520s] -- Up-to-date symlink: /home/ros2/simu_ws/install/simubot_decision/share/simubot_decision/environment/ament_prefix_path.sh
[0.522s] -- Up-to-date symlink: /home/ros2/simu_ws/install/simubot_decision/share/simubot_decision/environment/ament_prefix_path.dsv
[0.522s] -- Up-to-date symlink: /home/ros2/simu_ws/install/simubot_decision/share/simubot_decision/environment/path.sh
[0.523s] -- Up-to-date symlink: /home/ros2/simu_ws/install/simubot_decision/share/simubot_decision/environment/path.dsv
[0.524s] -- Up-to-date symlink: /home/ros2/simu_ws/install/simubot_decision/share/simubot_decision/local_setup.bash
[0.525s] -- Up-to-date symlink: /home/ros2/simu_ws/install/simubot_decision/share/simubot_decision/local_setup.sh
[0.526s] -- Up-to-date symlink: /home/ros2/simu_ws/install/simubot_decision/share/simubot_decision/local_setup.zsh
[0.527s] -- Up-to-date symlink: /home/ros2/simu_ws/install/simubot_decision/share/simubot_decision/local_setup.dsv
[0.528s] -- Symlinking: /home/ros2/simu_ws/install/simubot_decision/share/simubot_decision/package.dsv
[0.572s] -- Up-to-date symlink: /home/ros2/simu_ws/install/simubot_decision/share/ament_index/resource_index/packages/simubot_decision
[0.576s] -- Up-to-date symlink: /home/ros2/simu_ws/install/simubot_decision/share/simubot_decision/cmake/simubot_decisionConfig.cmake
[0.576s] -- Up-to-date symlink: /home/ros2/simu_ws/install/simubot_decision/share/simubot_decision/cmake/simubot_decisionConfig-version.cmake
[0.576s] -- Up-to-date symlink: /home/ros2/simu_ws/install/simubot_decision/share/simubot_decision/package.xml
[0.580s] Invoked command in '/home/ros2/simu_ws/build/simubot_decision' returned '0': AMENT_PREFIX_PATH=/home/ros2/simu_ws/install/custom_msgs:${AMENT_PREFIX_PATH} CMAKE_PREFIX_PATH=/home/ros2/simu_ws/install/custom_msgs:/home/ros2/simu_ws/install/turtlebot3_teleop:/home/ros2/simu_ws/install/turtlebot3_example:/opt/ros/humble /usr/bin/cmake --install /home/ros2/simu_ws/build/simubot_decision
