[0.142s] Invoking command in '/home/ros2/simu_ws/build/custom_msgs': CMAKE_PREFIX_PATH=${CMAKE_PREFIX_PATH}:/home/ros2/simu_ws/install/turtlebot3_teleop:/home/ros2/simu_ws/install/turtlebot3_example:/home/ros2/simu_ws/install/simubot_vision:/opt/ros/humble /usr/bin/cmake --build /home/ros2/simu_ws/build/custom_msgs -- -j10 -l10
[0.935s] Invoked command in '/home/ros2/simu_ws/build/custom_msgs' returned '0': CMAKE_PREFIX_PATH=${CMAKE_PREFIX_PATH}:/home/ros2/simu_ws/install/turtlebot3_teleop:/home/ros2/simu_ws/install/turtlebot3_example:/home/ros2/simu_ws/install/simubot_vision:/opt/ros/humble /usr/bin/cmake --build /home/ros2/simu_ws/build/custom_msgs -- -j10 -l10
[0.936s] Invoking command in '/home/ros2/simu_ws/build/custom_msgs': CMAKE_PREFIX_PATH=${CMAKE_PREFIX_PATH}:/home/ros2/simu_ws/install/turtlebot3_teleop:/home/ros2/simu_ws/install/turtlebot3_example:/home/ros2/simu_ws/install/simubot_vision:/opt/ros/humble /usr/bin/cmake --install /home/ros2/simu_ws/build/custom_msgs
[0.948s] -- Install configuration: ""
[0.951s] -- Execute custom install script
[0.956s] -- Up-to-date symlink: /home/ros2/simu_ws/install/custom_msgs/share/ament_index/resource_index/package_run_dependencies/custom_msgs
[0.959s] -- Up-to-date symlink: /home/ros2/simu_ws/install/custom_msgs/share/ament_index/resource_index/parent_prefix_path/custom_msgs
[0.961s] -- Up-to-date symlink: /home/ros2/simu_ws/install/custom_msgs/share/custom_msgs/environment/ament_prefix_path.sh
[0.963s] -- Up-to-date symlink: /home/ros2/simu_ws/install/custom_msgs/share/custom_msgs/environment/ament_prefix_path.dsv
[0.964s] -- Up-to-date symlink: /home/ros2/simu_ws/install/custom_msgs/share/custom_msgs/environment/path.sh
[0.965s] -- Up-to-date symlink: /home/ros2/simu_ws/install/custom_msgs/share/custom_msgs/environment/path.dsv
[0.966s] -- Up-to-date symlink: /home/ros2/simu_ws/install/custom_msgs/share/custom_msgs/local_setup.bash
[0.969s] -- Up-to-date symlink: /home/ros2/simu_ws/install/custom_msgs/share/custom_msgs/local_setup.sh
[0.974s] -- Up-to-date symlink: /home/ros2/simu_ws/install/custom_msgs/share/custom_msgs/local_setup.zsh
[0.979s] -- Up-to-date symlink: /home/ros2/simu_ws/install/custom_msgs/share/custom_msgs/local_setup.dsv
[0.981s] -- Symlinking: /home/ros2/simu_ws/install/custom_msgs/share/custom_msgs/package.dsv
[1.004s] -- Up-to-date symlink: /home/ros2/simu_ws/install/custom_msgs/share/ament_index/resource_index/packages/custom_msgs
[1.004s] -- Up-to-date symlink: /home/ros2/simu_ws/install/custom_msgs/share/custom_msgs/cmake/custom_msgsConfig.cmake
[1.006s] -- Up-to-date symlink: /home/ros2/simu_ws/install/custom_msgs/share/custom_msgs/cmake/custom_msgsConfig-version.cmake
[1.008s] -- Up-to-date symlink: /home/ros2/simu_ws/install/custom_msgs/share/custom_msgs/package.xml
[1.016s] Invoked command in '/home/ros2/simu_ws/build/custom_msgs' returned '0': CMAKE_PREFIX_PATH=${CMAKE_PREFIX_PATH}:/home/ros2/simu_ws/install/turtlebot3_teleop:/home/ros2/simu_ws/install/turtlebot3_example:/home/ros2/simu_ws/install/simubot_vision:/opt/ros/humble /usr/bin/cmake --install /home/ros2/simu_ws/build/custom_msgs
