[0.118s] Invoking command in '/home/ros2/simu_ws/build/turtlebot3_node': CMAKE_PREFIX_PATH=${CMAKE_PREFIX_PATH}:/home/ros2/simu_ws/install/simubot_vision:/home/ros2/simu_ws/install/turtlebot3_teleop:/home/ros2/simu_ws/install/turtlebot3_example:/opt/ros/humble /usr/bin/cmake --build /home/ros2/simu_ws/build/turtlebot3_node -- -j10 -l10
[0.575s] [ 85%] Built target turtlebot3_node_lib
[0.780s] [100%] Built target turtlebot3_ros
[0.922s] Invoked command in '/home/ros2/simu_ws/build/turtlebot3_node' returned '0': CMAKE_PREFIX_PATH=${CMAKE_PREFIX_PATH}:/home/ros2/simu_ws/install/simubot_vision:/home/ros2/simu_ws/install/turtlebot3_teleop:/home/ros2/simu_ws/install/turtlebot3_example:/opt/ros/humble /usr/bin/cmake --build /home/ros2/simu_ws/build/turtlebot3_node -- -j10 -l10
[0.934s] Invoking command in '/home/ros2/simu_ws/build/turtlebot3_node': CMAKE_PREFIX_PATH=${CMAKE_PREFIX_PATH}:/home/ros2/simu_ws/install/simubot_vision:/home/ros2/simu_ws/install/turtlebot3_teleop:/home/ros2/simu_ws/install/turtlebot3_example:/opt/ros/humble /usr/bin/cmake --install /home/ros2/simu_ws/build/turtlebot3_node
[0.995s] -- Install configuration: ""
[1.003s] -- Execute custom install script
[1.012s] -- Up-to-date symlink: /home/ros2/simu_ws/install/turtlebot3_node/share/turtlebot3_node/param/burger.yaml
[1.013s] -- Up-to-date symlink: /home/ros2/simu_ws/install/turtlebot3_node/share/turtlebot3_node/param/waffle.yaml
[1.017s] -- Up-to-date symlink: /home/ros2/simu_ws/install/turtlebot3_node/share/turtlebot3_node/param/waffle_pi.yaml
[1.021s] -- Up-to-date symlink: /home/ros2/simu_ws/install/turtlebot3_node/lib/turtlebot3_node/turtlebot3_ros
[1.023s] -- Up-to-date symlink: /home/ros2/simu_ws/install/turtlebot3_node/share/ament_index/resource_index/package_run_dependencies/turtlebot3_node
[1.025s] -- Up-to-date symlink: /home/ros2/simu_ws/install/turtlebot3_node/share/ament_index/resource_index/parent_prefix_path/turtlebot3_node
[1.025s] -- Up-to-date symlink: /home/ros2/simu_ws/install/turtlebot3_node/share/turtlebot3_node/environment/ament_prefix_path.sh
[1.029s] -- Up-to-date symlink: /home/ros2/simu_ws/install/turtlebot3_node/share/turtlebot3_node/environment/ament_prefix_path.dsv
[1.030s] -- Up-to-date symlink: /home/ros2/simu_ws/install/turtlebot3_node/share/turtlebot3_node/environment/path.sh
[1.031s] -- Up-to-date symlink: /home/ros2/simu_ws/install/turtlebot3_node/share/turtlebot3_node/environment/path.dsv
[1.031s] -- Up-to-date symlink: /home/ros2/simu_ws/install/turtlebot3_node/share/turtlebot3_node/local_setup.bash
[1.034s] -- Up-to-date symlink: /home/ros2/simu_ws/install/turtlebot3_node/share/turtlebot3_node/local_setup.sh
[1.035s] -- Up-to-date symlink: /home/ros2/simu_ws/install/turtlebot3_node/share/turtlebot3_node/local_setup.zsh
[1.036s] -- Up-to-date symlink: /home/ros2/simu_ws/install/turtlebot3_node/share/turtlebot3_node/local_setup.dsv
[1.037s] -- Symlinking: /home/ros2/simu_ws/install/turtlebot3_node/share/turtlebot3_node/package.dsv
[1.045s] -- Up-to-date symlink: /home/ros2/simu_ws/install/turtlebot3_node/share/ament_index/resource_index/packages/turtlebot3_node
[1.045s] -- Up-to-date symlink: /home/ros2/simu_ws/install/turtlebot3_node/share/turtlebot3_node/cmake/ament_cmake_export_dependencies-extras.cmake
[1.046s] -- Up-to-date symlink: /home/ros2/simu_ws/install/turtlebot3_node/share/turtlebot3_node/cmake/ament_cmake_export_include_directories-extras.cmake
[1.046s] -- Up-to-date symlink: /home/ros2/simu_ws/install/turtlebot3_node/share/turtlebot3_node/cmake/turtlebot3_nodeConfig.cmake
[1.046s] -- Up-to-date symlink: /home/ros2/simu_ws/install/turtlebot3_node/share/turtlebot3_node/cmake/turtlebot3_nodeConfig-version.cmake
[1.046s] -- Up-to-date symlink: /home/ros2/simu_ws/install/turtlebot3_node/share/turtlebot3_node/package.xml
[1.149s] Invoked command in '/home/ros2/simu_ws/build/turtlebot3_node' returned '0': CMAKE_PREFIX_PATH=${CMAKE_PREFIX_PATH}:/home/ros2/simu_ws/install/simubot_vision:/home/ros2/simu_ws/install/turtlebot3_teleop:/home/ros2/simu_ws/install/turtlebot3_example:/opt/ros/humble /usr/bin/cmake --install /home/ros2/simu_ws/build/turtlebot3_node
