[1.556s] Invoking command in '/home/ros2/simu_ws/build/turtlebot3_teleop': PYTHONPATH=/home/ros2/simu_ws/build/turtlebot3_teleop/prefix_override:/usr/lib/python3/dist-packages/colcon_core/task/python/colcon_distutils_commands:/home/ros2/simu_ws/install/turtlebot3_teleop/lib/python3.10/site-packages:${PYTHONPATH} /usr/bin/python3 -W ignore:setup.py install is deprecated -W ignore:easy_install command is deprecated setup.py develop --uninstall --editable --build-directory /home/ros2/simu_ws/build/turtlebot3_teleop/build
[1.931s] running develop
[2.104s] Removing /home/ros2/simu_ws/install/turtlebot3_teleop/lib/python3.10/site-packages/turtlebot3-teleop.egg-link (link to .)
[2.138s] Invoked command in '/home/ros2/simu_ws/build/turtlebot3_teleop' returned '0': PYTHONPATH=/home/ros2/simu_ws/build/turtlebot3_teleop/prefix_override:/usr/lib/python3/dist-packages/colcon_core/task/python/colcon_distutils_commands:/home/ros2/simu_ws/install/turtlebot3_teleop/lib/python3.10/site-packages:${PYTHONPATH} /usr/bin/python3 -W ignore:setup.py install is deprecated -W ignore:easy_install command is deprecated setup.py develop --uninstall --editable --build-directory /home/ros2/simu_ws/build/turtlebot3_teleop/build
[2.150s] Invoking command in '/home/ros2/simu_ws/src/turtlebot3/turtlebot3_teleop': PYTHONPATH=/home/ros2/simu_ws/build/turtlebot3_teleop/prefix_override:/usr/lib/python3/dist-packages/colcon_core/task/python/colcon_distutils_commands:/home/ros2/simu_ws/install/turtlebot3_teleop/lib/python3.10/site-packages:${PYTHONPATH} /usr/bin/python3 -W ignore:setup.py install is deprecated -W ignore:easy_install command is deprecated setup.py egg_info --egg-base ../../../build/turtlebot3_teleop build --build-base /home/ros2/simu_ws/build/turtlebot3_teleop/build install --record /home/ros2/simu_ws/build/turtlebot3_teleop/install.log --single-version-externally-managed install_data --force
[2.494s] running egg_info
[2.494s] writing ../../../build/turtlebot3_teleop/turtlebot3_teleop.egg-info/PKG-INFO
[2.497s] writing dependency_links to ../../../build/turtlebot3_teleop/turtlebot3_teleop.egg-info/dependency_links.txt
[2.498s] writing entry points to ../../../build/turtlebot3_teleop/turtlebot3_teleop.egg-info/entry_points.txt
[2.499s] writing requirements to ../../../build/turtlebot3_teleop/turtlebot3_teleop.egg-info/requires.txt
[2.501s] writing top-level names to ../../../build/turtlebot3_teleop/turtlebot3_teleop.egg-info/top_level.txt
[2.508s] reading manifest file '../../../build/turtlebot3_teleop/turtlebot3_teleop.egg-info/SOURCES.txt'
[2.512s] writing manifest file '../../../build/turtlebot3_teleop/turtlebot3_teleop.egg-info/SOURCES.txt'
[2.513s] running build
[2.514s] running build_py
[2.515s] creating /home/ros2/simu_ws/build/turtlebot3_teleop/build
[2.516s] creating /home/ros2/simu_ws/build/turtlebot3_teleop/build/lib
[2.516s] creating /home/ros2/simu_ws/build/turtlebot3_teleop/build/lib/turtlebot3_teleop
[2.517s] copying turtlebot3_teleop/__init__.py -> /home/ros2/simu_ws/build/turtlebot3_teleop/build/lib/turtlebot3_teleop
[2.519s] creating /home/ros2/simu_ws/build/turtlebot3_teleop/build/lib/turtlebot3_teleop/script
[2.519s] copying turtlebot3_teleop/script/teleop_keyboard.py -> /home/ros2/simu_ws/build/turtlebot3_teleop/build/lib/turtlebot3_teleop/script
[2.520s] copying turtlebot3_teleop/script/__init__.py -> /home/ros2/simu_ws/build/turtlebot3_teleop/build/lib/turtlebot3_teleop/script
[2.521s] running install
[2.522s] running install_lib
[2.523s] creating /home/ros2/simu_ws/install/turtlebot3_teleop/lib/python3.10/site-packages/turtlebot3_teleop
[2.525s] copying /home/ros2/simu_ws/build/turtlebot3_teleop/build/lib/turtlebot3_teleop/__init__.py -> /home/ros2/simu_ws/install/turtlebot3_teleop/lib/python3.10/site-packages/turtlebot3_teleop
[2.526s] creating /home/ros2/simu_ws/install/turtlebot3_teleop/lib/python3.10/site-packages/turtlebot3_teleop/script
[2.527s] copying /home/ros2/simu_ws/build/turtlebot3_teleop/build/lib/turtlebot3_teleop/script/teleop_keyboard.py -> /home/ros2/simu_ws/install/turtlebot3_teleop/lib/python3.10/site-packages/turtlebot3_teleop/script
[2.529s] copying /home/ros2/simu_ws/build/turtlebot3_teleop/build/lib/turtlebot3_teleop/script/__init__.py -> /home/ros2/simu_ws/install/turtlebot3_teleop/lib/python3.10/site-packages/turtlebot3_teleop/script
[2.535s] byte-compiling /home/ros2/simu_ws/install/turtlebot3_teleop/lib/python3.10/site-packages/turtlebot3_teleop/__init__.py to __init__.cpython-310.pyc
[2.537s] byte-compiling /home/ros2/simu_ws/install/turtlebot3_teleop/lib/python3.10/site-packages/turtlebot3_teleop/script/teleop_keyboard.py to teleop_keyboard.cpython-310.pyc
[2.548s] byte-compiling /home/ros2/simu_ws/install/turtlebot3_teleop/lib/python3.10/site-packages/turtlebot3_teleop/script/__init__.py to __init__.cpython-310.pyc
[2.549s] running install_data
[2.550s] copying resource/turtlebot3_teleop -> /home/ros2/simu_ws/install/turtlebot3_teleop/share/ament_index/resource_index/packages
[2.555s] copying package.xml -> /home/ros2/simu_ws/install/turtlebot3_teleop/share/turtlebot3_teleop
[2.558s] running install_egg_info
[2.559s] Copying ../../../build/turtlebot3_teleop/turtlebot3_teleop.egg-info to /home/ros2/simu_ws/install/turtlebot3_teleop/lib/python3.10/site-packages/turtlebot3_teleop-2.3.1-py3.10.egg-info
[2.571s] running install_scripts
[2.603s] Installing teleop_keyboard script to /home/ros2/simu_ws/install/turtlebot3_teleop/lib/turtlebot3_teleop
[2.606s] writing list of installed files to '/home/ros2/simu_ws/build/turtlebot3_teleop/install.log'
[2.630s] Invoked command in '/home/ros2/simu_ws/src/turtlebot3/turtlebot3_teleop' returned '0': PYTHONPATH=/home/ros2/simu_ws/build/turtlebot3_teleop/prefix_override:/usr/lib/python3/dist-packages/colcon_core/task/python/colcon_distutils_commands:/home/ros2/simu_ws/install/turtlebot3_teleop/lib/python3.10/site-packages:${PYTHONPATH} /usr/bin/python3 -W ignore:setup.py install is deprecated -W ignore:easy_install command is deprecated setup.py egg_info --egg-base ../../../build/turtlebot3_teleop build --build-base /home/ros2/simu_ws/build/turtlebot3_teleop/build install --record /home/ros2/simu_ws/build/turtlebot3_teleop/install.log --single-version-externally-managed install_data --force
