[0.102s] Invoking command in '/home/ros2/simu_ws/build/turtlebot3_node': CMAKE_PREFIX_PATH=/home/ros2/simu_ws/install/turtlebot3_teleop:/home/ros2/simu_ws/install/turtlebot3_example:/opt/ros/humble /usr/bin/cmake /home/ros2/simu_ws/src/turtlebot3/turtlebot3_node -DAMENT_CMAKE_SYMLINK_INSTALL=1 -DCMAKE_INSTALL_PREFIX=/home/ros2/simu_ws/install/turtlebot3_node
[0.194s] -- Found ament_cmake: 1.3.11 (/opt/ros/humble/share/ament_cmake/cmake)
[0.578s] -- Override CMake install command with custom implementation using symlinks instead of copying resources
[0.604s] [31mCMake Error at CMakeLists.txt:19 (find_package):
[0.604s]   By not providing "Finddynamixel_sdk.cmake" in CMAKE_MODULE_PATH this
[0.605s]   project has asked CMake to find a package configuration file provided by
[0.605s]   "dynamixel_sdk", but CMake did not find one.
[0.605s] 
[0.606s]   Could not find a package configuration file provided by "dynamixel_sdk"
[0.607s]   with any of the following names:
[0.608s] 
[0.610s]     dynamixel_sdkConfig.cmake
[0.610s]     dynamixel_sdk-config.cmake
[0.611s] 
[0.613s]   Add the installation prefix of "dynamixel_sdk" to CMAKE_PREFIX_PATH or set
[0.613s]   "dynamixel_sdk_DIR" to a directory containing one of the above files.  If
[0.613s]   "dynamixel_sdk" provides a separate development package or SDK, be sure it
[0.613s]   has been installed.
[0.613s] 
[0.614s] [0m
[0.614s] -- Configuring incomplete, errors occurred!
[0.614s] See also "/home/ros2/simu_ws/build/turtlebot3_node/CMakeFiles/CMakeOutput.log".
[0.747s] Invoked command in '/home/ros2/simu_ws/build/turtlebot3_node' returned '1': CMAKE_PREFIX_PATH=/home/ros2/simu_ws/install/turtlebot3_teleop:/home/ros2/simu_ws/install/turtlebot3_example:/opt/ros/humble /usr/bin/cmake /home/ros2/simu_ws/src/turtlebot3/turtlebot3_node -DAMENT_CMAKE_SYMLINK_INSTALL=1 -DCMAKE_INSTALL_PREFIX=/home/ros2/simu_ws/install/turtlebot3_node
