[0.169s] Invoking command in '/home/ros2/simu_ws/build/simubot_decision': AMENT_PREFIX_PATH=/home/ros2/simu_ws/install/custom_msgs:${AMENT_PREFIX_PATH} CMAKE_PREFIX_PATH=/home/ros2/simu_ws/install/custom_msgs:/home/ros2/simu_ws/install/turtlebot3_teleop:/home/ros2/simu_ws/install/turtlebot3_example:/opt/ros/humble /usr/bin/cmake /home/ros2/simu_ws/src/simubot_decision -DAMENT_CMAKE_SYMLINK_INSTALL=1 -DCMAKE_INSTALL_PREFIX=/home/ros2/simu_ws/install/simubot_decision
[0.619s] -- The C compiler identification is GNU 11.4.0
[0.955s] -- The CXX compiler identification is GNU 11.4.0
[0.993s] -- Detecting C compiler ABI info
[1.613s] -- Detecting C compiler ABI info - done
[1.631s] -- Check for working C compiler: /usr/bin/cc - skipped
[1.631s] -- Detecting C compile features
[1.631s] -- Detecting C compile features - done
[1.635s] -- Detecting CXX compiler ABI info
[2.162s] -- Detecting CXX compiler ABI info - done
[2.179s] -- Check for working CXX compiler: /usr/bin/c++ - skipped
[2.180s] -- Detecting CXX compile features
[2.180s] -- Detecting CXX compile features - done
[2.199s] -- Found ament_cmake: 1.3.11 (/opt/ros/humble/share/ament_cmake/cmake)
[2.836s] -- Found Python3: /usr/bin/python3 (found version "3.10.12") found components: Interpreter 
[3.033s] -- Override CMake install command with custom implementation using symlinks instead of copying resources
[3.412s] -- Found rclcpp: 16.0.12 (/opt/ros/humble/share/rclcpp/cmake)
[3.750s] -- Found rosidl_generator_c: 3.1.6 (/opt/ros/humble/share/rosidl_generator_c/cmake)
[3.798s] -- Found rosidl_adapter: 3.1.6 (/opt/ros/humble/share/rosidl_adapter/cmake)
[3.855s] -- Found rosidl_generator_cpp: 3.1.6 (/opt/ros/humble/share/rosidl_generator_cpp/cmake)
[3.910s] -- Using all available rosidl_typesupport_c: rosidl_typesupport_fastrtps_c;rosidl_typesupport_introspection_c
[3.977s] -- Using all available rosidl_typesupport_cpp: rosidl_typesupport_fastrtps_cpp;rosidl_typesupport_introspection_cpp
[4.204s] -- Found rmw_implementation_cmake: 6.1.2 (/opt/ros/humble/share/rmw_implementation_cmake/cmake)
[4.219s] -- Found rmw_fastrtps_cpp: 6.2.7 (/opt/ros/humble/share/rmw_fastrtps_cpp/cmake)
[5.178s] -- Found OpenSSL: /usr/lib/x86_64-linux-gnu/libcrypto.so (found version "3.0.2")  
[5.300s] -- Found FastRTPS: /opt/ros/humble/include  
[5.581s] -- Using RMW implementation 'rmw_fastrtps_cpp' as default
[5.801s] -- Looking for pthread.h
[7.524s] -- Looking for pthread.h - found
[7.533s] -- Performing Test CMAKE_HAVE_LIBC_PTHREAD
[9.064s] -- Performing Test CMAKE_HAVE_LIBC_PTHREAD - Success
[9.079s] -- Found Threads: TRUE  
[9.556s] -- Found geometry_msgs: 4.8.0 (/opt/ros/humble/share/geometry_msgs/cmake)
[9.625s] -- Found custom_msgs: 0.0.0 (/home/ros2/simu_ws/install/custom_msgs/share/custom_msgs/cmake)
[9.710s] -- Found ament_lint_auto: 0.12.12 (/opt/ros/humble/share/ament_lint_auto/cmake)
[10.371s] -- Added test 'lint_cmake' to check CMake code style
[10.395s] -- Added test 'xmllint' to check XML markup files
[10.434s] -- Configuring done
[10.518s] -- Generating done
[10.557s] -- Build files have been written to: /home/ros2/simu_ws/build/simubot_decision
[10.574s] Invoked command in '/home/ros2/simu_ws/build/simubot_decision' returned '0': AMENT_PREFIX_PATH=/home/ros2/simu_ws/install/custom_msgs:${AMENT_PREFIX_PATH} CMAKE_PREFIX_PATH=/home/ros2/simu_ws/install/custom_msgs:/home/ros2/simu_ws/install/turtlebot3_teleop:/home/ros2/simu_ws/install/turtlebot3_example:/opt/ros/humble /usr/bin/cmake /home/ros2/simu_ws/src/simubot_decision -DAMENT_CMAKE_SYMLINK_INSTALL=1 -DCMAKE_INSTALL_PREFIX=/home/ros2/simu_ws/install/simubot_decision
[10.584s] Invoking command in '/home/ros2/simu_ws/build/simubot_decision': AMENT_PREFIX_PATH=/home/ros2/simu_ws/install/custom_msgs:${AMENT_PREFIX_PATH} CMAKE_PREFIX_PATH=/home/ros2/simu_ws/install/custom_msgs:/home/ros2/simu_ws/install/turtlebot3_teleop:/home/ros2/simu_ws/install/turtlebot3_example:/opt/ros/humble /usr/bin/cmake --build /home/ros2/simu_ws/build/simubot_decision -- -j10 -l10
[10.868s] Invoked command in '/home/ros2/simu_ws/build/simubot_decision' returned '0': AMENT_PREFIX_PATH=/home/ros2/simu_ws/install/custom_msgs:${AMENT_PREFIX_PATH} CMAKE_PREFIX_PATH=/home/ros2/simu_ws/install/custom_msgs:/home/ros2/simu_ws/install/turtlebot3_teleop:/home/ros2/simu_ws/install/turtlebot3_example:/opt/ros/humble /usr/bin/cmake --build /home/ros2/simu_ws/build/simubot_decision -- -j10 -l10
[10.879s] Invoking command in '/home/ros2/simu_ws/build/simubot_decision': AMENT_PREFIX_PATH=/home/ros2/simu_ws/install/custom_msgs:${AMENT_PREFIX_PATH} CMAKE_PREFIX_PATH=/home/ros2/simu_ws/install/custom_msgs:/home/ros2/simu_ws/install/turtlebot3_teleop:/home/ros2/simu_ws/install/turtlebot3_example:/opt/ros/humble /usr/bin/cmake --install /home/ros2/simu_ws/build/simubot_decision
[10.939s] -- Install configuration: ""
[10.947s] -- Execute custom install script
[10.956s] -- Symlinking: /home/ros2/simu_ws/install/simubot_decision/share/ament_index/resource_index/package_run_dependencies/simubot_decision
[11.011s] -- Symlinking: /home/ros2/simu_ws/install/simubot_decision/share/ament_index/resource_index/parent_prefix_path/simubot_decision
[11.061s] -- Symlinking: /home/ros2/simu_ws/install/simubot_decision/share/simubot_decision/environment/ament_prefix_path.sh
[11.103s] -- Symlinking: /home/ros2/simu_ws/install/simubot_decision/share/simubot_decision/environment/ament_prefix_path.dsv
[11.143s] -- Symlinking: /home/ros2/simu_ws/install/simubot_decision/share/simubot_decision/environment/path.sh
[11.185s] -- Symlinking: /home/ros2/simu_ws/install/simubot_decision/share/simubot_decision/environment/path.dsv
[11.227s] -- Symlinking: /home/ros2/simu_ws/install/simubot_decision/share/simubot_decision/local_setup.bash
[11.267s] -- Symlinking: /home/ros2/simu_ws/install/simubot_decision/share/simubot_decision/local_setup.sh
[11.306s] -- Symlinking: /home/ros2/simu_ws/install/simubot_decision/share/simubot_decision/local_setup.zsh
[11.350s] -- Symlinking: /home/ros2/simu_ws/install/simubot_decision/share/simubot_decision/local_setup.dsv
[11.388s] -- Symlinking: /home/ros2/simu_ws/install/simubot_decision/share/simubot_decision/package.dsv
[11.427s] -- Symlinking: /home/ros2/simu_ws/install/simubot_decision/share/ament_index/resource_index/packages/simubot_decision
[11.465s] -- Symlinking: /home/ros2/simu_ws/install/simubot_decision/share/simubot_decision/cmake/simubot_decisionConfig.cmake
[11.517s] -- Symlinking: /home/ros2/simu_ws/install/simubot_decision/share/simubot_decision/cmake/simubot_decisionConfig-version.cmake
[11.555s] -- Symlinking: /home/ros2/simu_ws/install/simubot_decision/share/simubot_decision/package.xml
[11.599s] Invoked command in '/home/ros2/simu_ws/build/simubot_decision' returned '0': AMENT_PREFIX_PATH=/home/ros2/simu_ws/install/custom_msgs:${AMENT_PREFIX_PATH} CMAKE_PREFIX_PATH=/home/ros2/simu_ws/install/custom_msgs:/home/ros2/simu_ws/install/turtlebot3_teleop:/home/ros2/simu_ws/install/turtlebot3_example:/opt/ros/humble /usr/bin/cmake --install /home/ros2/simu_ws/build/simubot_decision
