[0.121s] Invoking command in '/home/ros2/simu_ws/build/turtlebot3_description': CMAKE_PREFIX_PATH=${CMAKE_PREFIX_PATH}:/home/ros2/simu_ws/install/simubot_vision:/home/ros2/simu_ws/install/turtlebot3_teleop:/home/ros2/simu_ws/install/turtlebot3_example:/opt/ros/humble /usr/bin/cmake --build /home/ros2/simu_ws/build/turtlebot3_description -- -j10 -l10
[0.860s] Invoked command in '/home/ros2/simu_ws/build/turtlebot3_description' returned '0': CMAKE_PREFIX_PATH=${CMAKE_PREFIX_PATH}:/home/ros2/simu_ws/install/simubot_vision:/home/ros2/simu_ws/install/turtlebot3_teleop:/home/ros2/simu_ws/install/turtlebot3_example:/opt/ros/humble /usr/bin/cmake --build /home/ros2/simu_ws/build/turtlebot3_description -- -j10 -l10
[0.871s] Invoking command in '/home/ros2/simu_ws/build/turtlebot3_description': CMAKE_PREFIX_PATH=${CMAKE_PREFIX_PATH}:/home/ros2/simu_ws/install/simubot_vision:/home/ros2/simu_ws/install/turtlebot3_teleop:/home/ros2/simu_ws/install/turtlebot3_example:/opt/ros/humble /usr/bin/cmake --install /home/ros2/simu_ws/build/turtlebot3_description
[0.946s] -- Install configuration: ""
[0.946s] -- Execute custom install script
[0.947s] -- Up-to-date symlink: /home/ros2/simu_ws/install/turtlebot3_description/share/turtlebot3_description/meshes/bases/burger_base.stl
[0.947s] -- Up-to-date symlink: /home/ros2/simu_ws/install/turtlebot3_description/share/turtlebot3_description/meshes/bases/waffle_base.stl
[0.949s] -- Up-to-date symlink: /home/ros2/simu_ws/install/turtlebot3_description/share/turtlebot3_description/meshes/bases/waffle_pi_base.stl
[0.950s] -- Up-to-date symlink: /home/ros2/simu_ws/install/turtlebot3_description/share/turtlebot3_description/meshes/sensors/astra.dae
[0.951s] -- Up-to-date symlink: /home/ros2/simu_ws/install/turtlebot3_description/share/turtlebot3_description/meshes/sensors/astra.jpg
[0.952s] -- Up-to-date symlink: /home/ros2/simu_ws/install/turtlebot3_description/share/turtlebot3_description/meshes/sensors/lds.stl
[0.952s] -- Up-to-date symlink: /home/ros2/simu_ws/install/turtlebot3_description/share/turtlebot3_description/meshes/sensors/r200.dae
[0.955s] -- Up-to-date symlink: /home/ros2/simu_ws/install/turtlebot3_description/share/turtlebot3_description/meshes/sensors/r200.jpg
[0.957s] -- Up-to-date symlink: /home/ros2/simu_ws/install/turtlebot3_description/share/turtlebot3_description/meshes/wheels/left_tire.stl
[0.957s] -- Up-to-date symlink: /home/ros2/simu_ws/install/turtlebot3_description/share/turtlebot3_description/meshes/wheels/right_tire.stl
[0.959s] -- Up-to-date symlink: /home/ros2/simu_ws/install/turtlebot3_description/share/turtlebot3_description/rviz/model.rviz
[0.963s] -- Up-to-date symlink: /home/ros2/simu_ws/install/turtlebot3_description/share/turtlebot3_description/urdf/common_properties.urdf
[0.963s] -- Up-to-date symlink: /home/ros2/simu_ws/install/turtlebot3_description/share/turtlebot3_description/urdf/turtlebot3_burger.urdf
[0.965s] -- Up-to-date symlink: /home/ros2/simu_ws/install/turtlebot3_description/share/turtlebot3_description/urdf/turtlebot3_waffle.urdf
[0.967s] -- Up-to-date symlink: /home/ros2/simu_ws/install/turtlebot3_description/share/turtlebot3_description/urdf/turtlebot3_waffle_pi.urdf
[0.969s] -- Up-to-date symlink: /home/ros2/simu_ws/install/turtlebot3_description/share/ament_index/resource_index/package_run_dependencies/turtlebot3_description
[0.971s] -- Up-to-date symlink: /home/ros2/simu_ws/install/turtlebot3_description/share/ament_index/resource_index/parent_prefix_path/turtlebot3_description
[0.973s] -- Up-to-date symlink: /home/ros2/simu_ws/install/turtlebot3_description/share/turtlebot3_description/environment/ament_prefix_path.sh
[0.977s] -- Up-to-date symlink: /home/ros2/simu_ws/install/turtlebot3_description/share/turtlebot3_description/environment/ament_prefix_path.dsv
[0.979s] -- Up-to-date symlink: /home/ros2/simu_ws/install/turtlebot3_description/share/turtlebot3_description/environment/path.sh
[0.980s] -- Up-to-date symlink: /home/ros2/simu_ws/install/turtlebot3_description/share/turtlebot3_description/environment/path.dsv
[0.982s] -- Up-to-date symlink: /home/ros2/simu_ws/install/turtlebot3_description/share/turtlebot3_description/local_setup.bash
[0.988s] -- Up-to-date symlink: /home/ros2/simu_ws/install/turtlebot3_description/share/turtlebot3_description/local_setup.sh
[0.994s] -- Up-to-date symlink: /home/ros2/simu_ws/install/turtlebot3_description/share/turtlebot3_description/local_setup.zsh
[0.997s] -- Up-to-date symlink: /home/ros2/simu_ws/install/turtlebot3_description/share/turtlebot3_description/local_setup.dsv
[0.998s] -- Symlinking: /home/ros2/simu_ws/install/turtlebot3_description/share/turtlebot3_description/package.dsv
[1.050s] -- Up-to-date symlink: /home/ros2/simu_ws/install/turtlebot3_description/share/ament_index/resource_index/packages/turtlebot3_description
[1.051s] -- Up-to-date symlink: /home/ros2/simu_ws/install/turtlebot3_description/share/turtlebot3_description/cmake/turtlebot3_descriptionConfig.cmake
[1.052s] -- Up-to-date symlink: /home/ros2/simu_ws/install/turtlebot3_description/share/turtlebot3_description/cmake/turtlebot3_descriptionConfig-version.cmake
[1.052s] -- Up-to-date symlink: /home/ros2/simu_ws/install/turtlebot3_description/share/turtlebot3_description/package.xml
[1.275s] Invoked command in '/home/ros2/simu_ws/build/turtlebot3_description' returned '0': CMAKE_PREFIX_PATH=${CMAKE_PREFIX_PATH}:/home/ros2/simu_ws/install/simubot_vision:/home/ros2/simu_ws/install/turtlebot3_teleop:/home/ros2/simu_ws/install/turtlebot3_example:/opt/ros/humble /usr/bin/cmake --install /home/ros2/simu_ws/build/turtlebot3_description
