[0.513s] Invoking command in '/home/ros2/simu_ws/build/turtlebot3_navigation2': CMAKE_PREFIX_PATH=${CMAKE_PREFIX_PATH}:/home/ros2/simu_ws/install/turtlebot3_teleop:/home/ros2/simu_ws/install/turtlebot3_example:/home/ros2/simu_ws/install/simubot_vision:/opt/ros/humble /usr/bin/cmake /home/ros2/simu_ws/src/turtlebot3/turtlebot3_navigation2 -DCMAKE_INSTALL_PREFIX=/home/ros2/simu_ws/install/turtlebot3_navigation2
[0.981s] -- Found ament_cmake: 1.3.11 (/opt/ros/humble/share/ament_cmake/cmake)
[1.099s] -- Override CMake install command with custom implementation using symlinks instead of copying resources
[1.511s] -- Configuring done
[1.640s] -- Generating done
[1.672s] -- Build files have been written to: /home/ros2/simu_ws/build/turtlebot3_navigation2
[1.703s] Invoked command in '/home/ros2/simu_ws/build/turtlebot3_navigation2' returned '0': CMAKE_PREFIX_PATH=${CMAKE_PREFIX_PATH}:/home/ros2/simu_ws/install/turtlebot3_teleop:/home/ros2/simu_ws/install/turtlebot3_example:/home/ros2/simu_ws/install/simubot_vision:/opt/ros/humble /usr/bin/cmake /home/ros2/simu_ws/src/turtlebot3/turtlebot3_navigation2 -DCMAKE_INSTALL_PREFIX=/home/ros2/simu_ws/install/turtlebot3_navigation2
[1.713s] Invoking command in '/home/ros2/simu_ws/build/turtlebot3_navigation2': CMAKE_PREFIX_PATH=${CMAKE_PREFIX_PATH}:/home/ros2/simu_ws/install/turtlebot3_teleop:/home/ros2/simu_ws/install/turtlebot3_example:/home/ros2/simu_ws/install/simubot_vision:/opt/ros/humble /usr/bin/cmake --build /home/ros2/simu_ws/build/turtlebot3_navigation2 -- -j10 -l10
[2.102s] Invoked command in '/home/ros2/simu_ws/build/turtlebot3_navigation2' returned '0': CMAKE_PREFIX_PATH=${CMAKE_PREFIX_PATH}:/home/ros2/simu_ws/install/turtlebot3_teleop:/home/ros2/simu_ws/install/turtlebot3_example:/home/ros2/simu_ws/install/simubot_vision:/opt/ros/humble /usr/bin/cmake --build /home/ros2/simu_ws/build/turtlebot3_navigation2 -- -j10 -l10
[2.111s] Invoking command in '/home/ros2/simu_ws/build/turtlebot3_navigation2': CMAKE_PREFIX_PATH=${CMAKE_PREFIX_PATH}:/home/ros2/simu_ws/install/turtlebot3_teleop:/home/ros2/simu_ws/install/turtlebot3_example:/home/ros2/simu_ws/install/simubot_vision:/opt/ros/humble /usr/bin/cmake --install /home/ros2/simu_ws/build/turtlebot3_navigation2
[2.205s] -- Install configuration: ""
[2.209s] -- Execute custom install script
[2.221s] -- Up-to-date symlink: /home/ros2/simu_ws/install/turtlebot3_navigation2/share/turtlebot3_navigation2/launch/navigation2.launch.py
[2.223s] -- Up-to-date symlink: /home/ros2/simu_ws/install/turtlebot3_navigation2/share/turtlebot3_navigation2/map/map.pgm
[2.224s] -- Up-to-date symlink: /home/ros2/simu_ws/install/turtlebot3_navigation2/share/turtlebot3_navigation2/map/map.yaml
[2.227s] -- Up-to-date symlink: /home/ros2/simu_ws/install/turtlebot3_navigation2/share/turtlebot3_navigation2/param/burger.yaml
[2.229s] -- Up-to-date symlink: /home/ros2/simu_ws/install/turtlebot3_navigation2/share/turtlebot3_navigation2/param/burger_cam.yaml
[2.229s] -- Up-to-date symlink: /home/ros2/simu_ws/install/turtlebot3_navigation2/share/turtlebot3_navigation2/param/humble/burger.yaml
[2.230s] -- Up-to-date symlink: /home/ros2/simu_ws/install/turtlebot3_navigation2/share/turtlebot3_navigation2/param/humble/burger_cam.yaml
[2.232s] -- Up-to-date symlink: /home/ros2/simu_ws/install/turtlebot3_navigation2/share/turtlebot3_navigation2/param/humble/waffle.yaml
[2.234s] -- Up-to-date symlink: /home/ros2/simu_ws/install/turtlebot3_navigation2/share/turtlebot3_navigation2/param/humble/waffle_pi.yaml
[2.236s] -- Up-to-date symlink: /home/ros2/simu_ws/install/turtlebot3_navigation2/share/turtlebot3_navigation2/param/waffle.yaml
[2.237s] -- Up-to-date symlink: /home/ros2/simu_ws/install/turtlebot3_navigation2/share/turtlebot3_navigation2/param/waffle_pi.yaml
[2.238s] -- Up-to-date symlink: /home/ros2/simu_ws/install/turtlebot3_navigation2/share/turtlebot3_navigation2/rviz/tb3_navigation2.rviz
[2.239s] -- Up-to-date symlink: /home/ros2/simu_ws/install/turtlebot3_navigation2/share/ament_index/resource_index/package_run_dependencies/turtlebot3_navigation2
[2.242s] -- Up-to-date symlink: /home/ros2/simu_ws/install/turtlebot3_navigation2/share/ament_index/resource_index/parent_prefix_path/turtlebot3_navigation2
[2.244s] -- Up-to-date symlink: /home/ros2/simu_ws/install/turtlebot3_navigation2/share/turtlebot3_navigation2/environment/ament_prefix_path.sh
[2.245s] -- Up-to-date symlink: /home/ros2/simu_ws/install/turtlebot3_navigation2/share/turtlebot3_navigation2/environment/ament_prefix_path.dsv
[2.246s] -- Up-to-date symlink: /home/ros2/simu_ws/install/turtlebot3_navigation2/share/turtlebot3_navigation2/environment/path.sh
[2.247s] -- Up-to-date symlink: /home/ros2/simu_ws/install/turtlebot3_navigation2/share/turtlebot3_navigation2/environment/path.dsv
[2.247s] -- Up-to-date symlink: /home/ros2/simu_ws/install/turtlebot3_navigation2/share/turtlebot3_navigation2/local_setup.bash
[2.248s] -- Up-to-date symlink: /home/ros2/simu_ws/install/turtlebot3_navigation2/share/turtlebot3_navigation2/local_setup.sh
[2.250s] -- Up-to-date symlink: /home/ros2/simu_ws/install/turtlebot3_navigation2/share/turtlebot3_navigation2/local_setup.zsh
[2.251s] -- Up-to-date symlink: /home/ros2/simu_ws/install/turtlebot3_navigation2/share/turtlebot3_navigation2/local_setup.dsv
[2.253s] -- Symlinking: /home/ros2/simu_ws/install/turtlebot3_navigation2/share/turtlebot3_navigation2/package.dsv
[2.328s] -- Up-to-date symlink: /home/ros2/simu_ws/install/turtlebot3_navigation2/share/ament_index/resource_index/packages/turtlebot3_navigation2
[2.329s] -- Up-to-date symlink: /home/ros2/simu_ws/install/turtlebot3_navigation2/share/turtlebot3_navigation2/cmake/turtlebot3_navigation2Config.cmake
[2.330s] -- Up-to-date symlink: /home/ros2/simu_ws/install/turtlebot3_navigation2/share/turtlebot3_navigation2/cmake/turtlebot3_navigation2Config-version.cmake
[2.332s] -- Up-to-date symlink: /home/ros2/simu_ws/install/turtlebot3_navigation2/share/turtlebot3_navigation2/package.xml
[2.345s] Invoked command in '/home/ros2/simu_ws/build/turtlebot3_navigation2' returned '0': CMAKE_PREFIX_PATH=${CMAKE_PREFIX_PATH}:/home/ros2/simu_ws/install/turtlebot3_teleop:/home/ros2/simu_ws/install/turtlebot3_example:/home/ros2/simu_ws/install/simubot_vision:/opt/ros/humble /usr/bin/cmake --install /home/ros2/simu_ws/build/turtlebot3_navigation2
