[0.433s] Invoking command in '/home/ros2/simu_ws/build/turtlebot3_bringup': CMAKE_PREFIX_PATH=/home/ros2/simu_ws/install/turtlebot3_node:/home/ros2/simu_ws/install/turtlebot3_description:/home/ros2/simu_ws/install/turtlebot3:/home/ros2/simu_ws/install/turtlebot3_bringup:/home/ros2/simu_ws/install/turtlebot3_navigation2:/home/ros2/simu_ws/install/simubot_launch:/home/ros2/simu_ws/install/turtlebot3_cartographer:/home/ros2/simu_ws/install/simubot_decision:/home/ros2/simu_ws/install/custom_msgs:/home/ros2/simu_ws/install/turtlebot3_teleop:/home/ros2/simu_ws/install/turtlebot3_example:/home/ros2/simu_ws/install/simubot_vision:/opt/ros/humble /usr/bin/cmake --build /home/ros2/simu_ws/build/turtlebot3_bringup -- -j10 -l10
[0.742s] Invoked command in '/home/ros2/simu_ws/build/turtlebot3_bringup' returned '0': CMAKE_PREFIX_PATH=/home/ros2/simu_ws/install/turtlebot3_node:/home/ros2/simu_ws/install/turtlebot3_description:/home/ros2/simu_ws/install/turtlebot3:/home/ros2/simu_ws/install/turtlebot3_bringup:/home/ros2/simu_ws/install/turtlebot3_navigation2:/home/ros2/simu_ws/install/simubot_launch:/home/ros2/simu_ws/install/turtlebot3_cartographer:/home/ros2/simu_ws/install/simubot_decision:/home/ros2/simu_ws/install/custom_msgs:/home/ros2/simu_ws/install/turtlebot3_teleop:/home/ros2/simu_ws/install/turtlebot3_example:/home/ros2/simu_ws/install/simubot_vision:/opt/ros/humble /usr/bin/cmake --build /home/ros2/simu_ws/build/turtlebot3_bringup -- -j10 -l10
[0.750s] Invoking command in '/home/ros2/simu_ws/build/turtlebot3_bringup': CMAKE_PREFIX_PATH=/home/ros2/simu_ws/install/turtlebot3_node:/home/ros2/simu_ws/install/turtlebot3_description:/home/ros2/simu_ws/install/turtlebot3:/home/ros2/simu_ws/install/turtlebot3_bringup:/home/ros2/simu_ws/install/turtlebot3_navigation2:/home/ros2/simu_ws/install/simubot_launch:/home/ros2/simu_ws/install/turtlebot3_cartographer:/home/ros2/simu_ws/install/simubot_decision:/home/ros2/simu_ws/install/custom_msgs:/home/ros2/simu_ws/install/turtlebot3_teleop:/home/ros2/simu_ws/install/turtlebot3_example:/home/ros2/simu_ws/install/simubot_vision:/opt/ros/humble /usr/bin/cmake --install /home/ros2/simu_ws/build/turtlebot3_bringup
[0.826s] -- Install configuration: ""
[0.831s] -- Execute custom install script
[0.838s] -- Up-to-date symlink: /home/ros2/simu_ws/install/turtlebot3_bringup/share/turtlebot3_bringup/launch/camera.launch.py
[0.839s] -- Up-to-date symlink: /home/ros2/simu_ws/install/turtlebot3_bringup/share/turtlebot3_bringup/launch/robot.launch.py
[0.840s] -- Up-to-date symlink: /home/ros2/simu_ws/install/turtlebot3_bringup/share/turtlebot3_bringup/launch/rviz2.launch.py
[0.841s] -- Up-to-date symlink: /home/ros2/simu_ws/install/turtlebot3_bringup/share/turtlebot3_bringup/launch/turtlebot3_state_publisher.launch.py
[0.844s] -- Up-to-date symlink: /home/ros2/simu_ws/install/turtlebot3_bringup/share/turtlebot3_bringup/param/burger.yaml
[0.845s] -- Up-to-date symlink: /home/ros2/simu_ws/install/turtlebot3_bringup/share/turtlebot3_bringup/param/humble/burger.yaml
[0.846s] -- Up-to-date symlink: /home/ros2/simu_ws/install/turtlebot3_bringup/share/turtlebot3_bringup/param/humble/waffle.yaml
[0.847s] -- Up-to-date symlink: /home/ros2/simu_ws/install/turtlebot3_bringup/share/turtlebot3_bringup/param/humble/waffle_pi.yaml
[0.849s] -- Up-to-date symlink: /home/ros2/simu_ws/install/turtlebot3_bringup/share/turtlebot3_bringup/param/waffle.yaml
[0.851s] -- Up-to-date symlink: /home/ros2/simu_ws/install/turtlebot3_bringup/share/turtlebot3_bringup/param/waffle_pi.yaml
[0.854s] -- Up-to-date symlink: /home/ros2/simu_ws/install/turtlebot3_bringup/share/turtlebot3_bringup/script/99-turtlebot3-cdc.rules
[0.855s] -- Up-to-date symlink: /home/ros2/simu_ws/install/turtlebot3_bringup/share/turtlebot3_bringup/script/create_udev_rules
[0.860s] -- Up-to-date symlink: /home/ros2/simu_ws/install/turtlebot3_bringup/share/ament_index/resource_index/package_run_dependencies/turtlebot3_bringup
[0.860s] -- Up-to-date symlink: /home/ros2/simu_ws/install/turtlebot3_bringup/share/ament_index/resource_index/parent_prefix_path/turtlebot3_bringup
[0.863s] -- Up-to-date symlink: /home/ros2/simu_ws/install/turtlebot3_bringup/share/turtlebot3_bringup/environment/ament_prefix_path.sh
[0.865s] -- Up-to-date symlink: /home/ros2/simu_ws/install/turtlebot3_bringup/share/turtlebot3_bringup/environment/ament_prefix_path.dsv
[0.866s] -- Up-to-date symlink: /home/ros2/simu_ws/install/turtlebot3_bringup/share/turtlebot3_bringup/environment/path.sh
[0.869s] -- Up-to-date symlink: /home/ros2/simu_ws/install/turtlebot3_bringup/share/turtlebot3_bringup/environment/path.dsv
[0.870s] -- Up-to-date symlink: /home/ros2/simu_ws/install/turtlebot3_bringup/share/turtlebot3_bringup/local_setup.bash
[0.871s] -- Up-to-date symlink: /home/ros2/simu_ws/install/turtlebot3_bringup/share/turtlebot3_bringup/local_setup.sh
[0.873s] -- Up-to-date symlink: /home/ros2/simu_ws/install/turtlebot3_bringup/share/turtlebot3_bringup/local_setup.zsh
[0.875s] -- Up-to-date symlink: /home/ros2/simu_ws/install/turtlebot3_bringup/share/turtlebot3_bringup/local_setup.dsv
[0.876s] -- Symlinking: /home/ros2/simu_ws/install/turtlebot3_bringup/share/turtlebot3_bringup/package.dsv
[0.929s] -- Up-to-date symlink: /home/ros2/simu_ws/install/turtlebot3_bringup/share/ament_index/resource_index/packages/turtlebot3_bringup
[0.929s] -- Up-to-date symlink: /home/ros2/simu_ws/install/turtlebot3_bringup/share/turtlebot3_bringup/cmake/turtlebot3_bringupConfig.cmake
[0.930s] -- Up-to-date symlink: /home/ros2/simu_ws/install/turtlebot3_bringup/share/turtlebot3_bringup/cmake/turtlebot3_bringupConfig-version.cmake
[0.933s] -- Up-to-date symlink: /home/ros2/simu_ws/install/turtlebot3_bringup/share/turtlebot3_bringup/package.xml
[0.938s] Invoked command in '/home/ros2/simu_ws/build/turtlebot3_bringup' returned '0': CMAKE_PREFIX_PATH=/home/ros2/simu_ws/install/turtlebot3_node:/home/ros2/simu_ws/install/turtlebot3_description:/home/ros2/simu_ws/install/turtlebot3:/home/ros2/simu_ws/install/turtlebot3_bringup:/home/ros2/simu_ws/install/turtlebot3_navigation2:/home/ros2/simu_ws/install/simubot_launch:/home/ros2/simu_ws/install/turtlebot3_cartographer:/home/ros2/simu_ws/install/simubot_decision:/home/ros2/simu_ws/install/custom_msgs:/home/ros2/simu_ws/install/turtlebot3_teleop:/home/ros2/simu_ws/install/turtlebot3_example:/home/ros2/simu_ws/install/simubot_vision:/opt/ros/humble /usr/bin/cmake --install /home/ros2/simu_ws/build/turtlebot3_bringup
