[1.756s] Invoking command in '/home/ros2/simu_ws/build/turtlebot3_example': PYTHONPATH=/home/ros2/simu_ws/build/turtlebot3_example/prefix_override:/usr/lib/python3/dist-packages/colcon_core/task/python/colcon_distutils_commands:/home/ros2/simu_ws/install/turtlebot3_example/lib/python3.10/site-packages:${PYTHONPATH} /usr/bin/python3 -W ignore:setup.py install is deprecated -W ignore:easy_install command is deprecated setup.py develop --editable --build-directory /home/ros2/simu_ws/build/turtlebot3_example/build --no-deps symlink_data
[2.409s] running develop
[2.569s] running egg_info
[2.570s] creating turtlebot3_example.egg-info
[2.571s] writing turtlebot3_example.egg-info/PKG-INFO
[2.574s] writing dependency_links to turtlebot3_example.egg-info/dependency_links.txt
[2.576s] writing entry points to turtlebot3_example.egg-info/entry_points.txt
[2.579s] writing requirements to turtlebot3_example.egg-info/requires.txt
[2.581s] writing top-level names to turtlebot3_example.egg-info/top_level.txt
[2.584s] writing manifest file 'turtlebot3_example.egg-info/SOURCES.txt'
[2.615s] reading manifest file 'turtlebot3_example.egg-info/SOURCES.txt'
[2.636s] writing manifest file 'turtlebot3_example.egg-info/SOURCES.txt'
[2.639s] running build_ext
[2.641s] Creating /home/ros2/simu_ws/install/turtlebot3_example/lib/python3.10/site-packages/turtlebot3-example.egg-link (link to .)
[2.653s] Installing turtlebot3_absolute_move script to /home/ros2/simu_ws/install/turtlebot3_example/lib/turtlebot3_example
[2.655s] Installing turtlebot3_interactive_marker script to /home/ros2/simu_ws/install/turtlebot3_example/lib/turtlebot3_example
[2.656s] Installing turtlebot3_obstacle_detection script to /home/ros2/simu_ws/install/turtlebot3_example/lib/turtlebot3_example
[2.656s] Installing turtlebot3_patrol_client script to /home/ros2/simu_ws/install/turtlebot3_example/lib/turtlebot3_example
[2.671s] Installing turtlebot3_patrol_server script to /home/ros2/simu_ws/install/turtlebot3_example/lib/turtlebot3_example
[2.677s] Installing turtlebot3_relative_move script to /home/ros2/simu_ws/install/turtlebot3_example/lib/turtlebot3_example
[2.697s] 
[2.699s] Installed /home/ros2/simu_ws/build/turtlebot3_example
[2.700s] running symlink_data
[2.701s] creating /home/ros2/simu_ws/install/turtlebot3_example/share/ament_index
[2.705s] creating /home/ros2/simu_ws/install/turtlebot3_example/share/ament_index/resource_index
[2.709s] creating /home/ros2/simu_ws/install/turtlebot3_example/share/ament_index/resource_index/packages
[2.710s] symbolically linking /home/ros2/simu_ws/build/turtlebot3_example/resource/turtlebot3_example -> /home/ros2/simu_ws/install/turtlebot3_example/share/ament_index/resource_index/packages
[2.714s] symbolically linking /home/ros2/simu_ws/build/turtlebot3_example/package.xml -> /home/ros2/simu_ws/install/turtlebot3_example/share/turtlebot3_example
[2.828s] Invoked command in '/home/ros2/simu_ws/build/turtlebot3_example' returned '0': PYTHONPATH=/home/ros2/simu_ws/build/turtlebot3_example/prefix_override:/usr/lib/python3/dist-packages/colcon_core/task/python/colcon_distutils_commands:/home/ros2/simu_ws/install/turtlebot3_example/lib/python3.10/site-packages:${PYTHONPATH} /usr/bin/python3 -W ignore:setup.py install is deprecated -W ignore:easy_install command is deprecated setup.py develop --editable --build-directory /home/ros2/simu_ws/build/turtlebot3_example/build --no-deps symlink_data
