[0.079s] Invoking command in '/home/ros2/simu_ws/build/turtlebot3': AMENT_PREFIX_PATH=/home/ros2/simu_ws/install/turtlebot3_bringup:/home/ros2/simu_ws/install/turtlebot3_teleop:/home/ros2/simu_ws/install/turtlebot3_node:/home/ros2/simu_ws/install/turtlebot3_navigation2:/home/ros2/simu_ws/install/turtlebot3_example:/home/ros2/simu_ws/install/turtlebot3_description:/home/ros2/simu_ws/install/turtlebot3_cartographer CMAKE_PREFIX_PATH=/home/ros2/simu_ws/install/turtlebot3_bringup:/home/ros2/simu_ws/install/turtlebot3_node:/home/ros2/simu_ws/install/turtlebot3_navigation2:/home/ros2/simu_ws/install/turtlebot3_description:/home/ros2/simu_ws/install/turtlebot3_cartographer PYTHONPATH=/home/ros2/simu_ws/build/turtlebot3_teleop:/home/ros2/simu_ws/install/turtlebot3_teleop/lib/python3.10/site-packages:/home/ros2/simu_ws/build/turtlebot3_example:/home/ros2/simu_ws/install/turtlebot3_example/lib/python3.10/site-packages /usr/bin/cmake --build /home/ros2/simu_ws/build/turtlebot3 -- -j10 -l10
[0.351s] Invoked command in '/home/ros2/simu_ws/build/turtlebot3' returned '0': AMENT_PREFIX_PATH=/home/ros2/simu_ws/install/turtlebot3_bringup:/home/ros2/simu_ws/install/turtlebot3_teleop:/home/ros2/simu_ws/install/turtlebot3_node:/home/ros2/simu_ws/install/turtlebot3_navigation2:/home/ros2/simu_ws/install/turtlebot3_example:/home/ros2/simu_ws/install/turtlebot3_description:/home/ros2/simu_ws/install/turtlebot3_cartographer CMAKE_PREFIX_PATH=/home/ros2/simu_ws/install/turtlebot3_bringup:/home/ros2/simu_ws/install/turtlebot3_node:/home/ros2/simu_ws/install/turtlebot3_navigation2:/home/ros2/simu_ws/install/turtlebot3_description:/home/ros2/simu_ws/install/turtlebot3_cartographer PYTHONPATH=/home/ros2/simu_ws/build/turtlebot3_teleop:/home/ros2/simu_ws/install/turtlebot3_teleop/lib/python3.10/site-packages:/home/ros2/simu_ws/build/turtlebot3_example:/home/ros2/simu_ws/install/turtlebot3_example/lib/python3.10/site-packages /usr/bin/cmake --build /home/ros2/simu_ws/build/turtlebot3 -- -j10 -l10
[0.365s] Invoking command in '/home/ros2/simu_ws/build/turtlebot3': AMENT_PREFIX_PATH=/home/ros2/simu_ws/install/turtlebot3_bringup:/home/ros2/simu_ws/install/turtlebot3_teleop:/home/ros2/simu_ws/install/turtlebot3_node:/home/ros2/simu_ws/install/turtlebot3_navigation2:/home/ros2/simu_ws/install/turtlebot3_example:/home/ros2/simu_ws/install/turtlebot3_description:/home/ros2/simu_ws/install/turtlebot3_cartographer CMAKE_PREFIX_PATH=/home/ros2/simu_ws/install/turtlebot3_bringup:/home/ros2/simu_ws/install/turtlebot3_node:/home/ros2/simu_ws/install/turtlebot3_navigation2:/home/ros2/simu_ws/install/turtlebot3_description:/home/ros2/simu_ws/install/turtlebot3_cartographer PYTHONPATH=/home/ros2/simu_ws/build/turtlebot3_teleop:/home/ros2/simu_ws/install/turtlebot3_teleop/lib/python3.10/site-packages:/home/ros2/simu_ws/build/turtlebot3_example:/home/ros2/simu_ws/install/turtlebot3_example/lib/python3.10/site-packages /usr/bin/cmake --install /home/ros2/simu_ws/build/turtlebot3
[0.418s] -- Install configuration: ""
[0.421s] -- Execute custom install script
[0.428s] -- Up-to-date symlink: /home/ros2/simu_ws/install/turtlebot3/share/ament_index/resource_index/package_run_dependencies/turtlebot3
[0.429s] -- Up-to-date symlink: /home/ros2/simu_ws/install/turtlebot3/share/ament_index/resource_index/parent_prefix_path/turtlebot3
[0.429s] -- Up-to-date symlink: /home/ros2/simu_ws/install/turtlebot3/share/turtlebot3/environment/ament_prefix_path.sh
[0.429s] -- Up-to-date symlink: /home/ros2/simu_ws/install/turtlebot3/share/turtlebot3/environment/ament_prefix_path.dsv
[0.430s] -- Up-to-date symlink: /home/ros2/simu_ws/install/turtlebot3/share/turtlebot3/environment/path.sh
[0.430s] -- Up-to-date symlink: /home/ros2/simu_ws/install/turtlebot3/share/turtlebot3/environment/path.dsv
[0.431s] -- Up-to-date symlink: /home/ros2/simu_ws/install/turtlebot3/share/turtlebot3/local_setup.bash
[0.432s] -- Up-to-date symlink: /home/ros2/simu_ws/install/turtlebot3/share/turtlebot3/local_setup.sh
[0.432s] -- Up-to-date symlink: /home/ros2/simu_ws/install/turtlebot3/share/turtlebot3/local_setup.zsh
[0.433s] -- Up-to-date symlink: /home/ros2/simu_ws/install/turtlebot3/share/turtlebot3/local_setup.dsv
[0.435s] -- Symlinking: /home/ros2/simu_ws/install/turtlebot3/share/turtlebot3/package.dsv
[0.483s] -- Up-to-date symlink: /home/ros2/simu_ws/install/turtlebot3/share/ament_index/resource_index/packages/turtlebot3
[0.483s] -- Up-to-date symlink: /home/ros2/simu_ws/install/turtlebot3/share/turtlebot3/cmake/turtlebot3Config.cmake
[0.485s] -- Up-to-date symlink: /home/ros2/simu_ws/install/turtlebot3/share/turtlebot3/cmake/turtlebot3Config-version.cmake
[0.485s] -- Up-to-date symlink: /home/ros2/simu_ws/install/turtlebot3/share/turtlebot3/package.xml
[0.492s] Invoked command in '/home/ros2/simu_ws/build/turtlebot3' returned '0': AMENT_PREFIX_PATH=/home/ros2/simu_ws/install/turtlebot3_bringup:/home/ros2/simu_ws/install/turtlebot3_teleop:/home/ros2/simu_ws/install/turtlebot3_node:/home/ros2/simu_ws/install/turtlebot3_navigation2:/home/ros2/simu_ws/install/turtlebot3_example:/home/ros2/simu_ws/install/turtlebot3_description:/home/ros2/simu_ws/install/turtlebot3_cartographer CMAKE_PREFIX_PATH=/home/ros2/simu_ws/install/turtlebot3_bringup:/home/ros2/simu_ws/install/turtlebot3_node:/home/ros2/simu_ws/install/turtlebot3_navigation2:/home/ros2/simu_ws/install/turtlebot3_description:/home/ros2/simu_ws/install/turtlebot3_cartographer PYTHONPATH=/home/ros2/simu_ws/build/turtlebot3_teleop:/home/ros2/simu_ws/install/turtlebot3_teleop/lib/python3.10/site-packages:/home/ros2/simu_ws/build/turtlebot3_example:/home/ros2/simu_ws/install/turtlebot3_example/lib/python3.10/site-packages /usr/bin/cmake --install /home/ros2/simu_ws/build/turtlebot3
