[0.194s] Invoking command in '/home/ros2/simu_ws/build/custom_msgs': CMAKE_PREFIX_PATH=${CMAKE_PREFIX_PATH}:/home/ros2/simu_ws/install/turtlebot3_teleop:/home/ros2/simu_ws/install/turtlebot3_example:/home/ros2/simu_ws/install/simubot_vision:/opt/ros/humble /usr/bin/cmake --build /home/ros2/simu_ws/build/custom_msgs -- -j10 -l10
[0.784s] [  2%] Built target custom_msgs__cpp
[0.799s] [ 12%] Built target custom_msgs__rosidl_generator_c
[0.972s] [ 12%] Built target ament_cmake_python_symlink_custom_msgs
[1.253s] [ 25%] Built target custom_msgs__rosidl_typesupport_c
[1.258s] [ 43%] Built target custom_msgs__rosidl_typesupport_introspection_cpp
[1.259s] [ 43%] Built target custom_msgs__rosidl_typesupport_introspection_c
[1.271s] [ 53%] Built target custom_msgs__rosidl_typesupport_fastrtps_c
[1.291s] [ 64%] Built target custom_msgs__rosidl_typesupport_fastrtps_cpp
[1.320s] [ 74%] Built target custom_msgs__rosidl_typesupport_cpp
[1.681s] [ 74%] Built target custom_msgs
[1.709s] running egg_info
[1.710s] writing custom_msgs.egg-info/PKG-INFO
[1.711s] writing dependency_links to custom_msgs.egg-info/dependency_links.txt
[1.715s] writing top-level names to custom_msgs.egg-info/top_level.txt
[1.723s] reading manifest file 'custom_msgs.egg-info/SOURCES.txt'
[1.725s] writing manifest file 'custom_msgs.egg-info/SOURCES.txt'
[1.803s] [ 74%] Built target ament_cmake_python_build_custom_msgs_egg
[1.932s] [ 76%] Built target custom_msgs__py
[2.174s] [ 84%] Built target custom_msgs__rosidl_generator_py
[2.428s] [ 89%] Built target custom_msgs__rosidl_typesupport_c__pyext
[2.437s] [ 94%] Built target custom_msgs__rosidl_typesupport_fastrtps_c__pyext
[2.443s] [100%] Built target custom_msgs__rosidl_typesupport_introspection_c__pyext
[2.505s] Invoked command in '/home/ros2/simu_ws/build/custom_msgs' returned '0': CMAKE_PREFIX_PATH=${CMAKE_PREFIX_PATH}:/home/ros2/simu_ws/install/turtlebot3_teleop:/home/ros2/simu_ws/install/turtlebot3_example:/home/ros2/simu_ws/install/simubot_vision:/opt/ros/humble /usr/bin/cmake --build /home/ros2/simu_ws/build/custom_msgs -- -j10 -l10
[2.514s] Invoking command in '/home/ros2/simu_ws/build/custom_msgs': CMAKE_PREFIX_PATH=${CMAKE_PREFIX_PATH}:/home/ros2/simu_ws/install/turtlebot3_teleop:/home/ros2/simu_ws/install/turtlebot3_example:/home/ros2/simu_ws/install/simubot_vision:/opt/ros/humble /usr/bin/cmake --install /home/ros2/simu_ws/build/custom_msgs
[2.572s] -- Install configuration: ""
[2.576s] -- Execute custom install script
[2.577s] -- Up-to-date symlink: /home/ros2/simu_ws/install/custom_msgs/share/ament_index/resource_index/rosidl_interfaces/custom_msgs
[2.583s] -- Up-to-date symlink: /home/ros2/simu_ws/install/custom_msgs/include/custom_msgs/custom_msgs/msg/detail/detected_object__functions.h
[2.583s] -- Up-to-date symlink: /home/ros2/simu_ws/install/custom_msgs/include/custom_msgs/custom_msgs/msg/detail/detected_object__struct.h
[2.583s] -- Up-to-date symlink: /home/ros2/simu_ws/install/custom_msgs/include/custom_msgs/custom_msgs/msg/detail/detected_object__type_support.h
[2.584s] -- Up-to-date symlink: /home/ros2/simu_ws/install/custom_msgs/include/custom_msgs/custom_msgs/msg/detail/detected_object_array__functions.h
[2.585s] -- Up-to-date symlink: /home/ros2/simu_ws/install/custom_msgs/include/custom_msgs/custom_msgs/msg/detail/detected_object_array__struct.h
[2.585s] -- Up-to-date symlink: /home/ros2/simu_ws/install/custom_msgs/include/custom_msgs/custom_msgs/msg/detail/detected_object_array__type_support.h
[2.586s] -- Up-to-date symlink: /home/ros2/simu_ws/install/custom_msgs/include/custom_msgs/custom_msgs/msg/detected_object.h
[2.586s] -- Up-to-date symlink: /home/ros2/simu_ws/install/custom_msgs/include/custom_msgs/custom_msgs/msg/detected_object_array.h
[2.586s] -- Up-to-date symlink: /home/ros2/simu_ws/install/custom_msgs/include/custom_msgs/custom_msgs/msg/rosidl_generator_c__visibility_control.h
[2.587s] -- Up-to-date symlink: /home/ros2/simu_ws/install/custom_msgs/share/custom_msgs/environment/library_path.sh
[2.587s] -- Up-to-date symlink: /home/ros2/simu_ws/install/custom_msgs/share/custom_msgs/environment/library_path.dsv
[2.589s] -- Up-to-date symlink: /home/ros2/simu_ws/install/custom_msgs/include/custom_msgs/custom_msgs/msg/detail/detected_object__rosidl_typesupport_fastrtps_c.h
[2.590s] -- Up-to-date symlink: /home/ros2/simu_ws/install/custom_msgs/include/custom_msgs/custom_msgs/msg/detail/detected_object_array__rosidl_typesupport_fastrtps_c.h
[2.591s] -- Up-to-date symlink: /home/ros2/simu_ws/install/custom_msgs/include/custom_msgs/custom_msgs/msg/rosidl_typesupport_fastrtps_c__visibility_control.h
[2.592s] -- Up-to-date symlink: /home/ros2/simu_ws/install/custom_msgs/include/custom_msgs/custom_msgs/msg/detail/detected_object__rosidl_typesupport_introspection_c.h
[2.593s] -- Up-to-date symlink: /home/ros2/simu_ws/install/custom_msgs/include/custom_msgs/custom_msgs/msg/detail/detected_object_array__rosidl_typesupport_introspection_c.h
[2.593s] -- Up-to-date symlink: /home/ros2/simu_ws/install/custom_msgs/include/custom_msgs/custom_msgs/msg/rosidl_typesupport_introspection_c__visibility_control.h
[2.595s] -- Up-to-date symlink: /home/ros2/simu_ws/install/custom_msgs/include/custom_msgs/custom_msgs/msg/detail/detected_object__builder.hpp
[2.596s] -- Up-to-date symlink: /home/ros2/simu_ws/install/custom_msgs/include/custom_msgs/custom_msgs/msg/detail/detected_object__struct.hpp
[2.597s] -- Up-to-date symlink: /home/ros2/simu_ws/install/custom_msgs/include/custom_msgs/custom_msgs/msg/detail/detected_object__traits.hpp
[2.597s] -- Up-to-date symlink: /home/ros2/simu_ws/install/custom_msgs/include/custom_msgs/custom_msgs/msg/detail/detected_object__type_support.hpp
[2.598s] -- Up-to-date symlink: /home/ros2/simu_ws/install/custom_msgs/include/custom_msgs/custom_msgs/msg/detail/detected_object_array__builder.hpp
[2.598s] -- Up-to-date symlink: /home/ros2/simu_ws/install/custom_msgs/include/custom_msgs/custom_msgs/msg/detail/detected_object_array__struct.hpp
[2.598s] -- Up-to-date symlink: /home/ros2/simu_ws/install/custom_msgs/include/custom_msgs/custom_msgs/msg/detail/detected_object_array__traits.hpp
[2.599s] -- Up-to-date symlink: /home/ros2/simu_ws/install/custom_msgs/include/custom_msgs/custom_msgs/msg/detail/detected_object_array__type_support.hpp
[2.600s] -- Up-to-date symlink: /home/ros2/simu_ws/install/custom_msgs/include/custom_msgs/custom_msgs/msg/detected_object.hpp
[2.600s] -- Up-to-date symlink: /home/ros2/simu_ws/install/custom_msgs/include/custom_msgs/custom_msgs/msg/detected_object_array.hpp
[2.600s] -- Up-to-date symlink: /home/ros2/simu_ws/install/custom_msgs/include/custom_msgs/custom_msgs/msg/rosidl_generator_cpp__visibility_control.hpp
[2.604s] -- Up-to-date symlink: /home/ros2/simu_ws/install/custom_msgs/include/custom_msgs/custom_msgs/msg/detail/detected_object__rosidl_typesupport_fastrtps_cpp.hpp
[2.604s] -- Up-to-date symlink: /home/ros2/simu_ws/install/custom_msgs/include/custom_msgs/custom_msgs/msg/detail/detected_object_array__rosidl_typesupport_fastrtps_cpp.hpp
[2.605s] -- Up-to-date symlink: /home/ros2/simu_ws/install/custom_msgs/include/custom_msgs/custom_msgs/msg/rosidl_typesupport_fastrtps_cpp__visibility_control.h
[2.605s] -- Up-to-date symlink: /home/ros2/simu_ws/install/custom_msgs/include/custom_msgs/custom_msgs/msg/detail/detected_object__rosidl_typesupport_introspection_cpp.hpp
[2.607s] -- Up-to-date symlink: /home/ros2/simu_ws/install/custom_msgs/include/custom_msgs/custom_msgs/msg/detail/detected_object_array__rosidl_typesupport_introspection_cpp.hpp
[2.607s] -- Up-to-date symlink: /home/ros2/simu_ws/install/custom_msgs/share/custom_msgs/environment/pythonpath.sh
[2.608s] -- Up-to-date symlink: /home/ros2/simu_ws/install/custom_msgs/share/custom_msgs/environment/pythonpath.dsv
[2.609s] -- Up-to-date symlink: /home/ros2/simu_ws/install/custom_msgs/local/lib/python3.10/dist-packages/custom_msgs-0.0.0-py3.10.egg-info/PKG-INFO
[2.609s] -- Up-to-date symlink: /home/ros2/simu_ws/install/custom_msgs/local/lib/python3.10/dist-packages/custom_msgs-0.0.0-py3.10.egg-info/SOURCES.txt
[2.612s] -- Up-to-date symlink: /home/ros2/simu_ws/install/custom_msgs/local/lib/python3.10/dist-packages/custom_msgs-0.0.0-py3.10.egg-info/dependency_links.txt
[2.613s] -- Up-to-date symlink: /home/ros2/simu_ws/install/custom_msgs/local/lib/python3.10/dist-packages/custom_msgs-0.0.0-py3.10.egg-info/top_level.txt
[2.615s] -- Up-to-date symlink: /home/ros2/simu_ws/install/custom_msgs/local/lib/python3.10/dist-packages/custom_msgs/__init__.py
[2.616s] -- Up-to-date symlink: /home/ros2/simu_ws/install/custom_msgs/local/lib/python3.10/dist-packages/custom_msgs/_custom_msgs_s.ep.rosidl_typesupport_c.c
[2.616s] -- Up-to-date symlink: /home/ros2/simu_ws/install/custom_msgs/local/lib/python3.10/dist-packages/custom_msgs/_custom_msgs_s.ep.rosidl_typesupport_fastrtps_c.c
[2.616s] -- Up-to-date symlink: /home/ros2/simu_ws/install/custom_msgs/local/lib/python3.10/dist-packages/custom_msgs/_custom_msgs_s.ep.rosidl_typesupport_introspection_c.c
[2.617s] -- Up-to-date symlink: /home/ros2/simu_ws/install/custom_msgs/local/lib/python3.10/dist-packages/custom_msgs/custom_msgs_s__rosidl_typesupport_c.cpython-310-x86_64-linux-gnu.so
[2.617s] -- Up-to-date symlink: /home/ros2/simu_ws/install/custom_msgs/local/lib/python3.10/dist-packages/custom_msgs/custom_msgs_s__rosidl_typesupport_fastrtps_c.cpython-310-x86_64-linux-gnu.so
[2.617s] -- Up-to-date symlink: /home/ros2/simu_ws/install/custom_msgs/local/lib/python3.10/dist-packages/custom_msgs/custom_msgs_s__rosidl_typesupport_introspection_c.cpython-310-x86_64-linux-gnu.so
[2.618s] -- Up-to-date symlink: /home/ros2/simu_ws/install/custom_msgs/local/lib/python3.10/dist-packages/custom_msgs/libcustom_msgs__rosidl_generator_py.so
[2.618s] -- Up-to-date symlink: /home/ros2/simu_ws/install/custom_msgs/local/lib/python3.10/dist-packages/custom_msgs/msg/__init__.py
[2.619s] -- Up-to-date symlink: /home/ros2/simu_ws/install/custom_msgs/local/lib/python3.10/dist-packages/custom_msgs/msg/_detected_object.py
[2.619s] -- Up-to-date symlink: /home/ros2/simu_ws/install/custom_msgs/local/lib/python3.10/dist-packages/custom_msgs/msg/_detected_object_array.py
[2.619s] -- Up-to-date symlink: /home/ros2/simu_ws/install/custom_msgs/local/lib/python3.10/dist-packages/custom_msgs/msg/_detected_object_array_s.c
[2.620s] -- Up-to-date symlink: /home/ros2/simu_ws/install/custom_msgs/local/lib/python3.10/dist-packages/custom_msgs/msg/_detected_object_s.c
[2.620s] -- Up-to-date symlink: /home/ros2/simu_ws/install/custom_msgs/local/lib/python3.10/dist-packages/custom_msgs/custom_msgs_s__rosidl_typesupport_fastrtps_c.cpython-310-x86_64-linux-gnu.so
[2.621s] -- Up-to-date symlink: /home/ros2/simu_ws/install/custom_msgs/local/lib/python3.10/dist-packages/custom_msgs/custom_msgs_s__rosidl_typesupport_introspection_c.cpython-310-x86_64-linux-gnu.so
[2.622s] -- Up-to-date symlink: /home/ros2/simu_ws/install/custom_msgs/local/lib/python3.10/dist-packages/custom_msgs/custom_msgs_s__rosidl_typesupport_c.cpython-310-x86_64-linux-gnu.so
[2.622s] -- Up-to-date symlink: /home/ros2/simu_ws/install/custom_msgs/share/custom_msgs/msg/DetectedObject.idl
[2.622s] -- Up-to-date symlink: /home/ros2/simu_ws/install/custom_msgs/share/custom_msgs/msg/DetectedObjectArray.idl
[2.623s] -- Up-to-date symlink: /home/ros2/simu_ws/install/custom_msgs/share/custom_msgs/msg/DetectedObject.msg
[2.623s] -- Up-to-date symlink: /home/ros2/simu_ws/install/custom_msgs/share/custom_msgs/msg/DetectedObjectArray.msg
[2.623s] -- Up-to-date symlink: /home/ros2/simu_ws/install/custom_msgs/share/ament_index/resource_index/package_run_dependencies/custom_msgs
[2.624s] -- Up-to-date symlink: /home/ros2/simu_ws/install/custom_msgs/share/ament_index/resource_index/parent_prefix_path/custom_msgs
[2.624s] -- Up-to-date symlink: /home/ros2/simu_ws/install/custom_msgs/share/custom_msgs/environment/ament_prefix_path.sh
[2.625s] -- Up-to-date symlink: /home/ros2/simu_ws/install/custom_msgs/share/custom_msgs/environment/ament_prefix_path.dsv
[2.626s] -- Up-to-date symlink: /home/ros2/simu_ws/install/custom_msgs/share/custom_msgs/environment/path.sh
[2.626s] -- Up-to-date symlink: /home/ros2/simu_ws/install/custom_msgs/share/custom_msgs/environment/path.dsv
[2.627s] -- Up-to-date symlink: /home/ros2/simu_ws/install/custom_msgs/share/custom_msgs/local_setup.bash
[2.627s] -- Up-to-date symlink: /home/ros2/simu_ws/install/custom_msgs/share/custom_msgs/local_setup.sh
[2.630s] -- Up-to-date symlink: /home/ros2/simu_ws/install/custom_msgs/share/custom_msgs/local_setup.zsh
[2.630s] -- Up-to-date symlink: /home/ros2/simu_ws/install/custom_msgs/share/custom_msgs/local_setup.dsv
[2.630s] -- Symlinking: /home/ros2/simu_ws/install/custom_msgs/share/custom_msgs/package.dsv
[2.673s] -- Up-to-date symlink: /home/ros2/simu_ws/install/custom_msgs/share/ament_index/resource_index/packages/custom_msgs
[2.673s] -- Up-to-date symlink: /home/ros2/simu_ws/install/custom_msgs/share/custom_msgs/cmake/rosidl_cmake-extras.cmake
[2.674s] -- Up-to-date symlink: /home/ros2/simu_ws/install/custom_msgs/share/custom_msgs/cmake/ament_cmake_export_dependencies-extras.cmake
[2.674s] -- Up-to-date symlink: /home/ros2/simu_ws/install/custom_msgs/share/custom_msgs/cmake/ament_cmake_export_include_directories-extras.cmake
[2.675s] -- Up-to-date symlink: /home/ros2/simu_ws/install/custom_msgs/share/custom_msgs/cmake/ament_cmake_export_libraries-extras.cmake
[2.679s] -- Up-to-date symlink: /home/ros2/simu_ws/install/custom_msgs/share/custom_msgs/cmake/ament_cmake_export_targets-extras.cmake
[2.679s] -- Up-to-date symlink: /home/ros2/simu_ws/install/custom_msgs/share/custom_msgs/cmake/rosidl_cmake_export_typesupport_targets-extras.cmake
[2.680s] -- Up-to-date symlink: /home/ros2/simu_ws/install/custom_msgs/share/custom_msgs/cmake/rosidl_cmake_export_typesupport_libraries-extras.cmake
[2.680s] -- Up-to-date symlink: /home/ros2/simu_ws/install/custom_msgs/share/custom_msgs/cmake/custom_msgsConfig.cmake
[2.681s] -- Up-to-date symlink: /home/ros2/simu_ws/install/custom_msgs/share/custom_msgs/cmake/custom_msgsConfig-version.cmake
[2.681s] -- Up-to-date symlink: /home/ros2/simu_ws/install/custom_msgs/share/custom_msgs/package.xml
[2.685s] -- Up-to-date: /home/ros2/simu_ws/install/custom_msgs/lib/libcustom_msgs__rosidl_generator_c.so
[2.690s] -- Up-to-date: /home/ros2/simu_ws/install/custom_msgs/lib/libcustom_msgs__rosidl_typesupport_fastrtps_c.so
[2.691s] -- Up-to-date: /home/ros2/simu_ws/install/custom_msgs/lib/libcustom_msgs__rosidl_typesupport_introspection_c.so
[2.692s] -- Up-to-date: /home/ros2/simu_ws/install/custom_msgs/lib/libcustom_msgs__rosidl_typesupport_c.so
[2.693s] -- Up-to-date: /home/ros2/simu_ws/install/custom_msgs/lib/libcustom_msgs__rosidl_typesupport_fastrtps_cpp.so
[2.693s] -- Up-to-date: /home/ros2/simu_ws/install/custom_msgs/lib/libcustom_msgs__rosidl_typesupport_introspection_cpp.so
[2.694s] -- Up-to-date: /home/ros2/simu_ws/install/custom_msgs/lib/libcustom_msgs__rosidl_typesupport_cpp.so
[2.821s] Listing '/home/ros2/simu_ws/install/custom_msgs/local/lib/python3.10/dist-packages/custom_msgs'...
[2.821s] Listing '/home/ros2/simu_ws/install/custom_msgs/local/lib/python3.10/dist-packages/custom_msgs/msg'...
[2.833s] -- Up-to-date: /home/ros2/simu_ws/install/custom_msgs/lib/libcustom_msgs__rosidl_generator_py.so
[2.834s] -- Up-to-date: /home/ros2/simu_ws/install/custom_msgs/share/custom_msgs/cmake/export_custom_msgs__rosidl_generator_cExport.cmake
[2.834s] -- Up-to-date: /home/ros2/simu_ws/install/custom_msgs/share/custom_msgs/cmake/export_custom_msgs__rosidl_generator_cExport-noconfig.cmake
[2.835s] -- Up-to-date: /home/ros2/simu_ws/install/custom_msgs/share/custom_msgs/cmake/export_custom_msgs__rosidl_typesupport_fastrtps_cExport.cmake
[2.835s] -- Up-to-date: /home/ros2/simu_ws/install/custom_msgs/share/custom_msgs/cmake/export_custom_msgs__rosidl_typesupport_fastrtps_cExport-noconfig.cmake
[2.836s] -- Up-to-date: /home/ros2/simu_ws/install/custom_msgs/share/custom_msgs/cmake/custom_msgs__rosidl_typesupport_introspection_cExport.cmake
[2.836s] -- Up-to-date: /home/ros2/simu_ws/install/custom_msgs/share/custom_msgs/cmake/custom_msgs__rosidl_typesupport_introspection_cExport-noconfig.cmake
[2.836s] -- Up-to-date: /home/ros2/simu_ws/install/custom_msgs/share/custom_msgs/cmake/custom_msgs__rosidl_typesupport_cExport.cmake
[2.837s] -- Up-to-date: /home/ros2/simu_ws/install/custom_msgs/share/custom_msgs/cmake/custom_msgs__rosidl_typesupport_cExport-noconfig.cmake
[2.837s] -- Up-to-date: /home/ros2/simu_ws/install/custom_msgs/share/custom_msgs/cmake/export_custom_msgs__rosidl_generator_cppExport.cmake
[2.839s] -- Up-to-date: /home/ros2/simu_ws/install/custom_msgs/share/custom_msgs/cmake/export_custom_msgs__rosidl_typesupport_fastrtps_cppExport.cmake
[2.839s] -- Up-to-date: /home/ros2/simu_ws/install/custom_msgs/share/custom_msgs/cmake/export_custom_msgs__rosidl_typesupport_fastrtps_cppExport-noconfig.cmake
[2.839s] -- Up-to-date: /home/ros2/simu_ws/install/custom_msgs/share/custom_msgs/cmake/custom_msgs__rosidl_typesupport_introspection_cppExport.cmake
[2.840s] -- Up-to-date: /home/ros2/simu_ws/install/custom_msgs/share/custom_msgs/cmake/custom_msgs__rosidl_typesupport_introspection_cppExport-noconfig.cmake
[2.840s] -- Up-to-date: /home/ros2/simu_ws/install/custom_msgs/share/custom_msgs/cmake/custom_msgs__rosidl_typesupport_cppExport.cmake
[2.841s] -- Up-to-date: /home/ros2/simu_ws/install/custom_msgs/share/custom_msgs/cmake/custom_msgs__rosidl_typesupport_cppExport-noconfig.cmake
[2.842s] -- Up-to-date: /home/ros2/simu_ws/install/custom_msgs/share/custom_msgs/cmake/export_custom_msgs__rosidl_generator_pyExport.cmake
[2.842s] -- Up-to-date: /home/ros2/simu_ws/install/custom_msgs/share/custom_msgs/cmake/export_custom_msgs__rosidl_generator_pyExport-noconfig.cmake
[2.852s] Invoked command in '/home/ros2/simu_ws/build/custom_msgs' returned '0': CMAKE_PREFIX_PATH=${CMAKE_PREFIX_PATH}:/home/ros2/simu_ws/install/turtlebot3_teleop:/home/ros2/simu_ws/install/turtlebot3_example:/home/ros2/simu_ws/install/simubot_vision:/opt/ros/humble /usr/bin/cmake --install /home/ros2/simu_ws/build/custom_msgs
