[0.068s] Invoking command in '/home/ros2/simu_ws/build/simubot_launch': AMENT_PREFIX_PATH=/home/ros2/simu_ws/install/simubot_vision:/home/ros2/simu_ws/install/turtlebot3_node:/home/ros2/simu_ws/install/turtlebot3_navigation2:/home/ros2/simu_ws/install/turtlebot3_description:/home/ros2/simu_ws/install/turtlebot3_cartographer:/home/ros2/simu_ws/install/simubot_decision:/home/ros2/simu_ws/install/custom_msgs:/home/ros2/simu_ws/install/turtlebot3_teleop:/home/ros2/simu_ws/install/turtlebot3_example:/opt/ros/humble CMAKE_PREFIX_PATH=/home/ros2/simu_ws/install/simubot_decision:/home/ros2/simu_ws/install/turtlebot3_description:/home/ros2/simu_ws/install/custom_msgs:/home/ros2/simu_ws/install/turtlebot3_node:/home/ros2/simu_ws/install/turtlebot3_navigation2:/home/ros2/simu_ws/install/turtlebot3_cartographer:/home/ros2/simu_ws/install/simubot_vision:/home/ros2/simu_ws/install/turtlebot3_teleop:/home/ros2/simu_ws/install/turtlebot3_example:/opt/ros/humble /usr/bin/cmake /home/ros2/simu_ws/src/simubot_launch -DAMENT_CMAKE_SYMLINK_INSTALL=1 -DCMAKE_INSTALL_PREFIX=/home/ros2/simu_ws/install/simubot_launch
[0.166s] -- Found ament_cmake: 1.3.11 (/opt/ros/humble/share/ament_cmake/cmake)
[0.561s] -- Override CMake install command with custom implementation using symlinks instead of copying resources
[0.572s] -- Found gazebo_ros: 3.9.0 (/opt/ros/humble/share/gazebo_ros/cmake)
[0.624s] -- Found rosidl_generator_c: 3.1.6 (/opt/ros/humble/share/rosidl_generator_c/cmake)
[0.625s] -- Found rosidl_adapter: 3.1.6 (/opt/ros/humble/share/rosidl_adapter/cmake)
[0.630s] -- Found rosidl_generator_cpp: 3.1.6 (/opt/ros/humble/share/rosidl_generator_cpp/cmake)
[0.640s] -- Using all available rosidl_typesupport_c: rosidl_typesupport_fastrtps_c;rosidl_typesupport_introspection_c
[0.649s] -- Using all available rosidl_typesupport_cpp: rosidl_typesupport_fastrtps_cpp;rosidl_typesupport_introspection_cpp
[0.681s] -- Found rmw_implementation_cmake: 6.1.2 (/opt/ros/humble/share/rmw_implementation_cmake/cmake)
[0.682s] -- Found rmw_fastrtps_cpp: 6.2.7 (/opt/ros/humble/share/rmw_fastrtps_cpp/cmake)
[0.923s] -- Using RMW implementation 'rmw_fastrtps_cpp' as default
[1.042s] -- Found DART: /usr/include (Required is at least version "6.6") found components: dart 
[1.116s] -- Found Protobuf: /usr/lib/x86_64-linux-gnu/libprotobuf.so (found version "3.12.4") 
[1.116s] -- Looking for ignition-math6 -- found version 6.15.1
[1.122s] -- Searching for dependencies of ignition-math6
[1.122s] -- Looking for OGRE...
[1.142s] -- Found Ogre Ghadamon (1.9.0)
[1.143s] -- Found OGRE: optimized;/usr/lib/x86_64-linux-gnu/libOgreMain.so;debug;/usr/lib/x86_64-linux-gnu/libOgreMain.so
[1.155s] -- Looking for OGRE_Paging...
[1.155s] -- Found OGRE_Paging: optimized;/usr/lib/x86_64-linux-gnu/libOgrePaging.so;debug;/usr/lib/x86_64-linux-gnu/libOgrePaging.so
[1.156s] -- Looking for OGRE_Terrain...
[1.156s] -- Found OGRE_Terrain: optimized;/usr/lib/x86_64-linux-gnu/libOgreTerrain.so;debug;/usr/lib/x86_64-linux-gnu/libOgreTerrain.so
[1.157s] -- Looking for OGRE_Property...
[1.157s] -- Found OGRE_Property: optimized;/usr/lib/x86_64-linux-gnu/libOgreProperty.so;debug;/usr/lib/x86_64-linux-gnu/libOgreProperty.so
[1.158s] -- Looking for OGRE_RTShaderSystem...
[1.158s] -- Found OGRE_RTShaderSystem: optimized;/usr/lib/x86_64-linux-gnu/libOgreRTShaderSystem.so;debug;/usr/lib/x86_64-linux-gnu/libOgreRTShaderSystem.so
[1.158s] -- Looking for OGRE_Volume...
[1.158s] -- Found OGRE_Volume: optimized;/usr/lib/x86_64-linux-gnu/libOgreVolume.so;debug;/usr/lib/x86_64-linux-gnu/libOgreVolume.so
[1.159s] -- Looking for OGRE_Overlay...
[1.159s] -- Found OGRE_Overlay: optimized;/usr/lib/x86_64-linux-gnu/libOgreOverlay.so;debug;/usr/lib/x86_64-linux-gnu/libOgreOverlay.so
[1.961s] -- Looking for ignition-math6 -- found version 6.15.1
[1.962s] -- Looking for ignition-transport8 -- found version 8.2.1
[1.962s] -- Searching for dependencies of ignition-transport8
[2.029s] -- Found Protobuf: /usr/lib/x86_64-linux-gnu/libprotobuf.so (found suitable version "3.12.4", minimum required is "3") 
[2.056s] -- Config-file not installed for ZeroMQ -- checking for pkg-config
[2.073s] -- Checking for module 'libzmq >= 4'
[2.178s] --   Found libzmq , version 4.3.4
[2.496s] -- Checking for module 'uuid'
[2.602s] --   Found uuid, version 2.37.2
[2.886s] -- Looking for ignition-msgs5 -- found version 5.8.1
[2.886s] -- Searching for dependencies of ignition-msgs5
[2.954s] -- Looking for ignition-math6 -- found version 6.15.1
[2.976s] -- Checking for module 'tinyxml2'
[3.116s] --   Found tinyxml2, version 9.0.0
[3.398s] -- Looking for ignition-msgs5 -- found version 5.8.1
[3.399s] -- Looking for ignition-common3 -- found version 3.14.0
[3.400s] -- Searching for dependencies of ignition-common3
[3.401s] -- Looking for dlfcn.h - found
[3.403s] -- Looking for libdl - found
[3.427s] -- Searching for <ignition-common3> component [graphics]
[3.430s] -- Looking for ignition-common3-graphics -- found version 3.14.0
[3.430s] -- Searching for dependencies of ignition-common3-graphics
[3.438s] -- Looking for ignition-math6 -- found version 6.15.1
[3.438s] -- Looking for ignition-fuel_tools4 -- found version 4.4.0
[3.438s] -- Searching for dependencies of ignition-fuel_tools4
[3.588s] -- Checking for module 'jsoncpp'
[3.711s] --   Found jsoncpp, version 1.9.5
[4.014s] -- Checking for module 'libzip'
[4.130s] --   Found libzip, version 1.7.3
[4.426s] -- Looking for ignition-common3 -- found version 3.14.0
[4.426s] -- Looking for ignition-math6 -- found version 6.15.1
[4.427s] -- Looking for ignition-msgs5 -- found version 5.8.1
[4.428s] -- Gazebo version: 11.10
[4.434s] -- Found turtlebot3_description: 2.3.1 (/home/ros2/simu_ws/install/turtlebot3_description/share/turtlebot3_description/cmake)
[4.606s] -- Configuring done
[4.648s] -- Generating done
[4.670s] -- Build files have been written to: /home/ros2/simu_ws/build/simubot_launch
[4.678s] Invoked command in '/home/ros2/simu_ws/build/simubot_launch' returned '0': AMENT_PREFIX_PATH=/home/ros2/simu_ws/install/simubot_vision:/home/ros2/simu_ws/install/turtlebot3_node:/home/ros2/simu_ws/install/turtlebot3_navigation2:/home/ros2/simu_ws/install/turtlebot3_description:/home/ros2/simu_ws/install/turtlebot3_cartographer:/home/ros2/simu_ws/install/simubot_decision:/home/ros2/simu_ws/install/custom_msgs:/home/ros2/simu_ws/install/turtlebot3_teleop:/home/ros2/simu_ws/install/turtlebot3_example:/opt/ros/humble CMAKE_PREFIX_PATH=/home/ros2/simu_ws/install/simubot_decision:/home/ros2/simu_ws/install/turtlebot3_description:/home/ros2/simu_ws/install/custom_msgs:/home/ros2/simu_ws/install/turtlebot3_node:/home/ros2/simu_ws/install/turtlebot3_navigation2:/home/ros2/simu_ws/install/turtlebot3_cartographer:/home/ros2/simu_ws/install/simubot_vision:/home/ros2/simu_ws/install/turtlebot3_teleop:/home/ros2/simu_ws/install/turtlebot3_example:/opt/ros/humble /usr/bin/cmake /home/ros2/simu_ws/src/simubot_launch -DAMENT_CMAKE_SYMLINK_INSTALL=1 -DCMAKE_INSTALL_PREFIX=/home/ros2/simu_ws/install/simubot_launch
[4.682s] Invoking command in '/home/ros2/simu_ws/build/simubot_launch': AMENT_PREFIX_PATH=/home/ros2/simu_ws/install/simubot_vision:/home/ros2/simu_ws/install/turtlebot3_node:/home/ros2/simu_ws/install/turtlebot3_navigation2:/home/ros2/simu_ws/install/turtlebot3_description:/home/ros2/simu_ws/install/turtlebot3_cartographer:/home/ros2/simu_ws/install/simubot_decision:/home/ros2/simu_ws/install/custom_msgs:/home/ros2/simu_ws/install/turtlebot3_teleop:/home/ros2/simu_ws/install/turtlebot3_example:/opt/ros/humble CMAKE_PREFIX_PATH=/home/ros2/simu_ws/install/simubot_decision:/home/ros2/simu_ws/install/turtlebot3_description:/home/ros2/simu_ws/install/custom_msgs:/home/ros2/simu_ws/install/turtlebot3_node:/home/ros2/simu_ws/install/turtlebot3_navigation2:/home/ros2/simu_ws/install/turtlebot3_cartographer:/home/ros2/simu_ws/install/simubot_vision:/home/ros2/simu_ws/install/turtlebot3_teleop:/home/ros2/simu_ws/install/turtlebot3_example:/opt/ros/humble /usr/bin/cmake --build /home/ros2/simu_ws/build/simubot_launch -- -j10 -l10
[4.906s] Invoked command in '/home/ros2/simu_ws/build/simubot_launch' returned '0': AMENT_PREFIX_PATH=/home/ros2/simu_ws/install/simubot_vision:/home/ros2/simu_ws/install/turtlebot3_node:/home/ros2/simu_ws/install/turtlebot3_navigation2:/home/ros2/simu_ws/install/turtlebot3_description:/home/ros2/simu_ws/install/turtlebot3_cartographer:/home/ros2/simu_ws/install/simubot_decision:/home/ros2/simu_ws/install/custom_msgs:/home/ros2/simu_ws/install/turtlebot3_teleop:/home/ros2/simu_ws/install/turtlebot3_example:/opt/ros/humble CMAKE_PREFIX_PATH=/home/ros2/simu_ws/install/simubot_decision:/home/ros2/simu_ws/install/turtlebot3_description:/home/ros2/simu_ws/install/custom_msgs:/home/ros2/simu_ws/install/turtlebot3_node:/home/ros2/simu_ws/install/turtlebot3_navigation2:/home/ros2/simu_ws/install/turtlebot3_cartographer:/home/ros2/simu_ws/install/simubot_vision:/home/ros2/simu_ws/install/turtlebot3_teleop:/home/ros2/simu_ws/install/turtlebot3_example:/opt/ros/humble /usr/bin/cmake --build /home/ros2/simu_ws/build/simubot_launch -- -j10 -l10
[4.910s] Invoking command in '/home/ros2/simu_ws/build/simubot_launch': AMENT_PREFIX_PATH=/home/ros2/simu_ws/install/simubot_vision:/home/ros2/simu_ws/install/turtlebot3_node:/home/ros2/simu_ws/install/turtlebot3_navigation2:/home/ros2/simu_ws/install/turtlebot3_description:/home/ros2/simu_ws/install/turtlebot3_cartographer:/home/ros2/simu_ws/install/simubot_decision:/home/ros2/simu_ws/install/custom_msgs:/home/ros2/simu_ws/install/turtlebot3_teleop:/home/ros2/simu_ws/install/turtlebot3_example:/opt/ros/humble CMAKE_PREFIX_PATH=/home/ros2/simu_ws/install/simubot_decision:/home/ros2/simu_ws/install/turtlebot3_description:/home/ros2/simu_ws/install/custom_msgs:/home/ros2/simu_ws/install/turtlebot3_node:/home/ros2/simu_ws/install/turtlebot3_navigation2:/home/ros2/simu_ws/install/turtlebot3_cartographer:/home/ros2/simu_ws/install/simubot_vision:/home/ros2/simu_ws/install/turtlebot3_teleop:/home/ros2/simu_ws/install/turtlebot3_example:/opt/ros/humble /usr/bin/cmake --install /home/ros2/simu_ws/build/simubot_launch
[4.958s] -- Install configuration: ""
[4.966s] -- Execute custom install script
[4.966s] [31mCMake Error at ament_cmake_symlink_install/ament_cmake_symlink_install.cmake:100 (message):
[4.966s]   ament_cmake_symlink_install_directory() can't find
[4.966s]   '/home/ros2/simu_ws/src/simubot_launch/launch/'
[4.966s] Call Stack (most recent call first):
[4.966s]   ament_cmake_symlink_install/ament_cmake_symlink_install.cmake:314 (ament_cmake_symlink_install_directory)
[4.967s]   cmake_install.cmake:46 (include)
[4.967s] 
[4.967s] [0m
[4.970s] Invoked command in '/home/ros2/simu_ws/build/simubot_launch' returned '1': AMENT_PREFIX_PATH=/home/ros2/simu_ws/install/simubot_vision:/home/ros2/simu_ws/install/turtlebot3_node:/home/ros2/simu_ws/install/turtlebot3_navigation2:/home/ros2/simu_ws/install/turtlebot3_description:/home/ros2/simu_ws/install/turtlebot3_cartographer:/home/ros2/simu_ws/install/simubot_decision:/home/ros2/simu_ws/install/custom_msgs:/home/ros2/simu_ws/install/turtlebot3_teleop:/home/ros2/simu_ws/install/turtlebot3_example:/opt/ros/humble CMAKE_PREFIX_PATH=/home/ros2/simu_ws/install/simubot_decision:/home/ros2/simu_ws/install/turtlebot3_description:/home/ros2/simu_ws/install/custom_msgs:/home/ros2/simu_ws/install/turtlebot3_node:/home/ros2/simu_ws/install/turtlebot3_navigation2:/home/ros2/simu_ws/install/turtlebot3_cartographer:/home/ros2/simu_ws/install/simubot_vision:/home/ros2/simu_ws/install/turtlebot3_teleop:/home/ros2/simu_ws/install/turtlebot3_example:/opt/ros/humble /usr/bin/cmake --install /home/ros2/simu_ws/build/simubot_launch
