[0.076s] Invoking command in '/home/ros2/simu_ws/build/turtlebot3': AMENT_PREFIX_PATH=/home/ros2/simu_ws/install/turtlebot3_bringup:/home/ros2/simu_ws/install/turtlebot3_teleop:/home/ros2/simu_ws/install/turtlebot3_node:/home/ros2/simu_ws/install/turtlebot3_navigation2:/home/ros2/simu_ws/install/turtlebot3_example:/home/ros2/simu_ws/install/turtlebot3_description:/home/ros2/simu_ws/install/turtlebot3_cartographer:${AMENT_PREFIX_PATH} CMAKE_PREFIX_PATH=/home/ros2/simu_ws/install/turtlebot3_bringup:/home/ros2/simu_ws/install/turtlebot3_node:/home/ros2/simu_ws/install/turtlebot3_navigation2:/home/ros2/simu_ws/install/turtlebot3_description:/home/ros2/simu_ws/install/turtlebot3_cartographer:/opt/ros/humble PYTHONPATH=/home/ros2/simu_ws/build/turtlebot3_teleop:/home/ros2/simu_ws/install/turtlebot3_teleop/lib/python3.10/site-packages:/home/ros2/simu_ws/build/turtlebot3_example:/home/ros2/simu_ws/install/turtlebot3_example/lib/python3.10/site-packages:${PYTHONPATH} /usr/bin/cmake --build /home/ros2/simu_ws/build/turtlebot3 -- -j10 -l10
[0.301s] Invoked command in '/home/ros2/simu_ws/build/turtlebot3' returned '0': AMENT_PREFIX_PATH=/home/ros2/simu_ws/install/turtlebot3_bringup:/home/ros2/simu_ws/install/turtlebot3_teleop:/home/ros2/simu_ws/install/turtlebot3_node:/home/ros2/simu_ws/install/turtlebot3_navigation2:/home/ros2/simu_ws/install/turtlebot3_example:/home/ros2/simu_ws/install/turtlebot3_description:/home/ros2/simu_ws/install/turtlebot3_cartographer:${AMENT_PREFIX_PATH} CMAKE_PREFIX_PATH=/home/ros2/simu_ws/install/turtlebot3_bringup:/home/ros2/simu_ws/install/turtlebot3_node:/home/ros2/simu_ws/install/turtlebot3_navigation2:/home/ros2/simu_ws/install/turtlebot3_description:/home/ros2/simu_ws/install/turtlebot3_cartographer:/opt/ros/humble PYTHONPATH=/home/ros2/simu_ws/build/turtlebot3_teleop:/home/ros2/simu_ws/install/turtlebot3_teleop/lib/python3.10/site-packages:/home/ros2/simu_ws/build/turtlebot3_example:/home/ros2/simu_ws/install/turtlebot3_example/lib/python3.10/site-packages:${PYTHONPATH} /usr/bin/cmake --build /home/ros2/simu_ws/build/turtlebot3 -- -j10 -l10
[0.313s] Invoking command in '/home/ros2/simu_ws/build/turtlebot3': AMENT_PREFIX_PATH=/home/ros2/simu_ws/install/turtlebot3_bringup:/home/ros2/simu_ws/install/turtlebot3_teleop:/home/ros2/simu_ws/install/turtlebot3_node:/home/ros2/simu_ws/install/turtlebot3_navigation2:/home/ros2/simu_ws/install/turtlebot3_example:/home/ros2/simu_ws/install/turtlebot3_description:/home/ros2/simu_ws/install/turtlebot3_cartographer:${AMENT_PREFIX_PATH} CMAKE_PREFIX_PATH=/home/ros2/simu_ws/install/turtlebot3_bringup:/home/ros2/simu_ws/install/turtlebot3_node:/home/ros2/simu_ws/install/turtlebot3_navigation2:/home/ros2/simu_ws/install/turtlebot3_description:/home/ros2/simu_ws/install/turtlebot3_cartographer:/opt/ros/humble PYTHONPATH=/home/ros2/simu_ws/build/turtlebot3_teleop:/home/ros2/simu_ws/install/turtlebot3_teleop/lib/python3.10/site-packages:/home/ros2/simu_ws/build/turtlebot3_example:/home/ros2/simu_ws/install/turtlebot3_example/lib/python3.10/site-packages:${PYTHONPATH} /usr/bin/cmake --install /home/ros2/simu_ws/build/turtlebot3
[0.356s] -- Install configuration: ""
[0.360s] -- Execute custom install script
[0.362s] -- Up-to-date symlink: /home/ros2/simu_ws/install/turtlebot3/share/ament_index/resource_index/package_run_dependencies/turtlebot3
[0.363s] -- Up-to-date symlink: /home/ros2/simu_ws/install/turtlebot3/share/ament_index/resource_index/parent_prefix_path/turtlebot3
[0.363s] -- Up-to-date symlink: /home/ros2/simu_ws/install/turtlebot3/share/turtlebot3/environment/ament_prefix_path.sh
[0.364s] -- Up-to-date symlink: /home/ros2/simu_ws/install/turtlebot3/share/turtlebot3/environment/ament_prefix_path.dsv
[0.364s] -- Up-to-date symlink: /home/ros2/simu_ws/install/turtlebot3/share/turtlebot3/environment/path.sh
[0.364s] -- Up-to-date symlink: /home/ros2/simu_ws/install/turtlebot3/share/turtlebot3/environment/path.dsv
[0.365s] -- Up-to-date symlink: /home/ros2/simu_ws/install/turtlebot3/share/turtlebot3/local_setup.bash
[0.365s] -- Up-to-date symlink: /home/ros2/simu_ws/install/turtlebot3/share/turtlebot3/local_setup.sh
[0.366s] -- Up-to-date symlink: /home/ros2/simu_ws/install/turtlebot3/share/turtlebot3/local_setup.zsh
[0.366s] -- Up-to-date symlink: /home/ros2/simu_ws/install/turtlebot3/share/turtlebot3/local_setup.dsv
[0.368s] -- Symlinking: /home/ros2/simu_ws/install/turtlebot3/share/turtlebot3/package.dsv
[0.403s] -- Up-to-date symlink: /home/ros2/simu_ws/install/turtlebot3/share/ament_index/resource_index/packages/turtlebot3
[0.404s] -- Up-to-date symlink: /home/ros2/simu_ws/install/turtlebot3/share/turtlebot3/cmake/turtlebot3Config.cmake
[0.404s] -- Up-to-date symlink: /home/ros2/simu_ws/install/turtlebot3/share/turtlebot3/cmake/turtlebot3Config-version.cmake
[0.405s] -- Up-to-date symlink: /home/ros2/simu_ws/install/turtlebot3/share/turtlebot3/package.xml
[0.411s] Invoked command in '/home/ros2/simu_ws/build/turtlebot3' returned '0': AMENT_PREFIX_PATH=/home/ros2/simu_ws/install/turtlebot3_bringup:/home/ros2/simu_ws/install/turtlebot3_teleop:/home/ros2/simu_ws/install/turtlebot3_node:/home/ros2/simu_ws/install/turtlebot3_navigation2:/home/ros2/simu_ws/install/turtlebot3_example:/home/ros2/simu_ws/install/turtlebot3_description:/home/ros2/simu_ws/install/turtlebot3_cartographer:${AMENT_PREFIX_PATH} CMAKE_PREFIX_PATH=/home/ros2/simu_ws/install/turtlebot3_bringup:/home/ros2/simu_ws/install/turtlebot3_node:/home/ros2/simu_ws/install/turtlebot3_navigation2:/home/ros2/simu_ws/install/turtlebot3_description:/home/ros2/simu_ws/install/turtlebot3_cartographer:/opt/ros/humble PYTHONPATH=/home/ros2/simu_ws/build/turtlebot3_teleop:/home/ros2/simu_ws/install/turtlebot3_teleop/lib/python3.10/site-packages:/home/ros2/simu_ws/build/turtlebot3_example:/home/ros2/simu_ws/install/turtlebot3_example/lib/python3.10/site-packages:${PYTHONPATH} /usr/bin/cmake --install /home/ros2/simu_ws/build/turtlebot3
