[0.075s] Invoking command in '/home/ros2/simu_ws/build/simubot_launch': AMENT_PREFIX_PATH=/home/ros2/simu_ws/install/simubot_vision:/home/ros2/simu_ws/install/turtlebot3:/home/ros2/simu_ws/install/turtlebot3_teleop:/home/ros2/simu_ws/install/turtlebot3_bringup:/home/ros2/simu_ws/install/turtlebot3_node:/home/ros2/simu_ws/install/turtlebot3_navigation2:/home/ros2/simu_ws/install/turtlebot3_example:/home/ros2/simu_ws/install/simubot_launch:/home/ros2/simu_ws/install/turtlebot3_description:/home/ros2/simu_ws/install/turtlebot3_cartographer:/home/ros2/simu_ws/install/simubot_decision:/home/ros2/simu_ws/install/custom_msgs:/opt/ros/humble CMAKE_PREFIX_PATH=/home/ros2/simu_ws/install/simubot_decision:/home/ros2/simu_ws/install/turtlebot3_description:/home/ros2/simu_ws/install/custom_msgs:/home/ros2/simu_ws/install/turtlebot3:/home/ros2/simu_ws/install/turtlebot3_bringup:/home/ros2/simu_ws/install/turtlebot3_node:/home/ros2/simu_ws/install/turtlebot3_navigation2:/home/ros2/simu_ws/install/simubot_launch:/home/ros2/simu_ws/install/turtlebot3_cartographer:/home/ros2/simu_ws/install/turtlebot3_teleop:/home/ros2/simu_ws/install/turtlebot3_example:/home/ros2/simu_ws/install/simubot_vision:/opt/ros/humble PYTHONPATH=/home/ros2/simu_ws/build/simubot_vision:/home/ros2/simu_ws/install/simubot_vision/lib/python3.10/site-packages:/home/ros2/simu_ws/build/turtlebot3_teleop:/home/ros2/simu_ws/install/turtlebot3_teleop/lib/python3.10/site-packages:/home/ros2/simu_ws/build/turtlebot3_example:/home/ros2/simu_ws/install/turtlebot3_example/lib/python3.10/site-packages:/opt/ros/humble/lib/python3.10/site-packages:/opt/ros/humble/local/lib/python3.10/dist-packages /usr/bin/cmake --build /home/ros2/simu_ws/build/simubot_launch -- -j10 -l10
[0.229s] -- Found ament_cmake: 1.3.11 (/opt/ros/humble/share/ament_cmake/cmake)
[0.593s] -- Override CMake install command with custom implementation using symlinks instead of copying resources
[0.608s] -- Found gazebo_ros: 3.9.0 (/opt/ros/humble/share/gazebo_ros/cmake)
[0.646s] -- Found rosidl_generator_c: 3.1.6 (/opt/ros/humble/share/rosidl_generator_c/cmake)
[0.647s] -- Found rosidl_adapter: 3.1.6 (/opt/ros/humble/share/rosidl_adapter/cmake)
[0.648s] -- Found rosidl_generator_cpp: 3.1.6 (/opt/ros/humble/share/rosidl_generator_cpp/cmake)
[0.662s] -- Using all available rosidl_typesupport_c: rosidl_typesupport_fastrtps_c;rosidl_typesupport_introspection_c
[0.672s] -- Using all available rosidl_typesupport_cpp: rosidl_typesupport_fastrtps_cpp;rosidl_typesupport_introspection_cpp
[0.698s] -- Found rmw_implementation_cmake: 6.1.2 (/opt/ros/humble/share/rmw_implementation_cmake/cmake)
[0.704s] -- Found rmw_fastrtps_cpp: 6.2.7 (/opt/ros/humble/share/rmw_fastrtps_cpp/cmake)
[0.925s] -- Using RMW implementation 'rmw_fastrtps_cpp' as default
[1.037s] -- Found DART: /usr/include (Required is at least version "6.6") found components: dart 
[1.101s] -- Found Protobuf: /usr/lib/x86_64-linux-gnu/libprotobuf.so (found version "3.12.4") 
[1.102s] -- Looking for ignition-math6 -- found version 6.15.1
[1.106s] -- Searching for dependencies of ignition-math6
[1.107s] -- Looking for OGRE...
[1.124s] -- Found Ogre Ghadamon (1.9.0)
[1.124s] -- Found OGRE: optimized;/usr/lib/x86_64-linux-gnu/libOgreMain.so;debug;/usr/lib/x86_64-linux-gnu/libOgreMain.so
[1.132s] -- Looking for OGRE_Paging...
[1.133s] -- Found OGRE_Paging: optimized;/usr/lib/x86_64-linux-gnu/libOgrePaging.so;debug;/usr/lib/x86_64-linux-gnu/libOgrePaging.so
[1.133s] -- Looking for OGRE_Terrain...
[1.133s] -- Found OGRE_Terrain: optimized;/usr/lib/x86_64-linux-gnu/libOgreTerrain.so;debug;/usr/lib/x86_64-linux-gnu/libOgreTerrain.so
[1.133s] -- Looking for OGRE_Property...
[1.134s] -- Found OGRE_Property: optimized;/usr/lib/x86_64-linux-gnu/libOgreProperty.so;debug;/usr/lib/x86_64-linux-gnu/libOgreProperty.so
[1.134s] -- Looking for OGRE_RTShaderSystem...
[1.134s] -- Found OGRE_RTShaderSystem: optimized;/usr/lib/x86_64-linux-gnu/libOgreRTShaderSystem.so;debug;/usr/lib/x86_64-linux-gnu/libOgreRTShaderSystem.so
[1.134s] -- Looking for OGRE_Volume...
[1.134s] -- Found OGRE_Volume: optimized;/usr/lib/x86_64-linux-gnu/libOgreVolume.so;debug;/usr/lib/x86_64-linux-gnu/libOgreVolume.so
[1.135s] -- Looking for OGRE_Overlay...
[1.135s] -- Found OGRE_Overlay: optimized;/usr/lib/x86_64-linux-gnu/libOgreOverlay.so;debug;/usr/lib/x86_64-linux-gnu/libOgreOverlay.so
[1.915s] -- Looking for ignition-math6 -- found version 6.15.1
[1.915s] -- Looking for ignition-transport8 -- found version 8.2.1
[1.915s] -- Searching for dependencies of ignition-transport8
[1.974s] -- Found Protobuf: /usr/lib/x86_64-linux-gnu/libprotobuf.so (found suitable version "3.12.4", minimum required is "3") 
[2.004s] -- Config-file not installed for ZeroMQ -- checking for pkg-config
[2.021s] -- Checking for module 'libzmq >= 4'
[2.128s] --   Found libzmq , version 4.3.4
[2.405s] -- Checking for module 'uuid'
[2.504s] --   Found uuid, version 2.37.2
[2.757s] -- Looking for ignition-msgs5 -- found version 5.8.1
[2.758s] -- Searching for dependencies of ignition-msgs5
[2.815s] -- Looking for ignition-math6 -- found version 6.15.1
[2.832s] -- Checking for module 'tinyxml2'
[2.932s] --   Found tinyxml2, version 9.0.0
[3.187s] -- Looking for ignition-msgs5 -- found version 5.8.1
[3.187s] -- Looking for ignition-common3 -- found version 3.14.0
[3.188s] -- Searching for dependencies of ignition-common3
[3.188s] -- Looking for dlfcn.h - found
[3.188s] -- Looking for libdl - found
[3.212s] -- Searching for <ignition-common3> component [graphics]
[3.212s] -- Looking for ignition-common3-graphics -- found version 3.14.0
[3.212s] -- Searching for dependencies of ignition-common3-graphics
[3.213s] -- Looking for ignition-math6 -- found version 6.15.1
[3.213s] -- Looking for ignition-fuel_tools4 -- found version 4.4.0
[3.214s] -- Searching for dependencies of ignition-fuel_tools4
[3.347s] -- Checking for module 'jsoncpp'
[3.448s] --   Found jsoncpp, version 1.9.5
[3.719s] -- Checking for module 'libzip'
[3.825s] --   Found libzip, version 1.7.3
[4.082s] -- Looking for ignition-common3 -- found version 3.14.0
[4.082s] -- Looking for ignition-math6 -- found version 6.15.1
[4.082s] -- Looking for ignition-msgs5 -- found version 5.8.1
[4.083s] -- Gazebo version: 11.10
[4.087s] -- Found turtlebot3_description: 2.3.1 (/home/ros2/simu_ws/install/turtlebot3_description/share/turtlebot3_description/cmake)
[4.250s] -- Configuring done
[4.289s] -- Generating done
[4.310s] -- Build files have been written to: /home/ros2/simu_ws/build/simubot_launch
[4.420s] Invoked command in '/home/ros2/simu_ws/build/simubot_launch' returned '0': AMENT_PREFIX_PATH=/home/ros2/simu_ws/install/simubot_vision:/home/ros2/simu_ws/install/turtlebot3:/home/ros2/simu_ws/install/turtlebot3_teleop:/home/ros2/simu_ws/install/turtlebot3_bringup:/home/ros2/simu_ws/install/turtlebot3_node:/home/ros2/simu_ws/install/turtlebot3_navigation2:/home/ros2/simu_ws/install/turtlebot3_example:/home/ros2/simu_ws/install/simubot_launch:/home/ros2/simu_ws/install/turtlebot3_description:/home/ros2/simu_ws/install/turtlebot3_cartographer:/home/ros2/simu_ws/install/simubot_decision:/home/ros2/simu_ws/install/custom_msgs:/opt/ros/humble CMAKE_PREFIX_PATH=/home/ros2/simu_ws/install/simubot_decision:/home/ros2/simu_ws/install/turtlebot3_description:/home/ros2/simu_ws/install/custom_msgs:/home/ros2/simu_ws/install/turtlebot3:/home/ros2/simu_ws/install/turtlebot3_bringup:/home/ros2/simu_ws/install/turtlebot3_node:/home/ros2/simu_ws/install/turtlebot3_navigation2:/home/ros2/simu_ws/install/simubot_launch:/home/ros2/simu_ws/install/turtlebot3_cartographer:/home/ros2/simu_ws/install/turtlebot3_teleop:/home/ros2/simu_ws/install/turtlebot3_example:/home/ros2/simu_ws/install/simubot_vision:/opt/ros/humble PYTHONPATH=/home/ros2/simu_ws/build/simubot_vision:/home/ros2/simu_ws/install/simubot_vision/lib/python3.10/site-packages:/home/ros2/simu_ws/build/turtlebot3_teleop:/home/ros2/simu_ws/install/turtlebot3_teleop/lib/python3.10/site-packages:/home/ros2/simu_ws/build/turtlebot3_example:/home/ros2/simu_ws/install/turtlebot3_example/lib/python3.10/site-packages:/opt/ros/humble/lib/python3.10/site-packages:/opt/ros/humble/local/lib/python3.10/dist-packages /usr/bin/cmake --build /home/ros2/simu_ws/build/simubot_launch -- -j10 -l10
[4.424s] Invoking command in '/home/ros2/simu_ws/build/simubot_launch': AMENT_PREFIX_PATH=/home/ros2/simu_ws/install/simubot_vision:/home/ros2/simu_ws/install/turtlebot3:/home/ros2/simu_ws/install/turtlebot3_teleop:/home/ros2/simu_ws/install/turtlebot3_bringup:/home/ros2/simu_ws/install/turtlebot3_node:/home/ros2/simu_ws/install/turtlebot3_navigation2:/home/ros2/simu_ws/install/turtlebot3_example:/home/ros2/simu_ws/install/simubot_launch:/home/ros2/simu_ws/install/turtlebot3_description:/home/ros2/simu_ws/install/turtlebot3_cartographer:/home/ros2/simu_ws/install/simubot_decision:/home/ros2/simu_ws/install/custom_msgs:/opt/ros/humble CMAKE_PREFIX_PATH=/home/ros2/simu_ws/install/simubot_decision:/home/ros2/simu_ws/install/turtlebot3_description:/home/ros2/simu_ws/install/custom_msgs:/home/ros2/simu_ws/install/turtlebot3:/home/ros2/simu_ws/install/turtlebot3_bringup:/home/ros2/simu_ws/install/turtlebot3_node:/home/ros2/simu_ws/install/turtlebot3_navigation2:/home/ros2/simu_ws/install/simubot_launch:/home/ros2/simu_ws/install/turtlebot3_cartographer:/home/ros2/simu_ws/install/turtlebot3_teleop:/home/ros2/simu_ws/install/turtlebot3_example:/home/ros2/simu_ws/install/simubot_vision:/opt/ros/humble PYTHONPATH=/home/ros2/simu_ws/build/simubot_vision:/home/ros2/simu_ws/install/simubot_vision/lib/python3.10/site-packages:/home/ros2/simu_ws/build/turtlebot3_teleop:/home/ros2/simu_ws/install/turtlebot3_teleop/lib/python3.10/site-packages:/home/ros2/simu_ws/build/turtlebot3_example:/home/ros2/simu_ws/install/turtlebot3_example/lib/python3.10/site-packages:/opt/ros/humble/lib/python3.10/site-packages:/opt/ros/humble/local/lib/python3.10/dist-packages /usr/bin/cmake --install /home/ros2/simu_ws/build/simubot_launch
[4.473s] -- Install configuration: ""
[4.479s] -- Execute custom install script
[4.482s] -- Up-to-date symlink: /home/ros2/simu_ws/install/simubot_launch/share/simubot_launch/simubot_full.launch.py
[4.483s] -- Up-to-date symlink: /home/ros2/simu_ws/install/simubot_launch/share/ament_index/resource_index/package_run_dependencies/simubot_launch
[4.484s] -- Up-to-date symlink: /home/ros2/simu_ws/install/simubot_launch/share/ament_index/resource_index/parent_prefix_path/simubot_launch
[4.484s] -- Up-to-date symlink: /home/ros2/simu_ws/install/simubot_launch/share/simubot_launch/environment/ament_prefix_path.sh
[4.484s] -- Up-to-date symlink: /home/ros2/simu_ws/install/simubot_launch/share/simubot_launch/environment/ament_prefix_path.dsv
[4.485s] -- Up-to-date symlink: /home/ros2/simu_ws/install/simubot_launch/share/simubot_launch/environment/path.sh
[4.485s] -- Up-to-date symlink: /home/ros2/simu_ws/install/simubot_launch/share/simubot_launch/environment/path.dsv
[4.486s] -- Up-to-date symlink: /home/ros2/simu_ws/install/simubot_launch/share/simubot_launch/local_setup.bash
[4.486s] -- Up-to-date symlink: /home/ros2/simu_ws/install/simubot_launch/share/simubot_launch/local_setup.sh
[4.487s] -- Up-to-date symlink: /home/ros2/simu_ws/install/simubot_launch/share/simubot_launch/local_setup.zsh
[4.487s] -- Up-to-date symlink: /home/ros2/simu_ws/install/simubot_launch/share/simubot_launch/local_setup.dsv
[4.489s] -- Symlinking: /home/ros2/simu_ws/install/simubot_launch/share/simubot_launch/package.dsv
[4.524s] -- Up-to-date symlink: /home/ros2/simu_ws/install/simubot_launch/share/ament_index/resource_index/packages/simubot_launch
[4.525s] -- Up-to-date symlink: /home/ros2/simu_ws/install/simubot_launch/share/simubot_launch/cmake/simubot_launchConfig.cmake
[4.525s] -- Up-to-date symlink: /home/ros2/simu_ws/install/simubot_launch/share/simubot_launch/cmake/simubot_launchConfig-version.cmake
[4.527s] -- Up-to-date symlink: /home/ros2/simu_ws/install/simubot_launch/share/simubot_launch/package.xml
[4.532s] Invoked command in '/home/ros2/simu_ws/build/simubot_launch' returned '0': AMENT_PREFIX_PATH=/home/ros2/simu_ws/install/simubot_vision:/home/ros2/simu_ws/install/turtlebot3:/home/ros2/simu_ws/install/turtlebot3_teleop:/home/ros2/simu_ws/install/turtlebot3_bringup:/home/ros2/simu_ws/install/turtlebot3_node:/home/ros2/simu_ws/install/turtlebot3_navigation2:/home/ros2/simu_ws/install/turtlebot3_example:/home/ros2/simu_ws/install/simubot_launch:/home/ros2/simu_ws/install/turtlebot3_description:/home/ros2/simu_ws/install/turtlebot3_cartographer:/home/ros2/simu_ws/install/simubot_decision:/home/ros2/simu_ws/install/custom_msgs:/opt/ros/humble CMAKE_PREFIX_PATH=/home/ros2/simu_ws/install/simubot_decision:/home/ros2/simu_ws/install/turtlebot3_description:/home/ros2/simu_ws/install/custom_msgs:/home/ros2/simu_ws/install/turtlebot3:/home/ros2/simu_ws/install/turtlebot3_bringup:/home/ros2/simu_ws/install/turtlebot3_node:/home/ros2/simu_ws/install/turtlebot3_navigation2:/home/ros2/simu_ws/install/simubot_launch:/home/ros2/simu_ws/install/turtlebot3_cartographer:/home/ros2/simu_ws/install/turtlebot3_teleop:/home/ros2/simu_ws/install/turtlebot3_example:/home/ros2/simu_ws/install/simubot_vision:/opt/ros/humble PYTHONPATH=/home/ros2/simu_ws/build/simubot_vision:/home/ros2/simu_ws/install/simubot_vision/lib/python3.10/site-packages:/home/ros2/simu_ws/build/turtlebot3_teleop:/home/ros2/simu_ws/install/turtlebot3_teleop/lib/python3.10/site-packages:/home/ros2/simu_ws/build/turtlebot3_example:/home/ros2/simu_ws/install/turtlebot3_example/lib/python3.10/site-packages:/opt/ros/humble/lib/python3.10/site-packages:/opt/ros/humble/local/lib/python3.10/dist-packages /usr/bin/cmake --install /home/ros2/simu_ws/build/simubot_launch
