[0.999s] Invoking command in '/home/ros2/simu_ws/src/simubot_vision': CMAKE_PREFIX_PATH=/home/ros2/simu_ws/install/custom_msgs:/home/ros2/simu_ws/install/turtlebot3:/home/ros2/simu_ws/install/turtlebot3_bringup:/home/ros2/simu_ws/install/turtlebot3_node:/home/ros2/simu_ws/install/turtlebot3_navigation2:/home/ros2/simu_ws/install/simubot_launch:/home/ros2/simu_ws/install/turtlebot3_description:/home/ros2/simu_ws/install/turtlebot3_cartographer:/home/ros2/simu_ws/install/simubot_decision PYTHONPATH=/home/ros2/simu_ws/build/simubot_vision/prefix_override:/usr/lib/python3/dist-packages/colcon_core/task/python/colcon_distutils_commands:/home/ros2/simu_ws/install/simubot_vision/lib/python3.10/site-packages:${PYTHONPATH} /usr/bin/python3 -W ignore:setup.py install is deprecated -W ignore:easy_install command is deprecated setup.py egg_info --egg-base ../../build/simubot_vision build --build-base /home/ros2/simu_ws/build/simubot_vision/build install --record /home/ros2/simu_ws/build/simubot_vision/install.log --single-version-externally-managed install_data
[1.264s] running egg_info
[1.266s] writing ../../build/simubot_vision/simubot_vision.egg-info/PKG-INFO
[1.266s] writing dependency_links to ../../build/simubot_vision/simubot_vision.egg-info/dependency_links.txt
[1.266s] writing entry points to ../../build/simubot_vision/simubot_vision.egg-info/entry_points.txt
[1.267s] writing requirements to ../../build/simubot_vision/simubot_vision.egg-info/requires.txt
[1.267s] writing top-level names to ../../build/simubot_vision/simubot_vision.egg-info/top_level.txt
[1.269s] reading manifest file '../../build/simubot_vision/simubot_vision.egg-info/SOURCES.txt'
[1.270s] writing manifest file '../../build/simubot_vision/simubot_vision.egg-info/SOURCES.txt'
[1.271s] running build
[1.272s] running build_py
[1.272s] running install
[1.275s] running install_lib
[1.275s] running install_data
[1.275s] running install_egg_info
[1.276s] removing '/home/ros2/simu_ws/install/simubot_vision/lib/python3.10/site-packages/simubot_vision-0.0.0-py3.10.egg-info' (and everything under it)
[1.277s] Copying ../../build/simubot_vision/simubot_vision.egg-info to /home/ros2/simu_ws/install/simubot_vision/lib/python3.10/site-packages/simubot_vision-0.0.0-py3.10.egg-info
[1.286s] running install_scripts
[1.312s] Installing vision_node script to /home/ros2/simu_ws/install/simubot_vision/lib/simubot_vision
[1.313s] writing list of installed files to '/home/ros2/simu_ws/build/simubot_vision/install.log'
[1.332s] Invoked command in '/home/ros2/simu_ws/src/simubot_vision' returned '0': CMAKE_PREFIX_PATH=/home/ros2/simu_ws/install/custom_msgs:/home/ros2/simu_ws/install/turtlebot3:/home/ros2/simu_ws/install/turtlebot3_bringup:/home/ros2/simu_ws/install/turtlebot3_node:/home/ros2/simu_ws/install/turtlebot3_navigation2:/home/ros2/simu_ws/install/simubot_launch:/home/ros2/simu_ws/install/turtlebot3_description:/home/ros2/simu_ws/install/turtlebot3_cartographer:/home/ros2/simu_ws/install/simubot_decision PYTHONPATH=/home/ros2/simu_ws/build/simubot_vision/prefix_override:/usr/lib/python3/dist-packages/colcon_core/task/python/colcon_distutils_commands:/home/ros2/simu_ws/install/simubot_vision/lib/python3.10/site-packages:${PYTHONPATH} /usr/bin/python3 -W ignore:setup.py install is deprecated -W ignore:easy_install command is deprecated setup.py egg_info --egg-base ../../build/simubot_vision build --build-base /home/ros2/simu_ws/build/simubot_vision/build install --record /home/ros2/simu_ws/build/simubot_vision/install.log --single-version-externally-managed install_data
