[0.120s] Invoking command in '/home/ros2/simu_ws/build/turtlebot3_bringup': CMAKE_PREFIX_PATH=/home/ros2/simu_ws/install/turtlebot3_node:/home/ros2/simu_ws/install/turtlebot3_description:/home/ros2/simu_ws/install/turtlebot3:/home/ros2/simu_ws/install/turtlebot3_bringup:/home/ros2/simu_ws/install/turtlebot3_navigation2:/home/ros2/simu_ws/install/simubot_launch:/home/ros2/simu_ws/install/turtlebot3_cartographer:/home/ros2/simu_ws/install/simubot_decision:/home/ros2/simu_ws/install/custom_msgs:/home/ros2/simu_ws/install/turtlebot3_teleop:/home/ros2/simu_ws/install/turtlebot3_example:/home/ros2/simu_ws/install/simubot_vision:/opt/ros/humble /usr/bin/cmake --build /home/ros2/simu_ws/build/turtlebot3_bringup -- -j10 -l10
[0.512s] Invoked command in '/home/ros2/simu_ws/build/turtlebot3_bringup' returned '0': CMAKE_PREFIX_PATH=/home/ros2/simu_ws/install/turtlebot3_node:/home/ros2/simu_ws/install/turtlebot3_description:/home/ros2/simu_ws/install/turtlebot3:/home/ros2/simu_ws/install/turtlebot3_bringup:/home/ros2/simu_ws/install/turtlebot3_navigation2:/home/ros2/simu_ws/install/simubot_launch:/home/ros2/simu_ws/install/turtlebot3_cartographer:/home/ros2/simu_ws/install/simubot_decision:/home/ros2/simu_ws/install/custom_msgs:/home/ros2/simu_ws/install/turtlebot3_teleop:/home/ros2/simu_ws/install/turtlebot3_example:/home/ros2/simu_ws/install/simubot_vision:/opt/ros/humble /usr/bin/cmake --build /home/ros2/simu_ws/build/turtlebot3_bringup -- -j10 -l10
[0.525s] Invoking command in '/home/ros2/simu_ws/build/turtlebot3_bringup': CMAKE_PREFIX_PATH=/home/ros2/simu_ws/install/turtlebot3_node:/home/ros2/simu_ws/install/turtlebot3_description:/home/ros2/simu_ws/install/turtlebot3:/home/ros2/simu_ws/install/turtlebot3_bringup:/home/ros2/simu_ws/install/turtlebot3_navigation2:/home/ros2/simu_ws/install/simubot_launch:/home/ros2/simu_ws/install/turtlebot3_cartographer:/home/ros2/simu_ws/install/simubot_decision:/home/ros2/simu_ws/install/custom_msgs:/home/ros2/simu_ws/install/turtlebot3_teleop:/home/ros2/simu_ws/install/turtlebot3_example:/home/ros2/simu_ws/install/simubot_vision:/opt/ros/humble /usr/bin/cmake --install /home/ros2/simu_ws/build/turtlebot3_bringup
[0.592s] -- Install configuration: ""
[0.600s] -- Execute custom install script
[0.616s] -- Up-to-date symlink: /home/ros2/simu_ws/install/turtlebot3_bringup/share/turtlebot3_bringup/launch/camera.launch.py
[0.617s] -- Up-to-date symlink: /home/ros2/simu_ws/install/turtlebot3_bringup/share/turtlebot3_bringup/launch/robot.launch.py
[0.618s] -- Up-to-date symlink: /home/ros2/simu_ws/install/turtlebot3_bringup/share/turtlebot3_bringup/launch/rviz2.launch.py
[0.619s] -- Up-to-date symlink: /home/ros2/simu_ws/install/turtlebot3_bringup/share/turtlebot3_bringup/launch/turtlebot3_state_publisher.launch.py
[0.623s] -- Up-to-date symlink: /home/ros2/simu_ws/install/turtlebot3_bringup/share/turtlebot3_bringup/param/burger.yaml
[0.624s] -- Up-to-date symlink: /home/ros2/simu_ws/install/turtlebot3_bringup/share/turtlebot3_bringup/param/humble/burger.yaml
[0.625s] -- Up-to-date symlink: /home/ros2/simu_ws/install/turtlebot3_bringup/share/turtlebot3_bringup/param/humble/waffle.yaml
[0.629s] -- Up-to-date symlink: /home/ros2/simu_ws/install/turtlebot3_bringup/share/turtlebot3_bringup/param/humble/waffle_pi.yaml
[0.632s] -- Up-to-date symlink: /home/ros2/simu_ws/install/turtlebot3_bringup/share/turtlebot3_bringup/param/waffle.yaml
[0.634s] -- Up-to-date symlink: /home/ros2/simu_ws/install/turtlebot3_bringup/share/turtlebot3_bringup/param/waffle_pi.yaml
[0.635s] -- Up-to-date symlink: /home/ros2/simu_ws/install/turtlebot3_bringup/share/turtlebot3_bringup/script/99-turtlebot3-cdc.rules
[0.637s] -- Up-to-date symlink: /home/ros2/simu_ws/install/turtlebot3_bringup/share/turtlebot3_bringup/script/create_udev_rules
[0.641s] -- Up-to-date symlink: /home/ros2/simu_ws/install/turtlebot3_bringup/share/ament_index/resource_index/package_run_dependencies/turtlebot3_bringup
[0.645s] -- Up-to-date symlink: /home/ros2/simu_ws/install/turtlebot3_bringup/share/ament_index/resource_index/parent_prefix_path/turtlebot3_bringup
[0.646s] -- Up-to-date symlink: /home/ros2/simu_ws/install/turtlebot3_bringup/share/turtlebot3_bringup/environment/ament_prefix_path.sh
[0.648s] -- Up-to-date symlink: /home/ros2/simu_ws/install/turtlebot3_bringup/share/turtlebot3_bringup/environment/ament_prefix_path.dsv
[0.650s] -- Up-to-date symlink: /home/ros2/simu_ws/install/turtlebot3_bringup/share/turtlebot3_bringup/environment/path.sh
[0.651s] -- Up-to-date symlink: /home/ros2/simu_ws/install/turtlebot3_bringup/share/turtlebot3_bringup/environment/path.dsv
[0.653s] -- Up-to-date symlink: /home/ros2/simu_ws/install/turtlebot3_bringup/share/turtlebot3_bringup/local_setup.bash
[0.654s] -- Up-to-date symlink: /home/ros2/simu_ws/install/turtlebot3_bringup/share/turtlebot3_bringup/local_setup.sh
[0.657s] -- Up-to-date symlink: /home/ros2/simu_ws/install/turtlebot3_bringup/share/turtlebot3_bringup/local_setup.zsh
[0.659s] -- Up-to-date symlink: /home/ros2/simu_ws/install/turtlebot3_bringup/share/turtlebot3_bringup/local_setup.dsv
[0.662s] -- Symlinking: /home/ros2/simu_ws/install/turtlebot3_bringup/share/turtlebot3_bringup/package.dsv
[0.696s] -- Up-to-date symlink: /home/ros2/simu_ws/install/turtlebot3_bringup/share/ament_index/resource_index/packages/turtlebot3_bringup
[0.699s] -- Up-to-date symlink: /home/ros2/simu_ws/install/turtlebot3_bringup/share/turtlebot3_bringup/cmake/turtlebot3_bringupConfig.cmake
[0.702s] -- Up-to-date symlink: /home/ros2/simu_ws/install/turtlebot3_bringup/share/turtlebot3_bringup/cmake/turtlebot3_bringupConfig-version.cmake
[0.703s] -- Up-to-date symlink: /home/ros2/simu_ws/install/turtlebot3_bringup/share/turtlebot3_bringup/package.xml
[0.710s] Invoked command in '/home/ros2/simu_ws/build/turtlebot3_bringup' returned '0': CMAKE_PREFIX_PATH=/home/ros2/simu_ws/install/turtlebot3_node:/home/ros2/simu_ws/install/turtlebot3_description:/home/ros2/simu_ws/install/turtlebot3:/home/ros2/simu_ws/install/turtlebot3_bringup:/home/ros2/simu_ws/install/turtlebot3_navigation2:/home/ros2/simu_ws/install/simubot_launch:/home/ros2/simu_ws/install/turtlebot3_cartographer:/home/ros2/simu_ws/install/simubot_decision:/home/ros2/simu_ws/install/custom_msgs:/home/ros2/simu_ws/install/turtlebot3_teleop:/home/ros2/simu_ws/install/turtlebot3_example:/home/ros2/simu_ws/install/simubot_vision:/opt/ros/humble /usr/bin/cmake --install /home/ros2/simu_ws/build/turtlebot3_bringup
