[0.089s] Invoking command in '/home/ros2/simu_ws/build/turtlebot3_description': CMAKE_PREFIX_PATH=/opt/ros/humble /usr/bin/cmake --build /home/ros2/simu_ws/build/turtlebot3_description -- -j10 -l10
[0.780s] Invoked command in '/home/ros2/simu_ws/build/turtlebot3_description' returned '0': CMAKE_PREFIX_PATH=/opt/ros/humble /usr/bin/cmake --build /home/ros2/simu_ws/build/turtlebot3_description -- -j10 -l10
[0.792s] Invoking command in '/home/ros2/simu_ws/build/turtlebot3_description': CMAKE_PREFIX_PATH=/opt/ros/humble /usr/bin/cmake --install /home/ros2/simu_ws/build/turtlebot3_description
[0.855s] -- Install configuration: ""
[0.858s] -- Execute custom install script
[0.863s] -- Up-to-date symlink: /home/ros2/simu_ws/install/turtlebot3_description/share/turtlebot3_description/meshes/bases/burger_base.stl
[0.865s] -- Up-to-date symlink: /home/ros2/simu_ws/install/turtlebot3_description/share/turtlebot3_description/meshes/bases/waffle_base.stl
[0.865s] -- Up-to-date symlink: /home/ros2/simu_ws/install/turtlebot3_description/share/turtlebot3_description/meshes/bases/waffle_pi_base.stl
[0.867s] -- Up-to-date symlink: /home/ros2/simu_ws/install/turtlebot3_description/share/turtlebot3_description/meshes/sensors/astra.dae
[0.867s] -- Up-to-date symlink: /home/ros2/simu_ws/install/turtlebot3_description/share/turtlebot3_description/meshes/sensors/astra.jpg
[0.869s] -- Up-to-date symlink: /home/ros2/simu_ws/install/turtlebot3_description/share/turtlebot3_description/meshes/sensors/lds.stl
[0.873s] -- Up-to-date symlink: /home/ros2/simu_ws/install/turtlebot3_description/share/turtlebot3_description/meshes/sensors/r200.dae
[0.875s] -- Up-to-date symlink: /home/ros2/simu_ws/install/turtlebot3_description/share/turtlebot3_description/meshes/sensors/r200.jpg
[0.876s] -- Up-to-date symlink: /home/ros2/simu_ws/install/turtlebot3_description/share/turtlebot3_description/meshes/wheels/left_tire.stl
[0.877s] -- Up-to-date symlink: /home/ros2/simu_ws/install/turtlebot3_description/share/turtlebot3_description/meshes/wheels/right_tire.stl
[0.877s] -- Up-to-date symlink: /home/ros2/simu_ws/install/turtlebot3_description/share/turtlebot3_description/rviz/model.rviz
[0.878s] -- Up-to-date symlink: /home/ros2/simu_ws/install/turtlebot3_description/share/turtlebot3_description/urdf/common_properties.urdf
[0.879s] -- Up-to-date symlink: /home/ros2/simu_ws/install/turtlebot3_description/share/turtlebot3_description/urdf/turtlebot3_burger.urdf
[0.879s] -- Up-to-date symlink: /home/ros2/simu_ws/install/turtlebot3_description/share/turtlebot3_description/urdf/turtlebot3_waffle.urdf
[0.880s] -- Up-to-date symlink: /home/ros2/simu_ws/install/turtlebot3_description/share/turtlebot3_description/urdf/turtlebot3_waffle_pi.urdf
[0.881s] -- Up-to-date symlink: /home/ros2/simu_ws/install/turtlebot3_description/share/ament_index/resource_index/package_run_dependencies/turtlebot3_description
[0.883s] -- Up-to-date symlink: /home/ros2/simu_ws/install/turtlebot3_description/share/ament_index/resource_index/parent_prefix_path/turtlebot3_description
[0.883s] -- Up-to-date symlink: /home/ros2/simu_ws/install/turtlebot3_description/share/turtlebot3_description/environment/ament_prefix_path.sh
[0.885s] -- Up-to-date symlink: /home/ros2/simu_ws/install/turtlebot3_description/share/turtlebot3_description/environment/ament_prefix_path.dsv
[0.886s] -- Up-to-date symlink: /home/ros2/simu_ws/install/turtlebot3_description/share/turtlebot3_description/environment/path.sh
[0.886s] -- Up-to-date symlink: /home/ros2/simu_ws/install/turtlebot3_description/share/turtlebot3_description/environment/path.dsv
[0.887s] -- Up-to-date symlink: /home/ros2/simu_ws/install/turtlebot3_description/share/turtlebot3_description/local_setup.bash
[0.888s] -- Up-to-date symlink: /home/ros2/simu_ws/install/turtlebot3_description/share/turtlebot3_description/local_setup.sh
[0.888s] -- Up-to-date symlink: /home/ros2/simu_ws/install/turtlebot3_description/share/turtlebot3_description/local_setup.zsh
[0.888s] -- Up-to-date symlink: /home/ros2/simu_ws/install/turtlebot3_description/share/turtlebot3_description/local_setup.dsv
[0.889s] -- Up-to-date symlink: /home/ros2/simu_ws/install/turtlebot3_description/share/turtlebot3_description/package.dsv
[0.889s] -- Up-to-date symlink: /home/ros2/simu_ws/install/turtlebot3_description/share/ament_index/resource_index/packages/turtlebot3_description
[0.890s] -- Up-to-date symlink: /home/ros2/simu_ws/install/turtlebot3_description/share/turtlebot3_description/cmake/turtlebot3_descriptionConfig.cmake
[0.891s] -- Up-to-date symlink: /home/ros2/simu_ws/install/turtlebot3_description/share/turtlebot3_description/cmake/turtlebot3_descriptionConfig-version.cmake
[0.891s] -- Up-to-date symlink: /home/ros2/simu_ws/install/turtlebot3_description/share/turtlebot3_description/package.xml
[1.003s] Invoked command in '/home/ros2/simu_ws/build/turtlebot3_description' returned '0': CMAKE_PREFIX_PATH=/opt/ros/humble /usr/bin/cmake --install /home/ros2/simu_ws/build/turtlebot3_description
